{"timestamp":"2025-09-15T09:03:30.137264","level":"info","event":"DAG bundles loaded: dags-folder","logger":"airflow.dag_processing.bundles.manager.DagBundlesManager"}
{"timestamp":"2025-09-15T09:03:30.142461","level":"info","event":"Filling up the DagBag from /home/tiendat/Pipeline-Stock-ETL/schedule/dags/etl_datawarehouse.py","logger":"airflow.models.dagbag.DagBag"}
{"timestamp":"2025-09-15T09:03:30.204548","level":"info","event":"Executing cmd: python -m venv /tmp/venv7f78bwn5","logger":"airflow.utils.process_utils"}
{"timestamp":"2025-09-15T09:03:30.205783","level":"info","event":"Output:","logger":"airflow.utils.process_utils"}
{"timestamp":"2025-09-15T09:03:33.753430","level":"info","event":"Executing cmd: /tmp/venv7f78bwn5/bin/pip install -r /tmp/venv7f78bwn5/requirements.txt","logger":"airflow.utils.process_utils"}
{"timestamp":"2025-09-15T09:03:33.754266","level":"info","event":"Output:","logger":"airflow.utils.process_utils"}
{"timestamp":"2025-09-15T09:03:34.195837","level":"info","event":"Collecting dotenv (from -r /tmp/venv7f78bwn5/requirements.txt (line 1))","logger":"airflow.utils.process_utils"}
{"timestamp":"2025-09-15T09:03:34.198804","level":"info","event":"  Using cached dotenv-0.9.9-py2.py3-none-any.whl.metadata (279 bytes)","logger":"airflow.utils.process_utils"}
{"timestamp":"2025-09-15T09:03:34.372849","level":"info","event":"Collecting duckdb (from -r /tmp/venv7f78bwn5/requirements.txt (line 2))","logger":"airflow.utils.process_utils"}
{"timestamp":"2025-09-15T09:03:34.374469","level":"info","event":"  Using cached duckdb-1.3.2-cp312-cp312-manylinux_2_27_x86_64.manylinux_2_28_x86_64.whl.metadata (7.0 kB)","logger":"airflow.utils.process_utils"}
{"timestamp":"2025-09-15T09:03:34.445336","level":"info","event":"Collecting fastparquet (from -r /tmp/venv7f78bwn5/requirements.txt (line 3))","logger":"airflow.utils.process_utils"}
{"timestamp":"2025-09-15T09:03:34.447001","level":"info","event":"  Using cached fastparquet-2024.11.0-cp312-cp312-manylinux_2_17_x86_64.manylinux2014_x86_64.whl.metadata (4.2 kB)","logger":"airflow.utils.process_utils"}
{"timestamp":"2025-09-15T09:03:34.532842","level":"info","event":"Collecting flask (from -r /tmp/venv7f78bwn5/requirements.txt (line 4))","logger":"airflow.utils.process_utils"}
{"timestamp":"2025-09-15T09:03:34.534486","level":"info","event":"  Using cached flask-3.1.2-py3-none-any.whl.metadata (3.2 kB)","logger":"airflow.utils.process_utils"}
{"timestamp":"2025-09-15T09:03:34.577445","level":"info","event":"Collecting gunicorn (from -r /tmp/venv7f78bwn5/requirements.txt (line 5))","logger":"airflow.utils.process_utils"}
{"timestamp":"2025-09-15T09:03:34.579309","level":"info","event":"  Using cached gunicorn-23.0.0-py3-none-any.whl.metadata (4.4 kB)","logger":"airflow.utils.process_utils"}
{"timestamp":"2025-09-15T09:03:34.612037","level":"info","event":"Collecting hdfs (from -r /tmp/venv7f78bwn5/requirements.txt (line 6))","logger":"airflow.utils.process_utils"}
{"timestamp":"2025-09-15T09:03:34.612274","level":"info","event":"  Using cached hdfs-2.7.3-py3-none-any.whl","logger":"airflow.utils.process_utils"}
{"timestamp":"2025-09-15T09:03:34.799559","level":"info","event":"Collecting matplotlib (from -r /tmp/venv7f78bwn5/requirements.txt (line 7))","logger":"airflow.utils.process_utils"}
{"timestamp":"2025-09-15T09:03:34.801341","level":"info","event":"  Using cached matplotlib-3.10.6-cp312-cp312-manylinux2014_x86_64.manylinux_2_17_x86_64.whl.metadata (11 kB)","logger":"airflow.utils.process_utils"}
{"timestamp":"2025-09-15T09:03:35.061436","level":"info","event":"Collecting numpy (from -r /tmp/venv7f78bwn5/requirements.txt (line 8))","logger":"airflow.utils.process_utils"}
{"timestamp":"2025-09-15T09:03:35.063278","level":"info","event":"  Using cached numpy-2.3.3-cp312-cp312-manylinux_2_27_x86_64.manylinux_2_28_x86_64.whl.metadata (62 kB)","logger":"airflow.utils.process_utils"}
{"timestamp":"2025-09-15T09:03:35.348088","level":"info","event":"Collecting pandas (from -r /tmp/venv7f78bwn5/requirements.txt (line 9))","logger":"airflow.utils.process_utils"}
{"timestamp":"2025-09-15T09:03:35.350276","level":"info","event":"  Using cached pandas-2.3.2-cp312-cp312-manylinux_2_17_x86_64.manylinux2014_x86_64.whl.metadata (91 kB)","logger":"airflow.utils.process_utils"}
{"timestamp":"2025-09-15T09:03:35.522712","level":"info","event":"Collecting psycopg2-binary (from -r /tmp/venv7f78bwn5/requirements.txt (line 10))","logger":"airflow.utils.process_utils"}
{"timestamp":"2025-09-15T09:03:35.524506","level":"info","event":"  Using cached psycopg2_binary-2.9.10-cp312-cp312-manylinux_2_17_x86_64.manylinux2014_x86_64.whl.metadata (4.9 kB)","logger":"airflow.utils.process_utils"}
{"timestamp":"2025-09-15T09:03:35.644820","level":"info","event":"Collecting pyarrow (from -r /tmp/venv7f78bwn5/requirements.txt (line 11))","logger":"airflow.utils.process_utils"}
{"timestamp":"2025-09-15T09:03:35.646672","level":"info","event":"  Using cached pyarrow-21.0.0-cp312-cp312-manylinux_2_28_x86_64.whl.metadata (3.3 kB)","logger":"airflow.utils.process_utils"}
{"timestamp":"2025-09-15T09:03:35.679610","level":"info","event":"Collecting pyspark (from -r /tmp/venv7f78bwn5/requirements.txt (line 12))","logger":"airflow.utils.process_utils"}
{"timestamp":"2025-09-15T09:03:35.680002","level":"info","event":"  Using cached pyspark-4.0.1-py2.py3-none-any.whl","logger":"airflow.utils.process_utils"}
{"timestamp":"2025-09-15T09:03:35.743975","level":"info","event":"Collecting requests (from -r /tmp/venv7f78bwn5/requirements.txt (line 13))","logger":"airflow.utils.process_utils"}
{"timestamp":"2025-09-15T09:03:35.745491","level":"info","event":"  Using cached requests-2.32.5-py3-none-any.whl.metadata (4.9 kB)","logger":"airflow.utils.process_utils"}
{"timestamp":"2025-09-15T09:03:35.778564","level":"info","event":"Collecting seaborn (from -r /tmp/venv7f78bwn5/requirements.txt (line 14))","logger":"airflow.utils.process_utils"}
{"timestamp":"2025-09-15T09:03:35.780209","level":"info","event":"  Using cached seaborn-0.13.2-py3-none-any.whl.metadata (5.4 kB)","logger":"airflow.utils.process_utils"}
{"timestamp":"2025-09-15T09:03:36.168039","level":"info","event":"Collecting sqlalchemy (from -r /tmp/venv7f78bwn5/requirements.txt (line 15))","logger":"airflow.utils.process_utils"}
{"timestamp":"2025-09-15T09:03:36.169846","level":"info","event":"  Using cached sqlalchemy-2.0.43-cp312-cp312-manylinux_2_17_x86_64.manylinux2014_x86_64.whl.metadata (9.6 kB)","logger":"airflow.utils.process_utils"}
{"timestamp":"2025-09-15T09:03:36.206743","level":"info","event":"Collecting python-dotenv (from dotenv->-r /tmp/venv7f78bwn5/requirements.txt (line 1))","logger":"airflow.utils.process_utils"}
{"timestamp":"2025-09-15T09:03:36.208311","level":"info","event":"  Using cached python_dotenv-1.1.1-py3-none-any.whl.metadata (24 kB)","logger":"airflow.utils.process_utils"}
{"timestamp":"2025-09-15T09:03:36.427725","level":"info","event":"Collecting cramjam>=2.3 (from fastparquet->-r /tmp/venv7f78bwn5/requirements.txt (line 3))","logger":"airflow.utils.process_utils"}
{"timestamp":"2025-09-15T09:03:36.429335","level":"info","event":"  Using cached cramjam-2.11.0-cp312-cp312-manylinux_2_17_x86_64.manylinux2014_x86_64.whl.metadata (5.6 kB)","logger":"airflow.utils.process_utils"}
{"timestamp":"2025-09-15T09:03:36.475128","level":"info","event":"Collecting fsspec (from fastparquet->-r /tmp/venv7f78bwn5/requirements.txt (line 3))","logger":"airflow.utils.process_utils"}
{"timestamp":"2025-09-15T09:03:36.476716","level":"info","event":"  Using cached fsspec-2025.9.0-py3-none-any.whl.metadata (10 kB)","logger":"airflow.utils.process_utils"}
{"timestamp":"2025-09-15T09:03:36.517830","level":"info","event":"Collecting packaging (from fastparquet->-r /tmp/venv7f78bwn5/requirements.txt (line 3))","logger":"airflow.utils.process_utils"}
{"timestamp":"2025-09-15T09:03:36.519477","level":"info","event":"  Using cached packaging-25.0-py3-none-any.whl.metadata (3.3 kB)","logger":"airflow.utils.process_utils"}
{"timestamp":"2025-09-15T09:03:36.619637","level":"info","event":"Collecting blinker>=1.9.0 (from flask->-r /tmp/venv7f78bwn5/requirements.txt (line 4))","logger":"airflow.utils.process_utils"}
{"timestamp":"2025-09-15T09:03:36.621257","level":"info","event":"  Using cached blinker-1.9.0-py3-none-any.whl.metadata (1.6 kB)","logger":"airflow.utils.process_utils"}
{"timestamp":"2025-09-15T09:03:36.658837","level":"info","event":"Collecting click>=8.1.3 (from flask->-r /tmp/venv7f78bwn5/requirements.txt (line 4))","logger":"airflow.utils.process_utils"}
{"timestamp":"2025-09-15T09:03:36.660454","level":"info","event":"  Using cached click-8.2.1-py3-none-any.whl.metadata (2.5 kB)","logger":"airflow.utils.process_utils"}
{"timestamp":"2025-09-15T09:03:36.692882","level":"info","event":"Collecting itsdangerous>=2.2.0 (from flask->-r /tmp/venv7f78bwn5/requirements.txt (line 4))","logger":"airflow.utils.process_utils"}
{"timestamp":"2025-09-15T09:03:36.694509","level":"info","event":"  Using cached itsdangerous-2.2.0-py3-none-any.whl.metadata (1.9 kB)","logger":"airflow.utils.process_utils"}
{"timestamp":"2025-09-15T09:03:36.731358","level":"info","event":"Collecting jinja2>=3.1.2 (from flask->-r /tmp/venv7f78bwn5/requirements.txt (line 4))","logger":"airflow.utils.process_utils"}
{"timestamp":"2025-09-15T09:03:36.733826","level":"info","event":"  Using cached jinja2-3.1.6-py3-none-any.whl.metadata (2.9 kB)","logger":"airflow.utils.process_utils"}
{"timestamp":"2025-09-15T09:03:36.808685","level":"info","event":"Collecting markupsafe>=2.1.1 (from flask->-r /tmp/venv7f78bwn5/requirements.txt (line 4))","logger":"airflow.utils.process_utils"}
{"timestamp":"2025-09-15T09:03:36.810256","level":"info","event":"  Using cached MarkupSafe-3.0.2-cp312-cp312-manylinux_2_17_x86_64.manylinux2014_x86_64.whl.metadata (4.0 kB)","logger":"airflow.utils.process_utils"}
{"timestamp":"2025-09-15T09:03:36.858225","level":"info","event":"Collecting werkzeug>=3.1.0 (from flask->-r /tmp/venv7f78bwn5/requirements.txt (line 4))","logger":"airflow.utils.process_utils"}
{"timestamp":"2025-09-15T09:03:36.859776","level":"info","event":"  Using cached werkzeug-3.1.3-py3-none-any.whl.metadata (3.7 kB)","logger":"airflow.utils.process_utils"}
{"timestamp":"2025-09-15T09:03:36.898921","level":"info","event":"Collecting docopt (from hdfs->-r /tmp/venv7f78bwn5/requirements.txt (line 6))","logger":"airflow.utils.process_utils"}
{"timestamp":"2025-09-15T09:03:36.899193","level":"info","event":"  Using cached docopt-0.6.2-py2.py3-none-any.whl","logger":"airflow.utils.process_utils"}
{"timestamp":"2025-09-15T09:03:36.938071","level":"info","event":"Collecting six>=1.9.0 (from hdfs->-r /tmp/venv7f78bwn5/requirements.txt (line 6))","logger":"airflow.utils.process_utils"}
{"timestamp":"2025-09-15T09:03:36.939658","level":"info","event":"  Using cached six-1.17.0-py2.py3-none-any.whl.metadata (1.7 kB)","logger":"airflow.utils.process_utils"}
{"timestamp":"2025-09-15T09:03:37.042430","level":"info","event":"Collecting contourpy>=1.0.1 (from matplotlib->-r /tmp/venv7f78bwn5/requirements.txt (line 7))","logger":"airflow.utils.process_utils"}
{"timestamp":"2025-09-15T09:03:37.044030","level":"info","event":"  Using cached contourpy-1.3.3-cp312-cp312-manylinux_2_27_x86_64.manylinux_2_28_x86_64.whl.metadata (5.5 kB)","logger":"airflow.utils.process_utils"}
{"timestamp":"2025-09-15T09:03:37.071089","level":"info","event":"Collecting cycler>=0.10 (from matplotlib->-r /tmp/venv7f78bwn5/requirements.txt (line 7))","logger":"airflow.utils.process_utils"}
{"timestamp":"2025-09-15T09:03:37.072622","level":"info","event":"  Using cached cycler-0.12.1-py3-none-any.whl.metadata (3.8 kB)","logger":"airflow.utils.process_utils"}
{"timestamp":"2025-09-15T09:03:37.283613","level":"info","event":"Collecting fonttools>=4.22.0 (from matplotlib->-r /tmp/venv7f78bwn5/requirements.txt (line 7))","logger":"airflow.utils.process_utils"}
{"timestamp":"2025-09-15T09:03:37.285313","level":"info","event":"  Using cached fonttools-4.59.2-cp312-cp312-manylinux1_x86_64.manylinux2014_x86_64.manylinux_2_17_x86_64.manylinux_2_5_x86_64.whl.metadata (109 kB)","logger":"airflow.utils.process_utils"}
{"timestamp":"2025-09-15T09:03:37.380376","level":"info","event":"Collecting kiwisolver>=1.3.1 (from matplotlib->-r /tmp/venv7f78bwn5/requirements.txt (line 7))","logger":"airflow.utils.process_utils"}
{"timestamp":"2025-09-15T09:03:37.382001","level":"info","event":"  Using cached kiwisolver-1.4.9-cp312-cp312-manylinux2014_x86_64.manylinux_2_17_x86_64.whl.metadata (6.3 kB)","logger":"airflow.utils.process_utils"}
{"timestamp":"2025-09-15T09:03:37.729348","level":"info","event":"Collecting pillow>=8 (from matplotlib->-r /tmp/venv7f78bwn5/requirements.txt (line 7))","logger":"airflow.utils.process_utils"}
{"timestamp":"2025-09-15T09:03:37.731044","level":"info","event":"  Using cached pillow-11.3.0-cp312-cp312-manylinux_2_27_x86_64.manylinux_2_28_x86_64.whl.metadata (9.0 kB)","logger":"airflow.utils.process_utils"}
{"timestamp":"2025-09-15T09:03:37.784119","level":"info","event":"Collecting pyparsing>=2.3.1 (from matplotlib->-r /tmp/venv7f78bwn5/requirements.txt (line 7))","logger":"airflow.utils.process_utils"}
{"timestamp":"2025-09-15T09:03:37.785728","level":"info","event":"  Using cached pyparsing-3.2.4-py3-none-any.whl.metadata (5.0 kB)","logger":"airflow.utils.process_utils"}
{"timestamp":"2025-09-15T09:03:37.831867","level":"info","event":"Collecting python-dateutil>=2.7 (from matplotlib->-r /tmp/venv7f78bwn5/requirements.txt (line 7))","logger":"airflow.utils.process_utils"}
{"timestamp":"2025-09-15T09:03:37.835457","level":"info","event":"  Using cached python_dateutil-2.9.0.post0-py2.py3-none-any.whl.metadata (8.4 kB)","logger":"airflow.utils.process_utils"}
{"timestamp":"2025-09-15T09:03:37.998197","level":"info","event":"Collecting pytz>=2020.1 (from pandas->-r /tmp/venv7f78bwn5/requirements.txt (line 9))","logger":"airflow.utils.process_utils"}
{"timestamp":"2025-09-15T09:03:37.999916","level":"info","event":"  Using cached pytz-2025.2-py2.py3-none-any.whl.metadata (22 kB)","logger":"airflow.utils.process_utils"}
{"timestamp":"2025-09-15T09:03:38.035030","level":"info","event":"Collecting tzdata>=2022.7 (from pandas->-r /tmp/venv7f78bwn5/requirements.txt (line 9))","logger":"airflow.utils.process_utils"}
{"timestamp":"2025-09-15T09:03:38.036547","level":"info","event":"  Using cached tzdata-2025.2-py2.py3-none-any.whl.metadata (1.4 kB)","logger":"airflow.utils.process_utils"}
{"timestamp":"2025-09-15T09:03:38.085503","level":"info","event":"Collecting py4j==0.10.9.9 (from pyspark->-r /tmp/venv7f78bwn5/requirements.txt (line 12))","logger":"airflow.utils.process_utils"}
{"timestamp":"2025-09-15T09:03:38.086938","level":"info","event":"  Using cached py4j-0.10.9.9-py2.py3-none-any.whl.metadata (1.3 kB)","logger":"airflow.utils.process_utils"}
{"timestamp":"2025-09-15T09:03:38.224465","level":"info","event":"Collecting charset_normalizer<4,>=2 (from requests->-r /tmp/venv7f78bwn5/requirements.txt (line 13))","logger":"airflow.utils.process_utils"}
{"timestamp":"2025-09-15T09:03:38.226223","level":"info","event":"  Using cached charset_normalizer-3.4.3-cp312-cp312-manylinux2014_x86_64.manylinux_2_17_x86_64.manylinux_2_28_x86_64.whl.metadata (36 kB)","logger":"airflow.utils.process_utils"}
{"timestamp":"2025-09-15T09:03:38.261635","level":"info","event":"Collecting idna<4,>=2.5 (from requests->-r /tmp/venv7f78bwn5/requirements.txt (line 13))","logger":"airflow.utils.process_utils"}
{"timestamp":"2025-09-15T09:03:38.263128","level":"info","event":"  Using cached idna-3.10-py3-none-any.whl.metadata (10 kB)","logger":"airflow.utils.process_utils"}
{"timestamp":"2025-09-15T09:03:38.326211","level":"info","event":"Collecting urllib3<3,>=1.21.1 (from requests->-r /tmp/venv7f78bwn5/requirements.txt (line 13))","logger":"airflow.utils.process_utils"}
{"timestamp":"2025-09-15T09:03:38.327784","level":"info","event":"  Using cached urllib3-2.5.0-py3-none-any.whl.metadata (6.5 kB)","logger":"airflow.utils.process_utils"}
{"timestamp":"2025-09-15T09:03:38.367800","level":"info","event":"Collecting certifi>=2017.4.17 (from requests->-r /tmp/venv7f78bwn5/requirements.txt (line 13))","logger":"airflow.utils.process_utils"}
{"timestamp":"2025-09-15T09:03:38.369371","level":"info","event":"  Using cached certifi-2025.8.3-py3-none-any.whl.metadata (2.4 kB)","logger":"airflow.utils.process_utils"}
{"timestamp":"2025-09-15T09:03:38.613165","level":"info","event":"Collecting greenlet>=1 (from sqlalchemy->-r /tmp/venv7f78bwn5/requirements.txt (line 15))","logger":"airflow.utils.process_utils"}
{"timestamp":"2025-09-15T09:03:38.614930","level":"info","event":"  Using cached greenlet-3.2.4-cp312-cp312-manylinux_2_24_x86_64.manylinux_2_28_x86_64.whl.metadata (4.1 kB)","logger":"airflow.utils.process_utils"}
{"timestamp":"2025-09-15T09:03:38.653678","level":"info","event":"Collecting typing-extensions>=4.6.0 (from sqlalchemy->-r /tmp/venv7f78bwn5/requirements.txt (line 15))","logger":"airflow.utils.process_utils"}
{"timestamp":"2025-09-15T09:03:38.655211","level":"info","event":"  Using cached typing_extensions-4.15.0-py3-none-any.whl.metadata (3.3 kB)","logger":"airflow.utils.process_utils"}
{"timestamp":"2025-09-15T09:03:38.910754","level":"info","event":"Using cached dotenv-0.9.9-py2.py3-none-any.whl (1.9 kB)","logger":"airflow.utils.process_utils"}
{"timestamp":"2025-09-15T09:03:38.912182","level":"info","event":"Using cached duckdb-1.3.2-cp312-cp312-manylinux_2_27_x86_64.manylinux_2_28_x86_64.whl (21.1 MB)","logger":"airflow.utils.process_utils"}
{"timestamp":"2025-09-15T09:03:38.945625","level":"info","event":"Using cached fastparquet-2024.11.0-cp312-cp312-manylinux_2_17_x86_64.manylinux2014_x86_64.whl (1.8 MB)","logger":"airflow.utils.process_utils"}
{"timestamp":"2025-09-15T09:03:38.949877","level":"info","event":"Using cached flask-3.1.2-py3-none-any.whl (103 kB)","logger":"airflow.utils.process_utils"}
{"timestamp":"2025-09-15T09:03:38.951635","level":"info","event":"Using cached gunicorn-23.0.0-py3-none-any.whl (85 kB)","logger":"airflow.utils.process_utils"}
{"timestamp":"2025-09-15T09:03:38.953117","level":"info","event":"Using cached matplotlib-3.10.6-cp312-cp312-manylinux2014_x86_64.manylinux_2_17_x86_64.whl (8.7 MB)","logger":"airflow.utils.process_utils"}
{"timestamp":"2025-09-15T09:03:38.967737","level":"info","event":"Using cached numpy-2.3.3-cp312-cp312-manylinux_2_27_x86_64.manylinux_2_28_x86_64.whl (16.6 MB)","logger":"airflow.utils.process_utils"}
{"timestamp":"2025-09-15T09:03:38.995225","level":"info","event":"Using cached pandas-2.3.2-cp312-cp312-manylinux_2_17_x86_64.manylinux2014_x86_64.whl (12.0 MB)","logger":"airflow.utils.process_utils"}
{"timestamp":"2025-09-15T09:03:39.015424","level":"info","event":"Using cached psycopg2_binary-2.9.10-cp312-cp312-manylinux_2_17_x86_64.manylinux2014_x86_64.whl (3.0 MB)","logger":"airflow.utils.process_utils"}
{"timestamp":"2025-09-15T09:03:39.021929","level":"info","event":"Using cached pyarrow-21.0.0-cp312-cp312-manylinux_2_28_x86_64.whl (42.8 MB)","logger":"airflow.utils.process_utils"}
{"timestamp":"2025-09-15T09:03:39.088817","level":"info","event":"Using cached py4j-0.10.9.9-py2.py3-none-any.whl (203 kB)","logger":"airflow.utils.process_utils"}
{"timestamp":"2025-09-15T09:03:39.090630","level":"info","event":"Using cached requests-2.32.5-py3-none-any.whl (64 kB)","logger":"airflow.utils.process_utils"}
{"timestamp":"2025-09-15T09:03:39.091979","level":"info","event":"Using cached seaborn-0.13.2-py3-none-any.whl (294 kB)","logger":"airflow.utils.process_utils"}
{"timestamp":"2025-09-15T09:03:39.093741","level":"info","event":"Using cached sqlalchemy-2.0.43-cp312-cp312-manylinux_2_17_x86_64.manylinux2014_x86_64.whl (3.3 MB)","logger":"airflow.utils.process_utils"}
{"timestamp":"2025-09-15T09:03:39.100138","level":"info","event":"Using cached blinker-1.9.0-py3-none-any.whl (8.5 kB)","logger":"airflow.utils.process_utils"}
{"timestamp":"2025-09-15T09:03:39.101326","level":"info","event":"Using cached certifi-2025.8.3-py3-none-any.whl (161 kB)","logger":"airflow.utils.process_utils"}
{"timestamp":"2025-09-15T09:03:39.102869","level":"info","event":"Using cached charset_normalizer-3.4.3-cp312-cp312-manylinux2014_x86_64.manylinux_2_17_x86_64.manylinux_2_28_x86_64.whl (151 kB)","logger":"airflow.utils.process_utils"}
{"timestamp":"2025-09-15T09:03:39.104254","level":"info","event":"Using cached click-8.2.1-py3-none-any.whl (102 kB)","logger":"airflow.utils.process_utils"}
{"timestamp":"2025-09-15T09:03:39.105683","level":"info","event":"Using cached contourpy-1.3.3-cp312-cp312-manylinux_2_27_x86_64.manylinux_2_28_x86_64.whl (362 kB)","logger":"airflow.utils.process_utils"}
{"timestamp":"2025-09-15T09:03:39.107510","level":"info","event":"Using cached cramjam-2.11.0-cp312-cp312-manylinux_2_17_x86_64.manylinux2014_x86_64.whl (2.0 MB)","logger":"airflow.utils.process_utils"}
{"timestamp":"2025-09-15T09:03:39.111777","level":"info","event":"Using cached cycler-0.12.1-py3-none-any.whl (8.3 kB)","logger":"airflow.utils.process_utils"}
{"timestamp":"2025-09-15T09:03:39.113085","level":"info","event":"Using cached fonttools-4.59.2-cp312-cp312-manylinux1_x86_64.manylinux2014_x86_64.manylinux_2_17_x86_64.manylinux_2_5_x86_64.whl (4.9 MB)","logger":"airflow.utils.process_utils"}
{"timestamp":"2025-09-15T09:03:39.121807","level":"info","event":"Using cached greenlet-3.2.4-cp312-cp312-manylinux_2_24_x86_64.manylinux_2_28_x86_64.whl (607 kB)","logger":"airflow.utils.process_utils"}
{"timestamp":"2025-09-15T09:03:39.124252","level":"info","event":"Using cached idna-3.10-py3-none-any.whl (70 kB)","logger":"airflow.utils.process_utils"}
{"timestamp":"2025-09-15T09:03:39.125635","level":"info","event":"Using cached itsdangerous-2.2.0-py3-none-any.whl (16 kB)","logger":"airflow.utils.process_utils"}
{"timestamp":"2025-09-15T09:03:39.126911","level":"info","event":"Using cached jinja2-3.1.6-py3-none-any.whl (134 kB)","logger":"airflow.utils.process_utils"}
{"timestamp":"2025-09-15T09:03:39.128395","level":"info","event":"Using cached kiwisolver-1.4.9-cp312-cp312-manylinux2014_x86_64.manylinux_2_17_x86_64.whl (1.5 MB)","logger":"airflow.utils.process_utils"}
{"timestamp":"2025-09-15T09:03:39.131936","level":"info","event":"Using cached MarkupSafe-3.0.2-cp312-cp312-manylinux_2_17_x86_64.manylinux2014_x86_64.whl (23 kB)","logger":"airflow.utils.process_utils"}
{"timestamp":"2025-09-15T09:03:39.133133","level":"info","event":"Using cached packaging-25.0-py3-none-any.whl (66 kB)","logger":"airflow.utils.process_utils"}
{"timestamp":"2025-09-15T09:03:39.134465","level":"info","event":"Using cached pillow-11.3.0-cp312-cp312-manylinux_2_27_x86_64.manylinux_2_28_x86_64.whl (6.6 MB)","logger":"airflow.utils.process_utils"}
{"timestamp":"2025-09-15T09:03:39.145879","level":"info","event":"Using cached pyparsing-3.2.4-py3-none-any.whl (113 kB)","logger":"airflow.utils.process_utils"}
{"timestamp":"2025-09-15T09:03:39.147497","level":"info","event":"Using cached python_dateutil-2.9.0.post0-py2.py3-none-any.whl (229 kB)","logger":"airflow.utils.process_utils"}
{"timestamp":"2025-09-15T09:03:39.149198","level":"info","event":"Using cached pytz-2025.2-py2.py3-none-any.whl (509 kB)","logger":"airflow.utils.process_utils"}
{"timestamp":"2025-09-15T09:03:39.151172","level":"info","event":"Using cached six-1.17.0-py2.py3-none-any.whl (11 kB)","logger":"airflow.utils.process_utils"}
{"timestamp":"2025-09-15T09:03:39.152370","level":"info","event":"Using cached typing_extensions-4.15.0-py3-none-any.whl (44 kB)","logger":"airflow.utils.process_utils"}
{"timestamp":"2025-09-15T09:03:39.153625","level":"info","event":"Using cached tzdata-2025.2-py2.py3-none-any.whl (347 kB)","logger":"airflow.utils.process_utils"}
{"timestamp":"2025-09-15T09:03:39.155337","level":"info","event":"Using cached urllib3-2.5.0-py3-none-any.whl (129 kB)","logger":"airflow.utils.process_utils"}
{"timestamp":"2025-09-15T09:03:39.156786","level":"info","event":"Using cached werkzeug-3.1.3-py3-none-any.whl (224 kB)","logger":"airflow.utils.process_utils"}
{"timestamp":"2025-09-15T09:03:39.158314","level":"info","event":"Using cached fsspec-2025.9.0-py3-none-any.whl (199 kB)","logger":"airflow.utils.process_utils"}
{"timestamp":"2025-09-15T09:03:39.159776","level":"info","event":"Using cached python_dotenv-1.1.1-py3-none-any.whl (20 kB)","logger":"airflow.utils.process_utils"}
{"timestamp":"2025-09-15T09:03:39.937424","level":"info","event":"Installing collected packages: pytz, py4j, docopt, urllib3, tzdata, typing-extensions, six, python-dotenv, pyspark, pyparsing, pyarrow, psycopg2-binary, pillow, packaging, numpy, markupsafe, kiwisolver, itsdangerous, idna, greenlet, fsspec, fonttools, duckdb, cycler, cramjam, click, charset_normalizer, certifi, blinker, werkzeug, sqlalchemy, requests, python-dateutil, jinja2, gunicorn, dotenv, contourpy, pandas, matplotlib, hdfs, flask, seaborn, fastparquet","logger":"airflow.utils.process_utils"}
{"timestamp":"2025-09-15T09:04:02.423653","level":"info","event":"Successfully installed blinker-1.9.0 certifi-2025.8.3 charset_normalizer-3.4.3 click-8.2.1 contourpy-1.3.3 cramjam-2.11.0 cycler-0.12.1 docopt-0.6.2 dotenv-0.9.9 duckdb-1.3.2 fastparquet-2024.11.0 flask-3.1.2 fonttools-4.59.2 fsspec-2025.9.0 greenlet-3.2.4 gunicorn-23.0.0 hdfs-2.7.3 idna-3.10 itsdangerous-2.2.0 jinja2-3.1.6 kiwisolver-1.4.9 markupsafe-3.0.2 matplotlib-3.10.6 numpy-2.3.3 packaging-25.0 pandas-2.3.2 pillow-11.3.0 psycopg2-binary-2.9.10 py4j-0.10.9.9 pyarrow-21.0.0 pyparsing-3.2.4 pyspark-4.0.1 python-dateutil-2.9.0.post0 python-dotenv-1.1.1 pytz-2025.2 requests-2.32.5 seaborn-0.13.2 six-1.17.0 sqlalchemy-2.0.43 typing-extensions-4.15.0 tzdata-2025.2 urllib3-2.5.0 werkzeug-3.1.3","logger":"airflow.utils.process_utils"}
{"timestamp":"2025-09-15T09:04:03.291780","level":"info","event":"Executing cmd: /tmp/venv7f78bwn5/bin/python /tmp/venv-calljs2gdpwl/script.py /tmp/venv-calljs2gdpwl/script.in /tmp/venv-calljs2gdpwl/script.out /tmp/venv-calljs2gdpwl/string_args.txt /tmp/venv-calljs2gdpwl/termination.log /tmp/venv-calljs2gdpwl/airflow_context.json","logger":"airflow.utils.process_utils"}
{"timestamp":"2025-09-15T09:04:03.292443","level":"info","event":"Output:","logger":"airflow.utils.process_utils"}
{"timestamp":"2025-09-15T09:04:03.921552","level":"info","event":"2025-09-15 09:04:03,921 - INFO - Instantiated <InsecureClient(url='http://34.59.119.128:9870')>.","logger":"airflow.utils.process_utils"}
{"timestamp":"2025-09-15T09:04:03.921913","level":"info","event":"2025-09-15 09:04:03,921 - INFO - Fetching news from 20250914T0000 to 20250914T2359","logger":"airflow.utils.process_utils"}
{"timestamp":"2025-09-15T09:04:04.424326","level":"info","event":"2025-09-15 09:04:04,423 - INFO - Creating directories to '/user/tiendat/datalake/elt/bronze/news/dt=2025-09-14'.","logger":"airflow.utils.process_utils"}
{"timestamp":"2025-09-15T09:04:04.432806","level":"info","event":"2025-09-15 09:04:04,432 - INFO - Writing to '/user/tiendat/datalake/elt/bronze/news/dt=2025-09-14/part-0000.parquet'.","logger":"airflow.utils.process_utils"}
{"timestamp":"2025-09-15T09:04:04.477399","level":"info","event":"2025-09-15 09:04:04,476 - INFO - Saved 181 news records to /user/tiendat/datalake/elt/bronze/news/dt=2025-09-14/part-0000.parquet","logger":"airflow.utils.process_utils"}
{"timestamp":"2025-09-15T09:04:04.585936","level":"warning","event":"Fail to delete /home/tiendat/airflow/tmp/venv7f78bwn5. The directory does not exist.","logger":"airflow.task.operators.airflow.providers.standard.operators.python.PythonVirtualenvOperator"}
{"timestamp":"2025-09-15T09:04:05.016893","level":"info","event":"Done. Returned value was: None","logger":"airflow.task.operators.airflow.providers.standard.operators.python.PythonVirtualenvOperator"}
