{"timestamp":"2025-09-15T01:05:57.857727","level":"info","event":"DAG bundles loaded: dags-folder","logger":"airflow.dag_processing.bundles.manager.DagBundlesManager"}
{"timestamp":"2025-09-15T01:05:57.858716","level":"info","event":"Filling up the DagBag from /home/tiendat/Pipeline-Stock-ETL/schedule/dags/etl_source_database.py","logger":"airflow.models.dagbag.DagBag"}
{"timestamp":"2025-09-15T01:05:57.907943","level":"info","event":"Executing cmd: python -m venv /tmp/venva4_krq8q","logger":"airflow.utils.process_utils"}
{"timestamp":"2025-09-15T01:05:57.908899","level":"info","event":"Output:","logger":"airflow.utils.process_utils"}
{"timestamp":"2025-09-15T01:06:01.412035","level":"info","event":"Executing cmd: /tmp/venva4_krq8q/bin/pip install -r /tmp/venva4_krq8q/requirements.txt","logger":"airflow.utils.process_utils"}
{"timestamp":"2025-09-15T01:06:01.412852","level":"info","event":"Output:","logger":"airflow.utils.process_utils"}
{"timestamp":"2025-09-15T01:06:01.876834","level":"info","event":"Collecting dotenv (from -r /tmp/venva4_krq8q/requirements.txt (line 1))","logger":"airflow.utils.process_utils"}
{"timestamp":"2025-09-15T01:06:01.879396","level":"info","event":"  Using cached dotenv-0.9.9-py2.py3-none-any.whl.metadata (279 bytes)","logger":"airflow.utils.process_utils"}
{"timestamp":"2025-09-15T01:06:02.048524","level":"info","event":"Collecting duckdb (from -r /tmp/venva4_krq8q/requirements.txt (line 2))","logger":"airflow.utils.process_utils"}
{"timestamp":"2025-09-15T01:06:02.050204","level":"info","event":"  Using cached duckdb-1.3.2-cp312-cp312-manylinux_2_27_x86_64.manylinux_2_28_x86_64.whl.metadata (7.0 kB)","logger":"airflow.utils.process_utils"}
{"timestamp":"2025-09-15T01:06:02.140880","level":"info","event":"Collecting fastparquet (from -r /tmp/venva4_krq8q/requirements.txt (line 3))","logger":"airflow.utils.process_utils"}
{"timestamp":"2025-09-15T01:06:02.143857","level":"info","event":"  Using cached fastparquet-2024.11.0-cp312-cp312-manylinux_2_17_x86_64.manylinux2014_x86_64.whl.metadata (4.2 kB)","logger":"airflow.utils.process_utils"}
{"timestamp":"2025-09-15T01:06:02.199257","level":"info","event":"Collecting flask (from -r /tmp/venva4_krq8q/requirements.txt (line 4))","logger":"airflow.utils.process_utils"}
{"timestamp":"2025-09-15T01:06:02.201237","level":"info","event":"  Using cached flask-3.1.2-py3-none-any.whl.metadata (3.2 kB)","logger":"airflow.utils.process_utils"}
{"timestamp":"2025-09-15T01:06:02.258844","level":"info","event":"Collecting gunicorn (from -r /tmp/venva4_krq8q/requirements.txt (line 5))","logger":"airflow.utils.process_utils"}
{"timestamp":"2025-09-15T01:06:02.263207","level":"info","event":"  Using cached gunicorn-23.0.0-py3-none-any.whl.metadata (4.4 kB)","logger":"airflow.utils.process_utils"}
{"timestamp":"2025-09-15T01:06:02.308921","level":"info","event":"Collecting hdfs (from -r /tmp/venva4_krq8q/requirements.txt (line 6))","logger":"airflow.utils.process_utils"}
{"timestamp":"2025-09-15T01:06:02.311803","level":"info","event":"  Using cached hdfs-2.7.3-py3-none-any.whl","logger":"airflow.utils.process_utils"}
{"timestamp":"2025-09-15T01:06:02.499293","level":"info","event":"Collecting matplotlib (from -r /tmp/venva4_krq8q/requirements.txt (line 7))","logger":"airflow.utils.process_utils"}
{"timestamp":"2025-09-15T01:06:02.501235","level":"info","event":"  Using cached matplotlib-3.10.6-cp312-cp312-manylinux2014_x86_64.manylinux_2_17_x86_64.whl.metadata (11 kB)","logger":"airflow.utils.process_utils"}
{"timestamp":"2025-09-15T01:06:02.746112","level":"info","event":"Collecting numpy (from -r /tmp/venva4_krq8q/requirements.txt (line 8))","logger":"airflow.utils.process_utils"}
{"timestamp":"2025-09-15T01:06:02.747828","level":"info","event":"  Using cached numpy-2.3.3-cp312-cp312-manylinux_2_27_x86_64.manylinux_2_28_x86_64.whl.metadata (62 kB)","logger":"airflow.utils.process_utils"}
{"timestamp":"2025-09-15T01:06:02.927439","level":"info","event":"Collecting pandas (from -r /tmp/venva4_krq8q/requirements.txt (line 9))","logger":"airflow.utils.process_utils"}
{"timestamp":"2025-09-15T01:06:02.929800","level":"info","event":"  Using cached pandas-2.3.2-cp312-cp312-manylinux_2_17_x86_64.manylinux2014_x86_64.whl.metadata (91 kB)","logger":"airflow.utils.process_utils"}
{"timestamp":"2025-09-15T01:06:03.094372","level":"info","event":"Collecting psycopg2-binary (from -r /tmp/venva4_krq8q/requirements.txt (line 10))","logger":"airflow.utils.process_utils"}
{"timestamp":"2025-09-15T01:06:03.096023","level":"info","event":"  Using cached psycopg2_binary-2.9.10-cp312-cp312-manylinux_2_17_x86_64.manylinux2014_x86_64.whl.metadata (4.9 kB)","logger":"airflow.utils.process_utils"}
{"timestamp":"2025-09-15T01:06:03.209366","level":"info","event":"Collecting pyarrow (from -r /tmp/venva4_krq8q/requirements.txt (line 11))","logger":"airflow.utils.process_utils"}
{"timestamp":"2025-09-15T01:06:03.211148","level":"info","event":"  Using cached pyarrow-21.0.0-cp312-cp312-manylinux_2_28_x86_64.whl.metadata (3.3 kB)","logger":"airflow.utils.process_utils"}
{"timestamp":"2025-09-15T01:06:03.244887","level":"info","event":"Collecting pyspark (from -r /tmp/venva4_krq8q/requirements.txt (line 12))","logger":"airflow.utils.process_utils"}
{"timestamp":"2025-09-15T01:06:03.245141","level":"info","event":"  Using cached pyspark-4.0.1-py2.py3-none-any.whl","logger":"airflow.utils.process_utils"}
{"timestamp":"2025-09-15T01:06:03.298447","level":"info","event":"Collecting requests (from -r /tmp/venva4_krq8q/requirements.txt (line 13))","logger":"airflow.utils.process_utils"}
{"timestamp":"2025-09-15T01:06:03.300074","level":"info","event":"  Using cached requests-2.32.5-py3-none-any.whl.metadata (4.9 kB)","logger":"airflow.utils.process_utils"}
{"timestamp":"2025-09-15T01:06:03.331085","level":"info","event":"Collecting seaborn (from -r /tmp/venva4_krq8q/requirements.txt (line 14))","logger":"airflow.utils.process_utils"}
{"timestamp":"2025-09-15T01:06:03.332592","level":"info","event":"  Using cached seaborn-0.13.2-py3-none-any.whl.metadata (5.4 kB)","logger":"airflow.utils.process_utils"}
{"timestamp":"2025-09-15T01:06:03.684843","level":"info","event":"Collecting sqlalchemy (from -r /tmp/venva4_krq8q/requirements.txt (line 15))","logger":"airflow.utils.process_utils"}
{"timestamp":"2025-09-15T01:06:03.688755","level":"info","event":"  Using cached sqlalchemy-2.0.43-cp312-cp312-manylinux_2_17_x86_64.manylinux2014_x86_64.whl.metadata (9.6 kB)","logger":"airflow.utils.process_utils"}
{"timestamp":"2025-09-15T01:06:03.728094","level":"info","event":"Collecting python-dotenv (from dotenv->-r /tmp/venva4_krq8q/requirements.txt (line 1))","logger":"airflow.utils.process_utils"}
{"timestamp":"2025-09-15T01:06:03.729706","level":"info","event":"  Using cached python_dotenv-1.1.1-py3-none-any.whl.metadata (24 kB)","logger":"airflow.utils.process_utils"}
{"timestamp":"2025-09-15T01:06:03.961852","level":"info","event":"Collecting cramjam>=2.3 (from fastparquet->-r /tmp/venva4_krq8q/requirements.txt (line 3))","logger":"airflow.utils.process_utils"}
{"timestamp":"2025-09-15T01:06:03.963856","level":"info","event":"  Using cached cramjam-2.11.0-cp312-cp312-manylinux_2_17_x86_64.manylinux2014_x86_64.whl.metadata (5.6 kB)","logger":"airflow.utils.process_utils"}
{"timestamp":"2025-09-15T01:06:04.018780","level":"info","event":"Collecting fsspec (from fastparquet->-r /tmp/venva4_krq8q/requirements.txt (line 3))","logger":"airflow.utils.process_utils"}
{"timestamp":"2025-09-15T01:06:04.020351","level":"info","event":"  Using cached fsspec-2025.9.0-py3-none-any.whl.metadata (10 kB)","logger":"airflow.utils.process_utils"}
{"timestamp":"2025-09-15T01:06:04.061991","level":"info","event":"Collecting packaging (from fastparquet->-r /tmp/venva4_krq8q/requirements.txt (line 3))","logger":"airflow.utils.process_utils"}
{"timestamp":"2025-09-15T01:06:04.063594","level":"info","event":"  Using cached packaging-25.0-py3-none-any.whl.metadata (3.3 kB)","logger":"airflow.utils.process_utils"}
{"timestamp":"2025-09-15T01:06:04.165806","level":"info","event":"Collecting blinker>=1.9.0 (from flask->-r /tmp/venva4_krq8q/requirements.txt (line 4))","logger":"airflow.utils.process_utils"}
{"timestamp":"2025-09-15T01:06:04.167349","level":"info","event":"  Using cached blinker-1.9.0-py3-none-any.whl.metadata (1.6 kB)","logger":"airflow.utils.process_utils"}
{"timestamp":"2025-09-15T01:06:04.205247","level":"info","event":"Collecting click>=8.1.3 (from flask->-r /tmp/venva4_krq8q/requirements.txt (line 4))","logger":"airflow.utils.process_utils"}
{"timestamp":"2025-09-15T01:06:04.206784","level":"info","event":"  Using cached click-8.2.1-py3-none-any.whl.metadata (2.5 kB)","logger":"airflow.utils.process_utils"}
{"timestamp":"2025-09-15T01:06:04.235408","level":"info","event":"Collecting itsdangerous>=2.2.0 (from flask->-r /tmp/venva4_krq8q/requirements.txt (line 4))","logger":"airflow.utils.process_utils"}
{"timestamp":"2025-09-15T01:06:04.236948","level":"info","event":"  Using cached itsdangerous-2.2.0-py3-none-any.whl.metadata (1.9 kB)","logger":"airflow.utils.process_utils"}
{"timestamp":"2025-09-15T01:06:04.273129","level":"info","event":"Collecting jinja2>=3.1.2 (from flask->-r /tmp/venva4_krq8q/requirements.txt (line 4))","logger":"airflow.utils.process_utils"}
{"timestamp":"2025-09-15T01:06:04.274725","level":"info","event":"  Using cached jinja2-3.1.6-py3-none-any.whl.metadata (2.9 kB)","logger":"airflow.utils.process_utils"}
{"timestamp":"2025-09-15T01:06:04.346788","level":"info","event":"Collecting markupsafe>=2.1.1 (from flask->-r /tmp/venva4_krq8q/requirements.txt (line 4))","logger":"airflow.utils.process_utils"}
{"timestamp":"2025-09-15T01:06:04.348361","level":"info","event":"  Using cached MarkupSafe-3.0.2-cp312-cp312-manylinux_2_17_x86_64.manylinux2014_x86_64.whl.metadata (4.0 kB)","logger":"airflow.utils.process_utils"}
{"timestamp":"2025-09-15T01:06:04.395264","level":"info","event":"Collecting werkzeug>=3.1.0 (from flask->-r /tmp/venva4_krq8q/requirements.txt (line 4))","logger":"airflow.utils.process_utils"}
{"timestamp":"2025-09-15T01:06:04.396867","level":"info","event":"  Using cached werkzeug-3.1.3-py3-none-any.whl.metadata (3.7 kB)","logger":"airflow.utils.process_utils"}
{"timestamp":"2025-09-15T01:06:04.434855","level":"info","event":"Collecting docopt (from hdfs->-r /tmp/venva4_krq8q/requirements.txt (line 6))","logger":"airflow.utils.process_utils"}
{"timestamp":"2025-09-15T01:06:04.435102","level":"info","event":"  Using cached docopt-0.6.2-py2.py3-none-any.whl","logger":"airflow.utils.process_utils"}
{"timestamp":"2025-09-15T01:06:04.473836","level":"info","event":"Collecting six>=1.9.0 (from hdfs->-r /tmp/venva4_krq8q/requirements.txt (line 6))","logger":"airflow.utils.process_utils"}
{"timestamp":"2025-09-15T01:06:04.475423","level":"info","event":"  Using cached six-1.17.0-py2.py3-none-any.whl.metadata (1.7 kB)","logger":"airflow.utils.process_utils"}
{"timestamp":"2025-09-15T01:06:04.594333","level":"info","event":"Collecting contourpy>=1.0.1 (from matplotlib->-r /tmp/venva4_krq8q/requirements.txt (line 7))","logger":"airflow.utils.process_utils"}
{"timestamp":"2025-09-15T01:06:04.595015","level":"info","event":"  Using cached contourpy-1.3.3-cp312-cp312-manylinux_2_27_x86_64.manylinux_2_28_x86_64.whl.metadata (5.5 kB)","logger":"airflow.utils.process_utils"}
{"timestamp":"2025-09-15T01:06:04.629806","level":"info","event":"Collecting cycler>=0.10 (from matplotlib->-r /tmp/venva4_krq8q/requirements.txt (line 7))","logger":"airflow.utils.process_utils"}
{"timestamp":"2025-09-15T01:06:04.632544","level":"info","event":"  Using cached cycler-0.12.1-py3-none-any.whl.metadata (3.8 kB)","logger":"airflow.utils.process_utils"}
{"timestamp":"2025-09-15T01:06:05.013852","level":"info","event":"Collecting fonttools>=4.22.0 (from matplotlib->-r /tmp/venva4_krq8q/requirements.txt (line 7))","logger":"airflow.utils.process_utils"}
{"timestamp":"2025-09-15T01:06:05.017882","level":"info","event":"  Using cached fonttools-4.59.2-cp312-cp312-manylinux1_x86_64.manylinux2014_x86_64.manylinux_2_17_x86_64.manylinux_2_5_x86_64.whl.metadata (109 kB)","logger":"airflow.utils.process_utils"}
{"timestamp":"2025-09-15T01:06:05.199833","level":"info","event":"Collecting kiwisolver>=1.3.1 (from matplotlib->-r /tmp/venva4_krq8q/requirements.txt (line 7))","logger":"airflow.utils.process_utils"}
{"timestamp":"2025-09-15T01:06:05.202637","level":"info","event":"  Using cached kiwisolver-1.4.9-cp312-cp312-manylinux2014_x86_64.manylinux_2_17_x86_64.whl.metadata (6.3 kB)","logger":"airflow.utils.process_utils"}
{"timestamp":"2025-09-15T01:06:05.985753","level":"info","event":"Collecting pillow>=8 (from matplotlib->-r /tmp/venva4_krq8q/requirements.txt (line 7))","logger":"airflow.utils.process_utils"}
{"timestamp":"2025-09-15T01:06:05.989440","level":"info","event":"  Using cached pillow-11.3.0-cp312-cp312-manylinux_2_27_x86_64.manylinux_2_28_x86_64.whl.metadata (9.0 kB)","logger":"airflow.utils.process_utils"}
{"timestamp":"2025-09-15T01:06:06.073234","level":"info","event":"Collecting pyparsing>=2.3.1 (from matplotlib->-r /tmp/venva4_krq8q/requirements.txt (line 7))","logger":"airflow.utils.process_utils"}
{"timestamp":"2025-09-15T01:06:06.075998","level":"info","event":"  Using cached pyparsing-3.2.4-py3-none-any.whl.metadata (5.0 kB)","logger":"airflow.utils.process_utils"}
{"timestamp":"2025-09-15T01:06:06.141874","level":"info","event":"Collecting python-dateutil>=2.7 (from matplotlib->-r /tmp/venva4_krq8q/requirements.txt (line 7))","logger":"airflow.utils.process_utils"}
{"timestamp":"2025-09-15T01:06:06.145373","level":"info","event":"  Using cached python_dateutil-2.9.0.post0-py2.py3-none-any.whl.metadata (8.4 kB)","logger":"airflow.utils.process_utils"}
{"timestamp":"2025-09-15T01:06:06.403446","level":"info","event":"Collecting pytz>=2020.1 (from pandas->-r /tmp/venva4_krq8q/requirements.txt (line 9))","logger":"airflow.utils.process_utils"}
{"timestamp":"2025-09-15T01:06:06.405454","level":"info","event":"  Using cached pytz-2025.2-py2.py3-none-any.whl.metadata (22 kB)","logger":"airflow.utils.process_utils"}
{"timestamp":"2025-09-15T01:06:06.454672","level":"info","event":"Collecting tzdata>=2022.7 (from pandas->-r /tmp/venva4_krq8q/requirements.txt (line 9))","logger":"airflow.utils.process_utils"}
{"timestamp":"2025-09-15T01:06:06.457208","level":"info","event":"  Using cached tzdata-2025.2-py2.py3-none-any.whl.metadata (1.4 kB)","logger":"airflow.utils.process_utils"}
{"timestamp":"2025-09-15T01:06:06.552632","level":"info","event":"Collecting py4j==0.10.9.9 (from pyspark->-r /tmp/venva4_krq8q/requirements.txt (line 12))","logger":"airflow.utils.process_utils"}
{"timestamp":"2025-09-15T01:06:06.555739","level":"info","event":"  Using cached py4j-0.10.9.9-py2.py3-none-any.whl.metadata (1.3 kB)","logger":"airflow.utils.process_utils"}
{"timestamp":"2025-09-15T01:06:06.856869","level":"info","event":"Collecting charset_normalizer<4,>=2 (from requests->-r /tmp/venva4_krq8q/requirements.txt (line 13))","logger":"airflow.utils.process_utils"}
{"timestamp":"2025-09-15T01:06:06.857198","level":"info","event":"  Using cached charset_normalizer-3.4.3-cp312-cp312-manylinux2014_x86_64.manylinux_2_17_x86_64.manylinux_2_28_x86_64.whl.metadata (36 kB)","logger":"airflow.utils.process_utils"}
{"timestamp":"2025-09-15T01:06:06.910793","level":"info","event":"Collecting idna<4,>=2.5 (from requests->-r /tmp/venva4_krq8q/requirements.txt (line 13))","logger":"airflow.utils.process_utils"}
{"timestamp":"2025-09-15T01:06:06.913350","level":"info","event":"  Using cached idna-3.10-py3-none-any.whl.metadata (10 kB)","logger":"airflow.utils.process_utils"}
{"timestamp":"2025-09-15T01:06:07.007174","level":"info","event":"Collecting urllib3<3,>=1.21.1 (from requests->-r /tmp/venva4_krq8q/requirements.txt (line 13))","logger":"airflow.utils.process_utils"}
{"timestamp":"2025-09-15T01:06:07.011791","level":"info","event":"  Using cached urllib3-2.5.0-py3-none-any.whl.metadata (6.5 kB)","logger":"airflow.utils.process_utils"}
{"timestamp":"2025-09-15T01:06:07.067450","level":"info","event":"Collecting certifi>=2017.4.17 (from requests->-r /tmp/venva4_krq8q/requirements.txt (line 13))","logger":"airflow.utils.process_utils"}
{"timestamp":"2025-09-15T01:06:07.070124","level":"info","event":"  Using cached certifi-2025.8.3-py3-none-any.whl.metadata (2.4 kB)","logger":"airflow.utils.process_utils"}
{"timestamp":"2025-09-15T01:06:07.618861","level":"info","event":"Collecting greenlet>=1 (from sqlalchemy->-r /tmp/venva4_krq8q/requirements.txt (line 15))","logger":"airflow.utils.process_utils"}
{"timestamp":"2025-09-15T01:06:07.622478","level":"info","event":"  Using cached greenlet-3.2.4-cp312-cp312-manylinux_2_24_x86_64.manylinux_2_28_x86_64.whl.metadata (4.1 kB)","logger":"airflow.utils.process_utils"}
{"timestamp":"2025-09-15T01:06:07.703052","level":"info","event":"Collecting typing-extensions>=4.6.0 (from sqlalchemy->-r /tmp/venva4_krq8q/requirements.txt (line 15))","logger":"airflow.utils.process_utils"}
{"timestamp":"2025-09-15T01:06:07.705982","level":"info","event":"  Using cached typing_extensions-4.15.0-py3-none-any.whl.metadata (3.3 kB)","logger":"airflow.utils.process_utils"}
{"timestamp":"2025-09-15T01:06:08.107737","level":"info","event":"Using cached dotenv-0.9.9-py2.py3-none-any.whl (1.9 kB)","logger":"airflow.utils.process_utils"}
{"timestamp":"2025-09-15T01:06:08.113646","level":"info","event":"Using cached duckdb-1.3.2-cp312-cp312-manylinux_2_27_x86_64.manylinux_2_28_x86_64.whl (21.1 MB)","logger":"airflow.utils.process_utils"}
{"timestamp":"2025-09-15T01:06:08.172380","level":"info","event":"Using cached fastparquet-2024.11.0-cp312-cp312-manylinux_2_17_x86_64.manylinux2014_x86_64.whl (1.8 MB)","logger":"airflow.utils.process_utils"}
{"timestamp":"2025-09-15T01:06:08.178995","level":"info","event":"Using cached flask-3.1.2-py3-none-any.whl (103 kB)","logger":"airflow.utils.process_utils"}
{"timestamp":"2025-09-15T01:06:08.181673","level":"info","event":"Using cached gunicorn-23.0.0-py3-none-any.whl (85 kB)","logger":"airflow.utils.process_utils"}
{"timestamp":"2025-09-15T01:06:08.184159","level":"info","event":"Using cached matplotlib-3.10.6-cp312-cp312-manylinux2014_x86_64.manylinux_2_17_x86_64.whl (8.7 MB)","logger":"airflow.utils.process_utils"}
{"timestamp":"2025-09-15T01:06:08.207886","level":"info","event":"Using cached numpy-2.3.3-cp312-cp312-manylinux_2_27_x86_64.manylinux_2_28_x86_64.whl (16.6 MB)","logger":"airflow.utils.process_utils"}
{"timestamp":"2025-09-15T01:06:08.248906","level":"info","event":"Using cached pandas-2.3.2-cp312-cp312-manylinux_2_17_x86_64.manylinux2014_x86_64.whl (12.0 MB)","logger":"airflow.utils.process_utils"}
{"timestamp":"2025-09-15T01:06:08.279940","level":"info","event":"Using cached psycopg2_binary-2.9.10-cp312-cp312-manylinux_2_17_x86_64.manylinux2014_x86_64.whl (3.0 MB)","logger":"airflow.utils.process_utils"}
{"timestamp":"2025-09-15T01:06:08.289427","level":"info","event":"Using cached pyarrow-21.0.0-cp312-cp312-manylinux_2_28_x86_64.whl (42.8 MB)","logger":"airflow.utils.process_utils"}
{"timestamp":"2025-09-15T01:06:08.433205","level":"info","event":"Using cached py4j-0.10.9.9-py2.py3-none-any.whl (203 kB)","logger":"airflow.utils.process_utils"}
{"timestamp":"2025-09-15T01:06:08.438026","level":"info","event":"Using cached requests-2.32.5-py3-none-any.whl (64 kB)","logger":"airflow.utils.process_utils"}
{"timestamp":"2025-09-15T01:06:08.440670","level":"info","event":"Using cached seaborn-0.13.2-py3-none-any.whl (294 kB)","logger":"airflow.utils.process_utils"}
{"timestamp":"2025-09-15T01:06:08.445294","level":"info","event":"Using cached sqlalchemy-2.0.43-cp312-cp312-manylinux_2_17_x86_64.manylinux2014_x86_64.whl (3.3 MB)","logger":"airflow.utils.process_utils"}
{"timestamp":"2025-09-15T01:06:08.459241","level":"info","event":"Using cached blinker-1.9.0-py3-none-any.whl (8.5 kB)","logger":"airflow.utils.process_utils"}
{"timestamp":"2025-09-15T01:06:08.461944","level":"info","event":"Using cached certifi-2025.8.3-py3-none-any.whl (161 kB)","logger":"airflow.utils.process_utils"}
{"timestamp":"2025-09-15T01:06:08.464825","level":"info","event":"Using cached charset_normalizer-3.4.3-cp312-cp312-manylinux2014_x86_64.manylinux_2_17_x86_64.manylinux_2_28_x86_64.whl (151 kB)","logger":"airflow.utils.process_utils"}
{"timestamp":"2025-09-15T01:06:08.467233","level":"info","event":"Using cached click-8.2.1-py3-none-any.whl (102 kB)","logger":"airflow.utils.process_utils"}
{"timestamp":"2025-09-15T01:06:08.469652","level":"info","event":"Using cached contourpy-1.3.3-cp312-cp312-manylinux_2_27_x86_64.manylinux_2_28_x86_64.whl (362 kB)","logger":"airflow.utils.process_utils"}
{"timestamp":"2025-09-15T01:06:08.473170","level":"info","event":"Using cached cramjam-2.11.0-cp312-cp312-manylinux_2_17_x86_64.manylinux2014_x86_64.whl (2.0 MB)","logger":"airflow.utils.process_utils"}
{"timestamp":"2025-09-15T01:06:08.480946","level":"info","event":"Using cached cycler-0.12.1-py3-none-any.whl (8.3 kB)","logger":"airflow.utils.process_utils"}
{"timestamp":"2025-09-15T01:06:08.483616","level":"info","event":"Using cached fonttools-4.59.2-cp312-cp312-manylinux1_x86_64.manylinux2014_x86_64.manylinux_2_17_x86_64.manylinux_2_5_x86_64.whl (4.9 MB)","logger":"airflow.utils.process_utils"}
{"timestamp":"2025-09-15T01:06:08.500953","level":"info","event":"Using cached greenlet-3.2.4-cp312-cp312-manylinux_2_24_x86_64.manylinux_2_28_x86_64.whl (607 kB)","logger":"airflow.utils.process_utils"}
{"timestamp":"2025-09-15T01:06:08.505635","level":"info","event":"Using cached idna-3.10-py3-none-any.whl (70 kB)","logger":"airflow.utils.process_utils"}
{"timestamp":"2025-09-15T01:06:08.508645","level":"info","event":"Using cached itsdangerous-2.2.0-py3-none-any.whl (16 kB)","logger":"airflow.utils.process_utils"}
{"timestamp":"2025-09-15T01:06:08.511774","level":"info","event":"Using cached jinja2-3.1.6-py3-none-any.whl (134 kB)","logger":"airflow.utils.process_utils"}
{"timestamp":"2025-09-15T01:06:08.514232","level":"info","event":"Using cached kiwisolver-1.4.9-cp312-cp312-manylinux2014_x86_64.manylinux_2_17_x86_64.whl (1.5 MB)","logger":"airflow.utils.process_utils"}
{"timestamp":"2025-09-15T01:06:08.520273","level":"info","event":"Using cached MarkupSafe-3.0.2-cp312-cp312-manylinux_2_17_x86_64.manylinux2014_x86_64.whl (23 kB)","logger":"airflow.utils.process_utils"}
{"timestamp":"2025-09-15T01:06:08.523721","level":"info","event":"Using cached packaging-25.0-py3-none-any.whl (66 kB)","logger":"airflow.utils.process_utils"}
{"timestamp":"2025-09-15T01:06:08.527782","level":"info","event":"Using cached pillow-11.3.0-cp312-cp312-manylinux_2_27_x86_64.manylinux_2_28_x86_64.whl (6.6 MB)","logger":"airflow.utils.process_utils"}
{"timestamp":"2025-09-15T01:06:08.546320","level":"info","event":"Using cached pyparsing-3.2.4-py3-none-any.whl (113 kB)","logger":"airflow.utils.process_utils"}
{"timestamp":"2025-09-15T01:06:08.549518","level":"info","event":"Using cached python_dateutil-2.9.0.post0-py2.py3-none-any.whl (229 kB)","logger":"airflow.utils.process_utils"}
{"timestamp":"2025-09-15T01:06:08.552956","level":"info","event":"Using cached pytz-2025.2-py2.py3-none-any.whl (509 kB)","logger":"airflow.utils.process_utils"}
{"timestamp":"2025-09-15T01:06:08.557001","level":"info","event":"Using cached six-1.17.0-py2.py3-none-any.whl (11 kB)","logger":"airflow.utils.process_utils"}
{"timestamp":"2025-09-15T01:06:08.561678","level":"info","event":"Using cached typing_extensions-4.15.0-py3-none-any.whl (44 kB)","logger":"airflow.utils.process_utils"}
{"timestamp":"2025-09-15T01:06:08.562562","level":"info","event":"Using cached tzdata-2025.2-py2.py3-none-any.whl (347 kB)","logger":"airflow.utils.process_utils"}
{"timestamp":"2025-09-15T01:06:08.566025","level":"info","event":"Using cached urllib3-2.5.0-py3-none-any.whl (129 kB)","logger":"airflow.utils.process_utils"}
{"timestamp":"2025-09-15T01:06:08.568655","level":"info","event":"Using cached werkzeug-3.1.3-py3-none-any.whl (224 kB)","logger":"airflow.utils.process_utils"}
{"timestamp":"2025-09-15T01:06:08.571549","level":"info","event":"Using cached fsspec-2025.9.0-py3-none-any.whl (199 kB)","logger":"airflow.utils.process_utils"}
{"timestamp":"2025-09-15T01:06:08.574313","level":"info","event":"Using cached python_dotenv-1.1.1-py3-none-any.whl (20 kB)","logger":"airflow.utils.process_utils"}
{"timestamp":"2025-09-15T01:06:09.753878","level":"info","event":"Installing collected packages: pytz, py4j, docopt, urllib3, tzdata, typing-extensions, six, python-dotenv, pyspark, pyparsing, pyarrow, psycopg2-binary, pillow, packaging, numpy, markupsafe, kiwisolver, itsdangerous, idna, greenlet, fsspec, fonttools, duckdb, cycler, cramjam, click, charset_normalizer, certifi, blinker, werkzeug, sqlalchemy, requests, python-dateutil, jinja2, gunicorn, dotenv, contourpy, pandas, matplotlib, hdfs, flask, seaborn, fastparquet","logger":"airflow.utils.process_utils"}
{"timestamp":"2025-09-15T01:06:35.510594","level":"info","event":"Successfully installed blinker-1.9.0 certifi-2025.8.3 charset_normalizer-3.4.3 click-8.2.1 contourpy-1.3.3 cramjam-2.11.0 cycler-0.12.1 docopt-0.6.2 dotenv-0.9.9 duckdb-1.3.2 fastparquet-2024.11.0 flask-3.1.2 fonttools-4.59.2 fsspec-2025.9.0 greenlet-3.2.4 gunicorn-23.0.0 hdfs-2.7.3 idna-3.10 itsdangerous-2.2.0 jinja2-3.1.6 kiwisolver-1.4.9 markupsafe-3.0.2 matplotlib-3.10.6 numpy-2.3.3 packaging-25.0 pandas-2.3.2 pillow-11.3.0 psycopg2-binary-2.9.10 py4j-0.10.9.9 pyarrow-21.0.0 pyparsing-3.2.4 pyspark-4.0.1 python-dateutil-2.9.0.post0 python-dotenv-1.1.1 pytz-2025.2 requests-2.32.5 seaborn-0.13.2 six-1.17.0 sqlalchemy-2.0.43 typing-extensions-4.15.0 tzdata-2025.2 urllib3-2.5.0 werkzeug-3.1.3","logger":"airflow.utils.process_utils"}
{"timestamp":"2025-09-15T01:06:36.375374","level":"info","event":"Executing cmd: /tmp/venva4_krq8q/bin/python /tmp/venv-callsu6wj33j/script.py /tmp/venv-callsu6wj33j/script.in /tmp/venv-callsu6wj33j/script.out /tmp/venv-callsu6wj33j/string_args.txt /tmp/venv-callsu6wj33j/termination.log /tmp/venv-callsu6wj33j/airflow_context.json","logger":"airflow.utils.process_utils"}
{"timestamp":"2025-09-15T01:06:36.376253","level":"info","event":"Output:","logger":"airflow.utils.process_utils"}
{"timestamp":"2025-09-15T01:06:38.952264","level":"info","event":"Saved dataframe to /user/tiendat/etl_database/processed/transformed_to_database_companies/processed_companies_2025-09-15.json","logger":"airflow.utils.process_utils"}
{"timestamp":"2025-09-15T01:06:38.952630","level":"info","event":"Saved dataframe to /user/tiendat/etl_database/processed/transformed_to_database_companies/processed_companies_2025-09-15.json","logger":"airflow.utils.process_utils"}
{"timestamp":"2025-09-15T01:06:39.161791","level":"warning","event":"Fail to delete /home/tiendat/airflow/tmp/venva4_krq8q. The directory does not exist.","logger":"airflow.task.operators.airflow.providers.standard.operators.python.PythonVirtualenvOperator"}
{"timestamp":"2025-09-15T01:06:39.530268","level":"info","event":"Done. Returned value was: None","logger":"airflow.task.operators.airflow.providers.standard.operators.python.PythonVirtualenvOperator"}
