{"timestamp":"2025-09-16T01:03:10.499019","level":"info","event":"DAG bundles loaded: dags-folder","logger":"airflow.dag_processing.bundles.manager.DagBundlesManager"}
{"timestamp":"2025-09-16T01:03:10.500115","level":"info","event":"Filling up the DagBag from /home/tiendat/Pipeline-Stock-ETL/schedule/dags/etl_source_database.py","logger":"airflow.models.dagbag.DagBag"}
{"timestamp":"2025-09-16T01:03:10.552603","level":"info","event":"Executing cmd: python -m venv /tmp/venvcl2vu1ob","logger":"airflow.utils.process_utils"}
{"timestamp":"2025-09-16T01:03:10.553674","level":"info","event":"Output:","logger":"airflow.utils.process_utils"}
{"timestamp":"2025-09-16T01:03:14.508801","level":"info","event":"Executing cmd: /tmp/venvcl2vu1ob/bin/pip install -r /tmp/venvcl2vu1ob/requirements.txt","logger":"airflow.utils.process_utils"}
{"timestamp":"2025-09-16T01:03:14.509583","level":"info","event":"Output:","logger":"airflow.utils.process_utils"}
{"timestamp":"2025-09-16T01:03:14.980787","level":"info","event":"Collecting dotenv (from -r /tmp/venvcl2vu1ob/requirements.txt (line 1))","logger":"airflow.utils.process_utils"}
{"timestamp":"2025-09-16T01:03:14.982708","level":"info","event":"  Using cached dotenv-0.9.9-py2.py3-none-any.whl.metadata (279 bytes)","logger":"airflow.utils.process_utils"}
{"timestamp":"2025-09-16T01:03:15.163541","level":"info","event":"Collecting duckdb (from -r /tmp/venvcl2vu1ob/requirements.txt (line 2))","logger":"airflow.utils.process_utils"}
{"timestamp":"2025-09-16T01:03:15.165397","level":"info","event":"  Using cached duckdb-1.3.2-cp312-cp312-manylinux_2_27_x86_64.manylinux_2_28_x86_64.whl.metadata (7.0 kB)","logger":"airflow.utils.process_utils"}
{"timestamp":"2025-09-16T01:03:15.244550","level":"info","event":"Collecting fastparquet (from -r /tmp/venvcl2vu1ob/requirements.txt (line 3))","logger":"airflow.utils.process_utils"}
{"timestamp":"2025-09-16T01:03:15.247588","level":"info","event":"  Using cached fastparquet-2024.11.0-cp312-cp312-manylinux_2_17_x86_64.manylinux2014_x86_64.whl.metadata (4.2 kB)","logger":"airflow.utils.process_utils"}
{"timestamp":"2025-09-16T01:03:15.292693","level":"info","event":"Collecting flask (from -r /tmp/venvcl2vu1ob/requirements.txt (line 4))","logger":"airflow.utils.process_utils"}
{"timestamp":"2025-09-16T01:03:15.294408","level":"info","event":"  Using cached flask-3.1.2-py3-none-any.whl.metadata (3.2 kB)","logger":"airflow.utils.process_utils"}
{"timestamp":"2025-09-16T01:03:15.332437","level":"info","event":"Collecting gunicorn (from -r /tmp/venvcl2vu1ob/requirements.txt (line 5))","logger":"airflow.utils.process_utils"}
{"timestamp":"2025-09-16T01:03:15.334142","level":"info","event":"  Using cached gunicorn-23.0.0-py3-none-any.whl.metadata (4.4 kB)","logger":"airflow.utils.process_utils"}
{"timestamp":"2025-09-16T01:03:15.371737","level":"info","event":"Collecting hdfs (from -r /tmp/venvcl2vu1ob/requirements.txt (line 6))","logger":"airflow.utils.process_utils"}
{"timestamp":"2025-09-16T01:03:15.371990","level":"info","event":"  Using cached hdfs-2.7.3-py3-none-any.whl","logger":"airflow.utils.process_utils"}
{"timestamp":"2025-09-16T01:03:15.553713","level":"info","event":"Collecting matplotlib (from -r /tmp/venvcl2vu1ob/requirements.txt (line 7))","logger":"airflow.utils.process_utils"}
{"timestamp":"2025-09-16T01:03:15.555992","level":"info","event":"  Using cached matplotlib-3.10.6-cp312-cp312-manylinux2014_x86_64.manylinux_2_17_x86_64.whl.metadata (11 kB)","logger":"airflow.utils.process_utils"}
{"timestamp":"2025-09-16T01:03:15.799311","level":"info","event":"Collecting numpy (from -r /tmp/venvcl2vu1ob/requirements.txt (line 8))","logger":"airflow.utils.process_utils"}
{"timestamp":"2025-09-16T01:03:15.801111","level":"info","event":"  Using cached numpy-2.3.3-cp312-cp312-manylinux_2_27_x86_64.manylinux_2_28_x86_64.whl.metadata (62 kB)","logger":"airflow.utils.process_utils"}
{"timestamp":"2025-09-16T01:03:15.969349","level":"info","event":"Collecting pandas (from -r /tmp/venvcl2vu1ob/requirements.txt (line 9))","logger":"airflow.utils.process_utils"}
{"timestamp":"2025-09-16T01:03:15.971178","level":"info","event":"  Using cached pandas-2.3.2-cp312-cp312-manylinux_2_17_x86_64.manylinux2014_x86_64.whl.metadata (91 kB)","logger":"airflow.utils.process_utils"}
{"timestamp":"2025-09-16T01:03:16.160676","level":"info","event":"Collecting psycopg2-binary (from -r /tmp/venvcl2vu1ob/requirements.txt (line 10))","logger":"airflow.utils.process_utils"}
{"timestamp":"2025-09-16T01:03:16.162426","level":"info","event":"  Using cached psycopg2_binary-2.9.10-cp312-cp312-manylinux_2_17_x86_64.manylinux2014_x86_64.whl.metadata (4.9 kB)","logger":"airflow.utils.process_utils"}
{"timestamp":"2025-09-16T01:03:16.271161","level":"info","event":"Collecting pyarrow (from -r /tmp/venvcl2vu1ob/requirements.txt (line 11))","logger":"airflow.utils.process_utils"}
{"timestamp":"2025-09-16T01:03:16.272948","level":"info","event":"  Using cached pyarrow-21.0.0-cp312-cp312-manylinux_2_28_x86_64.whl.metadata (3.3 kB)","logger":"airflow.utils.process_utils"}
{"timestamp":"2025-09-16T01:03:16.307002","level":"info","event":"Collecting pyspark==3.5.6 (from -r /tmp/venvcl2vu1ob/requirements.txt (line 12))","logger":"airflow.utils.process_utils"}
{"timestamp":"2025-09-16T01:03:16.307296","level":"info","event":"  Using cached pyspark-3.5.6-py2.py3-none-any.whl","logger":"airflow.utils.process_utils"}
{"timestamp":"2025-09-16T01:03:16.360919","level":"info","event":"Collecting requests (from -r /tmp/venvcl2vu1ob/requirements.txt (line 13))","logger":"airflow.utils.process_utils"}
{"timestamp":"2025-09-16T01:03:16.362591","level":"info","event":"  Using cached requests-2.32.5-py3-none-any.whl.metadata (4.9 kB)","logger":"airflow.utils.process_utils"}
{"timestamp":"2025-09-16T01:03:16.400392","level":"info","event":"Collecting seaborn (from -r /tmp/venvcl2vu1ob/requirements.txt (line 14))","logger":"airflow.utils.process_utils"}
{"timestamp":"2025-09-16T01:03:16.402187","level":"info","event":"  Using cached seaborn-0.13.2-py3-none-any.whl.metadata (5.4 kB)","logger":"airflow.utils.process_utils"}
{"timestamp":"2025-09-16T01:03:16.765416","level":"info","event":"Collecting sqlalchemy (from -r /tmp/venvcl2vu1ob/requirements.txt (line 15))","logger":"airflow.utils.process_utils"}
{"timestamp":"2025-09-16T01:03:16.767203","level":"info","event":"  Using cached sqlalchemy-2.0.43-cp312-cp312-manylinux_2_17_x86_64.manylinux2014_x86_64.whl.metadata (9.6 kB)","logger":"airflow.utils.process_utils"}
{"timestamp":"2025-09-16T01:03:16.810120","level":"info","event":"Collecting py4j==0.10.9.7 (from pyspark==3.5.6->-r /tmp/venvcl2vu1ob/requirements.txt (line 12))","logger":"airflow.utils.process_utils"}
{"timestamp":"2025-09-16T01:03:16.811766","level":"info","event":"  Using cached py4j-0.10.9.7-py2.py3-none-any.whl.metadata (1.5 kB)","logger":"airflow.utils.process_utils"}
{"timestamp":"2025-09-16T01:03:16.852750","level":"info","event":"Collecting python-dotenv (from dotenv->-r /tmp/venvcl2vu1ob/requirements.txt (line 1))","logger":"airflow.utils.process_utils"}
{"timestamp":"2025-09-16T01:03:16.854427","level":"info","event":"  Using cached python_dotenv-1.1.1-py3-none-any.whl.metadata (24 kB)","logger":"airflow.utils.process_utils"}
{"timestamp":"2025-09-16T01:03:17.119568","level":"info","event":"Collecting cramjam>=2.3 (from fastparquet->-r /tmp/venvcl2vu1ob/requirements.txt (line 3))","logger":"airflow.utils.process_utils"}
{"timestamp":"2025-09-16T01:03:17.122560","level":"info","event":"  Using cached cramjam-2.11.0-cp312-cp312-manylinux_2_17_x86_64.manylinux2014_x86_64.whl.metadata (5.6 kB)","logger":"airflow.utils.process_utils"}
{"timestamp":"2025-09-16T01:03:17.406417","level":"info","event":"Collecting fsspec (from fastparquet->-r /tmp/venvcl2vu1ob/requirements.txt (line 3))","logger":"airflow.utils.process_utils"}
{"timestamp":"2025-09-16T01:03:17.408486","level":"info","event":"  Using cached fsspec-2025.9.0-py3-none-any.whl.metadata (10 kB)","logger":"airflow.utils.process_utils"}
{"timestamp":"2025-09-16T01:03:17.451427","level":"info","event":"Collecting packaging (from fastparquet->-r /tmp/venvcl2vu1ob/requirements.txt (line 3))","logger":"airflow.utils.process_utils"}
{"timestamp":"2025-09-16T01:03:17.453199","level":"info","event":"  Using cached packaging-25.0-py3-none-any.whl.metadata (3.3 kB)","logger":"airflow.utils.process_utils"}
{"timestamp":"2025-09-16T01:03:17.493576","level":"info","event":"Collecting blinker>=1.9.0 (from flask->-r /tmp/venvcl2vu1ob/requirements.txt (line 4))","logger":"airflow.utils.process_utils"}
{"timestamp":"2025-09-16T01:03:17.494853","level":"info","event":"  Using cached blinker-1.9.0-py3-none-any.whl.metadata (1.6 kB)","logger":"airflow.utils.process_utils"}
{"timestamp":"2025-09-16T01:03:17.540450","level":"info","event":"Collecting click>=8.1.3 (from flask->-r /tmp/venvcl2vu1ob/requirements.txt (line 4))","logger":"airflow.utils.process_utils"}
{"timestamp":"2025-09-16T01:03:17.542371","level":"info","event":"  Using cached click-8.2.1-py3-none-any.whl.metadata (2.5 kB)","logger":"airflow.utils.process_utils"}
{"timestamp":"2025-09-16T01:03:17.575399","level":"info","event":"Collecting itsdangerous>=2.2.0 (from flask->-r /tmp/venvcl2vu1ob/requirements.txt (line 4))","logger":"airflow.utils.process_utils"}
{"timestamp":"2025-09-16T01:03:17.577198","level":"info","event":"  Using cached itsdangerous-2.2.0-py3-none-any.whl.metadata (1.9 kB)","logger":"airflow.utils.process_utils"}
{"timestamp":"2025-09-16T01:03:17.620382","level":"info","event":"Collecting jinja2>=3.1.2 (from flask->-r /tmp/venvcl2vu1ob/requirements.txt (line 4))","logger":"airflow.utils.process_utils"}
{"timestamp":"2025-09-16T01:03:17.622393","level":"info","event":"  Using cached jinja2-3.1.6-py3-none-any.whl.metadata (2.9 kB)","logger":"airflow.utils.process_utils"}
{"timestamp":"2025-09-16T01:03:17.715582","level":"info","event":"Collecting markupsafe>=2.1.1 (from flask->-r /tmp/venvcl2vu1ob/requirements.txt (line 4))","logger":"airflow.utils.process_utils"}
{"timestamp":"2025-09-16T01:03:17.717489","level":"info","event":"  Using cached MarkupSafe-3.0.2-cp312-cp312-manylinux_2_17_x86_64.manylinux2014_x86_64.whl.metadata (4.0 kB)","logger":"airflow.utils.process_utils"}
{"timestamp":"2025-09-16T01:03:17.768408","level":"info","event":"Collecting werkzeug>=3.1.0 (from flask->-r /tmp/venvcl2vu1ob/requirements.txt (line 4))","logger":"airflow.utils.process_utils"}
{"timestamp":"2025-09-16T01:03:17.770308","level":"info","event":"  Using cached werkzeug-3.1.3-py3-none-any.whl.metadata (3.7 kB)","logger":"airflow.utils.process_utils"}
{"timestamp":"2025-09-16T01:03:17.811171","level":"info","event":"Collecting docopt (from hdfs->-r /tmp/venvcl2vu1ob/requirements.txt (line 6))","logger":"airflow.utils.process_utils"}
{"timestamp":"2025-09-16T01:03:17.811474","level":"info","event":"  Using cached docopt-0.6.2-py2.py3-none-any.whl","logger":"airflow.utils.process_utils"}
{"timestamp":"2025-09-16T01:03:17.852104","level":"info","event":"Collecting six>=1.9.0 (from hdfs->-r /tmp/venvcl2vu1ob/requirements.txt (line 6))","logger":"airflow.utils.process_utils"}
{"timestamp":"2025-09-16T01:03:17.853922","level":"info","event":"  Using cached six-1.17.0-py2.py3-none-any.whl.metadata (1.7 kB)","logger":"airflow.utils.process_utils"}
{"timestamp":"2025-09-16T01:03:17.974509","level":"info","event":"Collecting contourpy>=1.0.1 (from matplotlib->-r /tmp/venvcl2vu1ob/requirements.txt (line 7))","logger":"airflow.utils.process_utils"}
{"timestamp":"2025-09-16T01:03:17.976540","level":"info","event":"  Using cached contourpy-1.3.3-cp312-cp312-manylinux_2_27_x86_64.manylinux_2_28_x86_64.whl.metadata (5.5 kB)","logger":"airflow.utils.process_utils"}
{"timestamp":"2025-09-16T01:03:18.011421","level":"info","event":"Collecting cycler>=0.10 (from matplotlib->-r /tmp/venvcl2vu1ob/requirements.txt (line 7))","logger":"airflow.utils.process_utils"}
{"timestamp":"2025-09-16T01:03:18.013137","level":"info","event":"  Using cached cycler-0.12.1-py3-none-any.whl.metadata (3.8 kB)","logger":"airflow.utils.process_utils"}
{"timestamp":"2025-09-16T01:03:18.270501","level":"info","event":"Collecting fonttools>=4.22.0 (from matplotlib->-r /tmp/venvcl2vu1ob/requirements.txt (line 7))","logger":"airflow.utils.process_utils"}
{"timestamp":"2025-09-16T01:03:18.272798","level":"info","event":"  Using cached fonttools-4.59.2-cp312-cp312-manylinux1_x86_64.manylinux2014_x86_64.manylinux_2_17_x86_64.manylinux_2_5_x86_64.whl.metadata (109 kB)","logger":"airflow.utils.process_utils"}
{"timestamp":"2025-09-16T01:03:18.377592","level":"info","event":"Collecting kiwisolver>=1.3.1 (from matplotlib->-r /tmp/venvcl2vu1ob/requirements.txt (line 7))","logger":"airflow.utils.process_utils"}
{"timestamp":"2025-09-16T01:03:18.379709","level":"info","event":"  Using cached kiwisolver-1.4.9-cp312-cp312-manylinux2014_x86_64.manylinux_2_17_x86_64.whl.metadata (6.3 kB)","logger":"airflow.utils.process_utils"}
{"timestamp":"2025-09-16T01:03:18.746644","level":"info","event":"Collecting pillow>=8 (from matplotlib->-r /tmp/venvcl2vu1ob/requirements.txt (line 7))","logger":"airflow.utils.process_utils"}
{"timestamp":"2025-09-16T01:03:18.748450","level":"info","event":"  Using cached pillow-11.3.0-cp312-cp312-manylinux_2_27_x86_64.manylinux_2_28_x86_64.whl.metadata (9.0 kB)","logger":"airflow.utils.process_utils"}
{"timestamp":"2025-09-16T01:03:18.800303","level":"info","event":"Collecting pyparsing>=2.3.1 (from matplotlib->-r /tmp/venvcl2vu1ob/requirements.txt (line 7))","logger":"airflow.utils.process_utils"}
{"timestamp":"2025-09-16T01:03:18.801958","level":"info","event":"  Using cached pyparsing-3.2.4-py3-none-any.whl.metadata (5.0 kB)","logger":"airflow.utils.process_utils"}
{"timestamp":"2025-09-16T01:03:18.835972","level":"info","event":"Collecting python-dateutil>=2.7 (from matplotlib->-r /tmp/venvcl2vu1ob/requirements.txt (line 7))","logger":"airflow.utils.process_utils"}
{"timestamp":"2025-09-16T01:03:18.837820","level":"info","event":"  Using cached python_dateutil-2.9.0.post0-py2.py3-none-any.whl.metadata (8.4 kB)","logger":"airflow.utils.process_utils"}
{"timestamp":"2025-09-16T01:03:19.111003","level":"info","event":"Collecting pytz>=2020.1 (from pandas->-r /tmp/venvcl2vu1ob/requirements.txt (line 9))","logger":"airflow.utils.process_utils"}
{"timestamp":"2025-09-16T01:03:19.112750","level":"info","event":"  Using cached pytz-2025.2-py2.py3-none-any.whl.metadata (22 kB)","logger":"airflow.utils.process_utils"}
{"timestamp":"2025-09-16T01:03:19.148425","level":"info","event":"Collecting tzdata>=2022.7 (from pandas->-r /tmp/venvcl2vu1ob/requirements.txt (line 9))","logger":"airflow.utils.process_utils"}
{"timestamp":"2025-09-16T01:03:19.150360","level":"info","event":"  Using cached tzdata-2025.2-py2.py3-none-any.whl.metadata (1.4 kB)","logger":"airflow.utils.process_utils"}
{"timestamp":"2025-09-16T01:03:19.298583","level":"info","event":"Collecting charset_normalizer<4,>=2 (from requests->-r /tmp/venvcl2vu1ob/requirements.txt (line 13))","logger":"airflow.utils.process_utils"}
{"timestamp":"2025-09-16T01:03:19.300042","level":"info","event":"  Using cached charset_normalizer-3.4.3-cp312-cp312-manylinux2014_x86_64.manylinux_2_17_x86_64.manylinux_2_28_x86_64.whl.metadata (36 kB)","logger":"airflow.utils.process_utils"}
{"timestamp":"2025-09-16T01:03:19.338576","level":"info","event":"Collecting idna<4,>=2.5 (from requests->-r /tmp/venvcl2vu1ob/requirements.txt (line 13))","logger":"airflow.utils.process_utils"}
{"timestamp":"2025-09-16T01:03:19.340414","level":"info","event":"  Using cached idna-3.10-py3-none-any.whl.metadata (10 kB)","logger":"airflow.utils.process_utils"}
{"timestamp":"2025-09-16T01:03:19.400652","level":"info","event":"Collecting urllib3<3,>=1.21.1 (from requests->-r /tmp/venvcl2vu1ob/requirements.txt (line 13))","logger":"airflow.utils.process_utils"}
{"timestamp":"2025-09-16T01:03:19.402380","level":"info","event":"  Using cached urllib3-2.5.0-py3-none-any.whl.metadata (6.5 kB)","logger":"airflow.utils.process_utils"}
{"timestamp":"2025-09-16T01:03:19.441717","level":"info","event":"Collecting certifi>=2017.4.17 (from requests->-r /tmp/venvcl2vu1ob/requirements.txt (line 13))","logger":"airflow.utils.process_utils"}
{"timestamp":"2025-09-16T01:03:19.443512","level":"info","event":"  Using cached certifi-2025.8.3-py3-none-any.whl.metadata (2.4 kB)","logger":"airflow.utils.process_utils"}
{"timestamp":"2025-09-16T01:03:19.686681","level":"info","event":"Collecting greenlet>=1 (from sqlalchemy->-r /tmp/venvcl2vu1ob/requirements.txt (line 15))","logger":"airflow.utils.process_utils"}
{"timestamp":"2025-09-16T01:03:19.690067","level":"info","event":"  Using cached greenlet-3.2.4-cp312-cp312-manylinux_2_24_x86_64.manylinux_2_28_x86_64.whl.metadata (4.1 kB)","logger":"airflow.utils.process_utils"}
{"timestamp":"2025-09-16T01:03:19.747210","level":"info","event":"Collecting typing-extensions>=4.6.0 (from sqlalchemy->-r /tmp/venvcl2vu1ob/requirements.txt (line 15))","logger":"airflow.utils.process_utils"}
{"timestamp":"2025-09-16T01:03:19.750570","level":"info","event":"  Using cached typing_extensions-4.15.0-py3-none-any.whl.metadata (3.3 kB)","logger":"airflow.utils.process_utils"}
{"timestamp":"2025-09-16T01:03:20.016037","level":"info","event":"Using cached py4j-0.10.9.7-py2.py3-none-any.whl (200 kB)","logger":"airflow.utils.process_utils"}
{"timestamp":"2025-09-16T01:03:20.018353","level":"info","event":"Using cached dotenv-0.9.9-py2.py3-none-any.whl (1.9 kB)","logger":"airflow.utils.process_utils"}
{"timestamp":"2025-09-16T01:03:20.020254","level":"info","event":"Using cached duckdb-1.3.2-cp312-cp312-manylinux_2_27_x86_64.manylinux_2_28_x86_64.whl (21.1 MB)","logger":"airflow.utils.process_utils"}
{"timestamp":"2025-09-16T01:03:20.076475","level":"info","event":"Using cached fastparquet-2024.11.0-cp312-cp312-manylinux_2_17_x86_64.manylinux2014_x86_64.whl (1.8 MB)","logger":"airflow.utils.process_utils"}
{"timestamp":"2025-09-16T01:03:20.082082","level":"info","event":"Using cached flask-3.1.2-py3-none-any.whl (103 kB)","logger":"airflow.utils.process_utils"}
{"timestamp":"2025-09-16T01:03:20.083985","level":"info","event":"Using cached gunicorn-23.0.0-py3-none-any.whl (85 kB)","logger":"airflow.utils.process_utils"}
{"timestamp":"2025-09-16T01:03:20.086202","level":"info","event":"Using cached matplotlib-3.10.6-cp312-cp312-manylinux2014_x86_64.manylinux_2_17_x86_64.whl (8.7 MB)","logger":"airflow.utils.process_utils"}
{"timestamp":"2025-09-16T01:03:20.107515","level":"info","event":"Using cached numpy-2.3.3-cp312-cp312-manylinux_2_27_x86_64.manylinux_2_28_x86_64.whl (16.6 MB)","logger":"airflow.utils.process_utils"}
{"timestamp":"2025-09-16T01:03:20.133576","level":"info","event":"Using cached pandas-2.3.2-cp312-cp312-manylinux_2_17_x86_64.manylinux2014_x86_64.whl (12.0 MB)","logger":"airflow.utils.process_utils"}
{"timestamp":"2025-09-16T01:03:20.153181","level":"info","event":"Using cached psycopg2_binary-2.9.10-cp312-cp312-manylinux_2_17_x86_64.manylinux2014_x86_64.whl (3.0 MB)","logger":"airflow.utils.process_utils"}
{"timestamp":"2025-09-16T01:03:20.159173","level":"info","event":"Using cached pyarrow-21.0.0-cp312-cp312-manylinux_2_28_x86_64.whl (42.8 MB)","logger":"airflow.utils.process_utils"}
{"timestamp":"2025-09-16T01:03:20.222547","level":"info","event":"Using cached requests-2.32.5-py3-none-any.whl (64 kB)","logger":"airflow.utils.process_utils"}
{"timestamp":"2025-09-16T01:03:20.224351","level":"info","event":"Using cached seaborn-0.13.2-py3-none-any.whl (294 kB)","logger":"airflow.utils.process_utils"}
{"timestamp":"2025-09-16T01:03:20.226498","level":"info","event":"Using cached sqlalchemy-2.0.43-cp312-cp312-manylinux_2_17_x86_64.manylinux2014_x86_64.whl (3.3 MB)","logger":"airflow.utils.process_utils"}
{"timestamp":"2025-09-16T01:03:20.233132","level":"info","event":"Using cached blinker-1.9.0-py3-none-any.whl (8.5 kB)","logger":"airflow.utils.process_utils"}
{"timestamp":"2025-09-16T01:03:20.234653","level":"info","event":"Using cached certifi-2025.8.3-py3-none-any.whl (161 kB)","logger":"airflow.utils.process_utils"}
{"timestamp":"2025-09-16T01:03:20.236360","level":"info","event":"Using cached charset_normalizer-3.4.3-cp312-cp312-manylinux2014_x86_64.manylinux_2_17_x86_64.manylinux_2_28_x86_64.whl (151 kB)","logger":"airflow.utils.process_utils"}
{"timestamp":"2025-09-16T01:03:20.237847","level":"info","event":"Using cached click-8.2.1-py3-none-any.whl (102 kB)","logger":"airflow.utils.process_utils"}
{"timestamp":"2025-09-16T01:03:20.239351","level":"info","event":"Using cached contourpy-1.3.3-cp312-cp312-manylinux_2_27_x86_64.manylinux_2_28_x86_64.whl (362 kB)","logger":"airflow.utils.process_utils"}
{"timestamp":"2025-09-16T01:03:20.241210","level":"info","event":"Using cached cramjam-2.11.0-cp312-cp312-manylinux_2_17_x86_64.manylinux2014_x86_64.whl (2.0 MB)","logger":"airflow.utils.process_utils"}
{"timestamp":"2025-09-16T01:03:20.245629","level":"info","event":"Using cached cycler-0.12.1-py3-none-any.whl (8.3 kB)","logger":"airflow.utils.process_utils"}
{"timestamp":"2025-09-16T01:03:20.247238","level":"info","event":"Using cached fonttools-4.59.2-cp312-cp312-manylinux1_x86_64.manylinux2014_x86_64.manylinux_2_17_x86_64.manylinux_2_5_x86_64.whl (4.9 MB)","logger":"airflow.utils.process_utils"}
{"timestamp":"2025-09-16T01:03:20.256369","level":"info","event":"Using cached greenlet-3.2.4-cp312-cp312-manylinux_2_24_x86_64.manylinux_2_28_x86_64.whl (607 kB)","logger":"airflow.utils.process_utils"}
{"timestamp":"2025-09-16T01:03:20.259251","level":"info","event":"Using cached idna-3.10-py3-none-any.whl (70 kB)","logger":"airflow.utils.process_utils"}
{"timestamp":"2025-09-16T01:03:20.260866","level":"info","event":"Using cached itsdangerous-2.2.0-py3-none-any.whl (16 kB)","logger":"airflow.utils.process_utils"}
{"timestamp":"2025-09-16T01:03:20.262300","level":"info","event":"Using cached jinja2-3.1.6-py3-none-any.whl (134 kB)","logger":"airflow.utils.process_utils"}
{"timestamp":"2025-09-16T01:03:20.263985","level":"info","event":"Using cached kiwisolver-1.4.9-cp312-cp312-manylinux2014_x86_64.manylinux_2_17_x86_64.whl (1.5 MB)","logger":"airflow.utils.process_utils"}
{"timestamp":"2025-09-16T01:03:20.268314","level":"info","event":"Using cached MarkupSafe-3.0.2-cp312-cp312-manylinux_2_17_x86_64.manylinux2014_x86_64.whl (23 kB)","logger":"airflow.utils.process_utils"}
{"timestamp":"2025-09-16T01:03:20.270019","level":"info","event":"Using cached packaging-25.0-py3-none-any.whl (66 kB)","logger":"airflow.utils.process_utils"}
{"timestamp":"2025-09-16T01:03:20.271522","level":"info","event":"Using cached pillow-11.3.0-cp312-cp312-manylinux_2_27_x86_64.manylinux_2_28_x86_64.whl (6.6 MB)","logger":"airflow.utils.process_utils"}
{"timestamp":"2025-09-16T01:03:20.283403","level":"info","event":"Using cached pyparsing-3.2.4-py3-none-any.whl (113 kB)","logger":"airflow.utils.process_utils"}
{"timestamp":"2025-09-16T01:03:20.285045","level":"info","event":"Using cached python_dateutil-2.9.0.post0-py2.py3-none-any.whl (229 kB)","logger":"airflow.utils.process_utils"}
{"timestamp":"2025-09-16T01:03:20.286712","level":"info","event":"Using cached pytz-2025.2-py2.py3-none-any.whl (509 kB)","logger":"airflow.utils.process_utils"}
{"timestamp":"2025-09-16T01:03:20.288765","level":"info","event":"Using cached six-1.17.0-py2.py3-none-any.whl (11 kB)","logger":"airflow.utils.process_utils"}
{"timestamp":"2025-09-16T01:03:20.290052","level":"info","event":"Using cached typing_extensions-4.15.0-py3-none-any.whl (44 kB)","logger":"airflow.utils.process_utils"}
{"timestamp":"2025-09-16T01:03:20.291456","level":"info","event":"Using cached tzdata-2025.2-py2.py3-none-any.whl (347 kB)","logger":"airflow.utils.process_utils"}
{"timestamp":"2025-09-16T01:03:20.293648","level":"info","event":"Using cached urllib3-2.5.0-py3-none-any.whl (129 kB)","logger":"airflow.utils.process_utils"}
{"timestamp":"2025-09-16T01:03:20.295013","level":"info","event":"Using cached werkzeug-3.1.3-py3-none-any.whl (224 kB)","logger":"airflow.utils.process_utils"}
{"timestamp":"2025-09-16T01:03:20.296646","level":"info","event":"Using cached fsspec-2025.9.0-py3-none-any.whl (199 kB)","logger":"airflow.utils.process_utils"}
{"timestamp":"2025-09-16T01:03:20.298222","level":"info","event":"Using cached python_dotenv-1.1.1-py3-none-any.whl (20 kB)","logger":"airflow.utils.process_utils"}
{"timestamp":"2025-09-16T01:03:21.085983","level":"info","event":"Installing collected packages: pytz, py4j, docopt, urllib3, tzdata, typing-extensions, six, python-dotenv, pyspark, pyparsing, pyarrow, psycopg2-binary, pillow, packaging, numpy, markupsafe, kiwisolver, itsdangerous, idna, greenlet, fsspec, fonttools, duckdb, cycler, cramjam, click, charset_normalizer, certifi, blinker, werkzeug, sqlalchemy, requests, python-dateutil, jinja2, gunicorn, dotenv, contourpy, pandas, matplotlib, hdfs, flask, seaborn, fastparquet","logger":"airflow.utils.process_utils"}
{"timestamp":"2025-09-16T01:03:43.885437","level":"info","event":"Successfully installed blinker-1.9.0 certifi-2025.8.3 charset_normalizer-3.4.3 click-8.2.1 contourpy-1.3.3 cramjam-2.11.0 cycler-0.12.1 docopt-0.6.2 dotenv-0.9.9 duckdb-1.3.2 fastparquet-2024.11.0 flask-3.1.2 fonttools-4.59.2 fsspec-2025.9.0 greenlet-3.2.4 gunicorn-23.0.0 hdfs-2.7.3 idna-3.10 itsdangerous-2.2.0 jinja2-3.1.6 kiwisolver-1.4.9 markupsafe-3.0.2 matplotlib-3.10.6 numpy-2.3.3 packaging-25.0 pandas-2.3.2 pillow-11.3.0 psycopg2-binary-2.9.10 py4j-0.10.9.7 pyarrow-21.0.0 pyparsing-3.2.4 pyspark-3.5.6 python-dateutil-2.9.0.post0 python-dotenv-1.1.1 pytz-2025.2 requests-2.32.5 seaborn-0.13.2 six-1.17.0 sqlalchemy-2.0.43 typing-extensions-4.15.0 tzdata-2025.2 urllib3-2.5.0 werkzeug-3.1.3","logger":"airflow.utils.process_utils"}
{"timestamp":"2025-09-16T01:03:44.859659","level":"info","event":"Executing cmd: /tmp/venvcl2vu1ob/bin/python /tmp/venv-callkdpr4ok_/script.py /tmp/venv-callkdpr4ok_/script.in /tmp/venv-callkdpr4ok_/script.out /tmp/venv-callkdpr4ok_/string_args.txt /tmp/venv-callkdpr4ok_/termination.log /tmp/venv-callkdpr4ok_/airflow_context.json","logger":"airflow.utils.process_utils"}
{"timestamp":"2025-09-16T01:03:44.861312","level":"info","event":"Output:","logger":"airflow.utils.process_utils"}
{"timestamp":"2025-09-16T01:03:45.699500","level":"info","event":"Inserted data into etl.regions","logger":"airflow.utils.process_utils"}
{"timestamp":"2025-09-16T01:03:45.702146","level":"info","event":"Inserted data into etl.industries","logger":"airflow.utils.process_utils"}
{"timestamp":"2025-09-16T01:03:45.702453","level":"info","event":"Inserted data into etl.sic_industries","logger":"airflow.utils.process_utils"}
{"timestamp":"2025-09-16T01:03:45.702604","level":"info","event":"Inserted data into etl.regions","logger":"airflow.utils.process_utils"}
{"timestamp":"2025-09-16T01:03:45.703440","level":"info","event":"Inserted data into etl.industries","logger":"airflow.utils.process_utils"}
{"timestamp":"2025-09-16T01:03:45.704443","level":"info","event":"Inserted data into etl.sic_industries","logger":"airflow.utils.process_utils"}
{"timestamp":"2025-09-16T01:03:45.748863","level":"warning","event":"Fail to delete /home/tiendat/airflow/tmp/venvcl2vu1ob. The directory does not exist.","logger":"airflow.task.operators.airflow.providers.standard.operators.python.PythonVirtualenvOperator"}
{"timestamp":"2025-09-16T01:03:46.141783","level":"info","event":"Done. Returned value was: None","logger":"airflow.task.operators.airflow.providers.standard.operators.python.PythonVirtualenvOperator"}
