{"timestamp":"2025-09-17T01:09:45.911376","level":"info","event":"DAG bundles loaded: dags-folder","logger":"airflow.dag_processing.bundles.manager.DagBundlesManager"}
{"timestamp":"2025-09-17T01:09:45.912398","level":"info","event":"Filling up the DagBag from /home/tiendat/Pipeline-Stock-ETL/schedule/dags/etl_datawarehouse.py","logger":"airflow.models.dagbag.DagBag"}
{"timestamp":"2025-09-17T01:09:45.968139","level":"info","event":"Executing cmd: python -m venv /tmp/venvpfyfk2ap --system-site-packages","logger":"airflow.utils.process_utils"}
{"timestamp":"2025-09-17T01:09:45.969194","level":"info","event":"Output:","logger":"airflow.utils.process_utils"}
{"timestamp":"2025-09-17T01:09:49.912731","level":"info","event":"Executing cmd: /tmp/venvpfyfk2ap/bin/pip install -r /tmp/venvpfyfk2ap/requirements.txt","logger":"airflow.utils.process_utils"}
{"timestamp":"2025-09-17T01:09:49.913633","level":"info","event":"Output:","logger":"airflow.utils.process_utils"}
{"timestamp":"2025-09-17T01:09:50.505131","level":"info","event":"Collecting dotenv (from -r /tmp/venvpfyfk2ap/requirements.txt (line 1))","logger":"airflow.utils.process_utils"}
{"timestamp":"2025-09-17T01:09:50.508351","level":"info","event":"  Using cached dotenv-0.9.9-py2.py3-none-any.whl.metadata (279 bytes)","logger":"airflow.utils.process_utils"}
{"timestamp":"2025-09-17T01:09:50.667596","level":"info","event":"Collecting duckdb (from -r /tmp/venvpfyfk2ap/requirements.txt (line 2))","logger":"airflow.utils.process_utils"}
{"timestamp":"2025-09-17T01:09:50.670454","level":"info","event":"  Using cached duckdb-1.4.0-cp312-cp312-manylinux_2_27_x86_64.manylinux_2_28_x86_64.whl.metadata (14 kB)","logger":"airflow.utils.process_utils"}
{"timestamp":"2025-09-17T01:09:50.755563","level":"info","event":"Collecting fastparquet (from -r /tmp/venvpfyfk2ap/requirements.txt (line 3))","logger":"airflow.utils.process_utils"}
{"timestamp":"2025-09-17T01:09:50.759353","level":"info","event":"  Using cached fastparquet-2024.11.0-cp312-cp312-manylinux_2_17_x86_64.manylinux2014_x86_64.whl.metadata (4.2 kB)","logger":"airflow.utils.process_utils"}
{"timestamp":"2025-09-17T01:09:50.810556","level":"info","event":"Collecting flask (from -r /tmp/venvpfyfk2ap/requirements.txt (line 4))","logger":"airflow.utils.process_utils"}
{"timestamp":"2025-09-17T01:09:50.812799","level":"info","event":"  Using cached flask-3.1.2-py3-none-any.whl.metadata (3.2 kB)","logger":"airflow.utils.process_utils"}
{"timestamp":"2025-09-17T01:09:50.856587","level":"info","event":"Collecting gunicorn (from -r /tmp/venvpfyfk2ap/requirements.txt (line 5))","logger":"airflow.utils.process_utils"}
{"timestamp":"2025-09-17T01:09:50.859848","level":"info","event":"  Using cached gunicorn-23.0.0-py3-none-any.whl.metadata (4.4 kB)","logger":"airflow.utils.process_utils"}
{"timestamp":"2025-09-17T01:09:50.899670","level":"info","event":"Collecting hdfs (from -r /tmp/venvpfyfk2ap/requirements.txt (line 6))","logger":"airflow.utils.process_utils"}
{"timestamp":"2025-09-17T01:09:50.899926","level":"info","event":"  Using cached hdfs-2.7.3-py3-none-any.whl","logger":"airflow.utils.process_utils"}
{"timestamp":"2025-09-17T01:09:51.081163","level":"info","event":"Collecting matplotlib (from -r /tmp/venvpfyfk2ap/requirements.txt (line 7))","logger":"airflow.utils.process_utils"}
{"timestamp":"2025-09-17T01:09:51.085304","level":"info","event":"  Using cached matplotlib-3.10.6-cp312-cp312-manylinux2014_x86_64.manylinux_2_17_x86_64.whl.metadata (11 kB)","logger":"airflow.utils.process_utils"}
{"timestamp":"2025-09-17T01:09:51.331863","level":"info","event":"Collecting numpy (from -r /tmp/venvpfyfk2ap/requirements.txt (line 8))","logger":"airflow.utils.process_utils"}
{"timestamp":"2025-09-17T01:09:51.333857","level":"info","event":"  Using cached numpy-2.3.3-cp312-cp312-manylinux_2_27_x86_64.manylinux_2_28_x86_64.whl.metadata (62 kB)","logger":"airflow.utils.process_utils"}
{"timestamp":"2025-09-17T01:09:51.512385","level":"info","event":"Collecting pandas (from -r /tmp/venvpfyfk2ap/requirements.txt (line 9))","logger":"airflow.utils.process_utils"}
{"timestamp":"2025-09-17T01:09:51.514344","level":"info","event":"  Using cached pandas-2.3.2-cp312-cp312-manylinux_2_17_x86_64.manylinux2014_x86_64.whl.metadata (91 kB)","logger":"airflow.utils.process_utils"}
{"timestamp":"2025-09-17T01:09:51.686428","level":"info","event":"Collecting psycopg2-binary (from -r /tmp/venvpfyfk2ap/requirements.txt (line 10))","logger":"airflow.utils.process_utils"}
{"timestamp":"2025-09-17T01:09:51.688366","level":"info","event":"  Using cached psycopg2_binary-2.9.10-cp312-cp312-manylinux_2_17_x86_64.manylinux2014_x86_64.whl.metadata (4.9 kB)","logger":"airflow.utils.process_utils"}
{"timestamp":"2025-09-17T01:09:51.808563","level":"info","event":"Collecting pyarrow (from -r /tmp/venvpfyfk2ap/requirements.txt (line 11))","logger":"airflow.utils.process_utils"}
{"timestamp":"2025-09-17T01:09:51.811657","level":"info","event":"  Using cached pyarrow-21.0.0-cp312-cp312-manylinux_2_28_x86_64.whl.metadata (3.3 kB)","logger":"airflow.utils.process_utils"}
{"timestamp":"2025-09-17T01:09:51.851801","level":"info","event":"Collecting pyspark==3.5.6 (from -r /tmp/venvpfyfk2ap/requirements.txt (line 12))","logger":"airflow.utils.process_utils"}
{"timestamp":"2025-09-17T01:09:51.852611","level":"info","event":"  Using cached pyspark-3.5.6-py2.py3-none-any.whl","logger":"airflow.utils.process_utils"}
{"timestamp":"2025-09-17T01:09:51.860050","level":"info","event":"Requirement already satisfied: requests in /usr/lib/python3/dist-packages (from -r /tmp/venvpfyfk2ap/requirements.txt (line 13)) (2.31.0)","logger":"airflow.utils.process_utils"}
{"timestamp":"2025-09-17T01:09:51.897597","level":"info","event":"Collecting seaborn (from -r /tmp/venvpfyfk2ap/requirements.txt (line 14))","logger":"airflow.utils.process_utils"}
{"timestamp":"2025-09-17T01:09:51.899372","level":"info","event":"  Using cached seaborn-0.13.2-py3-none-any.whl.metadata (5.4 kB)","logger":"airflow.utils.process_utils"}
{"timestamp":"2025-09-17T01:09:52.272206","level":"info","event":"Collecting sqlalchemy (from -r /tmp/venvpfyfk2ap/requirements.txt (line 15))","logger":"airflow.utils.process_utils"}
{"timestamp":"2025-09-17T01:09:52.274088","level":"info","event":"  Using cached sqlalchemy-2.0.43-cp312-cp312-manylinux_2_17_x86_64.manylinux2014_x86_64.whl.metadata (9.6 kB)","logger":"airflow.utils.process_utils"}
{"timestamp":"2025-09-17T01:09:52.323035","level":"info","event":"Collecting py4j==0.10.9.7 (from pyspark==3.5.6->-r /tmp/venvpfyfk2ap/requirements.txt (line 12))","logger":"airflow.utils.process_utils"}
{"timestamp":"2025-09-17T01:09:52.325977","level":"info","event":"  Using cached py4j-0.10.9.7-py2.py3-none-any.whl.metadata (1.5 kB)","logger":"airflow.utils.process_utils"}
{"timestamp":"2025-09-17T01:09:52.368506","level":"info","event":"Collecting python-dotenv (from dotenv->-r /tmp/venvpfyfk2ap/requirements.txt (line 1))","logger":"airflow.utils.process_utils"}
{"timestamp":"2025-09-17T01:09:52.371508","level":"info","event":"  Using cached python_dotenv-1.1.1-py3-none-any.whl.metadata (24 kB)","logger":"airflow.utils.process_utils"}
{"timestamp":"2025-09-17T01:09:52.700771","level":"info","event":"Collecting cramjam>=2.3 (from fastparquet->-r /tmp/venvpfyfk2ap/requirements.txt (line 3))","logger":"airflow.utils.process_utils"}
{"timestamp":"2025-09-17T01:09:52.702637","level":"info","event":"  Using cached cramjam-2.11.0-cp312-cp312-manylinux_2_17_x86_64.manylinux2014_x86_64.whl.metadata (5.6 kB)","logger":"airflow.utils.process_utils"}
{"timestamp":"2025-09-17T01:09:52.752592","level":"info","event":"Collecting fsspec (from fastparquet->-r /tmp/venvpfyfk2ap/requirements.txt (line 3))","logger":"airflow.utils.process_utils"}
{"timestamp":"2025-09-17T01:09:52.754657","level":"info","event":"  Using cached fsspec-2025.9.0-py3-none-any.whl.metadata (10 kB)","logger":"airflow.utils.process_utils"}
{"timestamp":"2025-09-17T01:09:52.758972","level":"info","event":"Requirement already satisfied: packaging in /usr/lib/python3/dist-packages (from fastparquet->-r /tmp/venvpfyfk2ap/requirements.txt (line 3)) (24.0)","logger":"airflow.utils.process_utils"}
{"timestamp":"2025-09-17T01:09:52.797725","level":"info","event":"Collecting blinker>=1.9.0 (from flask->-r /tmp/venvpfyfk2ap/requirements.txt (line 4))","logger":"airflow.utils.process_utils"}
{"timestamp":"2025-09-17T01:09:52.799521","level":"info","event":"  Using cached blinker-1.9.0-py3-none-any.whl.metadata (1.6 kB)","logger":"airflow.utils.process_utils"}
{"timestamp":"2025-09-17T01:09:52.802602","level":"info","event":"Requirement already satisfied: click>=8.1.3 in /usr/lib/python3/dist-packages (from flask->-r /tmp/venvpfyfk2ap/requirements.txt (line 4)) (8.1.6)","logger":"airflow.utils.process_utils"}
{"timestamp":"2025-09-17T01:09:52.837014","level":"info","event":"Collecting itsdangerous>=2.2.0 (from flask->-r /tmp/venvpfyfk2ap/requirements.txt (line 4))","logger":"airflow.utils.process_utils"}
{"timestamp":"2025-09-17T01:09:52.838872","level":"info","event":"  Using cached itsdangerous-2.2.0-py3-none-any.whl.metadata (1.9 kB)","logger":"airflow.utils.process_utils"}
{"timestamp":"2025-09-17T01:09:52.842117","level":"info","event":"Requirement already satisfied: jinja2>=3.1.2 in /usr/lib/python3/dist-packages (from flask->-r /tmp/venvpfyfk2ap/requirements.txt (line 4)) (3.1.2)","logger":"airflow.utils.process_utils"}
{"timestamp":"2025-09-17T01:09:52.843719","level":"info","event":"Requirement already satisfied: markupsafe>=2.1.1 in /usr/lib/python3/dist-packages (from flask->-r /tmp/venvpfyfk2ap/requirements.txt (line 4)) (2.1.5)","logger":"airflow.utils.process_utils"}
{"timestamp":"2025-09-17T01:09:52.929995","level":"info","event":"Collecting werkzeug>=3.1.0 (from flask->-r /tmp/venvpfyfk2ap/requirements.txt (line 4))","logger":"airflow.utils.process_utils"}
{"timestamp":"2025-09-17T01:09:52.932947","level":"info","event":"  Using cached werkzeug-3.1.3-py3-none-any.whl.metadata (3.7 kB)","logger":"airflow.utils.process_utils"}
{"timestamp":"2025-09-17T01:09:52.986871","level":"info","event":"Collecting docopt (from hdfs->-r /tmp/venvpfyfk2ap/requirements.txt (line 6))","logger":"airflow.utils.process_utils"}
{"timestamp":"2025-09-17T01:09:52.987153","level":"info","event":"  Using cached docopt-0.6.2-py2.py3-none-any.whl","logger":"airflow.utils.process_utils"}
{"timestamp":"2025-09-17T01:09:52.990650","level":"info","event":"Requirement already satisfied: six>=1.9.0 in /usr/lib/python3/dist-packages (from hdfs->-r /tmp/venvpfyfk2ap/requirements.txt (line 6)) (1.16.0)","logger":"airflow.utils.process_utils"}
{"timestamp":"2025-09-17T01:09:53.101406","level":"info","event":"Collecting contourpy>=1.0.1 (from matplotlib->-r /tmp/venvpfyfk2ap/requirements.txt (line 7))","logger":"airflow.utils.process_utils"}
{"timestamp":"2025-09-17T01:09:53.104078","level":"info","event":"  Using cached contourpy-1.3.3-cp312-cp312-manylinux_2_27_x86_64.manylinux_2_28_x86_64.whl.metadata (5.5 kB)","logger":"airflow.utils.process_utils"}
{"timestamp":"2025-09-17T01:09:53.135159","level":"info","event":"Collecting cycler>=0.10 (from matplotlib->-r /tmp/venvpfyfk2ap/requirements.txt (line 7))","logger":"airflow.utils.process_utils"}
{"timestamp":"2025-09-17T01:09:53.137115","level":"info","event":"  Using cached cycler-0.12.1-py3-none-any.whl.metadata (3.8 kB)","logger":"airflow.utils.process_utils"}
{"timestamp":"2025-09-17T01:09:53.352369","level":"info","event":"Collecting fonttools>=4.22.0 (from matplotlib->-r /tmp/venvpfyfk2ap/requirements.txt (line 7))","logger":"airflow.utils.process_utils"}
{"timestamp":"2025-09-17T01:09:53.355385","level":"info","event":"  Using cached fonttools-4.59.2-cp312-cp312-manylinux1_x86_64.manylinux2014_x86_64.manylinux_2_17_x86_64.manylinux_2_5_x86_64.whl.metadata (109 kB)","logger":"airflow.utils.process_utils"}
{"timestamp":"2025-09-17T01:09:53.457260","level":"info","event":"Collecting kiwisolver>=1.3.1 (from matplotlib->-r /tmp/venvpfyfk2ap/requirements.txt (line 7))","logger":"airflow.utils.process_utils"}
{"timestamp":"2025-09-17T01:09:53.459826","level":"info","event":"  Using cached kiwisolver-1.4.9-cp312-cp312-manylinux2014_x86_64.manylinux_2_17_x86_64.whl.metadata (6.3 kB)","logger":"airflow.utils.process_utils"}
{"timestamp":"2025-09-17T01:09:53.719364","level":"info","event":"Collecting pillow>=8 (from matplotlib->-r /tmp/venvpfyfk2ap/requirements.txt (line 7))","logger":"airflow.utils.process_utils"}
{"timestamp":"2025-09-17T01:09:53.722463","level":"info","event":"  Using cached pillow-11.3.0-cp312-cp312-manylinux_2_27_x86_64.manylinux_2_28_x86_64.whl.metadata (9.0 kB)","logger":"airflow.utils.process_utils"}
{"timestamp":"2025-09-17T01:09:53.726862","level":"info","event":"Requirement already satisfied: pyparsing>=2.3.1 in /usr/lib/python3/dist-packages (from matplotlib->-r /tmp/venvpfyfk2ap/requirements.txt (line 7)) (3.1.1)","logger":"airflow.utils.process_utils"}
{"timestamp":"2025-09-17T01:09:53.728646","level":"info","event":"Requirement already satisfied: python-dateutil>=2.7 in /usr/lib/python3/dist-packages (from matplotlib->-r /tmp/venvpfyfk2ap/requirements.txt (line 7)) (2.8.2)","logger":"airflow.utils.process_utils"}
{"timestamp":"2025-09-17T01:09:53.932521","level":"info","event":"Requirement already satisfied: pytz>=2020.1 in /usr/lib/python3/dist-packages (from pandas->-r /tmp/venvpfyfk2ap/requirements.txt (line 9)) (2024.1)","logger":"airflow.utils.process_utils"}
{"timestamp":"2025-09-17T01:09:53.972487","level":"info","event":"Collecting tzdata>=2022.7 (from pandas->-r /tmp/venvpfyfk2ap/requirements.txt (line 9))","logger":"airflow.utils.process_utils"}
{"timestamp":"2025-09-17T01:09:53.975253","level":"info","event":"  Using cached tzdata-2025.2-py2.py3-none-any.whl.metadata (1.4 kB)","logger":"airflow.utils.process_utils"}
{"timestamp":"2025-09-17T01:09:54.231447","level":"info","event":"Collecting greenlet>=1 (from sqlalchemy->-r /tmp/venvpfyfk2ap/requirements.txt (line 15))","logger":"airflow.utils.process_utils"}
{"timestamp":"2025-09-17T01:09:54.234260","level":"info","event":"  Using cached greenlet-3.2.4-cp312-cp312-manylinux_2_24_x86_64.manylinux_2_28_x86_64.whl.metadata (4.1 kB)","logger":"airflow.utils.process_utils"}
{"timestamp":"2025-09-17T01:09:54.238491","level":"info","event":"Requirement already satisfied: typing-extensions>=4.6.0 in /usr/lib/python3/dist-packages (from sqlalchemy->-r /tmp/venvpfyfk2ap/requirements.txt (line 15)) (4.10.0)","logger":"airflow.utils.process_utils"}
{"timestamp":"2025-09-17T01:09:54.442178","level":"info","event":"Using cached py4j-0.10.9.7-py2.py3-none-any.whl (200 kB)","logger":"airflow.utils.process_utils"}
{"timestamp":"2025-09-17T01:09:54.447387","level":"info","event":"Using cached dotenv-0.9.9-py2.py3-none-any.whl (1.9 kB)","logger":"airflow.utils.process_utils"}
{"timestamp":"2025-09-17T01:09:54.450055","level":"info","event":"Using cached duckdb-1.4.0-cp312-cp312-manylinux_2_27_x86_64.manylinux_2_28_x86_64.whl (20.4 MB)","logger":"airflow.utils.process_utils"}
{"timestamp":"2025-09-17T01:09:54.548532","level":"info","event":"Using cached fastparquet-2024.11.0-cp312-cp312-manylinux_2_17_x86_64.manylinux2014_x86_64.whl (1.8 MB)","logger":"airflow.utils.process_utils"}
{"timestamp":"2025-09-17T01:09:54.559912","level":"info","event":"Using cached flask-3.1.2-py3-none-any.whl (103 kB)","logger":"airflow.utils.process_utils"}
{"timestamp":"2025-09-17T01:09:54.564244","level":"info","event":"Using cached gunicorn-23.0.0-py3-none-any.whl (85 kB)","logger":"airflow.utils.process_utils"}
{"timestamp":"2025-09-17T01:09:54.569309","level":"info","event":"Using cached matplotlib-3.10.6-cp312-cp312-manylinux2014_x86_64.manylinux_2_17_x86_64.whl (8.7 MB)","logger":"airflow.utils.process_utils"}
{"timestamp":"2025-09-17T01:09:54.613785","level":"info","event":"Using cached numpy-2.3.3-cp312-cp312-manylinux_2_27_x86_64.manylinux_2_28_x86_64.whl (16.6 MB)","logger":"airflow.utils.process_utils"}
{"timestamp":"2025-09-17T01:09:54.693818","level":"info","event":"Using cached pandas-2.3.2-cp312-cp312-manylinux_2_17_x86_64.manylinux2014_x86_64.whl (12.0 MB)","logger":"airflow.utils.process_utils"}
{"timestamp":"2025-09-17T01:09:54.748998","level":"info","event":"Using cached psycopg2_binary-2.9.10-cp312-cp312-manylinux_2_17_x86_64.manylinux2014_x86_64.whl (3.0 MB)","logger":"airflow.utils.process_utils"}
{"timestamp":"2025-09-17T01:09:54.761156","level":"info","event":"Using cached pyarrow-21.0.0-cp312-cp312-manylinux_2_28_x86_64.whl (42.8 MB)","logger":"airflow.utils.process_utils"}
{"timestamp":"2025-09-17T01:09:54.830014","level":"info","event":"Using cached seaborn-0.13.2-py3-none-any.whl (294 kB)","logger":"airflow.utils.process_utils"}
{"timestamp":"2025-09-17T01:09:54.832469","level":"info","event":"Using cached sqlalchemy-2.0.43-cp312-cp312-manylinux_2_17_x86_64.manylinux2014_x86_64.whl (3.3 MB)","logger":"airflow.utils.process_utils"}
{"timestamp":"2025-09-17T01:09:54.839842","level":"info","event":"Using cached blinker-1.9.0-py3-none-any.whl (8.5 kB)","logger":"airflow.utils.process_utils"}
{"timestamp":"2025-09-17T01:09:54.841461","level":"info","event":"Using cached contourpy-1.3.3-cp312-cp312-manylinux_2_27_x86_64.manylinux_2_28_x86_64.whl (362 kB)","logger":"airflow.utils.process_utils"}
{"timestamp":"2025-09-17T01:09:54.843544","level":"info","event":"Using cached cramjam-2.11.0-cp312-cp312-manylinux_2_17_x86_64.manylinux2014_x86_64.whl (2.0 MB)","logger":"airflow.utils.process_utils"}
{"timestamp":"2025-09-17T01:09:54.848486","level":"info","event":"Using cached cycler-0.12.1-py3-none-any.whl (8.3 kB)","logger":"airflow.utils.process_utils"}
{"timestamp":"2025-09-17T01:09:54.850235","level":"info","event":"Using cached fonttools-4.59.2-cp312-cp312-manylinux1_x86_64.manylinux2014_x86_64.manylinux_2_17_x86_64.manylinux_2_5_x86_64.whl (4.9 MB)","logger":"airflow.utils.process_utils"}
{"timestamp":"2025-09-17T01:09:54.860802","level":"info","event":"Using cached greenlet-3.2.4-cp312-cp312-manylinux_2_24_x86_64.manylinux_2_28_x86_64.whl (607 kB)","logger":"airflow.utils.process_utils"}
{"timestamp":"2025-09-17T01:09:54.863476","level":"info","event":"Using cached itsdangerous-2.2.0-py3-none-any.whl (16 kB)","logger":"airflow.utils.process_utils"}
{"timestamp":"2025-09-17T01:09:54.865289","level":"info","event":"Using cached kiwisolver-1.4.9-cp312-cp312-manylinux2014_x86_64.manylinux_2_17_x86_64.whl (1.5 MB)","logger":"airflow.utils.process_utils"}
{"timestamp":"2025-09-17T01:09:54.869490","level":"info","event":"Using cached pillow-11.3.0-cp312-cp312-manylinux_2_27_x86_64.manylinux_2_28_x86_64.whl (6.6 MB)","logger":"airflow.utils.process_utils"}
{"timestamp":"2025-09-17T01:09:54.881707","level":"info","event":"Using cached tzdata-2025.2-py2.py3-none-any.whl (347 kB)","logger":"airflow.utils.process_utils"}
{"timestamp":"2025-09-17T01:09:54.883992","level":"info","event":"Using cached werkzeug-3.1.3-py3-none-any.whl (224 kB)","logger":"airflow.utils.process_utils"}
{"timestamp":"2025-09-17T01:09:54.885896","level":"info","event":"Using cached fsspec-2025.9.0-py3-none-any.whl (199 kB)","logger":"airflow.utils.process_utils"}
{"timestamp":"2025-09-17T01:09:54.887685","level":"info","event":"Using cached python_dotenv-1.1.1-py3-none-any.whl (20 kB)","logger":"airflow.utils.process_utils"}
{"timestamp":"2025-09-17T01:09:55.893801","level":"info","event":"Installing collected packages: py4j, docopt, werkzeug, tzdata, python-dotenv, pyspark, pyarrow, psycopg2-binary, pillow, numpy, kiwisolver, itsdangerous, hdfs, gunicorn, greenlet, fsspec, fonttools, duckdb, cycler, cramjam, blinker, sqlalchemy, pandas, flask, dotenv, contourpy, matplotlib, fastparquet, seaborn","logger":"airflow.utils.process_utils"}
{"timestamp":"2025-09-17T01:10:06.244559","level":"info","event":"  Attempting uninstall: blinker","logger":"airflow.utils.process_utils"}
{"timestamp":"2025-09-17T01:10:06.273978","level":"info","event":"    Found existing installation: blinker 1.7.0","logger":"airflow.utils.process_utils"}
{"timestamp":"2025-09-17T01:10:06.275574","level":"info","event":"    Not uninstalling blinker at /usr/lib/python3/dist-packages, outside environment /tmp/venvpfyfk2ap","logger":"airflow.utils.process_utils"}
{"timestamp":"2025-09-17T01:10:06.275817","level":"info","event":"    Can't uninstall 'blinker'. No files were found to uninstall.","logger":"airflow.utils.process_utils"}
{"timestamp":"2025-09-17T01:10:17.227862","level":"info","event":"Successfully installed blinker-1.9.0 contourpy-1.3.3 cramjam-2.11.0 cycler-0.12.1 docopt-0.6.2 dotenv-0.9.9 duckdb-1.4.0 fastparquet-2024.11.0 flask-3.1.2 fonttools-4.59.2 fsspec-2025.9.0 greenlet-3.2.4 gunicorn-23.0.0 hdfs-2.7.3 itsdangerous-2.2.0 kiwisolver-1.4.9 matplotlib-3.10.6 numpy-2.3.3 pandas-2.3.2 pillow-11.3.0 psycopg2-binary-2.9.10 py4j-0.10.9.7 pyarrow-21.0.0 pyspark-3.5.6 python-dotenv-1.1.1 seaborn-0.13.2 sqlalchemy-2.0.43 tzdata-2025.2 werkzeug-3.1.3","logger":"airflow.utils.process_utils"}
{"timestamp":"2025-09-17T01:10:18.167794","level":"info","event":"Executing cmd: /tmp/venvpfyfk2ap/bin/python /tmp/venv-call7l6c0oqx/script.py /tmp/venv-call7l6c0oqx/script.in /tmp/venv-call7l6c0oqx/script.out /tmp/venv-call7l6c0oqx/string_args.txt /tmp/venv-call7l6c0oqx/termination.log /tmp/venv-call7l6c0oqx/airflow_context.json","logger":"airflow.utils.process_utils"}
{"timestamp":"2025-09-17T01:10:18.168725","level":"info","event":"Output:","logger":"airflow.utils.process_utils"}
{"timestamp":"2025-09-17T01:10:22.674614","level":"info","event":"Setting default log level to \"WARN\".","logger":"airflow.utils.process_utils"}
{"timestamp":"2025-09-17T01:10:22.674937","level":"info","event":"To adjust logging level use sc.setLogLevel(newLevel). For SparkR, use setLogLevel(newLevel).","logger":"airflow.utils.process_utils"}
{"timestamp":"2025-09-17T01:10:23.123823","level":"info","event":"25/09/17 01:10:23 WARN NativeCodeLoader: Unable to load native-hadoop library for your platform... using builtin-java classes where applicable","logger":"airflow.utils.process_utils"}
{"timestamp":"2025-09-17T01:10:25.892518","level":"info","event":"2025-09-17 01:10:25,891 - INFO - Reading data from Silver layer: /user/tiendat/datalake/elt/silver/database_source/dt=2025-09-17","logger":"airflow.utils.process_utils"}
{"timestamp":"2025-09-17T01:10:36.591820","level":"info","event":"\r[Stage 0:>                                                          (0 + 1) / 1]\r\r                                                                                \r\r[Stage 1:>                                                          (0 + 2) / 2]\r\r                                                                                \r2025-09-17 01:10:36,590 - INFO - Successfully read 20525 rows from Silver layer","logger":"airflow.utils.process_utils"}
{"timestamp":"2025-09-17T01:10:36.592130","level":"info","event":"2025-09-17 01:10:36,590 - INFO - Starting data transformation...","logger":"airflow.utils.process_utils"}
{"timestamp":"2025-09-17T01:10:39.747175","level":"info","event":"\r[Stage 4:>                                                          (0 + 1) / 1]\r\r                                                                                \r2025-09-17 01:10:39,746 - INFO - Converting Spark DataFrame -> Pandas -> Arrow Table","logger":"airflow.utils.process_utils"}
{"timestamp":"2025-09-17T01:10:42.781774","level":"info","event":"\r[Stage 5:>                                                          (0 + 2) / 2]\r\r                                                                                \r2025-09-17 01:10:42,781 - INFO - Connecting to DuckDB at /home/tiendat/Pipeline-Stock-ETL/datawarehouse.duckdb","logger":"airflow.utils.process_utils"}
{"timestamp":"2025-09-17T01:10:42.862109","level":"info","event":"2025-09-17 01:10:42,861 - INFO - Arrow table registered successfully in DuckDB","logger":"airflow.utils.process_utils"}
{"timestamp":"2025-09-17T01:10:42.862489","level":"info","event":"2025-09-17 01:10:42,861 - INFO - Inserting data into dim_companies...","logger":"airflow.utils.process_utils"}
{"timestamp":"2025-09-17T01:10:43.730588","level":"info","event":"2025-09-17 01:10:43,728 - INFO - Inserted 20525 rows into dim_companies successfully","logger":"airflow.utils.process_utils"}
{"timestamp":"2025-09-17T01:10:43.730804","level":"info","event":"root","logger":"airflow.utils.process_utils"}
{"timestamp":"2025-09-17T01:10:43.730953","level":"info","event":" |-- company_name: string (nullable = true)","logger":"airflow.utils.process_utils"}
{"timestamp":"2025-09-17T01:10:43.731093","level":"info","event":" |-- company_ticker: string (nullable = true)","logger":"airflow.utils.process_utils"}
{"timestamp":"2025-09-17T01:10:43.731243","level":"info","event":" |-- company_is_delisted: boolean (nullable = true)","logger":"airflow.utils.process_utils"}
{"timestamp":"2025-09-17T01:10:43.731412","level":"info","event":" |-- company_category: string (nullable = true)","logger":"airflow.utils.process_utils"}
{"timestamp":"2025-09-17T01:10:43.731548","level":"info","event":" |-- company_currency: string (nullable = true)","logger":"airflow.utils.process_utils"}
{"timestamp":"2025-09-17T01:10:43.733719","level":"info","event":" |-- company_location: string (nullable = true)","logger":"airflow.utils.process_utils"}
{"timestamp":"2025-09-17T01:10:43.735833","level":"info","event":" |-- company_exchange_name: string (nullable = true)","logger":"airflow.utils.process_utils"}
{"timestamp":"2025-09-17T01:10:43.736010","level":"info","event":" |-- company_region_name: string (nullable = true)","logger":"airflow.utils.process_utils"}
{"timestamp":"2025-09-17T01:10:43.736144","level":"info","event":" |-- company_industry_name: string (nullable = true)","logger":"airflow.utils.process_utils"}
{"timestamp":"2025-09-17T01:10:43.736347","level":"info","event":" |-- company_industry_sector: string (nullable = true)","logger":"airflow.utils.process_utils"}
{"timestamp":"2025-09-17T01:10:43.736497","level":"info","event":" |-- company_sic_industry: string (nullable = true)","logger":"airflow.utils.process_utils"}
{"timestamp":"2025-09-17T01:10:43.736626","level":"info","event":" |-- company_sic_sector: string (nullable = true)","logger":"airflow.utils.process_utils"}
{"timestamp":"2025-09-17T01:10:43.736723","level":"info","event":"","logger":"airflow.utils.process_utils"}
{"timestamp":"2025-09-17T01:10:43.737155","level":"info","event":"+-------------------------------------+--------------+-------------------+---------------------+----------------+-------------------------+---------------------+-------------------+---------------------------+-----------------------+--------------------------------------------+---------------------------------+","logger":"airflow.utils.process_utils"}
{"timestamp":"2025-09-17T01:10:43.740888","level":"info","event":"|company_name                         |company_ticker|company_is_delisted|company_category     |company_currency|company_location         |company_exchange_name|company_region_name|company_industry_name      |company_industry_sector|company_sic_industry                        |company_sic_sector               |","logger":"airflow.utils.process_utils"}
{"timestamp":"2025-09-17T01:10:43.741502","level":"info","event":"+-------------------------------------+--------------+-------------------+---------------------+----------------+-------------------------+---------------------+-------------------+---------------------------+-----------------------+--------------------------------------------+---------------------------------+","logger":"airflow.utils.process_utils"}
{"timestamp":"2025-09-17T01:10:43.742025","level":"info","event":"|ALJ REGIONAL HOLDINGS INC            |ALJJ          |true               |Domestic Common Stock|USD             |New York; United States  |NASDAQ               |United States      |Specialty Business Services|Industrials            |Services-Business Services Nec              |Services                         |","logger":"airflow.utils.process_utils"}
{"timestamp":"2025-09-17T01:10:43.743528","level":"info","event":"|APOLLO ENDOSURGERY INC               |APEN          |true               |Domestic Common Stock|USD             |Texas; United States     |NASDAQ               |United States      |Medical Devices            |Healthcare             |Surgical & Medical Instruments & Apparatus  |Manufacturing                    |","logger":"airflow.utils.process_utils"}
{"timestamp":"2025-09-17T01:10:43.744025","level":"info","event":"|AUSPEX PHARMACEUTICALS INC           |ASPX          |true               |Domestic Common Stock|USD             |California; United States|NASDAQ               |United States      |Biotechnology              |Healthcare             |Pharmaceutical Preparations                 |Manufacturing                    |","logger":"airflow.utils.process_utils"}
{"timestamp":"2025-09-17T01:10:43.746565","level":"info","event":"|BMJ MEDICAL MANAGEMENT INC           |BONSQ         |true               |Domestic Common Stock|USD             |Florida; United States   |NASDAQ               |United States      |Medical Care Facilities    |Healthcare             |Services-Specialty Outpatient Facilities Nec|Services                         |","logger":"airflow.utils.process_utils"}
{"timestamp":"2025-09-17T01:10:43.747376","level":"info","event":"|BANK OF THE JAMES FINANCIAL GROUP INC|BOTJ          |false              |Domestic Common Stock|USD             |Virginia; United States  |NASDAQ               |United States      |Banks - Regional           |Financial Services     |State Commercial Banks                      |Finance Insurance And Real Estate|","logger":"airflow.utils.process_utils"}
{"timestamp":"2025-09-17T01:10:43.747847","level":"info","event":"+-------------------------------------+--------------+-------------------+---------------------+----------------+-------------------------+---------------------+-------------------+---------------------------+-----------------------+--------------------------------------------+---------------------------------+","logger":"airflow.utils.process_utils"}
{"timestamp":"2025-09-17T01:10:43.747983","level":"info","event":"only showing top 5 rows","logger":"airflow.utils.process_utils"}
{"timestamp":"2025-09-17T01:10:43.748073","level":"info","event":"","logger":"airflow.utils.process_utils"}
{"timestamp":"2025-09-17T01:10:43.748230","level":"info","event":"2025-09-17 01:10:43,729 - INFO - Closing down clientserver connection","logger":"airflow.utils.process_utils"}
{"timestamp":"2025-09-17T01:10:44.473257","level":"warning","event":"Fail to delete /home/tiendat/airflow/tmp/venvpfyfk2ap. The directory does not exist.","logger":"airflow.task.operators.airflow.providers.standard.operators.python.PythonVirtualenvOperator"}
{"timestamp":"2025-09-17T01:10:44.828458","level":"info","event":"Done. Returned value was: None","logger":"airflow.task.operators.airflow.providers.standard.operators.python.PythonVirtualenvOperator"}
