{"timestamp":"2025-09-16T08:31:33.617950","level":"info","event":"DAG bundles loaded: dags-folder","logger":"airflow.dag_processing.bundles.manager.DagBundlesManager"}
{"timestamp":"2025-09-16T08:31:33.619217","level":"info","event":"Filling up the DagBag from /home/tiendat/Pipeline-Stock-ETL/schedule/dags/etl_datawarehouse.py","logger":"airflow.models.dagbag.DagBag"}
{"timestamp":"2025-09-16T08:31:33.675093","level":"info","event":"Executing cmd: python -m venv /tmp/venvleaoavn8 --system-site-packages","logger":"airflow.utils.process_utils"}
{"timestamp":"2025-09-16T08:31:33.676534","level":"info","event":"Output:","logger":"airflow.utils.process_utils"}
{"timestamp":"2025-09-16T08:31:37.704370","level":"info","event":"Executing cmd: /tmp/venvleaoavn8/bin/pip install -r /tmp/venvleaoavn8/requirements.txt","logger":"airflow.utils.process_utils"}
{"timestamp":"2025-09-16T08:31:37.705173","level":"info","event":"Output:","logger":"airflow.utils.process_utils"}
{"timestamp":"2025-09-16T08:31:38.286379","level":"info","event":"Collecting dotenv (from -r /tmp/venvleaoavn8/requirements.txt (line 1))","logger":"airflow.utils.process_utils"}
{"timestamp":"2025-09-16T08:31:38.289169","level":"info","event":"  Using cached dotenv-0.9.9-py2.py3-none-any.whl.metadata (279 bytes)","logger":"airflow.utils.process_utils"}
{"timestamp":"2025-09-16T08:31:38.443609","level":"info","event":"Collecting duckdb (from -r /tmp/venvleaoavn8/requirements.txt (line 2))","logger":"airflow.utils.process_utils"}
{"timestamp":"2025-09-16T08:31:38.446513","level":"info","event":"  Using cached duckdb-1.3.2-cp312-cp312-manylinux_2_27_x86_64.manylinux_2_28_x86_64.whl.metadata (7.0 kB)","logger":"airflow.utils.process_utils"}
{"timestamp":"2025-09-16T08:31:38.564117","level":"info","event":"Collecting fastparquet (from -r /tmp/venvleaoavn8/requirements.txt (line 3))","logger":"airflow.utils.process_utils"}
{"timestamp":"2025-09-16T08:31:38.566973","level":"info","event":"  Using cached fastparquet-2024.11.0-cp312-cp312-manylinux_2_17_x86_64.manylinux2014_x86_64.whl.metadata (4.2 kB)","logger":"airflow.utils.process_utils"}
{"timestamp":"2025-09-16T08:31:38.609260","level":"info","event":"Collecting flask (from -r /tmp/venvleaoavn8/requirements.txt (line 4))","logger":"airflow.utils.process_utils"}
{"timestamp":"2025-09-16T08:31:38.612864","level":"info","event":"  Using cached flask-3.1.2-py3-none-any.whl.metadata (3.2 kB)","logger":"airflow.utils.process_utils"}
{"timestamp":"2025-09-16T08:31:38.654240","level":"info","event":"Collecting gunicorn (from -r /tmp/venvleaoavn8/requirements.txt (line 5))","logger":"airflow.utils.process_utils"}
{"timestamp":"2025-09-16T08:31:38.659695","level":"info","event":"  Using cached gunicorn-23.0.0-py3-none-any.whl.metadata (4.4 kB)","logger":"airflow.utils.process_utils"}
{"timestamp":"2025-09-16T08:31:38.700167","level":"info","event":"Collecting hdfs (from -r /tmp/venvleaoavn8/requirements.txt (line 6))","logger":"airflow.utils.process_utils"}
{"timestamp":"2025-09-16T08:31:38.700472","level":"info","event":"  Using cached hdfs-2.7.3-py3-none-any.whl","logger":"airflow.utils.process_utils"}
{"timestamp":"2025-09-16T08:31:38.896186","level":"info","event":"Collecting matplotlib (from -r /tmp/venvleaoavn8/requirements.txt (line 7))","logger":"airflow.utils.process_utils"}
{"timestamp":"2025-09-16T08:31:38.898210","level":"info","event":"  Using cached matplotlib-3.10.6-cp312-cp312-manylinux2014_x86_64.manylinux_2_17_x86_64.whl.metadata (11 kB)","logger":"airflow.utils.process_utils"}
{"timestamp":"2025-09-16T08:31:39.141506","level":"info","event":"Collecting numpy (from -r /tmp/venvleaoavn8/requirements.txt (line 8))","logger":"airflow.utils.process_utils"}
{"timestamp":"2025-09-16T08:31:39.143341","level":"info","event":"  Using cached numpy-2.3.3-cp312-cp312-manylinux_2_27_x86_64.manylinux_2_28_x86_64.whl.metadata (62 kB)","logger":"airflow.utils.process_utils"}
{"timestamp":"2025-09-16T08:31:39.335539","level":"info","event":"Collecting pandas (from -r /tmp/venvleaoavn8/requirements.txt (line 9))","logger":"airflow.utils.process_utils"}
{"timestamp":"2025-09-16T08:31:39.337140","level":"info","event":"  Using cached pandas-2.3.2-cp312-cp312-manylinux_2_17_x86_64.manylinux2014_x86_64.whl.metadata (91 kB)","logger":"airflow.utils.process_utils"}
{"timestamp":"2025-09-16T08:31:39.514691","level":"info","event":"Collecting psycopg2-binary (from -r /tmp/venvleaoavn8/requirements.txt (line 10))","logger":"airflow.utils.process_utils"}
{"timestamp":"2025-09-16T08:31:39.516709","level":"info","event":"  Using cached psycopg2_binary-2.9.10-cp312-cp312-manylinux_2_17_x86_64.manylinux2014_x86_64.whl.metadata (4.9 kB)","logger":"airflow.utils.process_utils"}
{"timestamp":"2025-09-16T08:31:39.630699","level":"info","event":"Collecting pyarrow (from -r /tmp/venvleaoavn8/requirements.txt (line 11))","logger":"airflow.utils.process_utils"}
{"timestamp":"2025-09-16T08:31:39.632527","level":"info","event":"  Using cached pyarrow-21.0.0-cp312-cp312-manylinux_2_28_x86_64.whl.metadata (3.3 kB)","logger":"airflow.utils.process_utils"}
{"timestamp":"2025-09-16T08:31:39.671297","level":"info","event":"Collecting pyspark==3.5.6 (from -r /tmp/venvleaoavn8/requirements.txt (line 12))","logger":"airflow.utils.process_utils"}
{"timestamp":"2025-09-16T08:31:39.671556","level":"info","event":"  Using cached pyspark-3.5.6-py2.py3-none-any.whl","logger":"airflow.utils.process_utils"}
{"timestamp":"2025-09-16T08:31:39.678065","level":"info","event":"Requirement already satisfied: requests in /usr/lib/python3/dist-packages (from -r /tmp/venvleaoavn8/requirements.txt (line 13)) (2.31.0)","logger":"airflow.utils.process_utils"}
{"timestamp":"2025-09-16T08:31:39.710626","level":"info","event":"Collecting seaborn (from -r /tmp/venvleaoavn8/requirements.txt (line 14))","logger":"airflow.utils.process_utils"}
{"timestamp":"2025-09-16T08:31:39.712523","level":"info","event":"  Using cached seaborn-0.13.2-py3-none-any.whl.metadata (5.4 kB)","logger":"airflow.utils.process_utils"}
{"timestamp":"2025-09-16T08:31:40.088242","level":"info","event":"Collecting sqlalchemy (from -r /tmp/venvleaoavn8/requirements.txt (line 15))","logger":"airflow.utils.process_utils"}
{"timestamp":"2025-09-16T08:31:40.090175","level":"info","event":"  Using cached sqlalchemy-2.0.43-cp312-cp312-manylinux_2_17_x86_64.manylinux2014_x86_64.whl.metadata (9.6 kB)","logger":"airflow.utils.process_utils"}
{"timestamp":"2025-09-16T08:31:40.141405","level":"info","event":"Collecting py4j==0.10.9.7 (from pyspark==3.5.6->-r /tmp/venvleaoavn8/requirements.txt (line 12))","logger":"airflow.utils.process_utils"}
{"timestamp":"2025-09-16T08:31:40.144149","level":"info","event":"  Using cached py4j-0.10.9.7-py2.py3-none-any.whl.metadata (1.5 kB)","logger":"airflow.utils.process_utils"}
{"timestamp":"2025-09-16T08:31:40.184908","level":"info","event":"Collecting python-dotenv (from dotenv->-r /tmp/venvleaoavn8/requirements.txt (line 1))","logger":"airflow.utils.process_utils"}
{"timestamp":"2025-09-16T08:31:40.187671","level":"info","event":"  Using cached python_dotenv-1.1.1-py3-none-any.whl.metadata (24 kB)","logger":"airflow.utils.process_utils"}
{"timestamp":"2025-09-16T08:31:40.436434","level":"info","event":"Collecting cramjam>=2.3 (from fastparquet->-r /tmp/venvleaoavn8/requirements.txt (line 3))","logger":"airflow.utils.process_utils"}
{"timestamp":"2025-09-16T08:31:40.438231","level":"info","event":"  Using cached cramjam-2.11.0-cp312-cp312-manylinux_2_17_x86_64.manylinux2014_x86_64.whl.metadata (5.6 kB)","logger":"airflow.utils.process_utils"}
{"timestamp":"2025-09-16T08:31:40.597600","level":"info","event":"Collecting fsspec (from fastparquet->-r /tmp/venvleaoavn8/requirements.txt (line 3))","logger":"airflow.utils.process_utils"}
{"timestamp":"2025-09-16T08:31:40.599905","level":"info","event":"  Using cached fsspec-2025.9.0-py3-none-any.whl.metadata (10 kB)","logger":"airflow.utils.process_utils"}
{"timestamp":"2025-09-16T08:31:40.607243","level":"info","event":"Requirement already satisfied: packaging in /usr/lib/python3/dist-packages (from fastparquet->-r /tmp/venvleaoavn8/requirements.txt (line 3)) (24.0)","logger":"airflow.utils.process_utils"}
{"timestamp":"2025-09-16T08:31:40.666575","level":"info","event":"Collecting blinker>=1.9.0 (from flask->-r /tmp/venvleaoavn8/requirements.txt (line 4))","logger":"airflow.utils.process_utils"}
{"timestamp":"2025-09-16T08:31:40.669302","level":"info","event":"  Using cached blinker-1.9.0-py3-none-any.whl.metadata (1.6 kB)","logger":"airflow.utils.process_utils"}
{"timestamp":"2025-09-16T08:31:40.675527","level":"info","event":"Requirement already satisfied: click>=8.1.3 in /usr/lib/python3/dist-packages (from flask->-r /tmp/venvleaoavn8/requirements.txt (line 4)) (8.1.6)","logger":"airflow.utils.process_utils"}
{"timestamp":"2025-09-16T08:31:40.725789","level":"info","event":"Collecting itsdangerous>=2.2.0 (from flask->-r /tmp/venvleaoavn8/requirements.txt (line 4))","logger":"airflow.utils.process_utils"}
{"timestamp":"2025-09-16T08:31:40.730947","level":"info","event":"  Using cached itsdangerous-2.2.0-py3-none-any.whl.metadata (1.9 kB)","logger":"airflow.utils.process_utils"}
{"timestamp":"2025-09-16T08:31:40.737551","level":"info","event":"Requirement already satisfied: jinja2>=3.1.2 in /usr/lib/python3/dist-packages (from flask->-r /tmp/venvleaoavn8/requirements.txt (line 4)) (3.1.2)","logger":"airflow.utils.process_utils"}
{"timestamp":"2025-09-16T08:31:40.740635","level":"info","event":"Requirement already satisfied: markupsafe>=2.1.1 in /usr/lib/python3/dist-packages (from flask->-r /tmp/venvleaoavn8/requirements.txt (line 4)) (2.1.5)","logger":"airflow.utils.process_utils"}
{"timestamp":"2025-09-16T08:31:40.838425","level":"info","event":"Collecting werkzeug>=3.1.0 (from flask->-r /tmp/venvleaoavn8/requirements.txt (line 4))","logger":"airflow.utils.process_utils"}
{"timestamp":"2025-09-16T08:31:40.841559","level":"info","event":"  Using cached werkzeug-3.1.3-py3-none-any.whl.metadata (3.7 kB)","logger":"airflow.utils.process_utils"}
{"timestamp":"2025-09-16T08:31:40.888986","level":"info","event":"Collecting docopt (from hdfs->-r /tmp/venvleaoavn8/requirements.txt (line 6))","logger":"airflow.utils.process_utils"}
{"timestamp":"2025-09-16T08:31:40.889254","level":"info","event":"  Using cached docopt-0.6.2-py2.py3-none-any.whl","logger":"airflow.utils.process_utils"}
{"timestamp":"2025-09-16T08:31:40.892960","level":"info","event":"Requirement already satisfied: six>=1.9.0 in /usr/lib/python3/dist-packages (from hdfs->-r /tmp/venvleaoavn8/requirements.txt (line 6)) (1.16.0)","logger":"airflow.utils.process_utils"}
{"timestamp":"2025-09-16T08:31:41.026150","level":"info","event":"Collecting contourpy>=1.0.1 (from matplotlib->-r /tmp/venvleaoavn8/requirements.txt (line 7))","logger":"airflow.utils.process_utils"}
{"timestamp":"2025-09-16T08:31:41.028994","level":"info","event":"  Using cached contourpy-1.3.3-cp312-cp312-manylinux_2_27_x86_64.manylinux_2_28_x86_64.whl.metadata (5.5 kB)","logger":"airflow.utils.process_utils"}
{"timestamp":"2025-09-16T08:31:41.059977","level":"info","event":"Collecting cycler>=0.10 (from matplotlib->-r /tmp/venvleaoavn8/requirements.txt (line 7))","logger":"airflow.utils.process_utils"}
{"timestamp":"2025-09-16T08:31:41.062018","level":"info","event":"  Using cached cycler-0.12.1-py3-none-any.whl.metadata (3.8 kB)","logger":"airflow.utils.process_utils"}
{"timestamp":"2025-09-16T08:31:41.284413","level":"info","event":"Collecting fonttools>=4.22.0 (from matplotlib->-r /tmp/venvleaoavn8/requirements.txt (line 7))","logger":"airflow.utils.process_utils"}
{"timestamp":"2025-09-16T08:31:41.287618","level":"info","event":"  Using cached fonttools-4.59.2-cp312-cp312-manylinux1_x86_64.manylinux2014_x86_64.manylinux_2_17_x86_64.manylinux_2_5_x86_64.whl.metadata (109 kB)","logger":"airflow.utils.process_utils"}
{"timestamp":"2025-09-16T08:31:41.390647","level":"info","event":"Collecting kiwisolver>=1.3.1 (from matplotlib->-r /tmp/venvleaoavn8/requirements.txt (line 7))","logger":"airflow.utils.process_utils"}
{"timestamp":"2025-09-16T08:31:41.393500","level":"info","event":"  Using cached kiwisolver-1.4.9-cp312-cp312-manylinux2014_x86_64.manylinux_2_17_x86_64.whl.metadata (6.3 kB)","logger":"airflow.utils.process_utils"}
{"timestamp":"2025-09-16T08:31:41.658191","level":"info","event":"Collecting pillow>=8 (from matplotlib->-r /tmp/venvleaoavn8/requirements.txt (line 7))","logger":"airflow.utils.process_utils"}
{"timestamp":"2025-09-16T08:31:41.660623","level":"info","event":"  Using cached pillow-11.3.0-cp312-cp312-manylinux_2_27_x86_64.manylinux_2_28_x86_64.whl.metadata (9.0 kB)","logger":"airflow.utils.process_utils"}
{"timestamp":"2025-09-16T08:31:41.667043","level":"info","event":"Requirement already satisfied: pyparsing>=2.3.1 in /usr/lib/python3/dist-packages (from matplotlib->-r /tmp/venvleaoavn8/requirements.txt (line 7)) (3.1.1)","logger":"airflow.utils.process_utils"}
{"timestamp":"2025-09-16T08:31:41.669264","level":"info","event":"Requirement already satisfied: python-dateutil>=2.7 in /usr/lib/python3/dist-packages (from matplotlib->-r /tmp/venvleaoavn8/requirements.txt (line 7)) (2.8.2)","logger":"airflow.utils.process_utils"}
{"timestamp":"2025-09-16T08:31:41.864817","level":"info","event":"Requirement already satisfied: pytz>=2020.1 in /usr/lib/python3/dist-packages (from pandas->-r /tmp/venvleaoavn8/requirements.txt (line 9)) (2024.1)","logger":"airflow.utils.process_utils"}
{"timestamp":"2025-09-16T08:31:41.900520","level":"info","event":"Collecting tzdata>=2022.7 (from pandas->-r /tmp/venvleaoavn8/requirements.txt (line 9))","logger":"airflow.utils.process_utils"}
{"timestamp":"2025-09-16T08:31:41.903258","level":"info","event":"  Using cached tzdata-2025.2-py2.py3-none-any.whl.metadata (1.4 kB)","logger":"airflow.utils.process_utils"}
{"timestamp":"2025-09-16T08:31:42.162788","level":"info","event":"Collecting greenlet>=1 (from sqlalchemy->-r /tmp/venvleaoavn8/requirements.txt (line 15))","logger":"airflow.utils.process_utils"}
{"timestamp":"2025-09-16T08:31:42.165539","level":"info","event":"  Using cached greenlet-3.2.4-cp312-cp312-manylinux_2_24_x86_64.manylinux_2_28_x86_64.whl.metadata (4.1 kB)","logger":"airflow.utils.process_utils"}
{"timestamp":"2025-09-16T08:31:42.169737","level":"info","event":"Requirement already satisfied: typing-extensions>=4.6.0 in /usr/lib/python3/dist-packages (from sqlalchemy->-r /tmp/venvleaoavn8/requirements.txt (line 15)) (4.10.0)","logger":"airflow.utils.process_utils"}
{"timestamp":"2025-09-16T08:31:42.375884","level":"info","event":"Using cached py4j-0.10.9.7-py2.py3-none-any.whl (200 kB)","logger":"airflow.utils.process_utils"}
{"timestamp":"2025-09-16T08:31:42.381602","level":"info","event":"Using cached dotenv-0.9.9-py2.py3-none-any.whl (1.9 kB)","logger":"airflow.utils.process_utils"}
{"timestamp":"2025-09-16T08:31:42.384423","level":"info","event":"Using cached duckdb-1.3.2-cp312-cp312-manylinux_2_27_x86_64.manylinux_2_28_x86_64.whl (21.1 MB)","logger":"airflow.utils.process_utils"}
{"timestamp":"2025-09-16T08:31:42.496469","level":"info","event":"Using cached fastparquet-2024.11.0-cp312-cp312-manylinux_2_17_x86_64.manylinux2014_x86_64.whl (1.8 MB)","logger":"airflow.utils.process_utils"}
{"timestamp":"2025-09-16T08:31:42.510221","level":"info","event":"Using cached flask-3.1.2-py3-none-any.whl (103 kB)","logger":"airflow.utils.process_utils"}
{"timestamp":"2025-09-16T08:31:42.514529","level":"info","event":"Using cached gunicorn-23.0.0-py3-none-any.whl (85 kB)","logger":"airflow.utils.process_utils"}
{"timestamp":"2025-09-16T08:31:42.518993","level":"info","event":"Using cached matplotlib-3.10.6-cp312-cp312-manylinux2014_x86_64.manylinux_2_17_x86_64.whl (8.7 MB)","logger":"airflow.utils.process_utils"}
{"timestamp":"2025-09-16T08:31:42.562118","level":"info","event":"Using cached numpy-2.3.3-cp312-cp312-manylinux_2_27_x86_64.manylinux_2_28_x86_64.whl (16.6 MB)","logger":"airflow.utils.process_utils"}
{"timestamp":"2025-09-16T08:31:42.639422","level":"info","event":"Using cached pandas-2.3.2-cp312-cp312-manylinux_2_17_x86_64.manylinux2014_x86_64.whl (12.0 MB)","logger":"airflow.utils.process_utils"}
{"timestamp":"2025-09-16T08:31:42.696733","level":"info","event":"Using cached psycopg2_binary-2.9.10-cp312-cp312-manylinux_2_17_x86_64.manylinux2014_x86_64.whl (3.0 MB)","logger":"airflow.utils.process_utils"}
{"timestamp":"2025-09-16T08:31:42.708646","level":"info","event":"Using cached pyarrow-21.0.0-cp312-cp312-manylinux_2_28_x86_64.whl (42.8 MB)","logger":"airflow.utils.process_utils"}
{"timestamp":"2025-09-16T08:31:42.864866","level":"info","event":"Using cached seaborn-0.13.2-py3-none-any.whl (294 kB)","logger":"airflow.utils.process_utils"}
{"timestamp":"2025-09-16T08:31:42.867173","level":"info","event":"Using cached sqlalchemy-2.0.43-cp312-cp312-manylinux_2_17_x86_64.manylinux2014_x86_64.whl (3.3 MB)","logger":"airflow.utils.process_utils"}
{"timestamp":"2025-09-16T08:31:42.874027","level":"info","event":"Using cached blinker-1.9.0-py3-none-any.whl (8.5 kB)","logger":"airflow.utils.process_utils"}
{"timestamp":"2025-09-16T08:31:42.875769","level":"info","event":"Using cached contourpy-1.3.3-cp312-cp312-manylinux_2_27_x86_64.manylinux_2_28_x86_64.whl (362 kB)","logger":"airflow.utils.process_utils"}
{"timestamp":"2025-09-16T08:31:42.879824","level":"info","event":"Using cached cramjam-2.11.0-cp312-cp312-manylinux_2_17_x86_64.manylinux2014_x86_64.whl (2.0 MB)","logger":"airflow.utils.process_utils"}
{"timestamp":"2025-09-16T08:31:42.886730","level":"info","event":"Using cached cycler-0.12.1-py3-none-any.whl (8.3 kB)","logger":"airflow.utils.process_utils"}
{"timestamp":"2025-09-16T08:31:42.888492","level":"info","event":"Using cached fonttools-4.59.2-cp312-cp312-manylinux1_x86_64.manylinux2014_x86_64.manylinux_2_17_x86_64.manylinux_2_5_x86_64.whl (4.9 MB)","logger":"airflow.utils.process_utils"}
{"timestamp":"2025-09-16T08:31:42.897717","level":"info","event":"Using cached greenlet-3.2.4-cp312-cp312-manylinux_2_24_x86_64.manylinux_2_28_x86_64.whl (607 kB)","logger":"airflow.utils.process_utils"}
{"timestamp":"2025-09-16T08:31:42.900655","level":"info","event":"Using cached itsdangerous-2.2.0-py3-none-any.whl (16 kB)","logger":"airflow.utils.process_utils"}
{"timestamp":"2025-09-16T08:31:42.902295","level":"info","event":"Using cached kiwisolver-1.4.9-cp312-cp312-manylinux2014_x86_64.manylinux_2_17_x86_64.whl (1.5 MB)","logger":"airflow.utils.process_utils"}
{"timestamp":"2025-09-16T08:31:42.906141","level":"info","event":"Using cached pillow-11.3.0-cp312-cp312-manylinux_2_27_x86_64.manylinux_2_28_x86_64.whl (6.6 MB)","logger":"airflow.utils.process_utils"}
{"timestamp":"2025-09-16T08:31:42.918453","level":"info","event":"Using cached tzdata-2025.2-py2.py3-none-any.whl (347 kB)","logger":"airflow.utils.process_utils"}
{"timestamp":"2025-09-16T08:31:42.921607","level":"info","event":"Using cached werkzeug-3.1.3-py3-none-any.whl (224 kB)","logger":"airflow.utils.process_utils"}
{"timestamp":"2025-09-16T08:31:42.923671","level":"info","event":"Using cached fsspec-2025.9.0-py3-none-any.whl (199 kB)","logger":"airflow.utils.process_utils"}
{"timestamp":"2025-09-16T08:31:42.925555","level":"info","event":"Using cached python_dotenv-1.1.1-py3-none-any.whl (20 kB)","logger":"airflow.utils.process_utils"}
{"timestamp":"2025-09-16T08:31:43.932842","level":"info","event":"Installing collected packages: py4j, docopt, werkzeug, tzdata, python-dotenv, pyspark, pyarrow, psycopg2-binary, pillow, numpy, kiwisolver, itsdangerous, hdfs, gunicorn, greenlet, fsspec, fonttools, duckdb, cycler, cramjam, blinker, sqlalchemy, pandas, flask, dotenv, contourpy, matplotlib, fastparquet, seaborn","logger":"airflow.utils.process_utils"}
{"timestamp":"2025-09-16T08:31:54.430453","level":"info","event":"  Attempting uninstall: blinker","logger":"airflow.utils.process_utils"}
{"timestamp":"2025-09-16T08:31:54.453994","level":"info","event":"    Found existing installation: blinker 1.7.0","logger":"airflow.utils.process_utils"}
{"timestamp":"2025-09-16T08:31:54.454349","level":"info","event":"    Not uninstalling blinker at /usr/lib/python3/dist-packages, outside environment /tmp/venvleaoavn8","logger":"airflow.utils.process_utils"}
{"timestamp":"2025-09-16T08:31:54.455085","level":"info","event":"    Can't uninstall 'blinker'. No files were found to uninstall.","logger":"airflow.utils.process_utils"}
{"timestamp":"2025-09-16T08:32:05.258808","level":"info","event":"Successfully installed blinker-1.9.0 contourpy-1.3.3 cramjam-2.11.0 cycler-0.12.1 docopt-0.6.2 dotenv-0.9.9 duckdb-1.3.2 fastparquet-2024.11.0 flask-3.1.2 fonttools-4.59.2 fsspec-2025.9.0 greenlet-3.2.4 gunicorn-23.0.0 hdfs-2.7.3 itsdangerous-2.2.0 kiwisolver-1.4.9 matplotlib-3.10.6 numpy-2.3.3 pandas-2.3.2 pillow-11.3.0 psycopg2-binary-2.9.10 py4j-0.10.9.7 pyarrow-21.0.0 pyspark-3.5.6 python-dotenv-1.1.1 seaborn-0.13.2 sqlalchemy-2.0.43 tzdata-2025.2 werkzeug-3.1.3","logger":"airflow.utils.process_utils"}
{"timestamp":"2025-09-16T08:32:06.123045","level":"info","event":"Executing cmd: /tmp/venvleaoavn8/bin/python /tmp/venv-call5qgajrg0/script.py /tmp/venv-call5qgajrg0/script.in /tmp/venv-call5qgajrg0/script.out /tmp/venv-call5qgajrg0/string_args.txt /tmp/venv-call5qgajrg0/termination.log /tmp/venv-call5qgajrg0/airflow_context.json","logger":"airflow.utils.process_utils"}
{"timestamp":"2025-09-16T08:32:06.124408","level":"info","event":"Output:","logger":"airflow.utils.process_utils"}
{"timestamp":"2025-09-16T08:32:10.863590","level":"info","event":"Setting default log level to \"WARN\".","logger":"airflow.utils.process_utils"}
{"timestamp":"2025-09-16T08:32:10.863944","level":"info","event":"To adjust logging level use sc.setLogLevel(newLevel). For SparkR, use setLogLevel(newLevel).","logger":"airflow.utils.process_utils"}
{"timestamp":"2025-09-16T08:32:11.313721","level":"info","event":"25/09/16 08:32:11 WARN NativeCodeLoader: Unable to load native-hadoop library for your platform... using builtin-java classes where applicable","logger":"airflow.utils.process_utils"}
{"timestamp":"2025-09-16T08:32:13.862630","level":"info","event":"2025-09-16 08:32:13,861 - INFO - Reading data from Silver layer: /user/tiendat/datalake/elt/silver/database_source/dt=2025-09-16","logger":"airflow.utils.process_utils"}
{"timestamp":"2025-09-16T08:32:24.406309","level":"info","event":"\r[Stage 0:>                                                          (0 + 1) / 1]\r\r                                                                                \r\r[Stage 1:>                                                          (0 + 2) / 2]\r\r                                                                                \r2025-09-16 08:32:24,405 - INFO - Successfully read 20525 rows from Silver layer","logger":"airflow.utils.process_utils"}
{"timestamp":"2025-09-16T08:32:24.406595","level":"info","event":"2025-09-16 08:32:24,406 - INFO - Starting data transformation...","logger":"airflow.utils.process_utils"}
{"timestamp":"2025-09-16T08:32:27.844890","level":"info","event":"\r[Stage 4:>                                                          (0 + 1) / 1]\r\r                                                                                \r2025-09-16 08:32:27,844 - INFO - Converting Spark DataFrame -> Pandas -> Arrow Table","logger":"airflow.utils.process_utils"}
{"timestamp":"2025-09-16T08:32:30.245437","level":"info","event":"\r[Stage 5:>                                                          (0 + 2) / 2]\r\r                                                                                \r2025-09-16 08:32:30,244 - INFO - Connecting to DuckDB at /home/tiendat/Pipeline-Stock-ETL/datawarehouse.duckdb","logger":"airflow.utils.process_utils"}
{"timestamp":"2025-09-16T08:32:30.276895","level":"info","event":"2025-09-16 08:32:30,276 - INFO - Arrow table registered successfully in DuckDB","logger":"airflow.utils.process_utils"}
{"timestamp":"2025-09-16T08:32:30.277233","level":"info","event":"2025-09-16 08:32:30,276 - INFO - Inserting data into dim_companies...","logger":"airflow.utils.process_utils"}
{"timestamp":"2025-09-16T08:32:31.070325","level":"info","event":"2025-09-16 08:32:31,066 - INFO - Inserted 20525 rows into dim_companies successfully","logger":"airflow.utils.process_utils"}
{"timestamp":"2025-09-16T08:32:31.070616","level":"info","event":"root","logger":"airflow.utils.process_utils"}
{"timestamp":"2025-09-16T08:32:31.070796","level":"info","event":" |-- company_name: string (nullable = true)","logger":"airflow.utils.process_utils"}
{"timestamp":"2025-09-16T08:32:31.070934","level":"info","event":" |-- company_ticker: string (nullable = true)","logger":"airflow.utils.process_utils"}
{"timestamp":"2025-09-16T08:32:31.071085","level":"info","event":" |-- company_is_delisted: boolean (nullable = true)","logger":"airflow.utils.process_utils"}
{"timestamp":"2025-09-16T08:32:31.071218","level":"info","event":" |-- company_category: string (nullable = true)","logger":"airflow.utils.process_utils"}
{"timestamp":"2025-09-16T08:32:31.071378","level":"info","event":" |-- company_currency: string (nullable = true)","logger":"airflow.utils.process_utils"}
{"timestamp":"2025-09-16T08:32:31.071507","level":"info","event":" |-- company_location: string (nullable = true)","logger":"airflow.utils.process_utils"}
{"timestamp":"2025-09-16T08:32:31.071630","level":"info","event":" |-- company_exchange_name: string (nullable = true)","logger":"airflow.utils.process_utils"}
{"timestamp":"2025-09-16T08:32:31.071755","level":"info","event":" |-- company_region_name: string (nullable = true)","logger":"airflow.utils.process_utils"}
{"timestamp":"2025-09-16T08:32:31.071891","level":"info","event":" |-- company_industry_name: string (nullable = true)","logger":"airflow.utils.process_utils"}
{"timestamp":"2025-09-16T08:32:31.072051","level":"info","event":" |-- company_industry_sector: string (nullable = true)","logger":"airflow.utils.process_utils"}
{"timestamp":"2025-09-16T08:32:31.072184","level":"info","event":" |-- company_sic_industry: string (nullable = true)","logger":"airflow.utils.process_utils"}
{"timestamp":"2025-09-16T08:32:31.079681","level":"info","event":" |-- company_sic_sector: string (nullable = true)","logger":"airflow.utils.process_utils"}
{"timestamp":"2025-09-16T08:32:31.079887","level":"info","event":"","logger":"airflow.utils.process_utils"}
{"timestamp":"2025-09-16T08:32:31.080388","level":"info","event":"+-------------------------------------+--------------+-------------------+---------------------+----------------+-------------------------+---------------------+-------------------+---------------------------+-----------------------+--------------------------------------------+---------------------------------+","logger":"airflow.utils.process_utils"}
{"timestamp":"2025-09-16T08:32:31.084514","level":"info","event":"|company_name                         |company_ticker|company_is_delisted|company_category     |company_currency|company_location         |company_exchange_name|company_region_name|company_industry_name      |company_industry_sector|company_sic_industry                        |company_sic_sector               |","logger":"airflow.utils.process_utils"}
{"timestamp":"2025-09-16T08:32:31.088771","level":"info","event":"+-------------------------------------+--------------+-------------------+---------------------+----------------+-------------------------+---------------------+-------------------+---------------------------+-----------------------+--------------------------------------------+---------------------------------+","logger":"airflow.utils.process_utils"}
{"timestamp":"2025-09-16T08:32:31.089314","level":"info","event":"|ALJ REGIONAL HOLDINGS INC            |ALJJ          |true               |Domestic Common Stock|USD             |New York; United States  |NASDAQ               |United States      |Specialty Business Services|Industrials            |Services-Business Services Nec              |Services                         |","logger":"airflow.utils.process_utils"}
{"timestamp":"2025-09-16T08:32:31.089759","level":"info","event":"|APOLLO ENDOSURGERY INC               |APEN          |true               |Domestic Common Stock|USD             |Texas; United States     |NASDAQ               |United States      |Medical Devices            |Healthcare             |Surgical & Medical Instruments & Apparatus  |Manufacturing                    |","logger":"airflow.utils.process_utils"}
{"timestamp":"2025-09-16T08:32:31.095189","level":"info","event":"|AUSPEX PHARMACEUTICALS INC           |ASPX          |true               |Domestic Common Stock|USD             |California; United States|NASDAQ               |United States      |Biotechnology              |Healthcare             |Pharmaceutical Preparations                 |Manufacturing                    |","logger":"airflow.utils.process_utils"}
{"timestamp":"2025-09-16T08:32:31.095724","level":"info","event":"|BMJ MEDICAL MANAGEMENT INC           |BONSQ         |true               |Domestic Common Stock|USD             |Florida; United States   |NASDAQ               |United States      |Medical Care Facilities    |Healthcare             |Services-Specialty Outpatient Facilities Nec|Services                         |","logger":"airflow.utils.process_utils"}
{"timestamp":"2025-09-16T08:32:31.096172","level":"info","event":"|BANK OF THE JAMES FINANCIAL GROUP INC|BOTJ          |false              |Domestic Common Stock|USD             |Virginia; United States  |NASDAQ               |United States      |Banks - Regional           |Financial Services     |State Commercial Banks                      |Finance Insurance And Real Estate|","logger":"airflow.utils.process_utils"}
{"timestamp":"2025-09-16T08:32:31.100757","level":"info","event":"+-------------------------------------+--------------+-------------------+---------------------+----------------+-------------------------+---------------------+-------------------+---------------------------+-----------------------+--------------------------------------------+---------------------------------+","logger":"airflow.utils.process_utils"}
{"timestamp":"2025-09-16T08:32:31.102514","level":"info","event":"only showing top 5 rows","logger":"airflow.utils.process_utils"}
{"timestamp":"2025-09-16T08:32:31.102653","level":"info","event":"","logger":"airflow.utils.process_utils"}
{"timestamp":"2025-09-16T08:32:31.102862","level":"info","event":"2025-09-16 08:32:31,067 - INFO - Closing down clientserver connection","logger":"airflow.utils.process_utils"}
{"timestamp":"2025-09-16T08:32:31.914408","level":"warning","event":"Fail to delete /home/tiendat/airflow/tmp/venvleaoavn8. The directory does not exist.","logger":"airflow.task.operators.airflow.providers.standard.operators.python.PythonVirtualenvOperator"}
{"timestamp":"2025-09-16T08:32:32.244148","level":"info","event":"Done. Returned value was: None","logger":"airflow.task.operators.airflow.providers.standard.operators.python.PythonVirtualenvOperator"}
