{"timestamp":"2025-09-16T08:32:33.070119","level":"info","event":"DAG bundles loaded: dags-folder","logger":"airflow.dag_processing.bundles.manager.DagBundlesManager"}
{"timestamp":"2025-09-16T08:32:33.071158","level":"info","event":"Filling up the DagBag from /home/tiendat/Pipeline-Stock-ETL/schedule/dags/etl_datawarehouse.py","logger":"airflow.models.dagbag.DagBag"}
{"timestamp":"2025-09-16T08:32:33.122657","level":"info","event":"Executing cmd: python -m venv /tmp/venvz8glbydn --system-site-packages","logger":"airflow.utils.process_utils"}
{"timestamp":"2025-09-16T08:32:33.123869","level":"info","event":"Output:","logger":"airflow.utils.process_utils"}
{"timestamp":"2025-09-16T08:32:37.015123","level":"info","event":"Executing cmd: /tmp/venvz8glbydn/bin/pip install -r /tmp/venvz8glbydn/requirements.txt","logger":"airflow.utils.process_utils"}
{"timestamp":"2025-09-16T08:32:37.016100","level":"info","event":"Output:","logger":"airflow.utils.process_utils"}
{"timestamp":"2025-09-16T08:32:37.624469","level":"info","event":"Collecting dotenv (from -r /tmp/venvz8glbydn/requirements.txt (line 1))","logger":"airflow.utils.process_utils"}
{"timestamp":"2025-09-16T08:32:37.627761","level":"info","event":"  Using cached dotenv-0.9.9-py2.py3-none-any.whl.metadata (279 bytes)","logger":"airflow.utils.process_utils"}
{"timestamp":"2025-09-16T08:32:37.796307","level":"info","event":"Collecting duckdb (from -r /tmp/venvz8glbydn/requirements.txt (line 2))","logger":"airflow.utils.process_utils"}
{"timestamp":"2025-09-16T08:32:37.799247","level":"info","event":"  Using cached duckdb-1.3.2-cp312-cp312-manylinux_2_27_x86_64.manylinux_2_28_x86_64.whl.metadata (7.0 kB)","logger":"airflow.utils.process_utils"}
{"timestamp":"2025-09-16T08:32:37.874069","level":"info","event":"Collecting fastparquet (from -r /tmp/venvz8glbydn/requirements.txt (line 3))","logger":"airflow.utils.process_utils"}
{"timestamp":"2025-09-16T08:32:37.876971","level":"info","event":"  Using cached fastparquet-2024.11.0-cp312-cp312-manylinux_2_17_x86_64.manylinux2014_x86_64.whl.metadata (4.2 kB)","logger":"airflow.utils.process_utils"}
{"timestamp":"2025-09-16T08:32:37.921052","level":"info","event":"Collecting flask (from -r /tmp/venvz8glbydn/requirements.txt (line 4))","logger":"airflow.utils.process_utils"}
{"timestamp":"2025-09-16T08:32:37.923625","level":"info","event":"  Using cached flask-3.1.2-py3-none-any.whl.metadata (3.2 kB)","logger":"airflow.utils.process_utils"}
{"timestamp":"2025-09-16T08:32:37.963688","level":"info","event":"Collecting gunicorn (from -r /tmp/venvz8glbydn/requirements.txt (line 5))","logger":"airflow.utils.process_utils"}
{"timestamp":"2025-09-16T08:32:37.966391","level":"info","event":"  Using cached gunicorn-23.0.0-py3-none-any.whl.metadata (4.4 kB)","logger":"airflow.utils.process_utils"}
{"timestamp":"2025-09-16T08:32:38.006711","level":"info","event":"Collecting hdfs (from -r /tmp/venvz8glbydn/requirements.txt (line 6))","logger":"airflow.utils.process_utils"}
{"timestamp":"2025-09-16T08:32:38.007001","level":"info","event":"  Using cached hdfs-2.7.3-py3-none-any.whl","logger":"airflow.utils.process_utils"}
{"timestamp":"2025-09-16T08:32:38.194912","level":"info","event":"Collecting matplotlib (from -r /tmp/venvz8glbydn/requirements.txt (line 7))","logger":"airflow.utils.process_utils"}
{"timestamp":"2025-09-16T08:32:38.197470","level":"info","event":"  Using cached matplotlib-3.10.6-cp312-cp312-manylinux2014_x86_64.manylinux_2_17_x86_64.whl.metadata (11 kB)","logger":"airflow.utils.process_utils"}
{"timestamp":"2025-09-16T08:32:38.442091","level":"info","event":"Collecting numpy (from -r /tmp/venvz8glbydn/requirements.txt (line 8))","logger":"airflow.utils.process_utils"}
{"timestamp":"2025-09-16T08:32:38.444023","level":"info","event":"  Using cached numpy-2.3.3-cp312-cp312-manylinux_2_27_x86_64.manylinux_2_28_x86_64.whl.metadata (62 kB)","logger":"airflow.utils.process_utils"}
{"timestamp":"2025-09-16T08:32:38.618993","level":"info","event":"Collecting pandas (from -r /tmp/venvz8glbydn/requirements.txt (line 9))","logger":"airflow.utils.process_utils"}
{"timestamp":"2025-09-16T08:32:38.620903","level":"info","event":"  Using cached pandas-2.3.2-cp312-cp312-manylinux_2_17_x86_64.manylinux2014_x86_64.whl.metadata (91 kB)","logger":"airflow.utils.process_utils"}
{"timestamp":"2025-09-16T08:32:38.827592","level":"info","event":"Collecting psycopg2-binary (from -r /tmp/venvz8glbydn/requirements.txt (line 10))","logger":"airflow.utils.process_utils"}
{"timestamp":"2025-09-16T08:32:38.829712","level":"info","event":"  Using cached psycopg2_binary-2.9.10-cp312-cp312-manylinux_2_17_x86_64.manylinux2014_x86_64.whl.metadata (4.9 kB)","logger":"airflow.utils.process_utils"}
{"timestamp":"2025-09-16T08:32:38.947587","level":"info","event":"Collecting pyarrow (from -r /tmp/venvz8glbydn/requirements.txt (line 11))","logger":"airflow.utils.process_utils"}
{"timestamp":"2025-09-16T08:32:38.949681","level":"info","event":"  Using cached pyarrow-21.0.0-cp312-cp312-manylinux_2_28_x86_64.whl.metadata (3.3 kB)","logger":"airflow.utils.process_utils"}
{"timestamp":"2025-09-16T08:32:38.986037","level":"info","event":"Collecting pyspark==3.5.6 (from -r /tmp/venvz8glbydn/requirements.txt (line 12))","logger":"airflow.utils.process_utils"}
{"timestamp":"2025-09-16T08:32:38.986954","level":"info","event":"  Using cached pyspark-3.5.6-py2.py3-none-any.whl","logger":"airflow.utils.process_utils"}
{"timestamp":"2025-09-16T08:32:38.993161","level":"info","event":"Requirement already satisfied: requests in /usr/lib/python3/dist-packages (from -r /tmp/venvz8glbydn/requirements.txt (line 13)) (2.31.0)","logger":"airflow.utils.process_utils"}
{"timestamp":"2025-09-16T08:32:39.027732","level":"info","event":"Collecting seaborn (from -r /tmp/venvz8glbydn/requirements.txt (line 14))","logger":"airflow.utils.process_utils"}
{"timestamp":"2025-09-16T08:32:39.029787","level":"info","event":"  Using cached seaborn-0.13.2-py3-none-any.whl.metadata (5.4 kB)","logger":"airflow.utils.process_utils"}
{"timestamp":"2025-09-16T08:32:39.401184","level":"info","event":"Collecting sqlalchemy (from -r /tmp/venvz8glbydn/requirements.txt (line 15))","logger":"airflow.utils.process_utils"}
{"timestamp":"2025-09-16T08:32:39.403237","level":"info","event":"  Using cached sqlalchemy-2.0.43-cp312-cp312-manylinux_2_17_x86_64.manylinux2014_x86_64.whl.metadata (9.6 kB)","logger":"airflow.utils.process_utils"}
{"timestamp":"2025-09-16T08:32:39.452676","level":"info","event":"Collecting py4j==0.10.9.7 (from pyspark==3.5.6->-r /tmp/venvz8glbydn/requirements.txt (line 12))","logger":"airflow.utils.process_utils"}
{"timestamp":"2025-09-16T08:32:39.455483","level":"info","event":"  Using cached py4j-0.10.9.7-py2.py3-none-any.whl.metadata (1.5 kB)","logger":"airflow.utils.process_utils"}
{"timestamp":"2025-09-16T08:32:39.495739","level":"info","event":"Collecting python-dotenv (from dotenv->-r /tmp/venvz8glbydn/requirements.txt (line 1))","logger":"airflow.utils.process_utils"}
{"timestamp":"2025-09-16T08:32:39.498876","level":"info","event":"  Using cached python_dotenv-1.1.1-py3-none-any.whl.metadata (24 kB)","logger":"airflow.utils.process_utils"}
{"timestamp":"2025-09-16T08:32:39.734542","level":"info","event":"Collecting cramjam>=2.3 (from fastparquet->-r /tmp/venvz8glbydn/requirements.txt (line 3))","logger":"airflow.utils.process_utils"}
{"timestamp":"2025-09-16T08:32:39.736487","level":"info","event":"  Using cached cramjam-2.11.0-cp312-cp312-manylinux_2_17_x86_64.manylinux2014_x86_64.whl.metadata (5.6 kB)","logger":"airflow.utils.process_utils"}
{"timestamp":"2025-09-16T08:32:39.884160","level":"info","event":"Collecting fsspec (from fastparquet->-r /tmp/venvz8glbydn/requirements.txt (line 3))","logger":"airflow.utils.process_utils"}
{"timestamp":"2025-09-16T08:32:39.885999","level":"info","event":"  Using cached fsspec-2025.9.0-py3-none-any.whl.metadata (10 kB)","logger":"airflow.utils.process_utils"}
{"timestamp":"2025-09-16T08:32:39.890531","level":"info","event":"Requirement already satisfied: packaging in /usr/lib/python3/dist-packages (from fastparquet->-r /tmp/venvz8glbydn/requirements.txt (line 3)) (24.0)","logger":"airflow.utils.process_utils"}
{"timestamp":"2025-09-16T08:32:39.928662","level":"info","event":"Collecting blinker>=1.9.0 (from flask->-r /tmp/venvz8glbydn/requirements.txt (line 4))","logger":"airflow.utils.process_utils"}
{"timestamp":"2025-09-16T08:32:39.930500","level":"info","event":"  Using cached blinker-1.9.0-py3-none-any.whl.metadata (1.6 kB)","logger":"airflow.utils.process_utils"}
{"timestamp":"2025-09-16T08:32:39.933571","level":"info","event":"Requirement already satisfied: click>=8.1.3 in /usr/lib/python3/dist-packages (from flask->-r /tmp/venvz8glbydn/requirements.txt (line 4)) (8.1.6)","logger":"airflow.utils.process_utils"}
{"timestamp":"2025-09-16T08:32:39.967589","level":"info","event":"Collecting itsdangerous>=2.2.0 (from flask->-r /tmp/venvz8glbydn/requirements.txt (line 4))","logger":"airflow.utils.process_utils"}
{"timestamp":"2025-09-16T08:32:39.969381","level":"info","event":"  Using cached itsdangerous-2.2.0-py3-none-any.whl.metadata (1.9 kB)","logger":"airflow.utils.process_utils"}
{"timestamp":"2025-09-16T08:32:39.972334","level":"info","event":"Requirement already satisfied: jinja2>=3.1.2 in /usr/lib/python3/dist-packages (from flask->-r /tmp/venvz8glbydn/requirements.txt (line 4)) (3.1.2)","logger":"airflow.utils.process_utils"}
{"timestamp":"2025-09-16T08:32:39.973894","level":"info","event":"Requirement already satisfied: markupsafe>=2.1.1 in /usr/lib/python3/dist-packages (from flask->-r /tmp/venvz8glbydn/requirements.txt (line 4)) (2.1.5)","logger":"airflow.utils.process_utils"}
{"timestamp":"2025-09-16T08:32:40.025414","level":"info","event":"Collecting werkzeug>=3.1.0 (from flask->-r /tmp/venvz8glbydn/requirements.txt (line 4))","logger":"airflow.utils.process_utils"}
{"timestamp":"2025-09-16T08:32:40.028577","level":"info","event":"  Using cached werkzeug-3.1.3-py3-none-any.whl.metadata (3.7 kB)","logger":"airflow.utils.process_utils"}
{"timestamp":"2025-09-16T08:32:40.073446","level":"info","event":"Collecting docopt (from hdfs->-r /tmp/venvz8glbydn/requirements.txt (line 6))","logger":"airflow.utils.process_utils"}
{"timestamp":"2025-09-16T08:32:40.073730","level":"info","event":"  Using cached docopt-0.6.2-py2.py3-none-any.whl","logger":"airflow.utils.process_utils"}
{"timestamp":"2025-09-16T08:32:40.077826","level":"info","event":"Requirement already satisfied: six>=1.9.0 in /usr/lib/python3/dist-packages (from hdfs->-r /tmp/venvz8glbydn/requirements.txt (line 6)) (1.16.0)","logger":"airflow.utils.process_utils"}
{"timestamp":"2025-09-16T08:32:40.189860","level":"info","event":"Collecting contourpy>=1.0.1 (from matplotlib->-r /tmp/venvz8glbydn/requirements.txt (line 7))","logger":"airflow.utils.process_utils"}
{"timestamp":"2025-09-16T08:32:40.192761","level":"info","event":"  Using cached contourpy-1.3.3-cp312-cp312-manylinux_2_27_x86_64.manylinux_2_28_x86_64.whl.metadata (5.5 kB)","logger":"airflow.utils.process_utils"}
{"timestamp":"2025-09-16T08:32:40.222563","level":"info","event":"Collecting cycler>=0.10 (from matplotlib->-r /tmp/venvz8glbydn/requirements.txt (line 7))","logger":"airflow.utils.process_utils"}
{"timestamp":"2025-09-16T08:32:40.224392","level":"info","event":"  Using cached cycler-0.12.1-py3-none-any.whl.metadata (3.8 kB)","logger":"airflow.utils.process_utils"}
{"timestamp":"2025-09-16T08:32:40.442261","level":"info","event":"Collecting fonttools>=4.22.0 (from matplotlib->-r /tmp/venvz8glbydn/requirements.txt (line 7))","logger":"airflow.utils.process_utils"}
{"timestamp":"2025-09-16T08:32:40.445123","level":"info","event":"  Using cached fonttools-4.59.2-cp312-cp312-manylinux1_x86_64.manylinux2014_x86_64.manylinux_2_17_x86_64.manylinux_2_5_x86_64.whl.metadata (109 kB)","logger":"airflow.utils.process_utils"}
{"timestamp":"2025-09-16T08:32:40.546473","level":"info","event":"Collecting kiwisolver>=1.3.1 (from matplotlib->-r /tmp/venvz8glbydn/requirements.txt (line 7))","logger":"airflow.utils.process_utils"}
{"timestamp":"2025-09-16T08:32:40.549328","level":"info","event":"  Using cached kiwisolver-1.4.9-cp312-cp312-manylinux2014_x86_64.manylinux_2_17_x86_64.whl.metadata (6.3 kB)","logger":"airflow.utils.process_utils"}
{"timestamp":"2025-09-16T08:32:40.793015","level":"info","event":"Collecting pillow>=8 (from matplotlib->-r /tmp/venvz8glbydn/requirements.txt (line 7))","logger":"airflow.utils.process_utils"}
{"timestamp":"2025-09-16T08:32:40.795914","level":"info","event":"  Using cached pillow-11.3.0-cp312-cp312-manylinux_2_27_x86_64.manylinux_2_28_x86_64.whl.metadata (9.0 kB)","logger":"airflow.utils.process_utils"}
{"timestamp":"2025-09-16T08:32:40.801192","level":"info","event":"Requirement already satisfied: pyparsing>=2.3.1 in /usr/lib/python3/dist-packages (from matplotlib->-r /tmp/venvz8glbydn/requirements.txt (line 7)) (3.1.1)","logger":"airflow.utils.process_utils"}
{"timestamp":"2025-09-16T08:32:40.803109","level":"info","event":"Requirement already satisfied: python-dateutil>=2.7 in /usr/lib/python3/dist-packages (from matplotlib->-r /tmp/venvz8glbydn/requirements.txt (line 7)) (2.8.2)","logger":"airflow.utils.process_utils"}
{"timestamp":"2025-09-16T08:32:40.998725","level":"info","event":"Requirement already satisfied: pytz>=2020.1 in /usr/lib/python3/dist-packages (from pandas->-r /tmp/venvz8glbydn/requirements.txt (line 9)) (2024.1)","logger":"airflow.utils.process_utils"}
{"timestamp":"2025-09-16T08:32:41.034239","level":"info","event":"Collecting tzdata>=2022.7 (from pandas->-r /tmp/venvz8glbydn/requirements.txt (line 9))","logger":"airflow.utils.process_utils"}
{"timestamp":"2025-09-16T08:32:41.037132","level":"info","event":"  Using cached tzdata-2025.2-py2.py3-none-any.whl.metadata (1.4 kB)","logger":"airflow.utils.process_utils"}
{"timestamp":"2025-09-16T08:32:41.294580","level":"info","event":"Collecting greenlet>=1 (from sqlalchemy->-r /tmp/venvz8glbydn/requirements.txt (line 15))","logger":"airflow.utils.process_utils"}
{"timestamp":"2025-09-16T08:32:41.297296","level":"info","event":"  Using cached greenlet-3.2.4-cp312-cp312-manylinux_2_24_x86_64.manylinux_2_28_x86_64.whl.metadata (4.1 kB)","logger":"airflow.utils.process_utils"}
{"timestamp":"2025-09-16T08:32:41.301217","level":"info","event":"Requirement already satisfied: typing-extensions>=4.6.0 in /usr/lib/python3/dist-packages (from sqlalchemy->-r /tmp/venvz8glbydn/requirements.txt (line 15)) (4.10.0)","logger":"airflow.utils.process_utils"}
{"timestamp":"2025-09-16T08:32:41.510425","level":"info","event":"Using cached py4j-0.10.9.7-py2.py3-none-any.whl (200 kB)","logger":"airflow.utils.process_utils"}
{"timestamp":"2025-09-16T08:32:41.515510","level":"info","event":"Using cached dotenv-0.9.9-py2.py3-none-any.whl (1.9 kB)","logger":"airflow.utils.process_utils"}
{"timestamp":"2025-09-16T08:32:41.518330","level":"info","event":"Using cached duckdb-1.3.2-cp312-cp312-manylinux_2_27_x86_64.manylinux_2_28_x86_64.whl (21.1 MB)","logger":"airflow.utils.process_utils"}
{"timestamp":"2025-09-16T08:32:41.619938","level":"info","event":"Using cached fastparquet-2024.11.0-cp312-cp312-manylinux_2_17_x86_64.manylinux2014_x86_64.whl (1.8 MB)","logger":"airflow.utils.process_utils"}
{"timestamp":"2025-09-16T08:32:41.630696","level":"info","event":"Using cached flask-3.1.2-py3-none-any.whl (103 kB)","logger":"airflow.utils.process_utils"}
{"timestamp":"2025-09-16T08:32:41.635336","level":"info","event":"Using cached gunicorn-23.0.0-py3-none-any.whl (85 kB)","logger":"airflow.utils.process_utils"}
{"timestamp":"2025-09-16T08:32:41.639532","level":"info","event":"Using cached matplotlib-3.10.6-cp312-cp312-manylinux2014_x86_64.manylinux_2_17_x86_64.whl (8.7 MB)","logger":"airflow.utils.process_utils"}
{"timestamp":"2025-09-16T08:32:41.683877","level":"info","event":"Using cached numpy-2.3.3-cp312-cp312-manylinux_2_27_x86_64.manylinux_2_28_x86_64.whl (16.6 MB)","logger":"airflow.utils.process_utils"}
{"timestamp":"2025-09-16T08:32:41.759876","level":"info","event":"Using cached pandas-2.3.2-cp312-cp312-manylinux_2_17_x86_64.manylinux2014_x86_64.whl (12.0 MB)","logger":"airflow.utils.process_utils"}
{"timestamp":"2025-09-16T08:32:41.814804","level":"info","event":"Using cached psycopg2_binary-2.9.10-cp312-cp312-manylinux_2_17_x86_64.manylinux2014_x86_64.whl (3.0 MB)","logger":"airflow.utils.process_utils"}
{"timestamp":"2025-09-16T08:32:41.827337","level":"info","event":"Using cached pyarrow-21.0.0-cp312-cp312-manylinux_2_28_x86_64.whl (42.8 MB)","logger":"airflow.utils.process_utils"}
{"timestamp":"2025-09-16T08:32:41.985186","level":"info","event":"Using cached seaborn-0.13.2-py3-none-any.whl (294 kB)","logger":"airflow.utils.process_utils"}
{"timestamp":"2025-09-16T08:32:41.987469","level":"info","event":"Using cached sqlalchemy-2.0.43-cp312-cp312-manylinux_2_17_x86_64.manylinux2014_x86_64.whl (3.3 MB)","logger":"airflow.utils.process_utils"}
{"timestamp":"2025-09-16T08:32:41.994145","level":"info","event":"Using cached blinker-1.9.0-py3-none-any.whl (8.5 kB)","logger":"airflow.utils.process_utils"}
{"timestamp":"2025-09-16T08:32:41.995832","level":"info","event":"Using cached contourpy-1.3.3-cp312-cp312-manylinux_2_27_x86_64.manylinux_2_28_x86_64.whl (362 kB)","logger":"airflow.utils.process_utils"}
{"timestamp":"2025-09-16T08:32:42.000337","level":"info","event":"Using cached cramjam-2.11.0-cp312-cp312-manylinux_2_17_x86_64.manylinux2014_x86_64.whl (2.0 MB)","logger":"airflow.utils.process_utils"}
{"timestamp":"2025-09-16T08:32:42.007486","level":"info","event":"Using cached cycler-0.12.1-py3-none-any.whl (8.3 kB)","logger":"airflow.utils.process_utils"}
{"timestamp":"2025-09-16T08:32:42.009388","level":"info","event":"Using cached fonttools-4.59.2-cp312-cp312-manylinux1_x86_64.manylinux2014_x86_64.manylinux_2_17_x86_64.manylinux_2_5_x86_64.whl (4.9 MB)","logger":"airflow.utils.process_utils"}
{"timestamp":"2025-09-16T08:32:42.018538","level":"info","event":"Using cached greenlet-3.2.4-cp312-cp312-manylinux_2_24_x86_64.manylinux_2_28_x86_64.whl (607 kB)","logger":"airflow.utils.process_utils"}
{"timestamp":"2025-09-16T08:32:42.026400","level":"info","event":"Using cached itsdangerous-2.2.0-py3-none-any.whl (16 kB)","logger":"airflow.utils.process_utils"}
{"timestamp":"2025-09-16T08:32:42.026903","level":"info","event":"Using cached kiwisolver-1.4.9-cp312-cp312-manylinux2014_x86_64.manylinux_2_17_x86_64.whl (1.5 MB)","logger":"airflow.utils.process_utils"}
{"timestamp":"2025-09-16T08:32:42.030741","level":"info","event":"Using cached pillow-11.3.0-cp312-cp312-manylinux_2_27_x86_64.manylinux_2_28_x86_64.whl (6.6 MB)","logger":"airflow.utils.process_utils"}
{"timestamp":"2025-09-16T08:32:42.048086","level":"info","event":"Using cached tzdata-2025.2-py2.py3-none-any.whl (347 kB)","logger":"airflow.utils.process_utils"}
{"timestamp":"2025-09-16T08:32:42.050375","level":"info","event":"Using cached werkzeug-3.1.3-py3-none-any.whl (224 kB)","logger":"airflow.utils.process_utils"}
{"timestamp":"2025-09-16T08:32:42.052285","level":"info","event":"Using cached fsspec-2025.9.0-py3-none-any.whl (199 kB)","logger":"airflow.utils.process_utils"}
{"timestamp":"2025-09-16T08:32:42.054759","level":"info","event":"Using cached python_dotenv-1.1.1-py3-none-any.whl (20 kB)","logger":"airflow.utils.process_utils"}
{"timestamp":"2025-09-16T08:32:43.285732","level":"info","event":"Installing collected packages: py4j, docopt, werkzeug, tzdata, python-dotenv, pyspark, pyarrow, psycopg2-binary, pillow, numpy, kiwisolver, itsdangerous, hdfs, gunicorn, greenlet, fsspec, fonttools, duckdb, cycler, cramjam, blinker, sqlalchemy, pandas, flask, dotenv, contourpy, matplotlib, fastparquet, seaborn","logger":"airflow.utils.process_utils"}
{"timestamp":"2025-09-16T08:32:53.645466","level":"info","event":"  Attempting uninstall: blinker","logger":"airflow.utils.process_utils"}
{"timestamp":"2025-09-16T08:32:53.676865","level":"info","event":"    Found existing installation: blinker 1.7.0","logger":"airflow.utils.process_utils"}
{"timestamp":"2025-09-16T08:32:53.677383","level":"info","event":"    Not uninstalling blinker at /usr/lib/python3/dist-packages, outside environment /tmp/venvz8glbydn","logger":"airflow.utils.process_utils"}
{"timestamp":"2025-09-16T08:32:53.677578","level":"info","event":"    Can't uninstall 'blinker'. No files were found to uninstall.","logger":"airflow.utils.process_utils"}
{"timestamp":"2025-09-16T08:33:04.657058","level":"info","event":"Successfully installed blinker-1.9.0 contourpy-1.3.3 cramjam-2.11.0 cycler-0.12.1 docopt-0.6.2 dotenv-0.9.9 duckdb-1.3.2 fastparquet-2024.11.0 flask-3.1.2 fonttools-4.59.2 fsspec-2025.9.0 greenlet-3.2.4 gunicorn-23.0.0 hdfs-2.7.3 itsdangerous-2.2.0 kiwisolver-1.4.9 matplotlib-3.10.6 numpy-2.3.3 pandas-2.3.2 pillow-11.3.0 psycopg2-binary-2.9.10 py4j-0.10.9.7 pyarrow-21.0.0 pyspark-3.5.6 python-dotenv-1.1.1 seaborn-0.13.2 sqlalchemy-2.0.43 tzdata-2025.2 werkzeug-3.1.3","logger":"airflow.utils.process_utils"}
{"timestamp":"2025-09-16T08:33:05.510984","level":"info","event":"Executing cmd: /tmp/venvz8glbydn/bin/python /tmp/venv-callasgfurv_/script.py /tmp/venv-callasgfurv_/script.in /tmp/venv-callasgfurv_/script.out /tmp/venv-callasgfurv_/string_args.txt /tmp/venv-callasgfurv_/termination.log /tmp/venv-callasgfurv_/airflow_context.json","logger":"airflow.utils.process_utils"}
{"timestamp":"2025-09-16T08:33:05.511828","level":"info","event":"Output:","logger":"airflow.utils.process_utils"}
{"timestamp":"2025-09-16T08:33:10.070520","level":"info","event":"Setting default log level to \"WARN\".","logger":"airflow.utils.process_utils"}
{"timestamp":"2025-09-16T08:33:10.070807","level":"info","event":"To adjust logging level use sc.setLogLevel(newLevel). For SparkR, use setLogLevel(newLevel).","logger":"airflow.utils.process_utils"}
{"timestamp":"2025-09-16T08:33:10.537362","level":"info","event":"25/09/16 08:33:10 WARN NativeCodeLoader: Unable to load native-hadoop library for your platform... using builtin-java classes where applicable","logger":"airflow.utils.process_utils"}
{"timestamp":"2025-09-16T08:33:13.148413","level":"info","event":"2025-09-16 08:33:13,147 - INFO - Reading Silver data from /user/tiendat/datalake/elt/silver/ohlcs/dt=2025-09-15","logger":"airflow.utils.process_utils"}
{"timestamp":"2025-09-16T08:33:23.929499","level":"info","event":"\r[Stage 0:>                                                          (0 + 1) / 1]\r\r                                                                                \r2025-09-16 08:33:23,929 - INFO - Read 15760 rows from Silver layer for partition 2025-09-15","logger":"airflow.utils.process_utils"}
{"timestamp":"2025-09-16T08:33:23.932541","level":"info","event":"2025-09-16 08:33:23,930 - INFO - Processing data for date: 2025-09-15","logger":"airflow.utils.process_utils"}
{"timestamp":"2025-09-16T08:33:24.005209","level":"info","event":"2025-09-16 08:33:24,004 - INFO - Connected to DuckDB","logger":"airflow.utils.process_utils"}
{"timestamp":"2025-09-16T08:33:24.008147","level":"info","event":"2025-09-16 08:33:24,006 - INFO - Ensuring dim_time has entry for yesterday","logger":"airflow.utils.process_utils"}
{"timestamp":"2025-09-16T08:33:24.426010","level":"info","event":"2025-09-16 08:33:24,425 - INFO - Using time_key=1 for partition 2025-09-15","logger":"airflow.utils.process_utils"}
{"timestamp":"2025-09-16T08:33:24.433213","level":"info","event":"2025-09-16 08:33:24,432 - INFO - Fetched 20525 companies from dim_companies","logger":"airflow.utils.process_utils"}
{"timestamp":"2025-09-16T08:33:31.252792","level":"info","event":"\r[Stage 4:>                                                          (0 + 1) / 1]\r\r[Stage 4:>                  (0 + 1) / 1][Stage 5:>                  (0 + 1) / 2]\r\r[Stage 5:>                                                          (0 + 2) / 2]\r\r                                                                                \r2025-09-16 08:33:31,252 - INFO - Joined with companies. Rows before filter=15760, after filter=6086","logger":"airflow.utils.process_utils"}
{"timestamp":"2025-09-16T08:33:31.387752","level":"info","event":"2025-09-16 08:33:31,386 - INFO - Added candle_time_key column","logger":"airflow.utils.process_utils"}
{"timestamp":"2025-09-16T08:33:33.328185","level":"info","event":"2025-09-16 08:33:33,327 - INFO - Converted Spark DataFrame to Arrow Table with 6086 rows","logger":"airflow.utils.process_utils"}
{"timestamp":"2025-09-16T08:33:33.337098","level":"info","event":"2025-09-16 08:33:33,336 - INFO - Inserting into fact_candles...","logger":"airflow.utils.process_utils"}
{"timestamp":"2025-09-16T08:33:33.559042","level":"info","event":"2025-09-16 08:33:33,558 - INFO - Inserted 6086 rows into fact_candles","logger":"airflow.utils.process_utils"}
{"timestamp":"2025-09-16T08:33:33.589878","level":"info","event":"2025-09-16 08:33:33,589 - INFO - Closed DuckDB connection successfully","logger":"airflow.utils.process_utils"}
{"timestamp":"2025-09-16T08:33:33.594063","level":"info","event":"2025-09-16 08:33:33,593 - INFO - Closing down clientserver connection","logger":"airflow.utils.process_utils"}
{"timestamp":"2025-09-16T08:33:34.466418","level":"warning","event":"Fail to delete /home/tiendat/airflow/tmp/venvz8glbydn. The directory does not exist.","logger":"airflow.task.operators.airflow.providers.standard.operators.python.PythonVirtualenvOperator"}
{"timestamp":"2025-09-16T08:33:34.823548","level":"info","event":"Done. Returned value was: None","logger":"airflow.task.operators.airflow.providers.standard.operators.python.PythonVirtualenvOperator"}
