{"timestamp":"2025-09-16T01:10:37.211893","level":"info","event":"DAG bundles loaded: dags-folder","logger":"airflow.dag_processing.bundles.manager.DagBundlesManager"}
{"timestamp":"2025-09-16T01:10:37.212933","level":"info","event":"Filling up the DagBag from /home/tiendat/Pipeline-Stock-ETL/schedule/dags/etl_datawarehouse.py","logger":"airflow.models.dagbag.DagBag"}
{"timestamp":"2025-09-16T01:10:37.265893","level":"info","event":"Executing cmd: python -m venv /tmp/venvo1lu9xbc --system-site-packages","logger":"airflow.utils.process_utils"}
{"timestamp":"2025-09-16T01:10:37.266890","level":"info","event":"Output:","logger":"airflow.utils.process_utils"}
{"timestamp":"2025-09-16T01:10:41.125329","level":"info","event":"Executing cmd: /tmp/venvo1lu9xbc/bin/pip install -r /tmp/venvo1lu9xbc/requirements.txt","logger":"airflow.utils.process_utils"}
{"timestamp":"2025-09-16T01:10:41.126205","level":"info","event":"Output:","logger":"airflow.utils.process_utils"}
{"timestamp":"2025-09-16T01:10:41.814763","level":"info","event":"Collecting dotenv (from -r /tmp/venvo1lu9xbc/requirements.txt (line 1))","logger":"airflow.utils.process_utils"}
{"timestamp":"2025-09-16T01:10:41.816772","level":"info","event":"  Using cached dotenv-0.9.9-py2.py3-none-any.whl.metadata (279 bytes)","logger":"airflow.utils.process_utils"}
{"timestamp":"2025-09-16T01:10:41.994469","level":"info","event":"Collecting duckdb (from -r /tmp/venvo1lu9xbc/requirements.txt (line 2))","logger":"airflow.utils.process_utils"}
{"timestamp":"2025-09-16T01:10:41.996433","level":"info","event":"  Using cached duckdb-1.3.2-cp312-cp312-manylinux_2_27_x86_64.manylinux_2_28_x86_64.whl.metadata (7.0 kB)","logger":"airflow.utils.process_utils"}
{"timestamp":"2025-09-16T01:10:42.069348","level":"info","event":"Collecting fastparquet (from -r /tmp/venvo1lu9xbc/requirements.txt (line 3))","logger":"airflow.utils.process_utils"}
{"timestamp":"2025-09-16T01:10:42.071185","level":"info","event":"  Using cached fastparquet-2024.11.0-cp312-cp312-manylinux_2_17_x86_64.manylinux2014_x86_64.whl.metadata (4.2 kB)","logger":"airflow.utils.process_utils"}
{"timestamp":"2025-09-16T01:10:42.117823","level":"info","event":"Collecting flask (from -r /tmp/venvo1lu9xbc/requirements.txt (line 4))","logger":"airflow.utils.process_utils"}
{"timestamp":"2025-09-16T01:10:42.119509","level":"info","event":"  Using cached flask-3.1.2-py3-none-any.whl.metadata (3.2 kB)","logger":"airflow.utils.process_utils"}
{"timestamp":"2025-09-16T01:10:42.158801","level":"info","event":"Collecting gunicorn (from -r /tmp/venvo1lu9xbc/requirements.txt (line 5))","logger":"airflow.utils.process_utils"}
{"timestamp":"2025-09-16T01:10:42.160470","level":"info","event":"  Using cached gunicorn-23.0.0-py3-none-any.whl.metadata (4.4 kB)","logger":"airflow.utils.process_utils"}
{"timestamp":"2025-09-16T01:10:42.202675","level":"info","event":"Collecting hdfs (from -r /tmp/venvo1lu9xbc/requirements.txt (line 6))","logger":"airflow.utils.process_utils"}
{"timestamp":"2025-09-16T01:10:42.202912","level":"info","event":"  Using cached hdfs-2.7.3-py3-none-any.whl","logger":"airflow.utils.process_utils"}
{"timestamp":"2025-09-16T01:10:42.382153","level":"info","event":"Collecting matplotlib (from -r /tmp/venvo1lu9xbc/requirements.txt (line 7))","logger":"airflow.utils.process_utils"}
{"timestamp":"2025-09-16T01:10:42.384699","level":"info","event":"  Using cached matplotlib-3.10.6-cp312-cp312-manylinux2014_x86_64.manylinux_2_17_x86_64.whl.metadata (11 kB)","logger":"airflow.utils.process_utils"}
{"timestamp":"2025-09-16T01:10:42.649717","level":"info","event":"Collecting numpy (from -r /tmp/venvo1lu9xbc/requirements.txt (line 8))","logger":"airflow.utils.process_utils"}
{"timestamp":"2025-09-16T01:10:42.650064","level":"info","event":"  Using cached numpy-2.3.3-cp312-cp312-manylinux_2_27_x86_64.manylinux_2_28_x86_64.whl.metadata (62 kB)","logger":"airflow.utils.process_utils"}
{"timestamp":"2025-09-16T01:10:42.834470","level":"info","event":"Collecting pandas (from -r /tmp/venvo1lu9xbc/requirements.txt (line 9))","logger":"airflow.utils.process_utils"}
{"timestamp":"2025-09-16T01:10:42.836327","level":"info","event":"  Using cached pandas-2.3.2-cp312-cp312-manylinux_2_17_x86_64.manylinux2014_x86_64.whl.metadata (91 kB)","logger":"airflow.utils.process_utils"}
{"timestamp":"2025-09-16T01:10:43.004746","level":"info","event":"Collecting psycopg2-binary (from -r /tmp/venvo1lu9xbc/requirements.txt (line 10))","logger":"airflow.utils.process_utils"}
{"timestamp":"2025-09-16T01:10:43.006560","level":"info","event":"  Using cached psycopg2_binary-2.9.10-cp312-cp312-manylinux_2_17_x86_64.manylinux2014_x86_64.whl.metadata (4.9 kB)","logger":"airflow.utils.process_utils"}
{"timestamp":"2025-09-16T01:10:43.132055","level":"info","event":"Collecting pyarrow (from -r /tmp/venvo1lu9xbc/requirements.txt (line 11))","logger":"airflow.utils.process_utils"}
{"timestamp":"2025-09-16T01:10:43.133854","level":"info","event":"  Using cached pyarrow-21.0.0-cp312-cp312-manylinux_2_28_x86_64.whl.metadata (3.3 kB)","logger":"airflow.utils.process_utils"}
{"timestamp":"2025-09-16T01:10:43.171594","level":"info","event":"Collecting pyspark==3.5.6 (from -r /tmp/venvo1lu9xbc/requirements.txt (line 12))","logger":"airflow.utils.process_utils"}
{"timestamp":"2025-09-16T01:10:43.171896","level":"info","event":"  Using cached pyspark-3.5.6-py2.py3-none-any.whl","logger":"airflow.utils.process_utils"}
{"timestamp":"2025-09-16T01:10:43.178970","level":"info","event":"Requirement already satisfied: requests in /usr/lib/python3/dist-packages (from -r /tmp/venvo1lu9xbc/requirements.txt (line 13)) (2.31.0)","logger":"airflow.utils.process_utils"}
{"timestamp":"2025-09-16T01:10:43.213889","level":"info","event":"Collecting seaborn (from -r /tmp/venvo1lu9xbc/requirements.txt (line 14))","logger":"airflow.utils.process_utils"}
{"timestamp":"2025-09-16T01:10:43.215993","level":"info","event":"  Using cached seaborn-0.13.2-py3-none-any.whl.metadata (5.4 kB)","logger":"airflow.utils.process_utils"}
{"timestamp":"2025-09-16T01:10:43.585853","level":"info","event":"Collecting sqlalchemy (from -r /tmp/venvo1lu9xbc/requirements.txt (line 15))","logger":"airflow.utils.process_utils"}
{"timestamp":"2025-09-16T01:10:43.587697","level":"info","event":"  Using cached sqlalchemy-2.0.43-cp312-cp312-manylinux_2_17_x86_64.manylinux2014_x86_64.whl.metadata (9.6 kB)","logger":"airflow.utils.process_utils"}
{"timestamp":"2025-09-16T01:10:43.634360","level":"info","event":"Collecting py4j==0.10.9.7 (from pyspark==3.5.6->-r /tmp/venvo1lu9xbc/requirements.txt (line 12))","logger":"airflow.utils.process_utils"}
{"timestamp":"2025-09-16T01:10:43.636096","level":"info","event":"  Using cached py4j-0.10.9.7-py2.py3-none-any.whl.metadata (1.5 kB)","logger":"airflow.utils.process_utils"}
{"timestamp":"2025-09-16T01:10:43.691977","level":"info","event":"Collecting python-dotenv (from dotenv->-r /tmp/venvo1lu9xbc/requirements.txt (line 1))","logger":"airflow.utils.process_utils"}
{"timestamp":"2025-09-16T01:10:43.694743","level":"info","event":"  Using cached python_dotenv-1.1.1-py3-none-any.whl.metadata (24 kB)","logger":"airflow.utils.process_utils"}
{"timestamp":"2025-09-16T01:10:43.942990","level":"info","event":"Collecting cramjam>=2.3 (from fastparquet->-r /tmp/venvo1lu9xbc/requirements.txt (line 3))","logger":"airflow.utils.process_utils"}
{"timestamp":"2025-09-16T01:10:43.945026","level":"info","event":"  Using cached cramjam-2.11.0-cp312-cp312-manylinux_2_17_x86_64.manylinux2014_x86_64.whl.metadata (5.6 kB)","logger":"airflow.utils.process_utils"}
{"timestamp":"2025-09-16T01:10:44.078606","level":"info","event":"Collecting fsspec (from fastparquet->-r /tmp/venvo1lu9xbc/requirements.txt (line 3))","logger":"airflow.utils.process_utils"}
{"timestamp":"2025-09-16T01:10:44.080841","level":"info","event":"  Using cached fsspec-2025.9.0-py3-none-any.whl.metadata (10 kB)","logger":"airflow.utils.process_utils"}
{"timestamp":"2025-09-16T01:10:44.085224","level":"info","event":"Requirement already satisfied: packaging in /usr/lib/python3/dist-packages (from fastparquet->-r /tmp/venvo1lu9xbc/requirements.txt (line 3)) (24.0)","logger":"airflow.utils.process_utils"}
{"timestamp":"2025-09-16T01:10:44.121677","level":"info","event":"Collecting blinker>=1.9.0 (from flask->-r /tmp/venvo1lu9xbc/requirements.txt (line 4))","logger":"airflow.utils.process_utils"}
{"timestamp":"2025-09-16T01:10:44.123341","level":"info","event":"  Using cached blinker-1.9.0-py3-none-any.whl.metadata (1.6 kB)","logger":"airflow.utils.process_utils"}
{"timestamp":"2025-09-16T01:10:44.126310","level":"info","event":"Requirement already satisfied: click>=8.1.3 in /usr/lib/python3/dist-packages (from flask->-r /tmp/venvo1lu9xbc/requirements.txt (line 4)) (8.1.6)","logger":"airflow.utils.process_utils"}
{"timestamp":"2025-09-16T01:10:44.160319","level":"info","event":"Collecting itsdangerous>=2.2.0 (from flask->-r /tmp/venvo1lu9xbc/requirements.txt (line 4))","logger":"airflow.utils.process_utils"}
{"timestamp":"2025-09-16T01:10:44.162049","level":"info","event":"  Using cached itsdangerous-2.2.0-py3-none-any.whl.metadata (1.9 kB)","logger":"airflow.utils.process_utils"}
{"timestamp":"2025-09-16T01:10:44.165129","level":"info","event":"Requirement already satisfied: jinja2>=3.1.2 in /usr/lib/python3/dist-packages (from flask->-r /tmp/venvo1lu9xbc/requirements.txt (line 4)) (3.1.2)","logger":"airflow.utils.process_utils"}
{"timestamp":"2025-09-16T01:10:44.166693","level":"info","event":"Requirement already satisfied: markupsafe>=2.1.1 in /usr/lib/python3/dist-packages (from flask->-r /tmp/venvo1lu9xbc/requirements.txt (line 4)) (2.1.5)","logger":"airflow.utils.process_utils"}
{"timestamp":"2025-09-16T01:10:44.216689","level":"info","event":"Collecting werkzeug>=3.1.0 (from flask->-r /tmp/venvo1lu9xbc/requirements.txt (line 4))","logger":"airflow.utils.process_utils"}
{"timestamp":"2025-09-16T01:10:44.218565","level":"info","event":"  Using cached werkzeug-3.1.3-py3-none-any.whl.metadata (3.7 kB)","logger":"airflow.utils.process_utils"}
{"timestamp":"2025-09-16T01:10:44.261692","level":"info","event":"Collecting docopt (from hdfs->-r /tmp/venvo1lu9xbc/requirements.txt (line 6))","logger":"airflow.utils.process_utils"}
{"timestamp":"2025-09-16T01:10:44.261948","level":"info","event":"  Using cached docopt-0.6.2-py2.py3-none-any.whl","logger":"airflow.utils.process_utils"}
{"timestamp":"2025-09-16T01:10:44.265412","level":"info","event":"Requirement already satisfied: six>=1.9.0 in /usr/lib/python3/dist-packages (from hdfs->-r /tmp/venvo1lu9xbc/requirements.txt (line 6)) (1.16.0)","logger":"airflow.utils.process_utils"}
{"timestamp":"2025-09-16T01:10:44.377559","level":"info","event":"Collecting contourpy>=1.0.1 (from matplotlib->-r /tmp/venvo1lu9xbc/requirements.txt (line 7))","logger":"airflow.utils.process_utils"}
{"timestamp":"2025-09-16T01:10:44.379470","level":"info","event":"  Using cached contourpy-1.3.3-cp312-cp312-manylinux_2_27_x86_64.manylinux_2_28_x86_64.whl.metadata (5.5 kB)","logger":"airflow.utils.process_utils"}
{"timestamp":"2025-09-16T01:10:44.410118","level":"info","event":"Collecting cycler>=0.10 (from matplotlib->-r /tmp/venvo1lu9xbc/requirements.txt (line 7))","logger":"airflow.utils.process_utils"}
{"timestamp":"2025-09-16T01:10:44.411893","level":"info","event":"  Using cached cycler-0.12.1-py3-none-any.whl.metadata (3.8 kB)","logger":"airflow.utils.process_utils"}
{"timestamp":"2025-09-16T01:10:44.616818","level":"info","event":"Collecting fonttools>=4.22.0 (from matplotlib->-r /tmp/venvo1lu9xbc/requirements.txt (line 7))","logger":"airflow.utils.process_utils"}
{"timestamp":"2025-09-16T01:10:44.618649","level":"info","event":"  Using cached fonttools-4.59.2-cp312-cp312-manylinux1_x86_64.manylinux2014_x86_64.manylinux_2_17_x86_64.manylinux_2_5_x86_64.whl.metadata (109 kB)","logger":"airflow.utils.process_utils"}
{"timestamp":"2025-09-16T01:10:44.722059","level":"info","event":"Collecting kiwisolver>=1.3.1 (from matplotlib->-r /tmp/venvo1lu9xbc/requirements.txt (line 7))","logger":"airflow.utils.process_utils"}
{"timestamp":"2025-09-16T01:10:44.723891","level":"info","event":"  Using cached kiwisolver-1.4.9-cp312-cp312-manylinux2014_x86_64.manylinux_2_17_x86_64.whl.metadata (6.3 kB)","logger":"airflow.utils.process_utils"}
{"timestamp":"2025-09-16T01:10:44.959691","level":"info","event":"Collecting pillow>=8 (from matplotlib->-r /tmp/venvo1lu9xbc/requirements.txt (line 7))","logger":"airflow.utils.process_utils"}
{"timestamp":"2025-09-16T01:10:44.960833","level":"info","event":"  Using cached pillow-11.3.0-cp312-cp312-manylinux_2_27_x86_64.manylinux_2_28_x86_64.whl.metadata (9.0 kB)","logger":"airflow.utils.process_utils"}
{"timestamp":"2025-09-16T01:10:44.965955","level":"info","event":"Requirement already satisfied: pyparsing>=2.3.1 in /usr/lib/python3/dist-packages (from matplotlib->-r /tmp/venvo1lu9xbc/requirements.txt (line 7)) (3.1.1)","logger":"airflow.utils.process_utils"}
{"timestamp":"2025-09-16T01:10:44.968573","level":"info","event":"Requirement already satisfied: python-dateutil>=2.7 in /usr/lib/python3/dist-packages (from matplotlib->-r /tmp/venvo1lu9xbc/requirements.txt (line 7)) (2.8.2)","logger":"airflow.utils.process_utils"}
{"timestamp":"2025-09-16T01:10:45.160977","level":"info","event":"Requirement already satisfied: pytz>=2020.1 in /usr/lib/python3/dist-packages (from pandas->-r /tmp/venvo1lu9xbc/requirements.txt (line 9)) (2024.1)","logger":"airflow.utils.process_utils"}
{"timestamp":"2025-09-16T01:10:45.195123","level":"info","event":"Collecting tzdata>=2022.7 (from pandas->-r /tmp/venvo1lu9xbc/requirements.txt (line 9))","logger":"airflow.utils.process_utils"}
{"timestamp":"2025-09-16T01:10:45.196777","level":"info","event":"  Using cached tzdata-2025.2-py2.py3-none-any.whl.metadata (1.4 kB)","logger":"airflow.utils.process_utils"}
{"timestamp":"2025-09-16T01:10:45.450383","level":"info","event":"Collecting greenlet>=1 (from sqlalchemy->-r /tmp/venvo1lu9xbc/requirements.txt (line 15))","logger":"airflow.utils.process_utils"}
{"timestamp":"2025-09-16T01:10:45.452217","level":"info","event":"  Using cached greenlet-3.2.4-cp312-cp312-manylinux_2_24_x86_64.manylinux_2_28_x86_64.whl.metadata (4.1 kB)","logger":"airflow.utils.process_utils"}
{"timestamp":"2025-09-16T01:10:45.455477","level":"info","event":"Requirement already satisfied: typing-extensions>=4.6.0 in /usr/lib/python3/dist-packages (from sqlalchemy->-r /tmp/venvo1lu9xbc/requirements.txt (line 15)) (4.10.0)","logger":"airflow.utils.process_utils"}
{"timestamp":"2025-09-16T01:10:45.655597","level":"info","event":"Using cached py4j-0.10.9.7-py2.py3-none-any.whl (200 kB)","logger":"airflow.utils.process_utils"}
{"timestamp":"2025-09-16T01:10:45.657858","level":"info","event":"Using cached dotenv-0.9.9-py2.py3-none-any.whl (1.9 kB)","logger":"airflow.utils.process_utils"}
{"timestamp":"2025-09-16T01:10:45.659751","level":"info","event":"Using cached duckdb-1.3.2-cp312-cp312-manylinux_2_27_x86_64.manylinux_2_28_x86_64.whl (21.1 MB)","logger":"airflow.utils.process_utils"}
{"timestamp":"2025-09-16T01:10:45.693772","level":"info","event":"Using cached fastparquet-2024.11.0-cp312-cp312-manylinux_2_17_x86_64.manylinux2014_x86_64.whl (1.8 MB)","logger":"airflow.utils.process_utils"}
{"timestamp":"2025-09-16T01:10:45.699807","level":"info","event":"Using cached flask-3.1.2-py3-none-any.whl (103 kB)","logger":"airflow.utils.process_utils"}
{"timestamp":"2025-09-16T01:10:45.701498","level":"info","event":"Using cached gunicorn-23.0.0-py3-none-any.whl (85 kB)","logger":"airflow.utils.process_utils"}
{"timestamp":"2025-09-16T01:10:45.703088","level":"info","event":"Using cached matplotlib-3.10.6-cp312-cp312-manylinux2014_x86_64.manylinux_2_17_x86_64.whl (8.7 MB)","logger":"airflow.utils.process_utils"}
{"timestamp":"2025-09-16T01:10:45.718109","level":"info","event":"Using cached numpy-2.3.3-cp312-cp312-manylinux_2_27_x86_64.manylinux_2_28_x86_64.whl (16.6 MB)","logger":"airflow.utils.process_utils"}
{"timestamp":"2025-09-16T01:10:45.744695","level":"info","event":"Using cached pandas-2.3.2-cp312-cp312-manylinux_2_17_x86_64.manylinux2014_x86_64.whl (12.0 MB)","logger":"airflow.utils.process_utils"}
{"timestamp":"2025-09-16T01:10:45.764461","level":"info","event":"Using cached psycopg2_binary-2.9.10-cp312-cp312-manylinux_2_17_x86_64.manylinux2014_x86_64.whl (3.0 MB)","logger":"airflow.utils.process_utils"}
{"timestamp":"2025-09-16T01:10:45.770693","level":"info","event":"Using cached pyarrow-21.0.0-cp312-cp312-manylinux_2_28_x86_64.whl (42.8 MB)","logger":"airflow.utils.process_utils"}
{"timestamp":"2025-09-16T01:10:45.837441","level":"info","event":"Using cached seaborn-0.13.2-py3-none-any.whl (294 kB)","logger":"airflow.utils.process_utils"}
{"timestamp":"2025-09-16T01:10:45.839751","level":"info","event":"Using cached sqlalchemy-2.0.43-cp312-cp312-manylinux_2_17_x86_64.manylinux2014_x86_64.whl (3.3 MB)","logger":"airflow.utils.process_utils"}
{"timestamp":"2025-09-16T01:10:45.846674","level":"info","event":"Using cached blinker-1.9.0-py3-none-any.whl (8.5 kB)","logger":"airflow.utils.process_utils"}
{"timestamp":"2025-09-16T01:10:45.848345","level":"info","event":"Using cached contourpy-1.3.3-cp312-cp312-manylinux_2_27_x86_64.manylinux_2_28_x86_64.whl (362 kB)","logger":"airflow.utils.process_utils"}
{"timestamp":"2025-09-16T01:10:45.850502","level":"info","event":"Using cached cramjam-2.11.0-cp312-cp312-manylinux_2_17_x86_64.manylinux2014_x86_64.whl (2.0 MB)","logger":"airflow.utils.process_utils"}
{"timestamp":"2025-09-16T01:10:45.855102","level":"info","event":"Using cached cycler-0.12.1-py3-none-any.whl (8.3 kB)","logger":"airflow.utils.process_utils"}
{"timestamp":"2025-09-16T01:10:45.856736","level":"info","event":"Using cached fonttools-4.59.2-cp312-cp312-manylinux1_x86_64.manylinux2014_x86_64.manylinux_2_17_x86_64.manylinux_2_5_x86_64.whl (4.9 MB)","logger":"airflow.utils.process_utils"}
{"timestamp":"2025-09-16T01:10:45.866172","level":"info","event":"Using cached greenlet-3.2.4-cp312-cp312-manylinux_2_24_x86_64.manylinux_2_28_x86_64.whl (607 kB)","logger":"airflow.utils.process_utils"}
{"timestamp":"2025-09-16T01:10:45.868881","level":"info","event":"Using cached itsdangerous-2.2.0-py3-none-any.whl (16 kB)","logger":"airflow.utils.process_utils"}
{"timestamp":"2025-09-16T01:10:45.870545","level":"info","event":"Using cached kiwisolver-1.4.9-cp312-cp312-manylinux2014_x86_64.manylinux_2_17_x86_64.whl (1.5 MB)","logger":"airflow.utils.process_utils"}
{"timestamp":"2025-09-16T01:10:45.875105","level":"info","event":"Using cached pillow-11.3.0-cp312-cp312-manylinux_2_27_x86_64.manylinux_2_28_x86_64.whl (6.6 MB)","logger":"airflow.utils.process_utils"}
{"timestamp":"2025-09-16T01:10:45.887439","level":"info","event":"Using cached tzdata-2025.2-py2.py3-none-any.whl (347 kB)","logger":"airflow.utils.process_utils"}
{"timestamp":"2025-09-16T01:10:45.889631","level":"info","event":"Using cached werkzeug-3.1.3-py3-none-any.whl (224 kB)","logger":"airflow.utils.process_utils"}
{"timestamp":"2025-09-16T01:10:45.891448","level":"info","event":"Using cached fsspec-2025.9.0-py3-none-any.whl (199 kB)","logger":"airflow.utils.process_utils"}
{"timestamp":"2025-09-16T01:10:45.893107","level":"info","event":"Using cached python_dotenv-1.1.1-py3-none-any.whl (20 kB)","logger":"airflow.utils.process_utils"}
{"timestamp":"2025-09-16T01:10:46.983857","level":"info","event":"Installing collected packages: py4j, docopt, werkzeug, tzdata, python-dotenv, pyspark, pyarrow, psycopg2-binary, pillow, numpy, kiwisolver, itsdangerous, hdfs, gunicorn, greenlet, fsspec, fonttools, duckdb, cycler, cramjam, blinker, sqlalchemy, pandas, flask, dotenv, contourpy, matplotlib, fastparquet, seaborn","logger":"airflow.utils.process_utils"}
{"timestamp":"2025-09-16T01:10:57.708392","level":"info","event":"  Attempting uninstall: blinker","logger":"airflow.utils.process_utils"}
{"timestamp":"2025-09-16T01:10:57.730868","level":"info","event":"    Found existing installation: blinker 1.7.0","logger":"airflow.utils.process_utils"}
{"timestamp":"2025-09-16T01:10:57.731343","level":"info","event":"    Not uninstalling blinker at /usr/lib/python3/dist-packages, outside environment /tmp/venvo1lu9xbc","logger":"airflow.utils.process_utils"}
{"timestamp":"2025-09-16T01:10:57.731987","level":"info","event":"    Can't uninstall 'blinker'. No files were found to uninstall.","logger":"airflow.utils.process_utils"}
{"timestamp":"2025-09-16T01:11:08.356192","level":"info","event":"Successfully installed blinker-1.9.0 contourpy-1.3.3 cramjam-2.11.0 cycler-0.12.1 docopt-0.6.2 dotenv-0.9.9 duckdb-1.3.2 fastparquet-2024.11.0 flask-3.1.2 fonttools-4.59.2 fsspec-2025.9.0 greenlet-3.2.4 gunicorn-23.0.0 hdfs-2.7.3 itsdangerous-2.2.0 kiwisolver-1.4.9 matplotlib-3.10.6 numpy-2.3.3 pandas-2.3.2 pillow-11.3.0 psycopg2-binary-2.9.10 py4j-0.10.9.7 pyarrow-21.0.0 pyspark-3.5.6 python-dotenv-1.1.1 seaborn-0.13.2 sqlalchemy-2.0.43 tzdata-2025.2 werkzeug-3.1.3","logger":"airflow.utils.process_utils"}
{"timestamp":"2025-09-16T01:11:09.401593","level":"info","event":"Executing cmd: /tmp/venvo1lu9xbc/bin/python /tmp/venv-callk0qw2bfq/script.py /tmp/venv-callk0qw2bfq/script.in /tmp/venv-callk0qw2bfq/script.out /tmp/venv-callk0qw2bfq/string_args.txt /tmp/venv-callk0qw2bfq/termination.log /tmp/venv-callk0qw2bfq/airflow_context.json","logger":"airflow.utils.process_utils"}
{"timestamp":"2025-09-16T01:11:09.402342","level":"info","event":"Output:","logger":"airflow.utils.process_utils"}
{"timestamp":"2025-09-16T01:11:13.074245","level":"info","event":"Setting default log level to \"WARN\".","logger":"airflow.utils.process_utils"}
{"timestamp":"2025-09-16T01:11:13.074647","level":"info","event":"To adjust logging level use sc.setLogLevel(newLevel). For SparkR, use setLogLevel(newLevel).","logger":"airflow.utils.process_utils"}
{"timestamp":"2025-09-16T01:11:13.405804","level":"info","event":"25/09/16 01:11:13 WARN NativeCodeLoader: Unable to load native-hadoop library for your platform... using builtin-java classes where applicable","logger":"airflow.utils.process_utils"}
{"timestamp":"2025-09-16T01:11:16.054481","level":"info","event":"2025-09-16 01:11:16,053 - INFO - Reading Silver data from /user/tiendat/datalake/elt/silver/ohlcs/dt=2025-09-15","logger":"airflow.utils.process_utils"}
{"timestamp":"2025-09-16T01:11:18.834377","level":"info","event":"2025-09-16 01:11:18,833 - ERROR - Failed to read data from Silver layer: [PATH_NOT_FOUND] Path does not exist: hdfs://localhost:9000/user/tiendat/datalake/elt/silver/ohlcs/dt=2025-09-15.","logger":"airflow.utils.process_utils"}
{"timestamp":"2025-09-16T01:11:18.836369","level":"info","event":"2025-09-16 01:11:18,833 - WARNING - No data returned from Silver layer. Nothing loaded to DuckDB.","logger":"airflow.utils.process_utils"}
{"timestamp":"2025-09-16T01:11:18.836624","level":"info","event":"2025-09-16 01:11:18,834 - INFO - Closing down clientserver connection","logger":"airflow.utils.process_utils"}
{"timestamp":"2025-09-16T01:11:19.533090","level":"warning","event":"Fail to delete /home/tiendat/airflow/tmp/venvo1lu9xbc. The directory does not exist.","logger":"airflow.task.operators.airflow.providers.standard.operators.python.PythonVirtualenvOperator"}
{"timestamp":"2025-09-16T01:11:19.878895","level":"info","event":"Done. Returned value was: None","logger":"airflow.task.operators.airflow.providers.standard.operators.python.PythonVirtualenvOperator"}
