{"timestamp":"2025-09-14T11:11:28.716912","level":"info","event":"DAG bundles loaded: dags-folder","logger":"airflow.dag_processing.bundles.manager.DagBundlesManager"}
{"timestamp":"2025-09-14T11:11:28.717784","level":"info","event":"Filling up the DagBag from /home/tiendat/Pipeline-Stock-ETL/schedule/dags/etl_source_database.py","logger":"airflow.models.dagbag.DagBag"}
{"timestamp":"2025-09-14T11:11:28.789740","level":"info","event":"Executing cmd: python -m venv /tmp/venvp3wvlwym","logger":"airflow.utils.process_utils"}
{"timestamp":"2025-09-14T11:11:28.790926","level":"info","event":"Output:","logger":"airflow.utils.process_utils"}
{"timestamp":"2025-09-14T11:11:32.415366","level":"info","event":"Executing cmd: /tmp/venvp3wvlwym/bin/pip install -r /tmp/venvp3wvlwym/requirements.txt","logger":"airflow.utils.process_utils"}
{"timestamp":"2025-09-14T11:11:32.416162","level":"info","event":"Output:","logger":"airflow.utils.process_utils"}
{"timestamp":"2025-09-14T11:11:32.887002","level":"info","event":"Collecting dotenv (from -r /tmp/venvp3wvlwym/requirements.txt (line 1))","logger":"airflow.utils.process_utils"}
{"timestamp":"2025-09-14T11:11:32.888737","level":"info","event":"  Using cached dotenv-0.9.9-py2.py3-none-any.whl.metadata (279 bytes)","logger":"airflow.utils.process_utils"}
{"timestamp":"2025-09-14T11:11:33.056775","level":"info","event":"Collecting duckdb (from -r /tmp/venvp3wvlwym/requirements.txt (line 2))","logger":"airflow.utils.process_utils"}
{"timestamp":"2025-09-14T11:11:33.058402","level":"info","event":"  Using cached duckdb-1.3.2-cp312-cp312-manylinux_2_27_x86_64.manylinux_2_28_x86_64.whl.metadata (7.0 kB)","logger":"airflow.utils.process_utils"}
{"timestamp":"2025-09-14T11:11:33.126835","level":"info","event":"Collecting fastparquet (from -r /tmp/venvp3wvlwym/requirements.txt (line 3))","logger":"airflow.utils.process_utils"}
{"timestamp":"2025-09-14T11:11:33.128487","level":"info","event":"  Using cached fastparquet-2024.11.0-cp312-cp312-manylinux_2_17_x86_64.manylinux2014_x86_64.whl.metadata (4.2 kB)","logger":"airflow.utils.process_utils"}
{"timestamp":"2025-09-14T11:11:33.166026","level":"info","event":"Collecting flask (from -r /tmp/venvp3wvlwym/requirements.txt (line 4))","logger":"airflow.utils.process_utils"}
{"timestamp":"2025-09-14T11:11:33.167607","level":"info","event":"  Using cached flask-3.1.2-py3-none-any.whl.metadata (3.2 kB)","logger":"airflow.utils.process_utils"}
{"timestamp":"2025-09-14T11:11:33.202832","level":"info","event":"Collecting gunicorn (from -r /tmp/venvp3wvlwym/requirements.txt (line 5))","logger":"airflow.utils.process_utils"}
{"timestamp":"2025-09-14T11:11:33.204479","level":"info","event":"  Using cached gunicorn-23.0.0-py3-none-any.whl.metadata (4.4 kB)","logger":"airflow.utils.process_utils"}
{"timestamp":"2025-09-14T11:11:33.235230","level":"info","event":"Collecting hdfs (from -r /tmp/venvp3wvlwym/requirements.txt (line 6))","logger":"airflow.utils.process_utils"}
{"timestamp":"2025-09-14T11:11:33.235472","level":"info","event":"  Using cached hdfs-2.7.3-py3-none-any.whl","logger":"airflow.utils.process_utils"}
{"timestamp":"2025-09-14T11:11:33.406742","level":"info","event":"Collecting matplotlib (from -r /tmp/venvp3wvlwym/requirements.txt (line 7))","logger":"airflow.utils.process_utils"}
{"timestamp":"2025-09-14T11:11:33.408380","level":"info","event":"  Using cached matplotlib-3.10.6-cp312-cp312-manylinux2014_x86_64.manylinux_2_17_x86_64.whl.metadata (11 kB)","logger":"airflow.utils.process_utils"}
{"timestamp":"2025-09-14T11:11:33.639179","level":"info","event":"Collecting numpy (from -r /tmp/venvp3wvlwym/requirements.txt (line 8))","logger":"airflow.utils.process_utils"}
{"timestamp":"2025-09-14T11:11:33.640850","level":"info","event":"  Using cached numpy-2.3.3-cp312-cp312-manylinux_2_27_x86_64.manylinux_2_28_x86_64.whl.metadata (62 kB)","logger":"airflow.utils.process_utils"}
{"timestamp":"2025-09-14T11:11:33.818327","level":"info","event":"Collecting pandas (from -r /tmp/venvp3wvlwym/requirements.txt (line 9))","logger":"airflow.utils.process_utils"}
{"timestamp":"2025-09-14T11:11:33.821295","level":"info","event":"  Using cached pandas-2.3.2-cp312-cp312-manylinux_2_17_x86_64.manylinux2014_x86_64.whl.metadata (91 kB)","logger":"airflow.utils.process_utils"}
{"timestamp":"2025-09-14T11:11:33.978263","level":"info","event":"Collecting psycopg2-binary (from -r /tmp/venvp3wvlwym/requirements.txt (line 10))","logger":"airflow.utils.process_utils"}
{"timestamp":"2025-09-14T11:11:33.979891","level":"info","event":"  Using cached psycopg2_binary-2.9.10-cp312-cp312-manylinux_2_17_x86_64.manylinux2014_x86_64.whl.metadata (4.9 kB)","logger":"airflow.utils.process_utils"}
{"timestamp":"2025-09-14T11:11:34.086267","level":"info","event":"Collecting pyarrow (from -r /tmp/venvp3wvlwym/requirements.txt (line 11))","logger":"airflow.utils.process_utils"}
{"timestamp":"2025-09-14T11:11:34.087810","level":"info","event":"  Using cached pyarrow-21.0.0-cp312-cp312-manylinux_2_28_x86_64.whl.metadata (3.3 kB)","logger":"airflow.utils.process_utils"}
{"timestamp":"2025-09-14T11:11:34.135754","level":"info","event":"Collecting requests (from -r /tmp/venvp3wvlwym/requirements.txt (line 12))","logger":"airflow.utils.process_utils"}
{"timestamp":"2025-09-14T11:11:34.137343","level":"info","event":"  Using cached requests-2.32.5-py3-none-any.whl.metadata (4.9 kB)","logger":"airflow.utils.process_utils"}
{"timestamp":"2025-09-14T11:11:34.168365","level":"info","event":"Collecting seaborn (from -r /tmp/venvp3wvlwym/requirements.txt (line 13))","logger":"airflow.utils.process_utils"}
{"timestamp":"2025-09-14T11:11:34.169909","level":"info","event":"  Using cached seaborn-0.13.2-py3-none-any.whl.metadata (5.4 kB)","logger":"airflow.utils.process_utils"}
{"timestamp":"2025-09-14T11:11:34.516762","level":"info","event":"Collecting sqlalchemy (from -r /tmp/venvp3wvlwym/requirements.txt (line 14))","logger":"airflow.utils.process_utils"}
{"timestamp":"2025-09-14T11:11:34.518381","level":"info","event":"  Using cached sqlalchemy-2.0.43-cp312-cp312-manylinux_2_17_x86_64.manylinux2014_x86_64.whl.metadata (9.6 kB)","logger":"airflow.utils.process_utils"}
{"timestamp":"2025-09-14T11:11:34.553246","level":"info","event":"Collecting python-dotenv (from dotenv->-r /tmp/venvp3wvlwym/requirements.txt (line 1))","logger":"airflow.utils.process_utils"}
{"timestamp":"2025-09-14T11:11:34.554788","level":"info","event":"  Using cached python_dotenv-1.1.1-py3-none-any.whl.metadata (24 kB)","logger":"airflow.utils.process_utils"}
{"timestamp":"2025-09-14T11:11:34.789152","level":"info","event":"Collecting cramjam>=2.3 (from fastparquet->-r /tmp/venvp3wvlwym/requirements.txt (line 3))","logger":"airflow.utils.process_utils"}
{"timestamp":"2025-09-14T11:11:34.790805","level":"info","event":"  Using cached cramjam-2.11.0-cp312-cp312-manylinux_2_17_x86_64.manylinux2014_x86_64.whl.metadata (5.6 kB)","logger":"airflow.utils.process_utils"}
{"timestamp":"2025-09-14T11:11:34.838213","level":"info","event":"Collecting fsspec (from fastparquet->-r /tmp/venvp3wvlwym/requirements.txt (line 3))","logger":"airflow.utils.process_utils"}
{"timestamp":"2025-09-14T11:11:34.839735","level":"info","event":"  Using cached fsspec-2025.9.0-py3-none-any.whl.metadata (10 kB)","logger":"airflow.utils.process_utils"}
{"timestamp":"2025-09-14T11:11:34.879278","level":"info","event":"Collecting packaging (from fastparquet->-r /tmp/venvp3wvlwym/requirements.txt (line 3))","logger":"airflow.utils.process_utils"}
{"timestamp":"2025-09-14T11:11:34.880894","level":"info","event":"  Using cached packaging-25.0-py3-none-any.whl.metadata (3.3 kB)","logger":"airflow.utils.process_utils"}
{"timestamp":"2025-09-14T11:11:34.923896","level":"info","event":"Collecting blinker>=1.9.0 (from flask->-r /tmp/venvp3wvlwym/requirements.txt (line 4))","logger":"airflow.utils.process_utils"}
{"timestamp":"2025-09-14T11:11:34.926305","level":"info","event":"  Using cached blinker-1.9.0-py3-none-any.whl.metadata (1.6 kB)","logger":"airflow.utils.process_utils"}
{"timestamp":"2025-09-14T11:11:35.025733","level":"info","event":"Collecting click>=8.1.3 (from flask->-r /tmp/venvp3wvlwym/requirements.txt (line 4))","logger":"airflow.utils.process_utils"}
{"timestamp":"2025-09-14T11:11:35.027260","level":"info","event":"  Using cached click-8.2.1-py3-none-any.whl.metadata (2.5 kB)","logger":"airflow.utils.process_utils"}
{"timestamp":"2025-09-14T11:11:35.062908","level":"info","event":"Collecting itsdangerous>=2.2.0 (from flask->-r /tmp/venvp3wvlwym/requirements.txt (line 4))","logger":"airflow.utils.process_utils"}
{"timestamp":"2025-09-14T11:11:35.064259","level":"info","event":"  Using cached itsdangerous-2.2.0-py3-none-any.whl.metadata (1.9 kB)","logger":"airflow.utils.process_utils"}
{"timestamp":"2025-09-14T11:11:35.099600","level":"info","event":"Collecting jinja2>=3.1.2 (from flask->-r /tmp/venvp3wvlwym/requirements.txt (line 4))","logger":"airflow.utils.process_utils"}
{"timestamp":"2025-09-14T11:11:35.101166","level":"info","event":"  Using cached jinja2-3.1.6-py3-none-any.whl.metadata (2.9 kB)","logger":"airflow.utils.process_utils"}
{"timestamp":"2025-09-14T11:11:35.183055","level":"info","event":"Collecting markupsafe>=2.1.1 (from flask->-r /tmp/venvp3wvlwym/requirements.txt (line 4))","logger":"airflow.utils.process_utils"}
{"timestamp":"2025-09-14T11:11:35.184683","level":"info","event":"  Using cached MarkupSafe-3.0.2-cp312-cp312-manylinux_2_17_x86_64.manylinux2014_x86_64.whl.metadata (4.0 kB)","logger":"airflow.utils.process_utils"}
{"timestamp":"2025-09-14T11:11:35.231137","level":"info","event":"Collecting werkzeug>=3.1.0 (from flask->-r /tmp/venvp3wvlwym/requirements.txt (line 4))","logger":"airflow.utils.process_utils"}
{"timestamp":"2025-09-14T11:11:35.232790","level":"info","event":"  Using cached werkzeug-3.1.3-py3-none-any.whl.metadata (3.7 kB)","logger":"airflow.utils.process_utils"}
{"timestamp":"2025-09-14T11:11:35.269198","level":"info","event":"Collecting docopt (from hdfs->-r /tmp/venvp3wvlwym/requirements.txt (line 6))","logger":"airflow.utils.process_utils"}
{"timestamp":"2025-09-14T11:11:35.269446","level":"info","event":"  Using cached docopt-0.6.2-py2.py3-none-any.whl","logger":"airflow.utils.process_utils"}
{"timestamp":"2025-09-14T11:11:35.307145","level":"info","event":"Collecting six>=1.9.0 (from hdfs->-r /tmp/venvp3wvlwym/requirements.txt (line 6))","logger":"airflow.utils.process_utils"}
{"timestamp":"2025-09-14T11:11:35.308737","level":"info","event":"  Using cached six-1.17.0-py2.py3-none-any.whl.metadata (1.7 kB)","logger":"airflow.utils.process_utils"}
{"timestamp":"2025-09-14T11:11:35.421269","level":"info","event":"Collecting contourpy>=1.0.1 (from matplotlib->-r /tmp/venvp3wvlwym/requirements.txt (line 7))","logger":"airflow.utils.process_utils"}
{"timestamp":"2025-09-14T11:11:35.422833","level":"info","event":"  Using cached contourpy-1.3.3-cp312-cp312-manylinux_2_27_x86_64.manylinux_2_28_x86_64.whl.metadata (5.5 kB)","logger":"airflow.utils.process_utils"}
{"timestamp":"2025-09-14T11:11:35.449281","level":"info","event":"Collecting cycler>=0.10 (from matplotlib->-r /tmp/venvp3wvlwym/requirements.txt (line 7))","logger":"airflow.utils.process_utils"}
{"timestamp":"2025-09-14T11:11:35.450777","level":"info","event":"  Using cached cycler-0.12.1-py3-none-any.whl.metadata (3.8 kB)","logger":"airflow.utils.process_utils"}
{"timestamp":"2025-09-14T11:11:35.671668","level":"info","event":"Collecting fonttools>=4.22.0 (from matplotlib->-r /tmp/venvp3wvlwym/requirements.txt (line 7))","logger":"airflow.utils.process_utils"}
{"timestamp":"2025-09-14T11:11:35.673413","level":"info","event":"  Using cached fonttools-4.59.2-cp312-cp312-manylinux1_x86_64.manylinux2014_x86_64.manylinux_2_17_x86_64.manylinux_2_5_x86_64.whl.metadata (109 kB)","logger":"airflow.utils.process_utils"}
{"timestamp":"2025-09-14T11:11:35.768910","level":"info","event":"Collecting kiwisolver>=1.3.1 (from matplotlib->-r /tmp/venvp3wvlwym/requirements.txt (line 7))","logger":"airflow.utils.process_utils"}
{"timestamp":"2025-09-14T11:11:35.770526","level":"info","event":"  Using cached kiwisolver-1.4.9-cp312-cp312-manylinux2014_x86_64.manylinux_2_17_x86_64.whl.metadata (6.3 kB)","logger":"airflow.utils.process_utils"}
{"timestamp":"2025-09-14T11:11:36.076658","level":"info","event":"Collecting pillow>=8 (from matplotlib->-r /tmp/venvp3wvlwym/requirements.txt (line 7))","logger":"airflow.utils.process_utils"}
{"timestamp":"2025-09-14T11:11:36.078327","level":"info","event":"  Using cached pillow-11.3.0-cp312-cp312-manylinux_2_27_x86_64.manylinux_2_28_x86_64.whl.metadata (9.0 kB)","logger":"airflow.utils.process_utils"}
{"timestamp":"2025-09-14T11:11:36.128746","level":"info","event":"Collecting pyparsing>=2.3.1 (from matplotlib->-r /tmp/venvp3wvlwym/requirements.txt (line 7))","logger":"airflow.utils.process_utils"}
{"timestamp":"2025-09-14T11:11:36.130307","level":"info","event":"  Using cached pyparsing-3.2.4-py3-none-any.whl.metadata (5.0 kB)","logger":"airflow.utils.process_utils"}
{"timestamp":"2025-09-14T11:11:36.162046","level":"info","event":"Collecting python-dateutil>=2.7 (from matplotlib->-r /tmp/venvp3wvlwym/requirements.txt (line 7))","logger":"airflow.utils.process_utils"}
{"timestamp":"2025-09-14T11:11:36.163543","level":"info","event":"  Using cached python_dateutil-2.9.0.post0-py2.py3-none-any.whl.metadata (8.4 kB)","logger":"airflow.utils.process_utils"}
{"timestamp":"2025-09-14T11:11:36.297794","level":"info","event":"Collecting pytz>=2020.1 (from pandas->-r /tmp/venvp3wvlwym/requirements.txt (line 9))","logger":"airflow.utils.process_utils"}
{"timestamp":"2025-09-14T11:11:36.299367","level":"info","event":"  Using cached pytz-2025.2-py2.py3-none-any.whl.metadata (22 kB)","logger":"airflow.utils.process_utils"}
{"timestamp":"2025-09-14T11:11:36.332712","level":"info","event":"Collecting tzdata>=2022.7 (from pandas->-r /tmp/venvp3wvlwym/requirements.txt (line 9))","logger":"airflow.utils.process_utils"}
{"timestamp":"2025-09-14T11:11:36.334224","level":"info","event":"  Using cached tzdata-2025.2-py2.py3-none-any.whl.metadata (1.4 kB)","logger":"airflow.utils.process_utils"}
{"timestamp":"2025-09-14T11:11:36.454858","level":"info","event":"Collecting charset_normalizer<4,>=2 (from requests->-r /tmp/venvp3wvlwym/requirements.txt (line 12))","logger":"airflow.utils.process_utils"}
{"timestamp":"2025-09-14T11:11:36.456651","level":"info","event":"  Using cached charset_normalizer-3.4.3-cp312-cp312-manylinux2014_x86_64.manylinux_2_17_x86_64.manylinux_2_28_x86_64.whl.metadata (36 kB)","logger":"airflow.utils.process_utils"}
{"timestamp":"2025-09-14T11:11:36.492083","level":"info","event":"Collecting idna<4,>=2.5 (from requests->-r /tmp/venvp3wvlwym/requirements.txt (line 12))","logger":"airflow.utils.process_utils"}
{"timestamp":"2025-09-14T11:11:36.493659","level":"info","event":"  Using cached idna-3.10-py3-none-any.whl.metadata (10 kB)","logger":"airflow.utils.process_utils"}
{"timestamp":"2025-09-14T11:11:36.571442","level":"info","event":"Collecting urllib3<3,>=1.21.1 (from requests->-r /tmp/venvp3wvlwym/requirements.txt (line 12))","logger":"airflow.utils.process_utils"}
{"timestamp":"2025-09-14T11:11:36.573198","level":"info","event":"  Using cached urllib3-2.5.0-py3-none-any.whl.metadata (6.5 kB)","logger":"airflow.utils.process_utils"}
{"timestamp":"2025-09-14T11:11:36.611013","level":"info","event":"Collecting certifi>=2017.4.17 (from requests->-r /tmp/venvp3wvlwym/requirements.txt (line 12))","logger":"airflow.utils.process_utils"}
{"timestamp":"2025-09-14T11:11:36.612529","level":"info","event":"  Using cached certifi-2025.8.3-py3-none-any.whl.metadata (2.4 kB)","logger":"airflow.utils.process_utils"}
{"timestamp":"2025-09-14T11:11:36.847440","level":"info","event":"Collecting greenlet>=1 (from sqlalchemy->-r /tmp/venvp3wvlwym/requirements.txt (line 14))","logger":"airflow.utils.process_utils"}
{"timestamp":"2025-09-14T11:11:36.849065","level":"info","event":"  Using cached greenlet-3.2.4-cp312-cp312-manylinux_2_24_x86_64.manylinux_2_28_x86_64.whl.metadata (4.1 kB)","logger":"airflow.utils.process_utils"}
{"timestamp":"2025-09-14T11:11:36.885873","level":"info","event":"Collecting typing-extensions>=4.6.0 (from sqlalchemy->-r /tmp/venvp3wvlwym/requirements.txt (line 14))","logger":"airflow.utils.process_utils"}
{"timestamp":"2025-09-14T11:11:36.887447","level":"info","event":"  Using cached typing_extensions-4.15.0-py3-none-any.whl.metadata (3.3 kB)","logger":"airflow.utils.process_utils"}
{"timestamp":"2025-09-14T11:11:37.122647","level":"info","event":"Using cached dotenv-0.9.9-py2.py3-none-any.whl (1.9 kB)","logger":"airflow.utils.process_utils"}
{"timestamp":"2025-09-14T11:11:37.124057","level":"info","event":"Using cached duckdb-1.3.2-cp312-cp312-manylinux_2_27_x86_64.manylinux_2_28_x86_64.whl (21.1 MB)","logger":"airflow.utils.process_utils"}
{"timestamp":"2025-09-14T11:11:37.158236","level":"info","event":"Using cached fastparquet-2024.11.0-cp312-cp312-manylinux_2_17_x86_64.manylinux2014_x86_64.whl (1.8 MB)","logger":"airflow.utils.process_utils"}
{"timestamp":"2025-09-14T11:11:37.162391","level":"info","event":"Using cached flask-3.1.2-py3-none-any.whl (103 kB)","logger":"airflow.utils.process_utils"}
{"timestamp":"2025-09-14T11:11:37.163847","level":"info","event":"Using cached gunicorn-23.0.0-py3-none-any.whl (85 kB)","logger":"airflow.utils.process_utils"}
{"timestamp":"2025-09-14T11:11:37.165282","level":"info","event":"Using cached matplotlib-3.10.6-cp312-cp312-manylinux2014_x86_64.manylinux_2_17_x86_64.whl (8.7 MB)","logger":"airflow.utils.process_utils"}
{"timestamp":"2025-09-14T11:11:37.179706","level":"info","event":"Using cached numpy-2.3.3-cp312-cp312-manylinux_2_27_x86_64.manylinux_2_28_x86_64.whl (16.6 MB)","logger":"airflow.utils.process_utils"}
{"timestamp":"2025-09-14T11:11:37.206234","level":"info","event":"Using cached pandas-2.3.2-cp312-cp312-manylinux_2_17_x86_64.manylinux2014_x86_64.whl (12.0 MB)","logger":"airflow.utils.process_utils"}
{"timestamp":"2025-09-14T11:11:37.225594","level":"info","event":"Using cached psycopg2_binary-2.9.10-cp312-cp312-manylinux_2_17_x86_64.manylinux2014_x86_64.whl (3.0 MB)","logger":"airflow.utils.process_utils"}
{"timestamp":"2025-09-14T11:11:37.231811","level":"info","event":"Using cached pyarrow-21.0.0-cp312-cp312-manylinux_2_28_x86_64.whl (42.8 MB)","logger":"airflow.utils.process_utils"}
{"timestamp":"2025-09-14T11:11:37.297406","level":"info","event":"Using cached requests-2.32.5-py3-none-any.whl (64 kB)","logger":"airflow.utils.process_utils"}
{"timestamp":"2025-09-14T11:11:37.298936","level":"info","event":"Using cached seaborn-0.13.2-py3-none-any.whl (294 kB)","logger":"airflow.utils.process_utils"}
{"timestamp":"2025-09-14T11:11:37.300727","level":"info","event":"Using cached sqlalchemy-2.0.43-cp312-cp312-manylinux_2_17_x86_64.manylinux2014_x86_64.whl (3.3 MB)","logger":"airflow.utils.process_utils"}
{"timestamp":"2025-09-14T11:11:37.306854","level":"info","event":"Using cached blinker-1.9.0-py3-none-any.whl (8.5 kB)","logger":"airflow.utils.process_utils"}
{"timestamp":"2025-09-14T11:11:37.308119","level":"info","event":"Using cached certifi-2025.8.3-py3-none-any.whl (161 kB)","logger":"airflow.utils.process_utils"}
{"timestamp":"2025-09-14T11:11:37.309805","level":"info","event":"Using cached charset_normalizer-3.4.3-cp312-cp312-manylinux2014_x86_64.manylinux_2_17_x86_64.manylinux_2_28_x86_64.whl (151 kB)","logger":"airflow.utils.process_utils"}
{"timestamp":"2025-09-14T11:11:37.311300","level":"info","event":"Using cached click-8.2.1-py3-none-any.whl (102 kB)","logger":"airflow.utils.process_utils"}
{"timestamp":"2025-09-14T11:11:37.312765","level":"info","event":"Using cached contourpy-1.3.3-cp312-cp312-manylinux_2_27_x86_64.manylinux_2_28_x86_64.whl (362 kB)","logger":"airflow.utils.process_utils"}
{"timestamp":"2025-09-14T11:11:37.314587","level":"info","event":"Using cached cramjam-2.11.0-cp312-cp312-manylinux_2_17_x86_64.manylinux2014_x86_64.whl (2.0 MB)","logger":"airflow.utils.process_utils"}
{"timestamp":"2025-09-14T11:11:37.318929","level":"info","event":"Using cached cycler-0.12.1-py3-none-any.whl (8.3 kB)","logger":"airflow.utils.process_utils"}
{"timestamp":"2025-09-14T11:11:37.320227","level":"info","event":"Using cached fonttools-4.59.2-cp312-cp312-manylinux1_x86_64.manylinux2014_x86_64.manylinux_2_17_x86_64.manylinux_2_5_x86_64.whl (4.9 MB)","logger":"airflow.utils.process_utils"}
{"timestamp":"2025-09-14T11:11:37.328743","level":"info","event":"Using cached greenlet-3.2.4-cp312-cp312-manylinux_2_24_x86_64.manylinux_2_28_x86_64.whl (607 kB)","logger":"airflow.utils.process_utils"}
{"timestamp":"2025-09-14T11:11:37.331064","level":"info","event":"Using cached idna-3.10-py3-none-any.whl (70 kB)","logger":"airflow.utils.process_utils"}
{"timestamp":"2025-09-14T11:11:37.332455","level":"info","event":"Using cached itsdangerous-2.2.0-py3-none-any.whl (16 kB)","logger":"airflow.utils.process_utils"}
{"timestamp":"2025-09-14T11:11:37.333649","level":"info","event":"Using cached jinja2-3.1.6-py3-none-any.whl (134 kB)","logger":"airflow.utils.process_utils"}
{"timestamp":"2025-09-14T11:11:37.335125","level":"info","event":"Using cached kiwisolver-1.4.9-cp312-cp312-manylinux2014_x86_64.manylinux_2_17_x86_64.whl (1.5 MB)","logger":"airflow.utils.process_utils"}
{"timestamp":"2025-09-14T11:11:37.338548","level":"info","event":"Using cached MarkupSafe-3.0.2-cp312-cp312-manylinux_2_17_x86_64.manylinux2014_x86_64.whl (23 kB)","logger":"airflow.utils.process_utils"}
{"timestamp":"2025-09-14T11:11:37.339723","level":"info","event":"Using cached packaging-25.0-py3-none-any.whl (66 kB)","logger":"airflow.utils.process_utils"}
{"timestamp":"2025-09-14T11:11:37.341124","level":"info","event":"Using cached pillow-11.3.0-cp312-cp312-manylinux_2_27_x86_64.manylinux_2_28_x86_64.whl (6.6 MB)","logger":"airflow.utils.process_utils"}
{"timestamp":"2025-09-14T11:11:37.357871","level":"info","event":"Using cached pyparsing-3.2.4-py3-none-any.whl (113 kB)","logger":"airflow.utils.process_utils"}
{"timestamp":"2025-09-14T11:11:37.359468","level":"info","event":"Using cached python_dateutil-2.9.0.post0-py2.py3-none-any.whl (229 kB)","logger":"airflow.utils.process_utils"}
{"timestamp":"2025-09-14T11:11:37.361183","level":"info","event":"Using cached pytz-2025.2-py2.py3-none-any.whl (509 kB)","logger":"airflow.utils.process_utils"}
{"timestamp":"2025-09-14T11:11:37.364750","level":"info","event":"Using cached six-1.17.0-py2.py3-none-any.whl (11 kB)","logger":"airflow.utils.process_utils"}
{"timestamp":"2025-09-14T11:11:37.365541","level":"info","event":"Using cached typing_extensions-4.15.0-py3-none-any.whl (44 kB)","logger":"airflow.utils.process_utils"}
{"timestamp":"2025-09-14T11:11:37.367365","level":"info","event":"Using cached tzdata-2025.2-py2.py3-none-any.whl (347 kB)","logger":"airflow.utils.process_utils"}
{"timestamp":"2025-09-14T11:11:37.369736","level":"info","event":"Using cached urllib3-2.5.0-py3-none-any.whl (129 kB)","logger":"airflow.utils.process_utils"}
{"timestamp":"2025-09-14T11:11:37.371902","level":"info","event":"Using cached werkzeug-3.1.3-py3-none-any.whl (224 kB)","logger":"airflow.utils.process_utils"}
{"timestamp":"2025-09-14T11:11:37.373791","level":"info","event":"Using cached fsspec-2025.9.0-py3-none-any.whl (199 kB)","logger":"airflow.utils.process_utils"}
{"timestamp":"2025-09-14T11:11:37.375857","level":"info","event":"Using cached python_dotenv-1.1.1-py3-none-any.whl (20 kB)","logger":"airflow.utils.process_utils"}
{"timestamp":"2025-09-14T11:11:38.315493","level":"info","event":"Installing collected packages: pytz, docopt, urllib3, tzdata, typing-extensions, six, python-dotenv, pyparsing, pyarrow, psycopg2-binary, pillow, packaging, numpy, markupsafe, kiwisolver, itsdangerous, idna, greenlet, fsspec, fonttools, duckdb, cycler, cramjam, click, charset_normalizer, certifi, blinker, werkzeug, sqlalchemy, requests, python-dateutil, jinja2, gunicorn, dotenv, contourpy, pandas, matplotlib, hdfs, flask, seaborn, fastparquet","logger":"airflow.utils.process_utils"}
{"timestamp":"2025-09-14T11:11:56.263599","level":"info","event":"Successfully installed blinker-1.9.0 certifi-2025.8.3 charset_normalizer-3.4.3 click-8.2.1 contourpy-1.3.3 cramjam-2.11.0 cycler-0.12.1 docopt-0.6.2 dotenv-0.9.9 duckdb-1.3.2 fastparquet-2024.11.0 flask-3.1.2 fonttools-4.59.2 fsspec-2025.9.0 greenlet-3.2.4 gunicorn-23.0.0 hdfs-2.7.3 idna-3.10 itsdangerous-2.2.0 jinja2-3.1.6 kiwisolver-1.4.9 markupsafe-3.0.2 matplotlib-3.10.6 numpy-2.3.3 packaging-25.0 pandas-2.3.2 pillow-11.3.0 psycopg2-binary-2.9.10 pyarrow-21.0.0 pyparsing-3.2.4 python-dateutil-2.9.0.post0 python-dotenv-1.1.1 pytz-2025.2 requests-2.32.5 seaborn-0.13.2 six-1.17.0 sqlalchemy-2.0.43 typing-extensions-4.15.0 tzdata-2025.2 urllib3-2.5.0 werkzeug-3.1.3","logger":"airflow.utils.process_utils"}
{"timestamp":"2025-09-14T11:11:57.023230","level":"info","event":"Executing cmd: /tmp/venvp3wvlwym/bin/python /tmp/venv-calltmpypqtx/script.py /tmp/venv-calltmpypqtx/script.in /tmp/venv-calltmpypqtx/script.out /tmp/venv-calltmpypqtx/string_args.txt /tmp/venv-calltmpypqtx/termination.log /tmp/venv-calltmpypqtx/airflow_context.json","logger":"airflow.utils.process_utils"}
{"timestamp":"2025-09-14T11:11:57.024086","level":"info","event":"Output:","logger":"airflow.utils.process_utils"}
{"timestamp":"2025-09-14T11:12:03.331788","level":"info","event":"Extracted 15909 companies from the NASDAQ stock exchange.","logger":"airflow.utils.process_utils"}
{"timestamp":"2025-09-14T11:12:03.332046","level":"info","event":"Extracted 14071 companies from the NYSE stock exchange.","logger":"airflow.utils.process_utils"}
{"timestamp":"2025-09-14T11:12:03.332250","level":"info","event":"Data saved to HDFS at /user/tiendat/etl_database/raw/companies/crawl_companies_2025-09-14.json","logger":"airflow.utils.process_utils"}
{"timestamp":"2025-09-14T11:12:03.332398","level":"info","event":"Extracted 15909 companies from the NASDAQ stock exchange.","logger":"airflow.utils.process_utils"}
{"timestamp":"2025-09-14T11:12:03.332537","level":"info","event":"Extracted 14071 companies from the NYSE stock exchange.","logger":"airflow.utils.process_utils"}
{"timestamp":"2025-09-14T11:12:03.334206","level":"info","event":"Data saved to HDFS at /user/tiendat/etl_database/raw/companies/crawl_companies_2025-09-14.json","logger":"airflow.utils.process_utils"}
{"timestamp":"2025-09-14T11:12:03.363911","level":"warning","event":"Fail to delete /home/tiendat/airflow/tmp/venvp3wvlwym. The directory does not exist.","logger":"airflow.task.operators.airflow.providers.standard.operators.python.PythonVirtualenvOperator"}
{"timestamp":"2025-09-14T11:12:03.642062","level":"info","event":"Done. Returned value was: None","logger":"airflow.task.operators.airflow.providers.standard.operators.python.PythonVirtualenvOperator"}
