{"timestamp":"2025-09-17T01:08:01.210042","level":"info","event":"DAG bundles loaded: dags-folder","logger":"airflow.dag_processing.bundles.manager.DagBundlesManager"}
{"timestamp":"2025-09-17T01:08:01.211102","level":"info","event":"Filling up the DagBag from /home/tiendat/Pipeline-Stock-ETL/schedule/dags/etl_datawarehouse.py","logger":"airflow.models.dagbag.DagBag"}
{"timestamp":"2025-09-17T01:08:01.267876","level":"info","event":"Executing cmd: python -m venv /tmp/venvuozqet_p --system-site-packages","logger":"airflow.utils.process_utils"}
{"timestamp":"2025-09-17T01:08:01.269338","level":"info","event":"Output:","logger":"airflow.utils.process_utils"}
{"timestamp":"2025-09-17T01:08:05.157344","level":"info","event":"Executing cmd: /tmp/venvuozqet_p/bin/pip install -r /tmp/venvuozqet_p/requirements.txt","logger":"airflow.utils.process_utils"}
{"timestamp":"2025-09-17T01:08:05.158235","level":"info","event":"Output:","logger":"airflow.utils.process_utils"}
{"timestamp":"2025-09-17T01:08:05.753707","level":"info","event":"Collecting dotenv (from -r /tmp/venvuozqet_p/requirements.txt (line 1))","logger":"airflow.utils.process_utils"}
{"timestamp":"2025-09-17T01:08:05.756466","level":"info","event":"  Using cached dotenv-0.9.9-py2.py3-none-any.whl.metadata (279 bytes)","logger":"airflow.utils.process_utils"}
{"timestamp":"2025-09-17T01:08:05.963133","level":"info","event":"Collecting duckdb (from -r /tmp/venvuozqet_p/requirements.txt (line 2))","logger":"airflow.utils.process_utils"}
{"timestamp":"2025-09-17T01:08:05.966079","level":"info","event":"  Using cached duckdb-1.4.0-cp312-cp312-manylinux_2_27_x86_64.manylinux_2_28_x86_64.whl.metadata (14 kB)","logger":"airflow.utils.process_utils"}
{"timestamp":"2025-09-17T01:08:06.043396","level":"info","event":"Collecting fastparquet (from -r /tmp/venvuozqet_p/requirements.txt (line 3))","logger":"airflow.utils.process_utils"}
{"timestamp":"2025-09-17T01:08:06.045886","level":"info","event":"  Using cached fastparquet-2024.11.0-cp312-cp312-manylinux_2_17_x86_64.manylinux2014_x86_64.whl.metadata (4.2 kB)","logger":"airflow.utils.process_utils"}
{"timestamp":"2025-09-17T01:08:06.105835","level":"info","event":"Collecting flask (from -r /tmp/venvuozqet_p/requirements.txt (line 4))","logger":"airflow.utils.process_utils"}
{"timestamp":"2025-09-17T01:08:06.108517","level":"info","event":"  Using cached flask-3.1.2-py3-none-any.whl.metadata (3.2 kB)","logger":"airflow.utils.process_utils"}
{"timestamp":"2025-09-17T01:08:06.159065","level":"info","event":"Collecting gunicorn (from -r /tmp/venvuozqet_p/requirements.txt (line 5))","logger":"airflow.utils.process_utils"}
{"timestamp":"2025-09-17T01:08:06.161406","level":"info","event":"  Using cached gunicorn-23.0.0-py3-none-any.whl.metadata (4.4 kB)","logger":"airflow.utils.process_utils"}
{"timestamp":"2025-09-17T01:08:06.199072","level":"info","event":"Collecting hdfs (from -r /tmp/venvuozqet_p/requirements.txt (line 6))","logger":"airflow.utils.process_utils"}
{"timestamp":"2025-09-17T01:08:06.199367","level":"info","event":"  Using cached hdfs-2.7.3-py3-none-any.whl","logger":"airflow.utils.process_utils"}
{"timestamp":"2025-09-17T01:08:06.388682","level":"info","event":"Collecting matplotlib (from -r /tmp/venvuozqet_p/requirements.txt (line 7))","logger":"airflow.utils.process_utils"}
{"timestamp":"2025-09-17T01:08:06.391325","level":"info","event":"  Using cached matplotlib-3.10.6-cp312-cp312-manylinux2014_x86_64.manylinux_2_17_x86_64.whl.metadata (11 kB)","logger":"airflow.utils.process_utils"}
{"timestamp":"2025-09-17T01:08:06.634364","level":"info","event":"Collecting numpy (from -r /tmp/venvuozqet_p/requirements.txt (line 8))","logger":"airflow.utils.process_utils"}
{"timestamp":"2025-09-17T01:08:06.636259","level":"info","event":"  Using cached numpy-2.3.3-cp312-cp312-manylinux_2_27_x86_64.manylinux_2_28_x86_64.whl.metadata (62 kB)","logger":"airflow.utils.process_utils"}
{"timestamp":"2025-09-17T01:08:06.816952","level":"info","event":"Collecting pandas (from -r /tmp/venvuozqet_p/requirements.txt (line 9))","logger":"airflow.utils.process_utils"}
{"timestamp":"2025-09-17T01:08:06.818750","level":"info","event":"  Using cached pandas-2.3.2-cp312-cp312-manylinux_2_17_x86_64.manylinux2014_x86_64.whl.metadata (91 kB)","logger":"airflow.utils.process_utils"}
{"timestamp":"2025-09-17T01:08:07.039980","level":"info","event":"Collecting psycopg2-binary (from -r /tmp/venvuozqet_p/requirements.txt (line 10))","logger":"airflow.utils.process_utils"}
{"timestamp":"2025-09-17T01:08:07.042092","level":"info","event":"  Using cached psycopg2_binary-2.9.10-cp312-cp312-manylinux_2_17_x86_64.manylinux2014_x86_64.whl.metadata (4.9 kB)","logger":"airflow.utils.process_utils"}
{"timestamp":"2025-09-17T01:08:07.164725","level":"info","event":"Collecting pyarrow (from -r /tmp/venvuozqet_p/requirements.txt (line 11))","logger":"airflow.utils.process_utils"}
{"timestamp":"2025-09-17T01:08:07.166556","level":"info","event":"  Using cached pyarrow-21.0.0-cp312-cp312-manylinux_2_28_x86_64.whl.metadata (3.3 kB)","logger":"airflow.utils.process_utils"}
{"timestamp":"2025-09-17T01:08:07.205042","level":"info","event":"Collecting pyspark==3.5.6 (from -r /tmp/venvuozqet_p/requirements.txt (line 12))","logger":"airflow.utils.process_utils"}
{"timestamp":"2025-09-17T01:08:07.205339","level":"info","event":"  Using cached pyspark-3.5.6-py2.py3-none-any.whl","logger":"airflow.utils.process_utils"}
{"timestamp":"2025-09-17T01:08:07.211605","level":"info","event":"Requirement already satisfied: requests in /usr/lib/python3/dist-packages (from -r /tmp/venvuozqet_p/requirements.txt (line 13)) (2.31.0)","logger":"airflow.utils.process_utils"}
{"timestamp":"2025-09-17T01:08:07.249385","level":"info","event":"Collecting seaborn (from -r /tmp/venvuozqet_p/requirements.txt (line 14))","logger":"airflow.utils.process_utils"}
{"timestamp":"2025-09-17T01:08:07.251820","level":"info","event":"  Using cached seaborn-0.13.2-py3-none-any.whl.metadata (5.4 kB)","logger":"airflow.utils.process_utils"}
{"timestamp":"2025-09-17T01:08:07.623789","level":"info","event":"Collecting sqlalchemy (from -r /tmp/venvuozqet_p/requirements.txt (line 15))","logger":"airflow.utils.process_utils"}
{"timestamp":"2025-09-17T01:08:07.625640","level":"info","event":"  Using cached sqlalchemy-2.0.43-cp312-cp312-manylinux_2_17_x86_64.manylinux2014_x86_64.whl.metadata (9.6 kB)","logger":"airflow.utils.process_utils"}
{"timestamp":"2025-09-17T01:08:07.674899","level":"info","event":"Collecting py4j==0.10.9.7 (from pyspark==3.5.6->-r /tmp/venvuozqet_p/requirements.txt (line 12))","logger":"airflow.utils.process_utils"}
{"timestamp":"2025-09-17T01:08:07.678116","level":"info","event":"  Using cached py4j-0.10.9.7-py2.py3-none-any.whl.metadata (1.5 kB)","logger":"airflow.utils.process_utils"}
{"timestamp":"2025-09-17T01:08:07.718958","level":"info","event":"Collecting python-dotenv (from dotenv->-r /tmp/venvuozqet_p/requirements.txt (line 1))","logger":"airflow.utils.process_utils"}
{"timestamp":"2025-09-17T01:08:07.721675","level":"info","event":"  Using cached python_dotenv-1.1.1-py3-none-any.whl.metadata (24 kB)","logger":"airflow.utils.process_utils"}
{"timestamp":"2025-09-17T01:08:08.042610","level":"info","event":"Collecting cramjam>=2.3 (from fastparquet->-r /tmp/venvuozqet_p/requirements.txt (line 3))","logger":"airflow.utils.process_utils"}
{"timestamp":"2025-09-17T01:08:08.044528","level":"info","event":"  Using cached cramjam-2.11.0-cp312-cp312-manylinux_2_17_x86_64.manylinux2014_x86_64.whl.metadata (5.6 kB)","logger":"airflow.utils.process_utils"}
{"timestamp":"2025-09-17T01:08:08.104720","level":"info","event":"Collecting fsspec (from fastparquet->-r /tmp/venvuozqet_p/requirements.txt (line 3))","logger":"airflow.utils.process_utils"}
{"timestamp":"2025-09-17T01:08:08.106430","level":"info","event":"  Using cached fsspec-2025.9.0-py3-none-any.whl.metadata (10 kB)","logger":"airflow.utils.process_utils"}
{"timestamp":"2025-09-17T01:08:08.110414","level":"info","event":"Requirement already satisfied: packaging in /usr/lib/python3/dist-packages (from fastparquet->-r /tmp/venvuozqet_p/requirements.txt (line 3)) (24.0)","logger":"airflow.utils.process_utils"}
{"timestamp":"2025-09-17T01:08:08.147840","level":"info","event":"Collecting blinker>=1.9.0 (from flask->-r /tmp/venvuozqet_p/requirements.txt (line 4))","logger":"airflow.utils.process_utils"}
{"timestamp":"2025-09-17T01:08:08.149641","level":"info","event":"  Using cached blinker-1.9.0-py3-none-any.whl.metadata (1.6 kB)","logger":"airflow.utils.process_utils"}
{"timestamp":"2025-09-17T01:08:08.152618","level":"info","event":"Requirement already satisfied: click>=8.1.3 in /usr/lib/python3/dist-packages (from flask->-r /tmp/venvuozqet_p/requirements.txt (line 4)) (8.1.6)","logger":"airflow.utils.process_utils"}
{"timestamp":"2025-09-17T01:08:08.185701","level":"info","event":"Collecting itsdangerous>=2.2.0 (from flask->-r /tmp/venvuozqet_p/requirements.txt (line 4))","logger":"airflow.utils.process_utils"}
{"timestamp":"2025-09-17T01:08:08.187410","level":"info","event":"  Using cached itsdangerous-2.2.0-py3-none-any.whl.metadata (1.9 kB)","logger":"airflow.utils.process_utils"}
{"timestamp":"2025-09-17T01:08:08.190421","level":"info","event":"Requirement already satisfied: jinja2>=3.1.2 in /usr/lib/python3/dist-packages (from flask->-r /tmp/venvuozqet_p/requirements.txt (line 4)) (3.1.2)","logger":"airflow.utils.process_utils"}
{"timestamp":"2025-09-17T01:08:08.191873","level":"info","event":"Requirement already satisfied: markupsafe>=2.1.1 in /usr/lib/python3/dist-packages (from flask->-r /tmp/venvuozqet_p/requirements.txt (line 4)) (2.1.5)","logger":"airflow.utils.process_utils"}
{"timestamp":"2025-09-17T01:08:08.240308","level":"info","event":"Collecting werkzeug>=3.1.0 (from flask->-r /tmp/venvuozqet_p/requirements.txt (line 4))","logger":"airflow.utils.process_utils"}
{"timestamp":"2025-09-17T01:08:08.242878","level":"info","event":"  Using cached werkzeug-3.1.3-py3-none-any.whl.metadata (3.7 kB)","logger":"airflow.utils.process_utils"}
{"timestamp":"2025-09-17T01:08:08.289988","level":"info","event":"Collecting docopt (from hdfs->-r /tmp/venvuozqet_p/requirements.txt (line 6))","logger":"airflow.utils.process_utils"}
{"timestamp":"2025-09-17T01:08:08.290306","level":"info","event":"  Using cached docopt-0.6.2-py2.py3-none-any.whl","logger":"airflow.utils.process_utils"}
{"timestamp":"2025-09-17T01:08:08.293745","level":"info","event":"Requirement already satisfied: six>=1.9.0 in /usr/lib/python3/dist-packages (from hdfs->-r /tmp/venvuozqet_p/requirements.txt (line 6)) (1.16.0)","logger":"airflow.utils.process_utils"}
{"timestamp":"2025-09-17T01:08:08.406374","level":"info","event":"Collecting contourpy>=1.0.1 (from matplotlib->-r /tmp/venvuozqet_p/requirements.txt (line 7))","logger":"airflow.utils.process_utils"}
{"timestamp":"2025-09-17T01:08:08.409012","level":"info","event":"  Using cached contourpy-1.3.3-cp312-cp312-manylinux_2_27_x86_64.manylinux_2_28_x86_64.whl.metadata (5.5 kB)","logger":"airflow.utils.process_utils"}
{"timestamp":"2025-09-17T01:08:08.439751","level":"info","event":"Collecting cycler>=0.10 (from matplotlib->-r /tmp/venvuozqet_p/requirements.txt (line 7))","logger":"airflow.utils.process_utils"}
{"timestamp":"2025-09-17T01:08:08.441632","level":"info","event":"  Using cached cycler-0.12.1-py3-none-any.whl.metadata (3.8 kB)","logger":"airflow.utils.process_utils"}
{"timestamp":"2025-09-17T01:08:08.668036","level":"info","event":"Collecting fonttools>=4.22.0 (from matplotlib->-r /tmp/venvuozqet_p/requirements.txt (line 7))","logger":"airflow.utils.process_utils"}
{"timestamp":"2025-09-17T01:08:08.670961","level":"info","event":"  Using cached fonttools-4.59.2-cp312-cp312-manylinux1_x86_64.manylinux2014_x86_64.manylinux_2_17_x86_64.manylinux_2_5_x86_64.whl.metadata (109 kB)","logger":"airflow.utils.process_utils"}
{"timestamp":"2025-09-17T01:08:08.770370","level":"info","event":"Collecting kiwisolver>=1.3.1 (from matplotlib->-r /tmp/venvuozqet_p/requirements.txt (line 7))","logger":"airflow.utils.process_utils"}
{"timestamp":"2025-09-17T01:08:08.773430","level":"info","event":"  Using cached kiwisolver-1.4.9-cp312-cp312-manylinux2014_x86_64.manylinux_2_17_x86_64.whl.metadata (6.3 kB)","logger":"airflow.utils.process_utils"}
{"timestamp":"2025-09-17T01:08:09.015388","level":"info","event":"Collecting pillow>=8 (from matplotlib->-r /tmp/venvuozqet_p/requirements.txt (line 7))","logger":"airflow.utils.process_utils"}
{"timestamp":"2025-09-17T01:08:09.018503","level":"info","event":"  Using cached pillow-11.3.0-cp312-cp312-manylinux_2_27_x86_64.manylinux_2_28_x86_64.whl.metadata (9.0 kB)","logger":"airflow.utils.process_utils"}
{"timestamp":"2025-09-17T01:08:09.023253","level":"info","event":"Requirement already satisfied: pyparsing>=2.3.1 in /usr/lib/python3/dist-packages (from matplotlib->-r /tmp/venvuozqet_p/requirements.txt (line 7)) (3.1.1)","logger":"airflow.utils.process_utils"}
{"timestamp":"2025-09-17T01:08:09.025648","level":"info","event":"Requirement already satisfied: python-dateutil>=2.7 in /usr/lib/python3/dist-packages (from matplotlib->-r /tmp/venvuozqet_p/requirements.txt (line 7)) (2.8.2)","logger":"airflow.utils.process_utils"}
{"timestamp":"2025-09-17T01:08:09.225052","level":"info","event":"Requirement already satisfied: pytz>=2020.1 in /usr/lib/python3/dist-packages (from pandas->-r /tmp/venvuozqet_p/requirements.txt (line 9)) (2024.1)","logger":"airflow.utils.process_utils"}
{"timestamp":"2025-09-17T01:08:09.262527","level":"info","event":"Collecting tzdata>=2022.7 (from pandas->-r /tmp/venvuozqet_p/requirements.txt (line 9))","logger":"airflow.utils.process_utils"}
{"timestamp":"2025-09-17T01:08:09.265213","level":"info","event":"  Using cached tzdata-2025.2-py2.py3-none-any.whl.metadata (1.4 kB)","logger":"airflow.utils.process_utils"}
{"timestamp":"2025-09-17T01:08:09.518068","level":"info","event":"Collecting greenlet>=1 (from sqlalchemy->-r /tmp/venvuozqet_p/requirements.txt (line 15))","logger":"airflow.utils.process_utils"}
{"timestamp":"2025-09-17T01:08:09.520885","level":"info","event":"  Using cached greenlet-3.2.4-cp312-cp312-manylinux_2_24_x86_64.manylinux_2_28_x86_64.whl.metadata (4.1 kB)","logger":"airflow.utils.process_utils"}
{"timestamp":"2025-09-17T01:08:09.524847","level":"info","event":"Requirement already satisfied: typing-extensions>=4.6.0 in /usr/lib/python3/dist-packages (from sqlalchemy->-r /tmp/venvuozqet_p/requirements.txt (line 15)) (4.10.0)","logger":"airflow.utils.process_utils"}
{"timestamp":"2025-09-17T01:08:09.732300","level":"info","event":"Using cached py4j-0.10.9.7-py2.py3-none-any.whl (200 kB)","logger":"airflow.utils.process_utils"}
{"timestamp":"2025-09-17T01:08:09.737179","level":"info","event":"Using cached dotenv-0.9.9-py2.py3-none-any.whl (1.9 kB)","logger":"airflow.utils.process_utils"}
{"timestamp":"2025-09-17T01:08:09.739595","level":"info","event":"Using cached duckdb-1.4.0-cp312-cp312-manylinux_2_27_x86_64.manylinux_2_28_x86_64.whl (20.4 MB)","logger":"airflow.utils.process_utils"}
{"timestamp":"2025-09-17T01:08:09.845064","level":"info","event":"Using cached fastparquet-2024.11.0-cp312-cp312-manylinux_2_17_x86_64.manylinux2014_x86_64.whl (1.8 MB)","logger":"airflow.utils.process_utils"}
{"timestamp":"2025-09-17T01:08:09.856846","level":"info","event":"Using cached flask-3.1.2-py3-none-any.whl (103 kB)","logger":"airflow.utils.process_utils"}
{"timestamp":"2025-09-17T01:08:09.860383","level":"info","event":"Using cached gunicorn-23.0.0-py3-none-any.whl (85 kB)","logger":"airflow.utils.process_utils"}
{"timestamp":"2025-09-17T01:08:09.864041","level":"info","event":"Using cached matplotlib-3.10.6-cp312-cp312-manylinux2014_x86_64.manylinux_2_17_x86_64.whl (8.7 MB)","logger":"airflow.utils.process_utils"}
{"timestamp":"2025-09-17T01:08:09.905950","level":"info","event":"Using cached numpy-2.3.3-cp312-cp312-manylinux_2_27_x86_64.manylinux_2_28_x86_64.whl (16.6 MB)","logger":"airflow.utils.process_utils"}
{"timestamp":"2025-09-17T01:08:09.981155","level":"info","event":"Using cached pandas-2.3.2-cp312-cp312-manylinux_2_17_x86_64.manylinux2014_x86_64.whl (12.0 MB)","logger":"airflow.utils.process_utils"}
{"timestamp":"2025-09-17T01:08:10.035790","level":"info","event":"Using cached psycopg2_binary-2.9.10-cp312-cp312-manylinux_2_17_x86_64.manylinux2014_x86_64.whl (3.0 MB)","logger":"airflow.utils.process_utils"}
{"timestamp":"2025-09-17T01:08:10.048240","level":"info","event":"Using cached pyarrow-21.0.0-cp312-cp312-manylinux_2_28_x86_64.whl (42.8 MB)","logger":"airflow.utils.process_utils"}
{"timestamp":"2025-09-17T01:08:10.201610","level":"info","event":"Using cached seaborn-0.13.2-py3-none-any.whl (294 kB)","logger":"airflow.utils.process_utils"}
{"timestamp":"2025-09-17T01:08:10.203743","level":"info","event":"Using cached sqlalchemy-2.0.43-cp312-cp312-manylinux_2_17_x86_64.manylinux2014_x86_64.whl (3.3 MB)","logger":"airflow.utils.process_utils"}
{"timestamp":"2025-09-17T01:08:10.210758","level":"info","event":"Using cached blinker-1.9.0-py3-none-any.whl (8.5 kB)","logger":"airflow.utils.process_utils"}
{"timestamp":"2025-09-17T01:08:10.212360","level":"info","event":"Using cached contourpy-1.3.3-cp312-cp312-manylinux_2_27_x86_64.manylinux_2_28_x86_64.whl (362 kB)","logger":"airflow.utils.process_utils"}
{"timestamp":"2025-09-17T01:08:10.216491","level":"info","event":"Using cached cramjam-2.11.0-cp312-cp312-manylinux_2_17_x86_64.manylinux2014_x86_64.whl (2.0 MB)","logger":"airflow.utils.process_utils"}
{"timestamp":"2025-09-17T01:08:10.222563","level":"info","event":"Using cached cycler-0.12.1-py3-none-any.whl (8.3 kB)","logger":"airflow.utils.process_utils"}
{"timestamp":"2025-09-17T01:08:10.224076","level":"info","event":"Using cached fonttools-4.59.2-cp312-cp312-manylinux1_x86_64.manylinux2014_x86_64.manylinux_2_17_x86_64.manylinux_2_5_x86_64.whl (4.9 MB)","logger":"airflow.utils.process_utils"}
{"timestamp":"2025-09-17T01:08:10.233016","level":"info","event":"Using cached greenlet-3.2.4-cp312-cp312-manylinux_2_24_x86_64.manylinux_2_28_x86_64.whl (607 kB)","logger":"airflow.utils.process_utils"}
{"timestamp":"2025-09-17T01:08:10.235552","level":"info","event":"Using cached itsdangerous-2.2.0-py3-none-any.whl (16 kB)","logger":"airflow.utils.process_utils"}
{"timestamp":"2025-09-17T01:08:10.236964","level":"info","event":"Using cached kiwisolver-1.4.9-cp312-cp312-manylinux2014_x86_64.manylinux_2_17_x86_64.whl (1.5 MB)","logger":"airflow.utils.process_utils"}
{"timestamp":"2025-09-17T01:08:10.240601","level":"info","event":"Using cached pillow-11.3.0-cp312-cp312-manylinux_2_27_x86_64.manylinux_2_28_x86_64.whl (6.6 MB)","logger":"airflow.utils.process_utils"}
{"timestamp":"2025-09-17T01:08:10.253074","level":"info","event":"Using cached tzdata-2025.2-py2.py3-none-any.whl (347 kB)","logger":"airflow.utils.process_utils"}
{"timestamp":"2025-09-17T01:08:10.255408","level":"info","event":"Using cached werkzeug-3.1.3-py3-none-any.whl (224 kB)","logger":"airflow.utils.process_utils"}
{"timestamp":"2025-09-17T01:08:10.257377","level":"info","event":"Using cached fsspec-2025.9.0-py3-none-any.whl (199 kB)","logger":"airflow.utils.process_utils"}
{"timestamp":"2025-09-17T01:08:10.259136","level":"info","event":"Using cached python_dotenv-1.1.1-py3-none-any.whl (20 kB)","logger":"airflow.utils.process_utils"}
{"timestamp":"2025-09-17T01:08:11.265873","level":"info","event":"Installing collected packages: py4j, docopt, werkzeug, tzdata, python-dotenv, pyspark, pyarrow, psycopg2-binary, pillow, numpy, kiwisolver, itsdangerous, hdfs, gunicorn, greenlet, fsspec, fonttools, duckdb, cycler, cramjam, blinker, sqlalchemy, pandas, flask, dotenv, contourpy, matplotlib, fastparquet, seaborn","logger":"airflow.utils.process_utils"}
{"timestamp":"2025-09-17T01:08:21.572404","level":"info","event":"  Attempting uninstall: blinker","logger":"airflow.utils.process_utils"}
{"timestamp":"2025-09-17T01:08:21.599837","level":"info","event":"    Found existing installation: blinker 1.7.0","logger":"airflow.utils.process_utils"}
{"timestamp":"2025-09-17T01:08:21.600266","level":"info","event":"    Not uninstalling blinker at /usr/lib/python3/dist-packages, outside environment /tmp/venvuozqet_p","logger":"airflow.utils.process_utils"}
{"timestamp":"2025-09-17T01:08:21.601189","level":"info","event":"    Can't uninstall 'blinker'. No files were found to uninstall.","logger":"airflow.utils.process_utils"}
{"timestamp":"2025-09-17T01:08:32.319265","level":"info","event":"Successfully installed blinker-1.9.0 contourpy-1.3.3 cramjam-2.11.0 cycler-0.12.1 docopt-0.6.2 dotenv-0.9.9 duckdb-1.4.0 fastparquet-2024.11.0 flask-3.1.2 fonttools-4.59.2 fsspec-2025.9.0 greenlet-3.2.4 gunicorn-23.0.0 hdfs-2.7.3 itsdangerous-2.2.0 kiwisolver-1.4.9 matplotlib-3.10.6 numpy-2.3.3 pandas-2.3.2 pillow-11.3.0 psycopg2-binary-2.9.10 py4j-0.10.9.7 pyarrow-21.0.0 pyspark-3.5.6 python-dotenv-1.1.1 seaborn-0.13.2 sqlalchemy-2.0.43 tzdata-2025.2 werkzeug-3.1.3","logger":"airflow.utils.process_utils"}
{"timestamp":"2025-09-17T01:08:33.193152","level":"info","event":"Executing cmd: /tmp/venvuozqet_p/bin/python /tmp/venv-callc1vx_t79/script.py /tmp/venv-callc1vx_t79/script.in /tmp/venv-callc1vx_t79/script.out /tmp/venv-callc1vx_t79/string_args.txt /tmp/venv-callc1vx_t79/termination.log /tmp/venv-callc1vx_t79/airflow_context.json","logger":"airflow.utils.process_utils"}
{"timestamp":"2025-09-17T01:08:33.194053","level":"info","event":"Output:","logger":"airflow.utils.process_utils"}
{"timestamp":"2025-09-17T01:08:37.487560","level":"info","event":"Setting default log level to \"WARN\".","logger":"airflow.utils.process_utils"}
{"timestamp":"2025-09-17T01:08:37.487921","level":"info","event":"To adjust logging level use sc.setLogLevel(newLevel). For SparkR, use setLogLevel(newLevel).","logger":"airflow.utils.process_utils"}
{"timestamp":"2025-09-17T01:08:37.926417","level":"info","event":"25/09/17 01:08:37 WARN NativeCodeLoader: Unable to load native-hadoop library for your platform... using builtin-java classes where applicable","logger":"airflow.utils.process_utils"}
{"timestamp":"2025-09-17T01:08:51.037615","level":"info","event":"\r[Stage 0:>                                                          (0 + 1) / 1]\r\r                                                                                \r\r[Stage 1:>                                                          (0 + 1) / 1]\r\r[Stage 1:===========================================================(1 + 0) / 1]\r\r                                                                                \r2025-09-17 01:08:51,037 - INFO - Read 20525 rows of source database from Bronze layer","logger":"airflow.utils.process_utils"}
{"timestamp":"2025-09-17T01:08:54.639504","level":"info","event":"\r[Stage 4:>                                                          (0 + 1) / 1]\r\r                                                                                \r2025-09-17 01:08:54,638 - INFO - Transformed data: 20525 rows","logger":"airflow.utils.process_utils"}
{"timestamp":"2025-09-17T01:08:58.754724","level":"info","event":"\r[Stage 10:>                                                         (0 + 1) / 1]\r\r[Stage 12:>                                                         (0 + 2) / 2]\r\r                                                                                \r2025-09-17 01:08:58,753 - INFO - Saved 20525 rows to Silver layer at /user/tiendat/datalake/elt/silver/database_source/dt=2025-09-17","logger":"airflow.utils.process_utils"}
{"timestamp":"2025-09-17T01:08:58.755072","level":"info","event":"2025-09-17 01:08:58,753 - INFO - Closing down clientserver connection","logger":"airflow.utils.process_utils"}
{"timestamp":"2025-09-17T01:08:59.410401","level":"warning","event":"Fail to delete /home/tiendat/airflow/tmp/venvuozqet_p. The directory does not exist.","logger":"airflow.task.operators.airflow.providers.standard.operators.python.PythonVirtualenvOperator"}
{"timestamp":"2025-09-17T01:08:59.697999","level":"info","event":"Done. Returned value was: None","logger":"airflow.task.operators.airflow.providers.standard.operators.python.PythonVirtualenvOperator"}
