{"timestamp":"2025-09-15T11:05:42.281028","level":"info","event":"DAG bundles loaded: dags-folder","logger":"airflow.dag_processing.bundles.manager.DagBundlesManager"}
{"timestamp":"2025-09-15T11:05:42.281974","level":"info","event":"Filling up the DagBag from /home/tiendat/Pipeline-Stock-ETL/schedule/dags/etl_datawarehouse.py","logger":"airflow.models.dagbag.DagBag"}
{"timestamp":"2025-09-15T11:05:42.352951","level":"info","event":"Executing cmd: python -m venv /tmp/venv7y9jb0ln --system-site-packages","logger":"airflow.utils.process_utils"}
{"timestamp":"2025-09-15T11:05:42.354834","level":"info","event":"Output:","logger":"airflow.utils.process_utils"}
{"timestamp":"2025-09-15T11:05:48.456352","level":"info","event":"Executing cmd: /tmp/venv7y9jb0ln/bin/pip install -r /tmp/venv7y9jb0ln/requirements.txt","logger":"airflow.utils.process_utils"}
{"timestamp":"2025-09-15T11:05:48.457609","level":"info","event":"Output:","logger":"airflow.utils.process_utils"}
{"timestamp":"2025-09-15T11:05:49.377237","level":"info","event":"Collecting dotenv (from -r /tmp/venv7y9jb0ln/requirements.txt (line 1))","logger":"airflow.utils.process_utils"}
{"timestamp":"2025-09-15T11:05:49.381830","level":"info","event":"  Using cached dotenv-0.9.9-py2.py3-none-any.whl.metadata (279 bytes)","logger":"airflow.utils.process_utils"}
{"timestamp":"2025-09-15T11:05:49.641856","level":"info","event":"Collecting duckdb (from -r /tmp/venv7y9jb0ln/requirements.txt (line 2))","logger":"airflow.utils.process_utils"}
{"timestamp":"2025-09-15T11:05:49.645555","level":"info","event":"  Using cached duckdb-1.3.2-cp312-cp312-manylinux_2_27_x86_64.manylinux_2_28_x86_64.whl.metadata (7.0 kB)","logger":"airflow.utils.process_utils"}
{"timestamp":"2025-09-15T11:05:49.783460","level":"info","event":"Collecting fastparquet (from -r /tmp/venv7y9jb0ln/requirements.txt (line 3))","logger":"airflow.utils.process_utils"}
{"timestamp":"2025-09-15T11:05:49.788740","level":"info","event":"  Using cached fastparquet-2024.11.0-cp312-cp312-manylinux_2_17_x86_64.manylinux2014_x86_64.whl.metadata (4.2 kB)","logger":"airflow.utils.process_utils"}
{"timestamp":"2025-09-15T11:05:49.846606","level":"info","event":"Collecting flask (from -r /tmp/venv7y9jb0ln/requirements.txt (line 4))","logger":"airflow.utils.process_utils"}
{"timestamp":"2025-09-15T11:05:49.850804","level":"info","event":"  Using cached flask-3.1.2-py3-none-any.whl.metadata (3.2 kB)","logger":"airflow.utils.process_utils"}
{"timestamp":"2025-09-15T11:05:49.912385","level":"info","event":"Collecting gunicorn (from -r /tmp/venv7y9jb0ln/requirements.txt (line 5))","logger":"airflow.utils.process_utils"}
{"timestamp":"2025-09-15T11:05:49.920860","level":"info","event":"  Using cached gunicorn-23.0.0-py3-none-any.whl.metadata (4.4 kB)","logger":"airflow.utils.process_utils"}
{"timestamp":"2025-09-15T11:05:50.015472","level":"info","event":"Collecting hdfs (from -r /tmp/venv7y9jb0ln/requirements.txt (line 6))","logger":"airflow.utils.process_utils"}
{"timestamp":"2025-09-15T11:05:50.015750","level":"info","event":"  Using cached hdfs-2.7.3-py3-none-any.whl","logger":"airflow.utils.process_utils"}
{"timestamp":"2025-09-15T11:05:50.375846","level":"info","event":"Collecting matplotlib (from -r /tmp/venv7y9jb0ln/requirements.txt (line 7))","logger":"airflow.utils.process_utils"}
{"timestamp":"2025-09-15T11:05:50.382703","level":"info","event":"  Using cached matplotlib-3.10.6-cp312-cp312-manylinux2014_x86_64.manylinux_2_17_x86_64.whl.metadata (11 kB)","logger":"airflow.utils.process_utils"}
{"timestamp":"2025-09-15T11:05:50.825682","level":"info","event":"Collecting numpy (from -r /tmp/venv7y9jb0ln/requirements.txt (line 8))","logger":"airflow.utils.process_utils"}
{"timestamp":"2025-09-15T11:05:50.828047","level":"info","event":"  Using cached numpy-2.3.3-cp312-cp312-manylinux_2_27_x86_64.manylinux_2_28_x86_64.whl.metadata (62 kB)","logger":"airflow.utils.process_utils"}
{"timestamp":"2025-09-15T11:05:51.357718","level":"info","event":"Collecting pandas (from -r /tmp/venv7y9jb0ln/requirements.txt (line 9))","logger":"airflow.utils.process_utils"}
{"timestamp":"2025-09-15T11:05:51.362124","level":"info","event":"  Using cached pandas-2.3.2-cp312-cp312-manylinux_2_17_x86_64.manylinux2014_x86_64.whl.metadata (91 kB)","logger":"airflow.utils.process_utils"}
{"timestamp":"2025-09-15T11:05:51.633591","level":"info","event":"Collecting psycopg2-binary (from -r /tmp/venv7y9jb0ln/requirements.txt (line 10))","logger":"airflow.utils.process_utils"}
{"timestamp":"2025-09-15T11:05:51.637862","level":"info","event":"  Using cached psycopg2_binary-2.9.10-cp312-cp312-manylinux_2_17_x86_64.manylinux2014_x86_64.whl.metadata (4.9 kB)","logger":"airflow.utils.process_utils"}
{"timestamp":"2025-09-15T11:05:51.843052","level":"info","event":"Collecting pyarrow (from -r /tmp/venv7y9jb0ln/requirements.txt (line 11))","logger":"airflow.utils.process_utils"}
{"timestamp":"2025-09-15T11:05:51.847845","level":"info","event":"  Using cached pyarrow-21.0.0-cp312-cp312-manylinux_2_28_x86_64.whl.metadata (3.3 kB)","logger":"airflow.utils.process_utils"}
{"timestamp":"2025-09-15T11:05:51.894703","level":"info","event":"Collecting pyspark==3.5.6 (from -r /tmp/venv7y9jb0ln/requirements.txt (line 12))","logger":"airflow.utils.process_utils"}
{"timestamp":"2025-09-15T11:05:51.895882","level":"info","event":"  Using cached pyspark-3.5.6-py2.py3-none-any.whl","logger":"airflow.utils.process_utils"}
{"timestamp":"2025-09-15T11:05:51.907774","level":"info","event":"Requirement already satisfied: requests in /usr/lib/python3/dist-packages (from -r /tmp/venv7y9jb0ln/requirements.txt (line 13)) (2.31.0)","logger":"airflow.utils.process_utils"}
{"timestamp":"2025-09-15T11:05:51.956677","level":"info","event":"Collecting seaborn (from -r /tmp/venv7y9jb0ln/requirements.txt (line 14))","logger":"airflow.utils.process_utils"}
{"timestamp":"2025-09-15T11:05:51.960803","level":"info","event":"  Using cached seaborn-0.13.2-py3-none-any.whl.metadata (5.4 kB)","logger":"airflow.utils.process_utils"}
{"timestamp":"2025-09-15T11:05:52.751614","level":"info","event":"Collecting sqlalchemy (from -r /tmp/venv7y9jb0ln/requirements.txt (line 15))","logger":"airflow.utils.process_utils"}
{"timestamp":"2025-09-15T11:05:52.756167","level":"info","event":"  Using cached sqlalchemy-2.0.43-cp312-cp312-manylinux_2_17_x86_64.manylinux2014_x86_64.whl.metadata (9.6 kB)","logger":"airflow.utils.process_utils"}
{"timestamp":"2025-09-15T11:05:52.834916","level":"info","event":"Collecting py4j==0.10.9.7 (from pyspark==3.5.6->-r /tmp/venv7y9jb0ln/requirements.txt (line 12))","logger":"airflow.utils.process_utils"}
{"timestamp":"2025-09-15T11:05:52.841552","level":"info","event":"  Using cached py4j-0.10.9.7-py2.py3-none-any.whl.metadata (1.5 kB)","logger":"airflow.utils.process_utils"}
{"timestamp":"2025-09-15T11:05:52.902867","level":"info","event":"Collecting python-dotenv (from dotenv->-r /tmp/venv7y9jb0ln/requirements.txt (line 1))","logger":"airflow.utils.process_utils"}
{"timestamp":"2025-09-15T11:05:52.906234","level":"info","event":"  Using cached python_dotenv-1.1.1-py3-none-any.whl.metadata (24 kB)","logger":"airflow.utils.process_utils"}
{"timestamp":"2025-09-15T11:05:53.350799","level":"info","event":"Collecting cramjam>=2.3 (from fastparquet->-r /tmp/venv7y9jb0ln/requirements.txt (line 3))","logger":"airflow.utils.process_utils"}
{"timestamp":"2025-09-15T11:05:53.353424","level":"info","event":"  Using cached cramjam-2.11.0-cp312-cp312-manylinux_2_17_x86_64.manylinux2014_x86_64.whl.metadata (5.6 kB)","logger":"airflow.utils.process_utils"}
{"timestamp":"2025-09-15T11:05:53.528241","level":"info","event":"Collecting fsspec (from fastparquet->-r /tmp/venv7y9jb0ln/requirements.txt (line 3))","logger":"airflow.utils.process_utils"}
{"timestamp":"2025-09-15T11:05:53.530263","level":"info","event":"  Using cached fsspec-2025.9.0-py3-none-any.whl.metadata (10 kB)","logger":"airflow.utils.process_utils"}
{"timestamp":"2025-09-15T11:05:53.537021","level":"info","event":"Requirement already satisfied: packaging in /usr/lib/python3/dist-packages (from fastparquet->-r /tmp/venv7y9jb0ln/requirements.txt (line 3)) (24.0)","logger":"airflow.utils.process_utils"}
{"timestamp":"2025-09-15T11:05:53.588866","level":"info","event":"Collecting blinker>=1.9.0 (from flask->-r /tmp/venv7y9jb0ln/requirements.txt (line 4))","logger":"airflow.utils.process_utils"}
{"timestamp":"2025-09-15T11:05:53.591137","level":"info","event":"  Using cached blinker-1.9.0-py3-none-any.whl.metadata (1.6 kB)","logger":"airflow.utils.process_utils"}
{"timestamp":"2025-09-15T11:05:53.596008","level":"info","event":"Requirement already satisfied: click>=8.1.3 in /usr/lib/python3/dist-packages (from flask->-r /tmp/venv7y9jb0ln/requirements.txt (line 4)) (8.1.6)","logger":"airflow.utils.process_utils"}
{"timestamp":"2025-09-15T11:05:53.640923","level":"info","event":"Collecting itsdangerous>=2.2.0 (from flask->-r /tmp/venv7y9jb0ln/requirements.txt (line 4))","logger":"airflow.utils.process_utils"}
{"timestamp":"2025-09-15T11:05:53.650858","level":"info","event":"  Using cached itsdangerous-2.2.0-py3-none-any.whl.metadata (1.9 kB)","logger":"airflow.utils.process_utils"}
{"timestamp":"2025-09-15T11:05:53.659929","level":"info","event":"Requirement already satisfied: jinja2>=3.1.2 in /usr/lib/python3/dist-packages (from flask->-r /tmp/venv7y9jb0ln/requirements.txt (line 4)) (3.1.2)","logger":"airflow.utils.process_utils"}
{"timestamp":"2025-09-15T11:05:53.664006","level":"info","event":"Requirement already satisfied: markupsafe>=2.1.1 in /usr/lib/python3/dist-packages (from flask->-r /tmp/venv7y9jb0ln/requirements.txt (line 4)) (2.1.5)","logger":"airflow.utils.process_utils"}
{"timestamp":"2025-09-15T11:05:53.777928","level":"info","event":"Collecting werkzeug>=3.1.0 (from flask->-r /tmp/venv7y9jb0ln/requirements.txt (line 4))","logger":"airflow.utils.process_utils"}
{"timestamp":"2025-09-15T11:05:53.780861","level":"info","event":"  Using cached werkzeug-3.1.3-py3-none-any.whl.metadata (3.7 kB)","logger":"airflow.utils.process_utils"}
{"timestamp":"2025-09-15T11:05:53.841453","level":"info","event":"Collecting docopt (from hdfs->-r /tmp/venv7y9jb0ln/requirements.txt (line 6))","logger":"airflow.utils.process_utils"}
{"timestamp":"2025-09-15T11:05:53.841783","level":"info","event":"  Using cached docopt-0.6.2-py2.py3-none-any.whl","logger":"airflow.utils.process_utils"}
{"timestamp":"2025-09-15T11:05:53.846920","level":"info","event":"Requirement already satisfied: six>=1.9.0 in /usr/lib/python3/dist-packages (from hdfs->-r /tmp/venv7y9jb0ln/requirements.txt (line 6)) (1.16.0)","logger":"airflow.utils.process_utils"}
{"timestamp":"2025-09-15T11:05:54.023398","level":"info","event":"Collecting contourpy>=1.0.1 (from matplotlib->-r /tmp/venv7y9jb0ln/requirements.txt (line 7))","logger":"airflow.utils.process_utils"}
{"timestamp":"2025-09-15T11:05:54.027280","level":"info","event":"  Using cached contourpy-1.3.3-cp312-cp312-manylinux_2_27_x86_64.manylinux_2_28_x86_64.whl.metadata (5.5 kB)","logger":"airflow.utils.process_utils"}
{"timestamp":"2025-09-15T11:05:54.065772","level":"info","event":"Collecting cycler>=0.10 (from matplotlib->-r /tmp/venv7y9jb0ln/requirements.txt (line 7))","logger":"airflow.utils.process_utils"}
{"timestamp":"2025-09-15T11:05:54.068932","level":"info","event":"  Using cached cycler-0.12.1-py3-none-any.whl.metadata (3.8 kB)","logger":"airflow.utils.process_utils"}
{"timestamp":"2025-09-15T11:05:54.435691","level":"info","event":"Collecting fonttools>=4.22.0 (from matplotlib->-r /tmp/venv7y9jb0ln/requirements.txt (line 7))","logger":"airflow.utils.process_utils"}
{"timestamp":"2025-09-15T11:05:54.438784","level":"info","event":"  Using cached fonttools-4.59.2-cp312-cp312-manylinux1_x86_64.manylinux2014_x86_64.manylinux_2_17_x86_64.manylinux_2_5_x86_64.whl.metadata (109 kB)","logger":"airflow.utils.process_utils"}
{"timestamp":"2025-09-15T11:05:54.593337","level":"info","event":"Collecting kiwisolver>=1.3.1 (from matplotlib->-r /tmp/venv7y9jb0ln/requirements.txt (line 7))","logger":"airflow.utils.process_utils"}
{"timestamp":"2025-09-15T11:05:54.596881","level":"info","event":"  Using cached kiwisolver-1.4.9-cp312-cp312-manylinux2014_x86_64.manylinux_2_17_x86_64.whl.metadata (6.3 kB)","logger":"airflow.utils.process_utils"}
{"timestamp":"2025-09-15T11:05:55.005491","level":"info","event":"Collecting pillow>=8 (from matplotlib->-r /tmp/venv7y9jb0ln/requirements.txt (line 7))","logger":"airflow.utils.process_utils"}
{"timestamp":"2025-09-15T11:05:55.011858","level":"info","event":"  Using cached pillow-11.3.0-cp312-cp312-manylinux_2_27_x86_64.manylinux_2_28_x86_64.whl.metadata (9.0 kB)","logger":"airflow.utils.process_utils"}
{"timestamp":"2025-09-15T11:05:55.022631","level":"info","event":"Requirement already satisfied: pyparsing>=2.3.1 in /usr/lib/python3/dist-packages (from matplotlib->-r /tmp/venv7y9jb0ln/requirements.txt (line 7)) (3.1.1)","logger":"airflow.utils.process_utils"}
{"timestamp":"2025-09-15T11:05:55.029920","level":"info","event":"Requirement already satisfied: python-dateutil>=2.7 in /usr/lib/python3/dist-packages (from matplotlib->-r /tmp/venv7y9jb0ln/requirements.txt (line 7)) (2.8.2)","logger":"airflow.utils.process_utils"}
{"timestamp":"2025-09-15T11:05:55.323495","level":"info","event":"Requirement already satisfied: pytz>=2020.1 in /usr/lib/python3/dist-packages (from pandas->-r /tmp/venv7y9jb0ln/requirements.txt (line 9)) (2024.1)","logger":"airflow.utils.process_utils"}
{"timestamp":"2025-09-15T11:05:55.371479","level":"info","event":"Collecting tzdata>=2022.7 (from pandas->-r /tmp/venv7y9jb0ln/requirements.txt (line 9))","logger":"airflow.utils.process_utils"}
{"timestamp":"2025-09-15T11:05:55.374660","level":"info","event":"  Using cached tzdata-2025.2-py2.py3-none-any.whl.metadata (1.4 kB)","logger":"airflow.utils.process_utils"}
{"timestamp":"2025-09-15T11:05:55.866882","level":"info","event":"Collecting greenlet>=1 (from sqlalchemy->-r /tmp/venv7y9jb0ln/requirements.txt (line 15))","logger":"airflow.utils.process_utils"}
{"timestamp":"2025-09-15T11:05:55.870123","level":"info","event":"  Using cached greenlet-3.2.4-cp312-cp312-manylinux_2_24_x86_64.manylinux_2_28_x86_64.whl.metadata (4.1 kB)","logger":"airflow.utils.process_utils"}
{"timestamp":"2025-09-15T11:05:55.875808","level":"info","event":"Requirement already satisfied: typing-extensions>=4.6.0 in /usr/lib/python3/dist-packages (from sqlalchemy->-r /tmp/venv7y9jb0ln/requirements.txt (line 15)) (4.10.0)","logger":"airflow.utils.process_utils"}
{"timestamp":"2025-09-15T11:05:56.270175","level":"info","event":"Using cached py4j-0.10.9.7-py2.py3-none-any.whl (200 kB)","logger":"airflow.utils.process_utils"}
{"timestamp":"2025-09-15T11:05:56.275486","level":"info","event":"Using cached dotenv-0.9.9-py2.py3-none-any.whl (1.9 kB)","logger":"airflow.utils.process_utils"}
{"timestamp":"2025-09-15T11:05:56.279449","level":"info","event":"Using cached duckdb-1.3.2-cp312-cp312-manylinux_2_27_x86_64.manylinux_2_28_x86_64.whl (21.1 MB)","logger":"airflow.utils.process_utils"}
{"timestamp":"2025-09-15T11:05:56.332330","level":"info","event":"Using cached fastparquet-2024.11.0-cp312-cp312-manylinux_2_17_x86_64.manylinux2014_x86_64.whl (1.8 MB)","logger":"airflow.utils.process_utils"}
{"timestamp":"2025-09-15T11:05:56.339334","level":"info","event":"Using cached flask-3.1.2-py3-none-any.whl (103 kB)","logger":"airflow.utils.process_utils"}
{"timestamp":"2025-09-15T11:05:56.342802","level":"info","event":"Using cached gunicorn-23.0.0-py3-none-any.whl (85 kB)","logger":"airflow.utils.process_utils"}
{"timestamp":"2025-09-15T11:05:56.347649","level":"info","event":"Using cached matplotlib-3.10.6-cp312-cp312-manylinux2014_x86_64.manylinux_2_17_x86_64.whl (8.7 MB)","logger":"airflow.utils.process_utils"}
{"timestamp":"2025-09-15T11:05:56.380875","level":"info","event":"Using cached numpy-2.3.3-cp312-cp312-manylinux_2_27_x86_64.manylinux_2_28_x86_64.whl (16.6 MB)","logger":"airflow.utils.process_utils"}
{"timestamp":"2025-09-15T11:05:56.467878","level":"info","event":"Using cached pandas-2.3.2-cp312-cp312-manylinux_2_17_x86_64.manylinux2014_x86_64.whl (12.0 MB)","logger":"airflow.utils.process_utils"}
{"timestamp":"2025-09-15T11:05:56.544869","level":"info","event":"Using cached psycopg2_binary-2.9.10-cp312-cp312-manylinux_2_17_x86_64.manylinux2014_x86_64.whl (3.0 MB)","logger":"airflow.utils.process_utils"}
{"timestamp":"2025-09-15T11:05:56.562961","level":"info","event":"Using cached pyarrow-21.0.0-cp312-cp312-manylinux_2_28_x86_64.whl (42.8 MB)","logger":"airflow.utils.process_utils"}
{"timestamp":"2025-09-15T11:05:56.736626","level":"info","event":"Using cached seaborn-0.13.2-py3-none-any.whl (294 kB)","logger":"airflow.utils.process_utils"}
{"timestamp":"2025-09-15T11:05:56.739330","level":"info","event":"Using cached sqlalchemy-2.0.43-cp312-cp312-manylinux_2_17_x86_64.manylinux2014_x86_64.whl (3.3 MB)","logger":"airflow.utils.process_utils"}
{"timestamp":"2025-09-15T11:05:56.749541","level":"info","event":"Using cached blinker-1.9.0-py3-none-any.whl (8.5 kB)","logger":"airflow.utils.process_utils"}
{"timestamp":"2025-09-15T11:05:56.751465","level":"info","event":"Using cached contourpy-1.3.3-cp312-cp312-manylinux_2_27_x86_64.manylinux_2_28_x86_64.whl (362 kB)","logger":"airflow.utils.process_utils"}
{"timestamp":"2025-09-15T11:05:56.753803","level":"info","event":"Using cached cramjam-2.11.0-cp312-cp312-manylinux_2_17_x86_64.manylinux2014_x86_64.whl (2.0 MB)","logger":"airflow.utils.process_utils"}
{"timestamp":"2025-09-15T11:05:56.760723","level":"info","event":"Using cached cycler-0.12.1-py3-none-any.whl (8.3 kB)","logger":"airflow.utils.process_utils"}
{"timestamp":"2025-09-15T11:05:56.763976","level":"info","event":"Using cached fonttools-4.59.2-cp312-cp312-manylinux1_x86_64.manylinux2014_x86_64.manylinux_2_17_x86_64.manylinux_2_5_x86_64.whl (4.9 MB)","logger":"airflow.utils.process_utils"}
{"timestamp":"2025-09-15T11:05:56.775917","level":"info","event":"Using cached greenlet-3.2.4-cp312-cp312-manylinux_2_24_x86_64.manylinux_2_28_x86_64.whl (607 kB)","logger":"airflow.utils.process_utils"}
{"timestamp":"2025-09-15T11:05:56.779312","level":"info","event":"Using cached itsdangerous-2.2.0-py3-none-any.whl (16 kB)","logger":"airflow.utils.process_utils"}
{"timestamp":"2025-09-15T11:05:56.782040","level":"info","event":"Using cached kiwisolver-1.4.9-cp312-cp312-manylinux2014_x86_64.manylinux_2_17_x86_64.whl (1.5 MB)","logger":"airflow.utils.process_utils"}
{"timestamp":"2025-09-15T11:05:56.788235","level":"info","event":"Using cached pillow-11.3.0-cp312-cp312-manylinux_2_27_x86_64.manylinux_2_28_x86_64.whl (6.6 MB)","logger":"airflow.utils.process_utils"}
{"timestamp":"2025-09-15T11:05:56.807549","level":"info","event":"Using cached tzdata-2025.2-py2.py3-none-any.whl (347 kB)","logger":"airflow.utils.process_utils"}
{"timestamp":"2025-09-15T11:05:56.810762","level":"info","event":"Using cached werkzeug-3.1.3-py3-none-any.whl (224 kB)","logger":"airflow.utils.process_utils"}
{"timestamp":"2025-09-15T11:05:56.813233","level":"info","event":"Using cached fsspec-2025.9.0-py3-none-any.whl (199 kB)","logger":"airflow.utils.process_utils"}
{"timestamp":"2025-09-15T11:05:56.815499","level":"info","event":"Using cached python_dotenv-1.1.1-py3-none-any.whl (20 kB)","logger":"airflow.utils.process_utils"}
{"timestamp":"2025-09-15T11:05:58.562421","level":"info","event":"Installing collected packages: py4j, docopt, werkzeug, tzdata, python-dotenv, pyspark, pyarrow, psycopg2-binary, pillow, numpy, kiwisolver, itsdangerous, hdfs, gunicorn, greenlet, fsspec, fonttools, duckdb, cycler, cramjam, blinker, sqlalchemy, pandas, flask, dotenv, contourpy, matplotlib, fastparquet, seaborn","logger":"airflow.utils.process_utils"}
{"timestamp":"2025-09-15T11:06:17.933051","level":"info","event":"  Attempting uninstall: blinker","logger":"airflow.utils.process_utils"}
{"timestamp":"2025-09-15T11:06:17.978598","level":"info","event":"    Found existing installation: blinker 1.7.0","logger":"airflow.utils.process_utils"}
{"timestamp":"2025-09-15T11:06:17.978901","level":"info","event":"    Not uninstalling blinker at /usr/lib/python3/dist-packages, outside environment /tmp/venv7y9jb0ln","logger":"airflow.utils.process_utils"}
{"timestamp":"2025-09-15T11:06:17.979063","level":"info","event":"    Can't uninstall 'blinker'. No files were found to uninstall.","logger":"airflow.utils.process_utils"}
{"timestamp":"2025-09-15T11:06:30.405829","level":"info","event":"Successfully installed blinker-1.9.0 contourpy-1.3.3 cramjam-2.11.0 cycler-0.12.1 docopt-0.6.2 dotenv-0.9.9 duckdb-1.3.2 fastparquet-2024.11.0 flask-3.1.2 fonttools-4.59.2 fsspec-2025.9.0 greenlet-3.2.4 gunicorn-23.0.0 hdfs-2.7.3 itsdangerous-2.2.0 kiwisolver-1.4.9 matplotlib-3.10.6 numpy-2.3.3 pandas-2.3.2 pillow-11.3.0 psycopg2-binary-2.9.10 py4j-0.10.9.7 pyarrow-21.0.0 pyspark-3.5.6 python-dotenv-1.1.1 seaborn-0.13.2 sqlalchemy-2.0.43 tzdata-2025.2 werkzeug-3.1.3","logger":"airflow.utils.process_utils"}
{"timestamp":"2025-09-15T11:06:31.314510","level":"info","event":"Executing cmd: /tmp/venv7y9jb0ln/bin/python /tmp/venv-call2jg78p9h/script.py /tmp/venv-call2jg78p9h/script.in /tmp/venv-call2jg78p9h/script.out /tmp/venv-call2jg78p9h/string_args.txt /tmp/venv-call2jg78p9h/termination.log /tmp/venv-call2jg78p9h/airflow_context.json","logger":"airflow.utils.process_utils"}
{"timestamp":"2025-09-15T11:06:31.315360","level":"info","event":"Output:","logger":"airflow.utils.process_utils"}
{"timestamp":"2025-09-15T11:06:35.968284","level":"info","event":"Setting default log level to \"WARN\".","logger":"airflow.utils.process_utils"}
{"timestamp":"2025-09-15T11:06:35.970835","level":"info","event":"To adjust logging level use sc.setLogLevel(newLevel). For SparkR, use setLogLevel(newLevel).","logger":"airflow.utils.process_utils"}
{"timestamp":"2025-09-15T11:06:36.508544","level":"info","event":"25/09/15 11:06:36 WARN NativeCodeLoader: Unable to load native-hadoop library for your platform... using builtin-java classes where applicable","logger":"airflow.utils.process_utils"}
{"timestamp":"2025-09-15T11:06:42.715616","level":"info","event":"2025-09-15 11:06:42,714 - ERROR - Failed to read data from Bronze layer: [PATH_NOT_FOUND] Path does not exist: hdfs://localhost:9000/user/tiendat/datalake/elt/bronze/ohlcs/dt=2025-09-05.","logger":"airflow.utils.process_utils"}
{"timestamp":"2025-09-15T11:06:42.715902","level":"info","event":"2025-09-15 11:06:42,715 - INFO - Closing down clientserver connection","logger":"airflow.utils.process_utils"}
{"timestamp":"2025-09-15T11:06:43.259871","level":"warning","event":"Fail to delete /home/tiendat/airflow/tmp/venv7y9jb0ln. The directory does not exist.","logger":"airflow.task.operators.airflow.providers.standard.operators.python.PythonVirtualenvOperator"}
{"timestamp":"2025-09-15T11:06:43.605502","level":"info","event":"Done. Returned value was: None","logger":"airflow.task.operators.airflow.providers.standard.operators.python.PythonVirtualenvOperator"}
