{"timestamp":"2025-09-16T07:42:07.057177","level":"info","event":"DAG bundles loaded: dags-folder","logger":"airflow.dag_processing.bundles.manager.DagBundlesManager"}
{"timestamp":"2025-09-16T07:42:07.058167","level":"info","event":"Filling up the DagBag from /home/tiendat/Pipeline-Stock-ETL/schedule/dags/etl_datawarehouse.py","logger":"airflow.models.dagbag.DagBag"}
{"timestamp":"2025-09-16T07:42:07.138740","level":"info","event":"Executing cmd: python -m venv /tmp/venvnf_z0xve --system-site-packages","logger":"airflow.utils.process_utils"}
{"timestamp":"2025-09-16T07:42:07.139914","level":"info","event":"Output:","logger":"airflow.utils.process_utils"}
{"timestamp":"2025-09-16T07:42:11.498981","level":"info","event":"Executing cmd: /tmp/venvnf_z0xve/bin/pip install -r /tmp/venvnf_z0xve/requirements.txt","logger":"airflow.utils.process_utils"}
{"timestamp":"2025-09-16T07:42:11.499793","level":"info","event":"Output:","logger":"airflow.utils.process_utils"}
{"timestamp":"2025-09-16T07:42:12.125532","level":"info","event":"Collecting dotenv (from -r /tmp/venvnf_z0xve/requirements.txt (line 1))","logger":"airflow.utils.process_utils"}
{"timestamp":"2025-09-16T07:42:12.130550","level":"info","event":"  Using cached dotenv-0.9.9-py2.py3-none-any.whl.metadata (279 bytes)","logger":"airflow.utils.process_utils"}
{"timestamp":"2025-09-16T07:42:12.327448","level":"info","event":"Collecting duckdb (from -r /tmp/venvnf_z0xve/requirements.txt (line 2))","logger":"airflow.utils.process_utils"}
{"timestamp":"2025-09-16T07:42:12.331482","level":"info","event":"  Using cached duckdb-1.3.2-cp312-cp312-manylinux_2_27_x86_64.manylinux_2_28_x86_64.whl.metadata (7.0 kB)","logger":"airflow.utils.process_utils"}
{"timestamp":"2025-09-16T07:42:12.412468","level":"info","event":"Collecting fastparquet (from -r /tmp/venvnf_z0xve/requirements.txt (line 3))","logger":"airflow.utils.process_utils"}
{"timestamp":"2025-09-16T07:42:12.416853","level":"info","event":"  Using cached fastparquet-2024.11.0-cp312-cp312-manylinux_2_17_x86_64.manylinux2014_x86_64.whl.metadata (4.2 kB)","logger":"airflow.utils.process_utils"}
{"timestamp":"2025-09-16T07:42:12.461093","level":"info","event":"Collecting flask (from -r /tmp/venvnf_z0xve/requirements.txt (line 4))","logger":"airflow.utils.process_utils"}
{"timestamp":"2025-09-16T07:42:12.464973","level":"info","event":"  Using cached flask-3.1.2-py3-none-any.whl.metadata (3.2 kB)","logger":"airflow.utils.process_utils"}
{"timestamp":"2025-09-16T07:42:12.506695","level":"info","event":"Collecting gunicorn (from -r /tmp/venvnf_z0xve/requirements.txt (line 5))","logger":"airflow.utils.process_utils"}
{"timestamp":"2025-09-16T07:42:12.510647","level":"info","event":"  Using cached gunicorn-23.0.0-py3-none-any.whl.metadata (4.4 kB)","logger":"airflow.utils.process_utils"}
{"timestamp":"2025-09-16T07:42:12.571613","level":"info","event":"Collecting hdfs (from -r /tmp/venvnf_z0xve/requirements.txt (line 6))","logger":"airflow.utils.process_utils"}
{"timestamp":"2025-09-16T07:42:12.571880","level":"info","event":"  Using cached hdfs-2.7.3-py3-none-any.whl","logger":"airflow.utils.process_utils"}
{"timestamp":"2025-09-16T07:42:12.797081","level":"info","event":"Collecting matplotlib (from -r /tmp/venvnf_z0xve/requirements.txt (line 7))","logger":"airflow.utils.process_utils"}
{"timestamp":"2025-09-16T07:42:12.804621","level":"info","event":"  Using cached matplotlib-3.10.6-cp312-cp312-manylinux2014_x86_64.manylinux_2_17_x86_64.whl.metadata (11 kB)","logger":"airflow.utils.process_utils"}
{"timestamp":"2025-09-16T07:42:13.163366","level":"info","event":"Collecting numpy (from -r /tmp/venvnf_z0xve/requirements.txt (line 8))","logger":"airflow.utils.process_utils"}
{"timestamp":"2025-09-16T07:42:13.167774","level":"info","event":"  Using cached numpy-2.3.3-cp312-cp312-manylinux_2_27_x86_64.manylinux_2_28_x86_64.whl.metadata (62 kB)","logger":"airflow.utils.process_utils"}
{"timestamp":"2025-09-16T07:42:13.351354","level":"info","event":"Collecting pandas (from -r /tmp/venvnf_z0xve/requirements.txt (line 9))","logger":"airflow.utils.process_utils"}
{"timestamp":"2025-09-16T07:42:13.355195","level":"info","event":"  Using cached pandas-2.3.2-cp312-cp312-manylinux_2_17_x86_64.manylinux2014_x86_64.whl.metadata (91 kB)","logger":"airflow.utils.process_utils"}
{"timestamp":"2025-09-16T07:42:13.532507","level":"info","event":"Collecting psycopg2-binary (from -r /tmp/venvnf_z0xve/requirements.txt (line 10))","logger":"airflow.utils.process_utils"}
{"timestamp":"2025-09-16T07:42:13.536446","level":"info","event":"  Using cached psycopg2_binary-2.9.10-cp312-cp312-manylinux_2_17_x86_64.manylinux2014_x86_64.whl.metadata (4.9 kB)","logger":"airflow.utils.process_utils"}
{"timestamp":"2025-09-16T07:42:13.689722","level":"info","event":"Collecting pyarrow (from -r /tmp/venvnf_z0xve/requirements.txt (line 11))","logger":"airflow.utils.process_utils"}
{"timestamp":"2025-09-16T07:42:13.694191","level":"info","event":"  Using cached pyarrow-21.0.0-cp312-cp312-manylinux_2_28_x86_64.whl.metadata (3.3 kB)","logger":"airflow.utils.process_utils"}
{"timestamp":"2025-09-16T07:42:13.752927","level":"info","event":"Collecting pyspark==3.5.6 (from -r /tmp/venvnf_z0xve/requirements.txt (line 12))","logger":"airflow.utils.process_utils"}
{"timestamp":"2025-09-16T07:42:13.753194","level":"info","event":"  Using cached pyspark-3.5.6-py2.py3-none-any.whl","logger":"airflow.utils.process_utils"}
{"timestamp":"2025-09-16T07:42:13.759675","level":"info","event":"Requirement already satisfied: requests in /usr/lib/python3/dist-packages (from -r /tmp/venvnf_z0xve/requirements.txt (line 13)) (2.31.0)","logger":"airflow.utils.process_utils"}
{"timestamp":"2025-09-16T07:42:13.793788","level":"info","event":"Collecting seaborn (from -r /tmp/venvnf_z0xve/requirements.txt (line 14))","logger":"airflow.utils.process_utils"}
{"timestamp":"2025-09-16T07:42:13.797911","level":"info","event":"  Using cached seaborn-0.13.2-py3-none-any.whl.metadata (5.4 kB)","logger":"airflow.utils.process_utils"}
{"timestamp":"2025-09-16T07:42:14.167681","level":"info","event":"Collecting sqlalchemy (from -r /tmp/venvnf_z0xve/requirements.txt (line 15))","logger":"airflow.utils.process_utils"}
{"timestamp":"2025-09-16T07:42:14.171932","level":"info","event":"  Using cached sqlalchemy-2.0.43-cp312-cp312-manylinux_2_17_x86_64.manylinux2014_x86_64.whl.metadata (9.6 kB)","logger":"airflow.utils.process_utils"}
{"timestamp":"2025-09-16T07:42:14.238866","level":"info","event":"Collecting py4j==0.10.9.7 (from pyspark==3.5.6->-r /tmp/venvnf_z0xve/requirements.txt (line 12))","logger":"airflow.utils.process_utils"}
{"timestamp":"2025-09-16T07:42:14.244181","level":"info","event":"  Using cached py4j-0.10.9.7-py2.py3-none-any.whl.metadata (1.5 kB)","logger":"airflow.utils.process_utils"}
{"timestamp":"2025-09-16T07:42:14.284592","level":"info","event":"Collecting python-dotenv (from dotenv->-r /tmp/venvnf_z0xve/requirements.txt (line 1))","logger":"airflow.utils.process_utils"}
{"timestamp":"2025-09-16T07:42:14.288453","level":"info","event":"  Using cached python_dotenv-1.1.1-py3-none-any.whl.metadata (24 kB)","logger":"airflow.utils.process_utils"}
{"timestamp":"2025-09-16T07:42:14.518640","level":"info","event":"Collecting cramjam>=2.3 (from fastparquet->-r /tmp/venvnf_z0xve/requirements.txt (line 3))","logger":"airflow.utils.process_utils"}
{"timestamp":"2025-09-16T07:42:14.522919","level":"info","event":"  Using cached cramjam-2.11.0-cp312-cp312-manylinux_2_17_x86_64.manylinux2014_x86_64.whl.metadata (5.6 kB)","logger":"airflow.utils.process_utils"}
{"timestamp":"2025-09-16T07:42:14.663489","level":"info","event":"Collecting fsspec (from fastparquet->-r /tmp/venvnf_z0xve/requirements.txt (line 3))","logger":"airflow.utils.process_utils"}
{"timestamp":"2025-09-16T07:42:14.668589","level":"info","event":"  Using cached fsspec-2025.9.0-py3-none-any.whl.metadata (10 kB)","logger":"airflow.utils.process_utils"}
{"timestamp":"2025-09-16T07:42:14.673550","level":"info","event":"Requirement already satisfied: packaging in /usr/lib/python3/dist-packages (from fastparquet->-r /tmp/venvnf_z0xve/requirements.txt (line 3)) (24.0)","logger":"airflow.utils.process_utils"}
{"timestamp":"2025-09-16T07:42:14.722242","level":"info","event":"Collecting blinker>=1.9.0 (from flask->-r /tmp/venvnf_z0xve/requirements.txt (line 4))","logger":"airflow.utils.process_utils"}
{"timestamp":"2025-09-16T07:42:14.726009","level":"info","event":"  Using cached blinker-1.9.0-py3-none-any.whl.metadata (1.6 kB)","logger":"airflow.utils.process_utils"}
{"timestamp":"2025-09-16T07:42:14.730209","level":"info","event":"Requirement already satisfied: click>=8.1.3 in /usr/lib/python3/dist-packages (from flask->-r /tmp/venvnf_z0xve/requirements.txt (line 4)) (8.1.6)","logger":"airflow.utils.process_utils"}
{"timestamp":"2025-09-16T07:42:14.762236","level":"info","event":"Collecting itsdangerous>=2.2.0 (from flask->-r /tmp/venvnf_z0xve/requirements.txt (line 4))","logger":"airflow.utils.process_utils"}
{"timestamp":"2025-09-16T07:42:14.766581","level":"info","event":"  Using cached itsdangerous-2.2.0-py3-none-any.whl.metadata (1.9 kB)","logger":"airflow.utils.process_utils"}
{"timestamp":"2025-09-16T07:42:14.770355","level":"info","event":"Requirement already satisfied: jinja2>=3.1.2 in /usr/lib/python3/dist-packages (from flask->-r /tmp/venvnf_z0xve/requirements.txt (line 4)) (3.1.2)","logger":"airflow.utils.process_utils"}
{"timestamp":"2025-09-16T07:42:14.771805","level":"info","event":"Requirement already satisfied: markupsafe>=2.1.1 in /usr/lib/python3/dist-packages (from flask->-r /tmp/venvnf_z0xve/requirements.txt (line 4)) (2.1.5)","logger":"airflow.utils.process_utils"}
{"timestamp":"2025-09-16T07:42:14.823573","level":"info","event":"Collecting werkzeug>=3.1.0 (from flask->-r /tmp/venvnf_z0xve/requirements.txt (line 4))","logger":"airflow.utils.process_utils"}
{"timestamp":"2025-09-16T07:42:14.827362","level":"info","event":"  Using cached werkzeug-3.1.3-py3-none-any.whl.metadata (3.7 kB)","logger":"airflow.utils.process_utils"}
{"timestamp":"2025-09-16T07:42:14.873394","level":"info","event":"Collecting docopt (from hdfs->-r /tmp/venvnf_z0xve/requirements.txt (line 6))","logger":"airflow.utils.process_utils"}
{"timestamp":"2025-09-16T07:42:14.873657","level":"info","event":"  Using cached docopt-0.6.2-py2.py3-none-any.whl","logger":"airflow.utils.process_utils"}
{"timestamp":"2025-09-16T07:42:14.877075","level":"info","event":"Requirement already satisfied: six>=1.9.0 in /usr/lib/python3/dist-packages (from hdfs->-r /tmp/venvnf_z0xve/requirements.txt (line 6)) (1.16.0)","logger":"airflow.utils.process_utils"}
{"timestamp":"2025-09-16T07:42:15.000987","level":"info","event":"Collecting contourpy>=1.0.1 (from matplotlib->-r /tmp/venvnf_z0xve/requirements.txt (line 7))","logger":"airflow.utils.process_utils"}
{"timestamp":"2025-09-16T07:42:15.004758","level":"info","event":"  Using cached contourpy-1.3.3-cp312-cp312-manylinux_2_27_x86_64.manylinux_2_28_x86_64.whl.metadata (5.5 kB)","logger":"airflow.utils.process_utils"}
{"timestamp":"2025-09-16T07:42:15.035821","level":"info","event":"Collecting cycler>=0.10 (from matplotlib->-r /tmp/venvnf_z0xve/requirements.txt (line 7))","logger":"airflow.utils.process_utils"}
{"timestamp":"2025-09-16T07:42:15.039614","level":"info","event":"  Using cached cycler-0.12.1-py3-none-any.whl.metadata (3.8 kB)","logger":"airflow.utils.process_utils"}
{"timestamp":"2025-09-16T07:42:15.248578","level":"info","event":"Collecting fonttools>=4.22.0 (from matplotlib->-r /tmp/venvnf_z0xve/requirements.txt (line 7))","logger":"airflow.utils.process_utils"}
{"timestamp":"2025-09-16T07:42:15.252872","level":"info","event":"  Using cached fonttools-4.59.2-cp312-cp312-manylinux1_x86_64.manylinux2014_x86_64.manylinux_2_17_x86_64.manylinux_2_5_x86_64.whl.metadata (109 kB)","logger":"airflow.utils.process_utils"}
{"timestamp":"2025-09-16T07:42:15.354015","level":"info","event":"Collecting kiwisolver>=1.3.1 (from matplotlib->-r /tmp/venvnf_z0xve/requirements.txt (line 7))","logger":"airflow.utils.process_utils"}
{"timestamp":"2025-09-16T07:42:15.357266","level":"info","event":"  Using cached kiwisolver-1.4.9-cp312-cp312-manylinux2014_x86_64.manylinux_2_17_x86_64.whl.metadata (6.3 kB)","logger":"airflow.utils.process_utils"}
{"timestamp":"2025-09-16T07:42:15.590346","level":"info","event":"Collecting pillow>=8 (from matplotlib->-r /tmp/venvnf_z0xve/requirements.txt (line 7))","logger":"airflow.utils.process_utils"}
{"timestamp":"2025-09-16T07:42:15.593875","level":"info","event":"  Using cached pillow-11.3.0-cp312-cp312-manylinux_2_27_x86_64.manylinux_2_28_x86_64.whl.metadata (9.0 kB)","logger":"airflow.utils.process_utils"}
{"timestamp":"2025-09-16T07:42:15.597512","level":"info","event":"Requirement already satisfied: pyparsing>=2.3.1 in /usr/lib/python3/dist-packages (from matplotlib->-r /tmp/venvnf_z0xve/requirements.txt (line 7)) (3.1.1)","logger":"airflow.utils.process_utils"}
{"timestamp":"2025-09-16T07:42:15.599407","level":"info","event":"Requirement already satisfied: python-dateutil>=2.7 in /usr/lib/python3/dist-packages (from matplotlib->-r /tmp/venvnf_z0xve/requirements.txt (line 7)) (2.8.2)","logger":"airflow.utils.process_utils"}
{"timestamp":"2025-09-16T07:42:15.781228","level":"info","event":"Requirement already satisfied: pytz>=2020.1 in /usr/lib/python3/dist-packages (from pandas->-r /tmp/venvnf_z0xve/requirements.txt (line 9)) (2024.1)","logger":"airflow.utils.process_utils"}
{"timestamp":"2025-09-16T07:42:15.817604","level":"info","event":"Collecting tzdata>=2022.7 (from pandas->-r /tmp/venvnf_z0xve/requirements.txt (line 9))","logger":"airflow.utils.process_utils"}
{"timestamp":"2025-09-16T07:42:15.821344","level":"info","event":"  Using cached tzdata-2025.2-py2.py3-none-any.whl.metadata (1.4 kB)","logger":"airflow.utils.process_utils"}
{"timestamp":"2025-09-16T07:42:16.096767","level":"info","event":"Collecting greenlet>=1 (from sqlalchemy->-r /tmp/venvnf_z0xve/requirements.txt (line 15))","logger":"airflow.utils.process_utils"}
{"timestamp":"2025-09-16T07:42:16.100367","level":"info","event":"  Using cached greenlet-3.2.4-cp312-cp312-manylinux_2_24_x86_64.manylinux_2_28_x86_64.whl.metadata (4.1 kB)","logger":"airflow.utils.process_utils"}
{"timestamp":"2025-09-16T07:42:16.103849","level":"info","event":"Requirement already satisfied: typing-extensions>=4.6.0 in /usr/lib/python3/dist-packages (from sqlalchemy->-r /tmp/venvnf_z0xve/requirements.txt (line 15)) (4.10.0)","logger":"airflow.utils.process_utils"}
{"timestamp":"2025-09-16T07:42:16.339396","level":"info","event":"Using cached py4j-0.10.9.7-py2.py3-none-any.whl (200 kB)","logger":"airflow.utils.process_utils"}
{"timestamp":"2025-09-16T07:42:16.342749","level":"info","event":"Using cached dotenv-0.9.9-py2.py3-none-any.whl (1.9 kB)","logger":"airflow.utils.process_utils"}
{"timestamp":"2025-09-16T07:42:16.346081","level":"info","event":"Using cached duckdb-1.3.2-cp312-cp312-manylinux_2_27_x86_64.manylinux_2_28_x86_64.whl (21.1 MB)","logger":"airflow.utils.process_utils"}
{"timestamp":"2025-09-16T07:42:16.427401","level":"info","event":"Using cached fastparquet-2024.11.0-cp312-cp312-manylinux_2_17_x86_64.manylinux2014_x86_64.whl (1.8 MB)","logger":"airflow.utils.process_utils"}
{"timestamp":"2025-09-16T07:42:16.440628","level":"info","event":"Using cached flask-3.1.2-py3-none-any.whl (103 kB)","logger":"airflow.utils.process_utils"}
{"timestamp":"2025-09-16T07:42:16.444215","level":"info","event":"Using cached gunicorn-23.0.0-py3-none-any.whl (85 kB)","logger":"airflow.utils.process_utils"}
{"timestamp":"2025-09-16T07:42:16.447539","level":"info","event":"Using cached matplotlib-3.10.6-cp312-cp312-manylinux2014_x86_64.manylinux_2_17_x86_64.whl (8.7 MB)","logger":"airflow.utils.process_utils"}
{"timestamp":"2025-09-16T07:42:16.466580","level":"info","event":"Using cached numpy-2.3.3-cp312-cp312-manylinux_2_27_x86_64.manylinux_2_28_x86_64.whl (16.6 MB)","logger":"airflow.utils.process_utils"}
{"timestamp":"2025-09-16T07:42:16.500670","level":"info","event":"Using cached pandas-2.3.2-cp312-cp312-manylinux_2_17_x86_64.manylinux2014_x86_64.whl (12.0 MB)","logger":"airflow.utils.process_utils"}
{"timestamp":"2025-09-16T07:42:16.523858","level":"info","event":"Using cached psycopg2_binary-2.9.10-cp312-cp312-manylinux_2_17_x86_64.manylinux2014_x86_64.whl (3.0 MB)","logger":"airflow.utils.process_utils"}
{"timestamp":"2025-09-16T07:42:16.532768","level":"info","event":"Using cached pyarrow-21.0.0-cp312-cp312-manylinux_2_28_x86_64.whl (42.8 MB)","logger":"airflow.utils.process_utils"}
{"timestamp":"2025-09-16T07:42:16.691734","level":"info","event":"Using cached seaborn-0.13.2-py3-none-any.whl (294 kB)","logger":"airflow.utils.process_utils"}
{"timestamp":"2025-09-16T07:42:16.697943","level":"info","event":"Using cached sqlalchemy-2.0.43-cp312-cp312-manylinux_2_17_x86_64.manylinux2014_x86_64.whl (3.3 MB)","logger":"airflow.utils.process_utils"}
{"timestamp":"2025-09-16T07:42:16.717215","level":"info","event":"Using cached blinker-1.9.0-py3-none-any.whl (8.5 kB)","logger":"airflow.utils.process_utils"}
{"timestamp":"2025-09-16T07:42:16.722146","level":"info","event":"Using cached contourpy-1.3.3-cp312-cp312-manylinux_2_27_x86_64.manylinux_2_28_x86_64.whl (362 kB)","logger":"airflow.utils.process_utils"}
{"timestamp":"2025-09-16T07:42:16.728059","level":"info","event":"Using cached cramjam-2.11.0-cp312-cp312-manylinux_2_17_x86_64.manylinux2014_x86_64.whl (2.0 MB)","logger":"airflow.utils.process_utils"}
{"timestamp":"2025-09-16T07:42:16.741364","level":"info","event":"Using cached cycler-0.12.1-py3-none-any.whl (8.3 kB)","logger":"airflow.utils.process_utils"}
{"timestamp":"2025-09-16T07:42:16.745058","level":"info","event":"Using cached fonttools-4.59.2-cp312-cp312-manylinux1_x86_64.manylinux2014_x86_64.manylinux_2_17_x86_64.manylinux_2_5_x86_64.whl (4.9 MB)","logger":"airflow.utils.process_utils"}
{"timestamp":"2025-09-16T07:42:16.771440","level":"info","event":"Using cached greenlet-3.2.4-cp312-cp312-manylinux_2_24_x86_64.manylinux_2_28_x86_64.whl (607 kB)","logger":"airflow.utils.process_utils"}
{"timestamp":"2025-09-16T07:42:16.781248","level":"info","event":"Using cached itsdangerous-2.2.0-py3-none-any.whl (16 kB)","logger":"airflow.utils.process_utils"}
{"timestamp":"2025-09-16T07:42:16.785750","level":"info","event":"Using cached kiwisolver-1.4.9-cp312-cp312-manylinux2014_x86_64.manylinux_2_17_x86_64.whl (1.5 MB)","logger":"airflow.utils.process_utils"}
{"timestamp":"2025-09-16T07:42:16.797922","level":"info","event":"Using cached pillow-11.3.0-cp312-cp312-manylinux_2_27_x86_64.manylinux_2_28_x86_64.whl (6.6 MB)","logger":"airflow.utils.process_utils"}
{"timestamp":"2025-09-16T07:42:16.834102","level":"info","event":"Using cached tzdata-2025.2-py2.py3-none-any.whl (347 kB)","logger":"airflow.utils.process_utils"}
{"timestamp":"2025-09-16T07:42:16.841010","level":"info","event":"Using cached werkzeug-3.1.3-py3-none-any.whl (224 kB)","logger":"airflow.utils.process_utils"}
{"timestamp":"2025-09-16T07:42:16.846396","level":"info","event":"Using cached fsspec-2025.9.0-py3-none-any.whl (199 kB)","logger":"airflow.utils.process_utils"}
{"timestamp":"2025-09-16T07:42:16.852686","level":"info","event":"Using cached python_dotenv-1.1.1-py3-none-any.whl (20 kB)","logger":"airflow.utils.process_utils"}
{"timestamp":"2025-09-16T07:42:17.860715","level":"info","event":"Installing collected packages: py4j, docopt, werkzeug, tzdata, python-dotenv, pyspark, pyarrow, psycopg2-binary, pillow, numpy, kiwisolver, itsdangerous, hdfs, gunicorn, greenlet, fsspec, fonttools, duckdb, cycler, cramjam, blinker, sqlalchemy, pandas, flask, dotenv, contourpy, matplotlib, fastparquet, seaborn","logger":"airflow.utils.process_utils"}
{"timestamp":"2025-09-16T07:42:28.695439","level":"info","event":"  Attempting uninstall: blinker","logger":"airflow.utils.process_utils"}
{"timestamp":"2025-09-16T07:42:28.727174","level":"info","event":"    Found existing installation: blinker 1.7.0","logger":"airflow.utils.process_utils"}
{"timestamp":"2025-09-16T07:42:28.729551","level":"info","event":"    Not uninstalling blinker at /usr/lib/python3/dist-packages, outside environment /tmp/venvnf_z0xve","logger":"airflow.utils.process_utils"}
{"timestamp":"2025-09-16T07:42:28.729802","level":"info","event":"    Can't uninstall 'blinker'. No files were found to uninstall.","logger":"airflow.utils.process_utils"}
{"timestamp":"2025-09-16T07:42:39.619376","level":"info","event":"Successfully installed blinker-1.9.0 contourpy-1.3.3 cramjam-2.11.0 cycler-0.12.1 docopt-0.6.2 dotenv-0.9.9 duckdb-1.3.2 fastparquet-2024.11.0 flask-3.1.2 fonttools-4.59.2 fsspec-2025.9.0 greenlet-3.2.4 gunicorn-23.0.0 hdfs-2.7.3 itsdangerous-2.2.0 kiwisolver-1.4.9 matplotlib-3.10.6 numpy-2.3.3 pandas-2.3.2 pillow-11.3.0 psycopg2-binary-2.9.10 py4j-0.10.9.7 pyarrow-21.0.0 pyspark-3.5.6 python-dotenv-1.1.1 seaborn-0.13.2 sqlalchemy-2.0.43 tzdata-2025.2 werkzeug-3.1.3","logger":"airflow.utils.process_utils"}
{"timestamp":"2025-09-16T07:42:40.620476","level":"info","event":"Executing cmd: /tmp/venvnf_z0xve/bin/python /tmp/venv-calls1hnuzkk/script.py /tmp/venv-calls1hnuzkk/script.in /tmp/venv-calls1hnuzkk/script.out /tmp/venv-calls1hnuzkk/string_args.txt /tmp/venv-calls1hnuzkk/termination.log /tmp/venv-calls1hnuzkk/airflow_context.json","logger":"airflow.utils.process_utils"}
{"timestamp":"2025-09-16T07:42:40.621294","level":"info","event":"Output:","logger":"airflow.utils.process_utils"}
{"timestamp":"2025-09-16T07:42:41.243134","level":"info","event":"2025-09-16 07:42:41,242 - INFO - Instantiated <InsecureClient(url='http://34.59.119.128:9870')>.","logger":"airflow.utils.process_utils"}
{"timestamp":"2025-09-16T07:42:41.243596","level":"info","event":"2025-09-16 07:42:41,242 - INFO - Fetching news from 20250915T0000 to 20250915T2359","logger":"airflow.utils.process_utils"}
{"timestamp":"2025-09-16T07:42:42.483024","level":"info","event":"2025-09-16 07:42:42,482 - INFO - Fetching news from 20250915T0000 to 20250915T1200","logger":"airflow.utils.process_utils"}
{"timestamp":"2025-09-16T07:42:43.316701","level":"info","event":"2025-09-16 07:42:43,316 - INFO - Fetching news from 20250915T1201 to 20250915T2359","logger":"airflow.utils.process_utils"}
{"timestamp":"2025-09-16T07:42:44.511885","level":"info","event":"2025-09-16 07:42:44,511 - INFO - Creating directories to '/user/tiendat/datalake/elt/bronze/news/dt=2025-09-15'.","logger":"airflow.utils.process_utils"}
{"timestamp":"2025-09-16T07:42:44.524476","level":"info","event":"2025-09-16 07:42:44,523 - INFO - Writing to '/user/tiendat/datalake/elt/bronze/news/dt=2025-09-15/part-0000.parquet'.","logger":"airflow.utils.process_utils"}
{"timestamp":"2025-09-16T07:42:44.973164","level":"info","event":"2025-09-16 07:42:44,972 - INFO - Saved 1317 news records to /user/tiendat/datalake/elt/bronze/news/dt=2025-09-15/part-0000.parquet","logger":"airflow.utils.process_utils"}
{"timestamp":"2025-09-16T07:42:45.129773","level":"warning","event":"Fail to delete /home/tiendat/airflow/tmp/venvnf_z0xve. The directory does not exist.","logger":"airflow.task.operators.airflow.providers.standard.operators.python.PythonVirtualenvOperator"}
{"timestamp":"2025-09-16T07:42:45.493143","level":"info","event":"Done. Returned value was: None","logger":"airflow.task.operators.airflow.providers.standard.operators.python.PythonVirtualenvOperator"}
