{"timestamp":"2025-09-17T01:07:22.611665","level":"info","event":"DAG bundles loaded: dags-folder","logger":"airflow.dag_processing.bundles.manager.DagBundlesManager"}
{"timestamp":"2025-09-17T01:07:22.612793","level":"info","event":"Filling up the DagBag from /home/tiendat/Pipeline-Stock-ETL/schedule/dags/etl_source_database.py","logger":"airflow.models.dagbag.DagBag"}
{"timestamp":"2025-09-17T01:07:22.679729","level":"info","event":"Executing cmd: python -m venv /tmp/venv1wy01y7k","logger":"airflow.utils.process_utils"}
{"timestamp":"2025-09-17T01:07:22.680840","level":"info","event":"Output:","logger":"airflow.utils.process_utils"}
{"timestamp":"2025-09-17T01:07:26.628715","level":"info","event":"Executing cmd: /tmp/venv1wy01y7k/bin/pip install -r /tmp/venv1wy01y7k/requirements.txt","logger":"airflow.utils.process_utils"}
{"timestamp":"2025-09-17T01:07:26.629913","level":"info","event":"Output:","logger":"airflow.utils.process_utils"}
{"timestamp":"2025-09-17T01:07:27.116633","level":"info","event":"Collecting dotenv (from -r /tmp/venv1wy01y7k/requirements.txt (line 1))","logger":"airflow.utils.process_utils"}
{"timestamp":"2025-09-17T01:07:27.119441","level":"info","event":"  Using cached dotenv-0.9.9-py2.py3-none-any.whl.metadata (279 bytes)","logger":"airflow.utils.process_utils"}
{"timestamp":"2025-09-17T01:07:27.370378","level":"info","event":"Collecting duckdb (from -r /tmp/venv1wy01y7k/requirements.txt (line 2))","logger":"airflow.utils.process_utils"}
{"timestamp":"2025-09-17T01:07:27.373542","level":"info","event":"  Using cached duckdb-1.4.0-cp312-cp312-manylinux_2_27_x86_64.manylinux_2_28_x86_64.whl.metadata (14 kB)","logger":"airflow.utils.process_utils"}
{"timestamp":"2025-09-17T01:07:27.454334","level":"info","event":"Collecting fastparquet (from -r /tmp/venv1wy01y7k/requirements.txt (line 3))","logger":"airflow.utils.process_utils"}
{"timestamp":"2025-09-17T01:07:27.456995","level":"info","event":"  Using cached fastparquet-2024.11.0-cp312-cp312-manylinux_2_17_x86_64.manylinux2014_x86_64.whl.metadata (4.2 kB)","logger":"airflow.utils.process_utils"}
{"timestamp":"2025-09-17T01:07:27.498852","level":"info","event":"Collecting flask (from -r /tmp/venv1wy01y7k/requirements.txt (line 4))","logger":"airflow.utils.process_utils"}
{"timestamp":"2025-09-17T01:07:27.501789","level":"info","event":"  Using cached flask-3.1.2-py3-none-any.whl.metadata (3.2 kB)","logger":"airflow.utils.process_utils"}
{"timestamp":"2025-09-17T01:07:27.542528","level":"info","event":"Collecting gunicorn (from -r /tmp/venv1wy01y7k/requirements.txt (line 5))","logger":"airflow.utils.process_utils"}
{"timestamp":"2025-09-17T01:07:27.545121","level":"info","event":"  Using cached gunicorn-23.0.0-py3-none-any.whl.metadata (4.4 kB)","logger":"airflow.utils.process_utils"}
{"timestamp":"2025-09-17T01:07:27.586435","level":"info","event":"Collecting hdfs (from -r /tmp/venv1wy01y7k/requirements.txt (line 6))","logger":"airflow.utils.process_utils"}
{"timestamp":"2025-09-17T01:07:27.586687","level":"info","event":"  Using cached hdfs-2.7.3-py3-none-any.whl","logger":"airflow.utils.process_utils"}
{"timestamp":"2025-09-17T01:07:27.823430","level":"info","event":"Collecting matplotlib (from -r /tmp/venv1wy01y7k/requirements.txt (line 7))","logger":"airflow.utils.process_utils"}
{"timestamp":"2025-09-17T01:07:27.826138","level":"info","event":"  Using cached matplotlib-3.10.6-cp312-cp312-manylinux2014_x86_64.manylinux_2_17_x86_64.whl.metadata (11 kB)","logger":"airflow.utils.process_utils"}
{"timestamp":"2025-09-17T01:07:28.076044","level":"info","event":"Collecting numpy (from -r /tmp/venv1wy01y7k/requirements.txt (line 8))","logger":"airflow.utils.process_utils"}
{"timestamp":"2025-09-17T01:07:28.077962","level":"info","event":"  Using cached numpy-2.3.3-cp312-cp312-manylinux_2_27_x86_64.manylinux_2_28_x86_64.whl.metadata (62 kB)","logger":"airflow.utils.process_utils"}
{"timestamp":"2025-09-17T01:07:28.250458","level":"info","event":"Collecting pandas (from -r /tmp/venv1wy01y7k/requirements.txt (line 9))","logger":"airflow.utils.process_utils"}
{"timestamp":"2025-09-17T01:07:28.252447","level":"info","event":"  Using cached pandas-2.3.2-cp312-cp312-manylinux_2_17_x86_64.manylinux2014_x86_64.whl.metadata (91 kB)","logger":"airflow.utils.process_utils"}
{"timestamp":"2025-09-17T01:07:28.444895","level":"info","event":"Collecting psycopg2-binary (from -r /tmp/venv1wy01y7k/requirements.txt (line 10))","logger":"airflow.utils.process_utils"}
{"timestamp":"2025-09-17T01:07:28.446854","level":"info","event":"  Using cached psycopg2_binary-2.9.10-cp312-cp312-manylinux_2_17_x86_64.manylinux2014_x86_64.whl.metadata (4.9 kB)","logger":"airflow.utils.process_utils"}
{"timestamp":"2025-09-17T01:07:28.565914","level":"info","event":"Collecting pyarrow (from -r /tmp/venv1wy01y7k/requirements.txt (line 11))","logger":"airflow.utils.process_utils"}
{"timestamp":"2025-09-17T01:07:28.567837","level":"info","event":"  Using cached pyarrow-21.0.0-cp312-cp312-manylinux_2_28_x86_64.whl.metadata (3.3 kB)","logger":"airflow.utils.process_utils"}
{"timestamp":"2025-09-17T01:07:28.601023","level":"info","event":"Collecting pyspark==3.5.6 (from -r /tmp/venv1wy01y7k/requirements.txt (line 12))","logger":"airflow.utils.process_utils"}
{"timestamp":"2025-09-17T01:07:28.601338","level":"info","event":"  Using cached pyspark-3.5.6-py2.py3-none-any.whl","logger":"airflow.utils.process_utils"}
{"timestamp":"2025-09-17T01:07:28.662578","level":"info","event":"Collecting requests (from -r /tmp/venv1wy01y7k/requirements.txt (line 13))","logger":"airflow.utils.process_utils"}
{"timestamp":"2025-09-17T01:07:28.665303","level":"info","event":"  Using cached requests-2.32.5-py3-none-any.whl.metadata (4.9 kB)","logger":"airflow.utils.process_utils"}
{"timestamp":"2025-09-17T01:07:28.701228","level":"info","event":"Collecting seaborn (from -r /tmp/venv1wy01y7k/requirements.txt (line 14))","logger":"airflow.utils.process_utils"}
{"timestamp":"2025-09-17T01:07:28.702990","level":"info","event":"  Using cached seaborn-0.13.2-py3-none-any.whl.metadata (5.4 kB)","logger":"airflow.utils.process_utils"}
{"timestamp":"2025-09-17T01:07:29.077420","level":"info","event":"Collecting sqlalchemy (from -r /tmp/venv1wy01y7k/requirements.txt (line 15))","logger":"airflow.utils.process_utils"}
{"timestamp":"2025-09-17T01:07:29.079311","level":"info","event":"  Using cached sqlalchemy-2.0.43-cp312-cp312-manylinux_2_17_x86_64.manylinux2014_x86_64.whl.metadata (9.6 kB)","logger":"airflow.utils.process_utils"}
{"timestamp":"2025-09-17T01:07:29.126662","level":"info","event":"Collecting py4j==0.10.9.7 (from pyspark==3.5.6->-r /tmp/venv1wy01y7k/requirements.txt (line 12))","logger":"airflow.utils.process_utils"}
{"timestamp":"2025-09-17T01:07:29.129383","level":"info","event":"  Using cached py4j-0.10.9.7-py2.py3-none-any.whl.metadata (1.5 kB)","logger":"airflow.utils.process_utils"}
{"timestamp":"2025-09-17T01:07:29.167509","level":"info","event":"Collecting python-dotenv (from dotenv->-r /tmp/venv1wy01y7k/requirements.txt (line 1))","logger":"airflow.utils.process_utils"}
{"timestamp":"2025-09-17T01:07:29.170138","level":"info","event":"  Using cached python_dotenv-1.1.1-py3-none-any.whl.metadata (24 kB)","logger":"airflow.utils.process_utils"}
{"timestamp":"2025-09-17T01:07:29.525539","level":"info","event":"Collecting cramjam>=2.3 (from fastparquet->-r /tmp/venv1wy01y7k/requirements.txt (line 3))","logger":"airflow.utils.process_utils"}
{"timestamp":"2025-09-17T01:07:29.528606","level":"info","event":"  Using cached cramjam-2.11.0-cp312-cp312-manylinux_2_17_x86_64.manylinux2014_x86_64.whl.metadata (5.6 kB)","logger":"airflow.utils.process_utils"}
{"timestamp":"2025-09-17T01:07:29.584575","level":"info","event":"Collecting fsspec (from fastparquet->-r /tmp/venv1wy01y7k/requirements.txt (line 3))","logger":"airflow.utils.process_utils"}
{"timestamp":"2025-09-17T01:07:29.586139","level":"info","event":"  Using cached fsspec-2025.9.0-py3-none-any.whl.metadata (10 kB)","logger":"airflow.utils.process_utils"}
{"timestamp":"2025-09-17T01:07:29.631411","level":"info","event":"Collecting packaging (from fastparquet->-r /tmp/venv1wy01y7k/requirements.txt (line 3))","logger":"airflow.utils.process_utils"}
{"timestamp":"2025-09-17T01:07:29.634458","level":"info","event":"  Using cached packaging-25.0-py3-none-any.whl.metadata (3.3 kB)","logger":"airflow.utils.process_utils"}
{"timestamp":"2025-09-17T01:07:29.672849","level":"info","event":"Collecting blinker>=1.9.0 (from flask->-r /tmp/venv1wy01y7k/requirements.txt (line 4))","logger":"airflow.utils.process_utils"}
{"timestamp":"2025-09-17T01:07:29.674714","level":"info","event":"  Using cached blinker-1.9.0-py3-none-any.whl.metadata (1.6 kB)","logger":"airflow.utils.process_utils"}
{"timestamp":"2025-09-17T01:07:29.715117","level":"info","event":"Collecting click>=8.1.3 (from flask->-r /tmp/venv1wy01y7k/requirements.txt (line 4))","logger":"airflow.utils.process_utils"}
{"timestamp":"2025-09-17T01:07:29.717825","level":"info","event":"  Using cached click-8.2.1-py3-none-any.whl.metadata (2.5 kB)","logger":"airflow.utils.process_utils"}
{"timestamp":"2025-09-17T01:07:29.750396","level":"info","event":"Collecting itsdangerous>=2.2.0 (from flask->-r /tmp/venv1wy01y7k/requirements.txt (line 4))","logger":"airflow.utils.process_utils"}
{"timestamp":"2025-09-17T01:07:29.752237","level":"info","event":"  Using cached itsdangerous-2.2.0-py3-none-any.whl.metadata (1.9 kB)","logger":"airflow.utils.process_utils"}
{"timestamp":"2025-09-17T01:07:29.790152","level":"info","event":"Collecting jinja2>=3.1.2 (from flask->-r /tmp/venv1wy01y7k/requirements.txt (line 4))","logger":"airflow.utils.process_utils"}
{"timestamp":"2025-09-17T01:07:29.792616","level":"info","event":"  Using cached jinja2-3.1.6-py3-none-any.whl.metadata (2.9 kB)","logger":"airflow.utils.process_utils"}
{"timestamp":"2025-09-17T01:07:29.872606","level":"info","event":"Collecting markupsafe>=2.1.1 (from flask->-r /tmp/venv1wy01y7k/requirements.txt (line 4))","logger":"airflow.utils.process_utils"}
{"timestamp":"2025-09-17T01:07:29.875527","level":"info","event":"  Using cached MarkupSafe-3.0.2-cp312-cp312-manylinux_2_17_x86_64.manylinux2014_x86_64.whl.metadata (4.0 kB)","logger":"airflow.utils.process_utils"}
{"timestamp":"2025-09-17T01:07:29.932628","level":"info","event":"Collecting werkzeug>=3.1.0 (from flask->-r /tmp/venv1wy01y7k/requirements.txt (line 4))","logger":"airflow.utils.process_utils"}
{"timestamp":"2025-09-17T01:07:29.935493","level":"info","event":"  Using cached werkzeug-3.1.3-py3-none-any.whl.metadata (3.7 kB)","logger":"airflow.utils.process_utils"}
{"timestamp":"2025-09-17T01:07:29.982329","level":"info","event":"Collecting docopt (from hdfs->-r /tmp/venv1wy01y7k/requirements.txt (line 6))","logger":"airflow.utils.process_utils"}
{"timestamp":"2025-09-17T01:07:29.982605","level":"info","event":"  Using cached docopt-0.6.2-py2.py3-none-any.whl","logger":"airflow.utils.process_utils"}
{"timestamp":"2025-09-17T01:07:30.023945","level":"info","event":"Collecting six>=1.9.0 (from hdfs->-r /tmp/venv1wy01y7k/requirements.txt (line 6))","logger":"airflow.utils.process_utils"}
{"timestamp":"2025-09-17T01:07:30.026737","level":"info","event":"  Using cached six-1.17.0-py2.py3-none-any.whl.metadata (1.7 kB)","logger":"airflow.utils.process_utils"}
{"timestamp":"2025-09-17T01:07:30.138243","level":"info","event":"Collecting contourpy>=1.0.1 (from matplotlib->-r /tmp/venv1wy01y7k/requirements.txt (line 7))","logger":"airflow.utils.process_utils"}
{"timestamp":"2025-09-17T01:07:30.140838","level":"info","event":"  Using cached contourpy-1.3.3-cp312-cp312-manylinux_2_27_x86_64.manylinux_2_28_x86_64.whl.metadata (5.5 kB)","logger":"airflow.utils.process_utils"}
{"timestamp":"2025-09-17T01:07:30.181994","level":"info","event":"Collecting cycler>=0.10 (from matplotlib->-r /tmp/venv1wy01y7k/requirements.txt (line 7))","logger":"airflow.utils.process_utils"}
{"timestamp":"2025-09-17T01:07:30.183734","level":"info","event":"  Using cached cycler-0.12.1-py3-none-any.whl.metadata (3.8 kB)","logger":"airflow.utils.process_utils"}
{"timestamp":"2025-09-17T01:07:30.455321","level":"info","event":"Collecting fonttools>=4.22.0 (from matplotlib->-r /tmp/venv1wy01y7k/requirements.txt (line 7))","logger":"airflow.utils.process_utils"}
{"timestamp":"2025-09-17T01:07:30.458317","level":"info","event":"  Using cached fonttools-4.59.2-cp312-cp312-manylinux1_x86_64.manylinux2014_x86_64.manylinux_2_17_x86_64.manylinux_2_5_x86_64.whl.metadata (109 kB)","logger":"airflow.utils.process_utils"}
{"timestamp":"2025-09-17T01:07:30.558156","level":"info","event":"Collecting kiwisolver>=1.3.1 (from matplotlib->-r /tmp/venv1wy01y7k/requirements.txt (line 7))","logger":"airflow.utils.process_utils"}
{"timestamp":"2025-09-17T01:07:30.561150","level":"info","event":"  Using cached kiwisolver-1.4.9-cp312-cp312-manylinux2014_x86_64.manylinux_2_17_x86_64.whl.metadata (6.3 kB)","logger":"airflow.utils.process_utils"}
{"timestamp":"2025-09-17T01:07:30.928399","level":"info","event":"Collecting pillow>=8 (from matplotlib->-r /tmp/venv1wy01y7k/requirements.txt (line 7))","logger":"airflow.utils.process_utils"}
{"timestamp":"2025-09-17T01:07:30.931401","level":"info","event":"  Using cached pillow-11.3.0-cp312-cp312-manylinux_2_27_x86_64.manylinux_2_28_x86_64.whl.metadata (9.0 kB)","logger":"airflow.utils.process_utils"}
{"timestamp":"2025-09-17T01:07:30.990807","level":"info","event":"Collecting pyparsing>=2.3.1 (from matplotlib->-r /tmp/venv1wy01y7k/requirements.txt (line 7))","logger":"airflow.utils.process_utils"}
{"timestamp":"2025-09-17T01:07:30.993599","level":"info","event":"  Using cached pyparsing-3.2.4-py3-none-any.whl.metadata (5.0 kB)","logger":"airflow.utils.process_utils"}
{"timestamp":"2025-09-17T01:07:31.029817","level":"info","event":"Collecting python-dateutil>=2.7 (from matplotlib->-r /tmp/venv1wy01y7k/requirements.txt (line 7))","logger":"airflow.utils.process_utils"}
{"timestamp":"2025-09-17T01:07:31.032343","level":"info","event":"  Using cached python_dateutil-2.9.0.post0-py2.py3-none-any.whl.metadata (8.4 kB)","logger":"airflow.utils.process_utils"}
{"timestamp":"2025-09-17T01:07:31.177041","level":"info","event":"Collecting pytz>=2020.1 (from pandas->-r /tmp/venv1wy01y7k/requirements.txt (line 9))","logger":"airflow.utils.process_utils"}
{"timestamp":"2025-09-17T01:07:31.179629","level":"info","event":"  Using cached pytz-2025.2-py2.py3-none-any.whl.metadata (22 kB)","logger":"airflow.utils.process_utils"}
{"timestamp":"2025-09-17T01:07:31.218562","level":"info","event":"Collecting tzdata>=2022.7 (from pandas->-r /tmp/venv1wy01y7k/requirements.txt (line 9))","logger":"airflow.utils.process_utils"}
{"timestamp":"2025-09-17T01:07:31.221822","level":"info","event":"  Using cached tzdata-2025.2-py2.py3-none-any.whl.metadata (1.4 kB)","logger":"airflow.utils.process_utils"}
{"timestamp":"2025-09-17T01:07:31.375490","level":"info","event":"Collecting charset_normalizer<4,>=2 (from requests->-r /tmp/venv1wy01y7k/requirements.txt (line 13))","logger":"airflow.utils.process_utils"}
{"timestamp":"2025-09-17T01:07:31.378196","level":"info","event":"  Using cached charset_normalizer-3.4.3-cp312-cp312-manylinux2014_x86_64.manylinux_2_17_x86_64.manylinux_2_28_x86_64.whl.metadata (36 kB)","logger":"airflow.utils.process_utils"}
{"timestamp":"2025-09-17T01:07:31.418154","level":"info","event":"Collecting idna<4,>=2.5 (from requests->-r /tmp/venv1wy01y7k/requirements.txt (line 13))","logger":"airflow.utils.process_utils"}
{"timestamp":"2025-09-17T01:07:31.420798","level":"info","event":"  Using cached idna-3.10-py3-none-any.whl.metadata (10 kB)","logger":"airflow.utils.process_utils"}
{"timestamp":"2025-09-17T01:07:31.487406","level":"info","event":"Collecting urllib3<3,>=1.21.1 (from requests->-r /tmp/venv1wy01y7k/requirements.txt (line 13))","logger":"airflow.utils.process_utils"}
{"timestamp":"2025-09-17T01:07:31.490101","level":"info","event":"  Using cached urllib3-2.5.0-py3-none-any.whl.metadata (6.5 kB)","logger":"airflow.utils.process_utils"}
{"timestamp":"2025-09-17T01:07:31.532871","level":"info","event":"Collecting certifi>=2017.4.17 (from requests->-r /tmp/venv1wy01y7k/requirements.txt (line 13))","logger":"airflow.utils.process_utils"}
{"timestamp":"2025-09-17T01:07:31.535405","level":"info","event":"  Using cached certifi-2025.8.3-py3-none-any.whl.metadata (2.4 kB)","logger":"airflow.utils.process_utils"}
{"timestamp":"2025-09-17T01:07:31.786332","level":"info","event":"Collecting greenlet>=1 (from sqlalchemy->-r /tmp/venv1wy01y7k/requirements.txt (line 15))","logger":"airflow.utils.process_utils"}
{"timestamp":"2025-09-17T01:07:31.788566","level":"info","event":"  Using cached greenlet-3.2.4-cp312-cp312-manylinux_2_24_x86_64.manylinux_2_28_x86_64.whl.metadata (4.1 kB)","logger":"airflow.utils.process_utils"}
{"timestamp":"2025-09-17T01:07:31.844629","level":"info","event":"Collecting typing-extensions>=4.6.0 (from sqlalchemy->-r /tmp/venv1wy01y7k/requirements.txt (line 15))","logger":"airflow.utils.process_utils"}
{"timestamp":"2025-09-17T01:07:31.847358","level":"info","event":"  Using cached typing_extensions-4.15.0-py3-none-any.whl.metadata (3.3 kB)","logger":"airflow.utils.process_utils"}
{"timestamp":"2025-09-17T01:07:32.105450","level":"info","event":"Using cached py4j-0.10.9.7-py2.py3-none-any.whl (200 kB)","logger":"airflow.utils.process_utils"}
{"timestamp":"2025-09-17T01:07:32.110453","level":"info","event":"Using cached dotenv-0.9.9-py2.py3-none-any.whl (1.9 kB)","logger":"airflow.utils.process_utils"}
{"timestamp":"2025-09-17T01:07:32.112947","level":"info","event":"Using cached duckdb-1.4.0-cp312-cp312-manylinux_2_27_x86_64.manylinux_2_28_x86_64.whl (20.4 MB)","logger":"airflow.utils.process_utils"}
{"timestamp":"2025-09-17T01:07:32.217500","level":"info","event":"Using cached fastparquet-2024.11.0-cp312-cp312-manylinux_2_17_x86_64.manylinux2014_x86_64.whl (1.8 MB)","logger":"airflow.utils.process_utils"}
{"timestamp":"2025-09-17T01:07:32.228435","level":"info","event":"Using cached flask-3.1.2-py3-none-any.whl (103 kB)","logger":"airflow.utils.process_utils"}
{"timestamp":"2025-09-17T01:07:32.232403","level":"info","event":"Using cached gunicorn-23.0.0-py3-none-any.whl (85 kB)","logger":"airflow.utils.process_utils"}
{"timestamp":"2025-09-17T01:07:32.236492","level":"info","event":"Using cached matplotlib-3.10.6-cp312-cp312-manylinux2014_x86_64.manylinux_2_17_x86_64.whl (8.7 MB)","logger":"airflow.utils.process_utils"}
{"timestamp":"2025-09-17T01:07:32.283137","level":"info","event":"Using cached numpy-2.3.3-cp312-cp312-manylinux_2_27_x86_64.manylinux_2_28_x86_64.whl (16.6 MB)","logger":"airflow.utils.process_utils"}
{"timestamp":"2025-09-17T01:07:32.369007","level":"info","event":"Using cached pandas-2.3.2-cp312-cp312-manylinux_2_17_x86_64.manylinux2014_x86_64.whl (12.0 MB)","logger":"airflow.utils.process_utils"}
{"timestamp":"2025-09-17T01:07:32.431101","level":"info","event":"Using cached psycopg2_binary-2.9.10-cp312-cp312-manylinux_2_17_x86_64.manylinux2014_x86_64.whl (3.0 MB)","logger":"airflow.utils.process_utils"}
{"timestamp":"2025-09-17T01:07:32.444647","level":"info","event":"Using cached pyarrow-21.0.0-cp312-cp312-manylinux_2_28_x86_64.whl (42.8 MB)","logger":"airflow.utils.process_utils"}
{"timestamp":"2025-09-17T01:07:32.623662","level":"info","event":"Using cached requests-2.32.5-py3-none-any.whl (64 kB)","logger":"airflow.utils.process_utils"}
{"timestamp":"2025-09-17T01:07:32.628439","level":"info","event":"Using cached seaborn-0.13.2-py3-none-any.whl (294 kB)","logger":"airflow.utils.process_utils"}
{"timestamp":"2025-09-17T01:07:32.633649","level":"info","event":"Using cached sqlalchemy-2.0.43-cp312-cp312-manylinux_2_17_x86_64.manylinux2014_x86_64.whl (3.3 MB)","logger":"airflow.utils.process_utils"}
{"timestamp":"2025-09-17T01:07:32.641194","level":"info","event":"Using cached blinker-1.9.0-py3-none-any.whl (8.5 kB)","logger":"airflow.utils.process_utils"}
{"timestamp":"2025-09-17T01:07:32.644331","level":"info","event":"Using cached certifi-2025.8.3-py3-none-any.whl (161 kB)","logger":"airflow.utils.process_utils"}
{"timestamp":"2025-09-17T01:07:32.652622","level":"info","event":"Using cached charset_normalizer-3.4.3-cp312-cp312-manylinux2014_x86_64.manylinux_2_17_x86_64.manylinux_2_28_x86_64.whl (151 kB)","logger":"airflow.utils.process_utils"}
{"timestamp":"2025-09-17T01:07:32.660540","level":"info","event":"Using cached click-8.2.1-py3-none-any.whl (102 kB)","logger":"airflow.utils.process_utils"}
{"timestamp":"2025-09-17T01:07:32.667030","level":"info","event":"Using cached contourpy-1.3.3-cp312-cp312-manylinux_2_27_x86_64.manylinux_2_28_x86_64.whl (362 kB)","logger":"airflow.utils.process_utils"}
{"timestamp":"2025-09-17T01:07:32.672884","level":"info","event":"Using cached cramjam-2.11.0-cp312-cp312-manylinux_2_17_x86_64.manylinux2014_x86_64.whl (2.0 MB)","logger":"airflow.utils.process_utils"}
{"timestamp":"2025-09-17T01:07:32.681752","level":"info","event":"Using cached cycler-0.12.1-py3-none-any.whl (8.3 kB)","logger":"airflow.utils.process_utils"}
{"timestamp":"2025-09-17T01:07:32.685714","level":"info","event":"Using cached fonttools-4.59.2-cp312-cp312-manylinux1_x86_64.manylinux2014_x86_64.manylinux_2_17_x86_64.manylinux_2_5_x86_64.whl (4.9 MB)","logger":"airflow.utils.process_utils"}
{"timestamp":"2025-09-17T01:07:32.697517","level":"info","event":"Using cached greenlet-3.2.4-cp312-cp312-manylinux_2_24_x86_64.manylinux_2_28_x86_64.whl (607 kB)","logger":"airflow.utils.process_utils"}
{"timestamp":"2025-09-17T01:07:32.700947","level":"info","event":"Using cached idna-3.10-py3-none-any.whl (70 kB)","logger":"airflow.utils.process_utils"}
{"timestamp":"2025-09-17T01:07:32.705580","level":"info","event":"Using cached itsdangerous-2.2.0-py3-none-any.whl (16 kB)","logger":"airflow.utils.process_utils"}
{"timestamp":"2025-09-17T01:07:32.707337","level":"info","event":"Using cached jinja2-3.1.6-py3-none-any.whl (134 kB)","logger":"airflow.utils.process_utils"}
{"timestamp":"2025-09-17T01:07:32.710799","level":"info","event":"Using cached kiwisolver-1.4.9-cp312-cp312-manylinux2014_x86_64.manylinux_2_17_x86_64.whl (1.5 MB)","logger":"airflow.utils.process_utils"}
{"timestamp":"2025-09-17T01:07:32.715705","level":"info","event":"Using cached MarkupSafe-3.0.2-cp312-cp312-manylinux_2_17_x86_64.manylinux2014_x86_64.whl (23 kB)","logger":"airflow.utils.process_utils"}
{"timestamp":"2025-09-17T01:07:32.718518","level":"info","event":"Using cached packaging-25.0-py3-none-any.whl (66 kB)","logger":"airflow.utils.process_utils"}
{"timestamp":"2025-09-17T01:07:32.721369","level":"info","event":"Using cached pillow-11.3.0-cp312-cp312-manylinux_2_27_x86_64.manylinux_2_28_x86_64.whl (6.6 MB)","logger":"airflow.utils.process_utils"}
{"timestamp":"2025-09-17T01:07:32.734620","level":"info","event":"Using cached pyparsing-3.2.4-py3-none-any.whl (113 kB)","logger":"airflow.utils.process_utils"}
{"timestamp":"2025-09-17T01:07:32.739122","level":"info","event":"Using cached python_dateutil-2.9.0.post0-py2.py3-none-any.whl (229 kB)","logger":"airflow.utils.process_utils"}
{"timestamp":"2025-09-17T01:07:32.744079","level":"info","event":"Using cached pytz-2025.2-py2.py3-none-any.whl (509 kB)","logger":"airflow.utils.process_utils"}
{"timestamp":"2025-09-17T01:07:32.750949","level":"info","event":"Using cached six-1.17.0-py2.py3-none-any.whl (11 kB)","logger":"airflow.utils.process_utils"}
{"timestamp":"2025-09-17T01:07:32.754116","level":"info","event":"Using cached typing_extensions-4.15.0-py3-none-any.whl (44 kB)","logger":"airflow.utils.process_utils"}
{"timestamp":"2025-09-17T01:07:32.756990","level":"info","event":"Using cached tzdata-2025.2-py2.py3-none-any.whl (347 kB)","logger":"airflow.utils.process_utils"}
{"timestamp":"2025-09-17T01:07:32.759707","level":"info","event":"Using cached urllib3-2.5.0-py3-none-any.whl (129 kB)","logger":"airflow.utils.process_utils"}
{"timestamp":"2025-09-17T01:07:32.763190","level":"info","event":"Using cached werkzeug-3.1.3-py3-none-any.whl (224 kB)","logger":"airflow.utils.process_utils"}
{"timestamp":"2025-09-17T01:07:32.765163","level":"info","event":"Using cached fsspec-2025.9.0-py3-none-any.whl (199 kB)","logger":"airflow.utils.process_utils"}
{"timestamp":"2025-09-17T01:07:32.767136","level":"info","event":"Using cached python_dotenv-1.1.1-py3-none-any.whl (20 kB)","logger":"airflow.utils.process_utils"}
{"timestamp":"2025-09-17T01:07:33.571974","level":"info","event":"Installing collected packages: pytz, py4j, docopt, urllib3, tzdata, typing-extensions, six, python-dotenv, pyspark, pyparsing, pyarrow, psycopg2-binary, pillow, packaging, numpy, markupsafe, kiwisolver, itsdangerous, idna, greenlet, fsspec, fonttools, duckdb, cycler, cramjam, click, charset_normalizer, certifi, blinker, werkzeug, sqlalchemy, requests, python-dateutil, jinja2, gunicorn, dotenv, contourpy, pandas, matplotlib, hdfs, flask, seaborn, fastparquet","logger":"airflow.utils.process_utils"}
{"timestamp":"2025-09-17T01:07:56.155691","level":"info","event":"Successfully installed blinker-1.9.0 certifi-2025.8.3 charset_normalizer-3.4.3 click-8.2.1 contourpy-1.3.3 cramjam-2.11.0 cycler-0.12.1 docopt-0.6.2 dotenv-0.9.9 duckdb-1.4.0 fastparquet-2024.11.0 flask-3.1.2 fonttools-4.59.2 fsspec-2025.9.0 greenlet-3.2.4 gunicorn-23.0.0 hdfs-2.7.3 idna-3.10 itsdangerous-2.2.0 jinja2-3.1.6 kiwisolver-1.4.9 markupsafe-3.0.2 matplotlib-3.10.6 numpy-2.3.3 packaging-25.0 pandas-2.3.2 pillow-11.3.0 psycopg2-binary-2.9.10 py4j-0.10.9.7 pyarrow-21.0.0 pyparsing-3.2.4 pyspark-3.5.6 python-dateutil-2.9.0.post0 python-dotenv-1.1.1 pytz-2025.2 requests-2.32.5 seaborn-0.13.2 six-1.17.0 sqlalchemy-2.0.43 typing-extensions-4.15.0 tzdata-2025.2 urllib3-2.5.0 werkzeug-3.1.3","logger":"airflow.utils.process_utils"}
{"timestamp":"2025-09-17T01:07:57.113361","level":"info","event":"Executing cmd: /tmp/venv1wy01y7k/bin/python /tmp/venv-callpr1yfyhh/script.py /tmp/venv-callpr1yfyhh/script.in /tmp/venv-callpr1yfyhh/script.out /tmp/venv-callpr1yfyhh/string_args.txt /tmp/venv-callpr1yfyhh/termination.log /tmp/venv-callpr1yfyhh/airflow_context.json","logger":"airflow.utils.process_utils"}
{"timestamp":"2025-09-17T01:07:57.114344","level":"info","event":"Output:","logger":"airflow.utils.process_utils"}
{"timestamp":"2025-09-17T01:08:00.389809","level":"info","event":"Saved dataframe to /user/tiendat/etl_database/processed/transformed_to_database_companies/processed_companies_2025-09-17.json","logger":"airflow.utils.process_utils"}
{"timestamp":"2025-09-17T01:08:00.390203","level":"info","event":"Saved dataframe to /user/tiendat/etl_database/processed/transformed_to_database_companies/processed_companies_2025-09-17.json","logger":"airflow.utils.process_utils"}
{"timestamp":"2025-09-17T01:08:00.659107","level":"warning","event":"Fail to delete /home/tiendat/airflow/tmp/venv1wy01y7k. The directory does not exist.","logger":"airflow.task.operators.airflow.providers.standard.operators.python.PythonVirtualenvOperator"}
{"timestamp":"2025-09-17T01:08:01.017962","level":"info","event":"Done. Returned value was: None","logger":"airflow.task.operators.airflow.providers.standard.operators.python.PythonVirtualenvOperator"}
