{"timestamp":"2025-09-14T11:36:01.326960","level":"info","event":"DAG bundles loaded: dags-folder","logger":"airflow.dag_processing.bundles.manager.DagBundlesManager"}
{"timestamp":"2025-09-14T11:36:01.329386","level":"info","event":"Filling up the DagBag from /home/tiendat/Pipeline-Stock-ETL/schedule/dags/etl_source_database.py","logger":"airflow.models.dagbag.DagBag"}
{"timestamp":"2025-09-14T11:36:01.380416","level":"info","event":"Executing cmd: python -m venv /tmp/venvw1zm9crh","logger":"airflow.utils.process_utils"}
{"timestamp":"2025-09-14T11:36:01.381563","level":"info","event":"Output:","logger":"airflow.utils.process_utils"}
{"timestamp":"2025-09-14T11:36:05.399523","level":"info","event":"Executing cmd: /tmp/venvw1zm9crh/bin/pip install -r /tmp/venvw1zm9crh/requirements.txt","logger":"airflow.utils.process_utils"}
{"timestamp":"2025-09-14T11:36:05.401015","level":"info","event":"Output:","logger":"airflow.utils.process_utils"}
{"timestamp":"2025-09-14T11:36:06.522863","level":"info","event":"Collecting dotenv (from -r /tmp/venvw1zm9crh/requirements.txt (line 1))","logger":"airflow.utils.process_utils"}
{"timestamp":"2025-09-14T11:36:06.531464","level":"info","event":"  Using cached dotenv-0.9.9-py2.py3-none-any.whl.metadata (279 bytes)","logger":"airflow.utils.process_utils"}
{"timestamp":"2025-09-14T11:36:06.893150","level":"info","event":"Collecting duckdb (from -r /tmp/venvw1zm9crh/requirements.txt (line 2))","logger":"airflow.utils.process_utils"}
{"timestamp":"2025-09-14T11:36:06.896313","level":"info","event":"  Using cached duckdb-1.3.2-cp312-cp312-manylinux_2_27_x86_64.manylinux_2_28_x86_64.whl.metadata (7.0 kB)","logger":"airflow.utils.process_utils"}
{"timestamp":"2025-09-14T11:36:07.034068","level":"info","event":"Collecting fastparquet (from -r /tmp/venvw1zm9crh/requirements.txt (line 3))","logger":"airflow.utils.process_utils"}
{"timestamp":"2025-09-14T11:36:07.038882","level":"info","event":"  Using cached fastparquet-2024.11.0-cp312-cp312-manylinux_2_17_x86_64.manylinux2014_x86_64.whl.metadata (4.2 kB)","logger":"airflow.utils.process_utils"}
{"timestamp":"2025-09-14T11:36:07.135127","level":"info","event":"Collecting flask (from -r /tmp/venvw1zm9crh/requirements.txt (line 4))","logger":"airflow.utils.process_utils"}
{"timestamp":"2025-09-14T11:36:07.137982","level":"info","event":"  Using cached flask-3.1.2-py3-none-any.whl.metadata (3.2 kB)","logger":"airflow.utils.process_utils"}
{"timestamp":"2025-09-14T11:36:07.219873","level":"info","event":"Collecting gunicorn (from -r /tmp/venvw1zm9crh/requirements.txt (line 5))","logger":"airflow.utils.process_utils"}
{"timestamp":"2025-09-14T11:36:07.221641","level":"info","event":"  Using cached gunicorn-23.0.0-py3-none-any.whl.metadata (4.4 kB)","logger":"airflow.utils.process_utils"}
{"timestamp":"2025-09-14T11:36:07.266747","level":"info","event":"Collecting hdfs (from -r /tmp/venvw1zm9crh/requirements.txt (line 6))","logger":"airflow.utils.process_utils"}
{"timestamp":"2025-09-14T11:36:07.268748","level":"info","event":"  Using cached hdfs-2.7.3-py3-none-any.whl","logger":"airflow.utils.process_utils"}
{"timestamp":"2025-09-14T11:36:07.558851","level":"info","event":"Collecting matplotlib (from -r /tmp/venvw1zm9crh/requirements.txt (line 7))","logger":"airflow.utils.process_utils"}
{"timestamp":"2025-09-14T11:36:07.561133","level":"info","event":"  Using cached matplotlib-3.10.6-cp312-cp312-manylinux2014_x86_64.manylinux_2_17_x86_64.whl.metadata (11 kB)","logger":"airflow.utils.process_utils"}
{"timestamp":"2025-09-14T11:36:07.979999","level":"info","event":"Collecting numpy (from -r /tmp/venvw1zm9crh/requirements.txt (line 8))","logger":"airflow.utils.process_utils"}
{"timestamp":"2025-09-14T11:36:07.984824","level":"info","event":"  Using cached numpy-2.3.3-cp312-cp312-manylinux_2_27_x86_64.manylinux_2_28_x86_64.whl.metadata (62 kB)","logger":"airflow.utils.process_utils"}
{"timestamp":"2025-09-14T11:36:08.251834","level":"info","event":"Collecting pandas (from -r /tmp/venvw1zm9crh/requirements.txt (line 9))","logger":"airflow.utils.process_utils"}
{"timestamp":"2025-09-14T11:36:08.256855","level":"info","event":"  Using cached pandas-2.3.2-cp312-cp312-manylinux_2_17_x86_64.manylinux2014_x86_64.whl.metadata (91 kB)","logger":"airflow.utils.process_utils"}
{"timestamp":"2025-09-14T11:36:08.497545","level":"info","event":"Collecting psycopg2-binary (from -r /tmp/venvw1zm9crh/requirements.txt (line 10))","logger":"airflow.utils.process_utils"}
{"timestamp":"2025-09-14T11:36:08.499675","level":"info","event":"  Using cached psycopg2_binary-2.9.10-cp312-cp312-manylinux_2_17_x86_64.manylinux2014_x86_64.whl.metadata (4.9 kB)","logger":"airflow.utils.process_utils"}
{"timestamp":"2025-09-14T11:36:08.670198","level":"info","event":"Collecting pyarrow (from -r /tmp/venvw1zm9crh/requirements.txt (line 11))","logger":"airflow.utils.process_utils"}
{"timestamp":"2025-09-14T11:36:08.672925","level":"info","event":"  Using cached pyarrow-21.0.0-cp312-cp312-manylinux_2_28_x86_64.whl.metadata (3.3 kB)","logger":"airflow.utils.process_utils"}
{"timestamp":"2025-09-14T11:36:08.757313","level":"info","event":"Collecting requests (from -r /tmp/venvw1zm9crh/requirements.txt (line 12))","logger":"airflow.utils.process_utils"}
{"timestamp":"2025-09-14T11:36:08.759338","level":"info","event":"  Using cached requests-2.32.5-py3-none-any.whl.metadata (4.9 kB)","logger":"airflow.utils.process_utils"}
{"timestamp":"2025-09-14T11:36:08.803360","level":"info","event":"Collecting seaborn (from -r /tmp/venvw1zm9crh/requirements.txt (line 13))","logger":"airflow.utils.process_utils"}
{"timestamp":"2025-09-14T11:36:08.806363","level":"info","event":"  Using cached seaborn-0.13.2-py3-none-any.whl.metadata (5.4 kB)","logger":"airflow.utils.process_utils"}
{"timestamp":"2025-09-14T11:36:09.378929","level":"info","event":"Collecting sqlalchemy (from -r /tmp/venvw1zm9crh/requirements.txt (line 14))","logger":"airflow.utils.process_utils"}
{"timestamp":"2025-09-14T11:36:09.382114","level":"info","event":"  Using cached sqlalchemy-2.0.43-cp312-cp312-manylinux_2_17_x86_64.manylinux2014_x86_64.whl.metadata (9.6 kB)","logger":"airflow.utils.process_utils"}
{"timestamp":"2025-09-14T11:36:09.434091","level":"info","event":"Collecting python-dotenv (from dotenv->-r /tmp/venvw1zm9crh/requirements.txt (line 1))","logger":"airflow.utils.process_utils"}
{"timestamp":"2025-09-14T11:36:09.436971","level":"info","event":"  Using cached python_dotenv-1.1.1-py3-none-any.whl.metadata (24 kB)","logger":"airflow.utils.process_utils"}
{"timestamp":"2025-09-14T11:36:09.747911","level":"info","event":"Collecting cramjam>=2.3 (from fastparquet->-r /tmp/venvw1zm9crh/requirements.txt (line 3))","logger":"airflow.utils.process_utils"}
{"timestamp":"2025-09-14T11:36:09.750903","level":"info","event":"  Using cached cramjam-2.11.0-cp312-cp312-manylinux_2_17_x86_64.manylinux2014_x86_64.whl.metadata (5.6 kB)","logger":"airflow.utils.process_utils"}
{"timestamp":"2025-09-14T11:36:09.818836","level":"info","event":"Collecting fsspec (from fastparquet->-r /tmp/venvw1zm9crh/requirements.txt (line 3))","logger":"airflow.utils.process_utils"}
{"timestamp":"2025-09-14T11:36:09.821550","level":"info","event":"  Using cached fsspec-2025.9.0-py3-none-any.whl.metadata (10 kB)","logger":"airflow.utils.process_utils"}
{"timestamp":"2025-09-14T11:36:09.875697","level":"info","event":"Collecting packaging (from fastparquet->-r /tmp/venvw1zm9crh/requirements.txt (line 3))","logger":"airflow.utils.process_utils"}
{"timestamp":"2025-09-14T11:36:09.879693","level":"info","event":"  Using cached packaging-25.0-py3-none-any.whl.metadata (3.3 kB)","logger":"airflow.utils.process_utils"}
{"timestamp":"2025-09-14T11:36:09.928890","level":"info","event":"Collecting blinker>=1.9.0 (from flask->-r /tmp/venvw1zm9crh/requirements.txt (line 4))","logger":"airflow.utils.process_utils"}
{"timestamp":"2025-09-14T11:36:09.930668","level":"info","event":"  Using cached blinker-1.9.0-py3-none-any.whl.metadata (1.6 kB)","logger":"airflow.utils.process_utils"}
{"timestamp":"2025-09-14T11:36:10.088421","level":"info","event":"Collecting click>=8.1.3 (from flask->-r /tmp/venvw1zm9crh/requirements.txt (line 4))","logger":"airflow.utils.process_utils"}
{"timestamp":"2025-09-14T11:36:10.091478","level":"info","event":"  Using cached click-8.2.1-py3-none-any.whl.metadata (2.5 kB)","logger":"airflow.utils.process_utils"}
{"timestamp":"2025-09-14T11:36:10.127104","level":"info","event":"Collecting itsdangerous>=2.2.0 (from flask->-r /tmp/venvw1zm9crh/requirements.txt (line 4))","logger":"airflow.utils.process_utils"}
{"timestamp":"2025-09-14T11:36:10.130812","level":"info","event":"  Using cached itsdangerous-2.2.0-py3-none-any.whl.metadata (1.9 kB)","logger":"airflow.utils.process_utils"}
{"timestamp":"2025-09-14T11:36:10.174267","level":"info","event":"Collecting jinja2>=3.1.2 (from flask->-r /tmp/venvw1zm9crh/requirements.txt (line 4))","logger":"airflow.utils.process_utils"}
{"timestamp":"2025-09-14T11:36:10.178798","level":"info","event":"  Using cached jinja2-3.1.6-py3-none-any.whl.metadata (2.9 kB)","logger":"airflow.utils.process_utils"}
{"timestamp":"2025-09-14T11:36:10.275243","level":"info","event":"Collecting markupsafe>=2.1.1 (from flask->-r /tmp/venvw1zm9crh/requirements.txt (line 4))","logger":"airflow.utils.process_utils"}
{"timestamp":"2025-09-14T11:36:10.277183","level":"info","event":"  Using cached MarkupSafe-3.0.2-cp312-cp312-manylinux_2_17_x86_64.manylinux2014_x86_64.whl.metadata (4.0 kB)","logger":"airflow.utils.process_utils"}
{"timestamp":"2025-09-14T11:36:10.352004","level":"info","event":"Collecting werkzeug>=3.1.0 (from flask->-r /tmp/venvw1zm9crh/requirements.txt (line 4))","logger":"airflow.utils.process_utils"}
{"timestamp":"2025-09-14T11:36:10.353912","level":"info","event":"  Using cached werkzeug-3.1.3-py3-none-any.whl.metadata (3.7 kB)","logger":"airflow.utils.process_utils"}
{"timestamp":"2025-09-14T11:36:10.407591","level":"info","event":"Collecting docopt (from hdfs->-r /tmp/venvw1zm9crh/requirements.txt (line 6))","logger":"airflow.utils.process_utils"}
{"timestamp":"2025-09-14T11:36:10.409897","level":"info","event":"  Using cached docopt-0.6.2-py2.py3-none-any.whl","logger":"airflow.utils.process_utils"}
{"timestamp":"2025-09-14T11:36:10.482843","level":"info","event":"Collecting six>=1.9.0 (from hdfs->-r /tmp/venvw1zm9crh/requirements.txt (line 6))","logger":"airflow.utils.process_utils"}
{"timestamp":"2025-09-14T11:36:10.486861","level":"info","event":"  Using cached six-1.17.0-py2.py3-none-any.whl.metadata (1.7 kB)","logger":"airflow.utils.process_utils"}
{"timestamp":"2025-09-14T11:36:10.637909","level":"info","event":"Collecting contourpy>=1.0.1 (from matplotlib->-r /tmp/venvw1zm9crh/requirements.txt (line 7))","logger":"airflow.utils.process_utils"}
{"timestamp":"2025-09-14T11:36:10.641869","level":"info","event":"  Using cached contourpy-1.3.3-cp312-cp312-manylinux_2_27_x86_64.manylinux_2_28_x86_64.whl.metadata (5.5 kB)","logger":"airflow.utils.process_utils"}
{"timestamp":"2025-09-14T11:36:10.692863","level":"info","event":"Collecting cycler>=0.10 (from matplotlib->-r /tmp/venvw1zm9crh/requirements.txt (line 7))","logger":"airflow.utils.process_utils"}
{"timestamp":"2025-09-14T11:36:10.697980","level":"info","event":"  Using cached cycler-0.12.1-py3-none-any.whl.metadata (3.8 kB)","logger":"airflow.utils.process_utils"}
{"timestamp":"2025-09-14T11:36:11.311844","level":"info","event":"Collecting fonttools>=4.22.0 (from matplotlib->-r /tmp/venvw1zm9crh/requirements.txt (line 7))","logger":"airflow.utils.process_utils"}
{"timestamp":"2025-09-14T11:36:11.317123","level":"info","event":"  Using cached fonttools-4.59.2-cp312-cp312-manylinux1_x86_64.manylinux2014_x86_64.manylinux_2_17_x86_64.manylinux_2_5_x86_64.whl.metadata (109 kB)","logger":"airflow.utils.process_utils"}
{"timestamp":"2025-09-14T11:36:11.462274","level":"info","event":"Collecting kiwisolver>=1.3.1 (from matplotlib->-r /tmp/venvw1zm9crh/requirements.txt (line 7))","logger":"airflow.utils.process_utils"}
{"timestamp":"2025-09-14T11:36:11.465537","level":"info","event":"  Using cached kiwisolver-1.4.9-cp312-cp312-manylinux2014_x86_64.manylinux_2_17_x86_64.whl.metadata (6.3 kB)","logger":"airflow.utils.process_utils"}
{"timestamp":"2025-09-14T11:36:12.012922","level":"info","event":"Collecting pillow>=8 (from matplotlib->-r /tmp/venvw1zm9crh/requirements.txt (line 7))","logger":"airflow.utils.process_utils"}
{"timestamp":"2025-09-14T11:36:12.013219","level":"info","event":"  Using cached pillow-11.3.0-cp312-cp312-manylinux_2_27_x86_64.manylinux_2_28_x86_64.whl.metadata (9.0 kB)","logger":"airflow.utils.process_utils"}
{"timestamp":"2025-09-14T11:36:12.088193","level":"info","event":"Collecting pyparsing>=2.3.1 (from matplotlib->-r /tmp/venvw1zm9crh/requirements.txt (line 7))","logger":"airflow.utils.process_utils"}
{"timestamp":"2025-09-14T11:36:12.090007","level":"info","event":"  Using cached pyparsing-3.2.4-py3-none-any.whl.metadata (5.0 kB)","logger":"airflow.utils.process_utils"}
{"timestamp":"2025-09-14T11:36:12.130647","level":"info","event":"Collecting python-dateutil>=2.7 (from matplotlib->-r /tmp/venvw1zm9crh/requirements.txt (line 7))","logger":"airflow.utils.process_utils"}
{"timestamp":"2025-09-14T11:36:12.133417","level":"info","event":"  Using cached python_dateutil-2.9.0.post0-py2.py3-none-any.whl.metadata (8.4 kB)","logger":"airflow.utils.process_utils"}
{"timestamp":"2025-09-14T11:36:12.427296","level":"info","event":"Collecting pytz>=2020.1 (from pandas->-r /tmp/venvw1zm9crh/requirements.txt (line 9))","logger":"airflow.utils.process_utils"}
{"timestamp":"2025-09-14T11:36:12.429187","level":"info","event":"  Using cached pytz-2025.2-py2.py3-none-any.whl.metadata (22 kB)","logger":"airflow.utils.process_utils"}
{"timestamp":"2025-09-14T11:36:12.480844","level":"info","event":"Collecting tzdata>=2022.7 (from pandas->-r /tmp/venvw1zm9crh/requirements.txt (line 9))","logger":"airflow.utils.process_utils"}
{"timestamp":"2025-09-14T11:36:12.483695","level":"info","event":"  Using cached tzdata-2025.2-py2.py3-none-any.whl.metadata (1.4 kB)","logger":"airflow.utils.process_utils"}
{"timestamp":"2025-09-14T11:36:12.696502","level":"info","event":"Collecting charset_normalizer<4,>=2 (from requests->-r /tmp/venvw1zm9crh/requirements.txt (line 12))","logger":"airflow.utils.process_utils"}
{"timestamp":"2025-09-14T11:36:12.699547","level":"info","event":"  Using cached charset_normalizer-3.4.3-cp312-cp312-manylinux2014_x86_64.manylinux_2_17_x86_64.manylinux_2_28_x86_64.whl.metadata (36 kB)","logger":"airflow.utils.process_utils"}
{"timestamp":"2025-09-14T11:36:12.758157","level":"info","event":"Collecting idna<4,>=2.5 (from requests->-r /tmp/venvw1zm9crh/requirements.txt (line 12))","logger":"airflow.utils.process_utils"}
{"timestamp":"2025-09-14T11:36:12.761237","level":"info","event":"  Using cached idna-3.10-py3-none-any.whl.metadata (10 kB)","logger":"airflow.utils.process_utils"}
{"timestamp":"2025-09-14T11:36:12.860991","level":"info","event":"Collecting urllib3<3,>=1.21.1 (from requests->-r /tmp/venvw1zm9crh/requirements.txt (line 12))","logger":"airflow.utils.process_utils"}
{"timestamp":"2025-09-14T11:36:12.864233","level":"info","event":"  Using cached urllib3-2.5.0-py3-none-any.whl.metadata (6.5 kB)","logger":"airflow.utils.process_utils"}
{"timestamp":"2025-09-14T11:36:12.906999","level":"info","event":"Collecting certifi>=2017.4.17 (from requests->-r /tmp/venvw1zm9crh/requirements.txt (line 12))","logger":"airflow.utils.process_utils"}
{"timestamp":"2025-09-14T11:36:12.908731","level":"info","event":"  Using cached certifi-2025.8.3-py3-none-any.whl.metadata (2.4 kB)","logger":"airflow.utils.process_utils"}
{"timestamp":"2025-09-14T11:36:13.274958","level":"info","event":"Collecting greenlet>=1 (from sqlalchemy->-r /tmp/venvw1zm9crh/requirements.txt (line 14))","logger":"airflow.utils.process_utils"}
{"timestamp":"2025-09-14T11:36:13.275824","level":"info","event":"  Using cached greenlet-3.2.4-cp312-cp312-manylinux_2_24_x86_64.manylinux_2_28_x86_64.whl.metadata (4.1 kB)","logger":"airflow.utils.process_utils"}
{"timestamp":"2025-09-14T11:36:13.325249","level":"info","event":"Collecting typing-extensions>=4.6.0 (from sqlalchemy->-r /tmp/venvw1zm9crh/requirements.txt (line 14))","logger":"airflow.utils.process_utils"}
{"timestamp":"2025-09-14T11:36:13.326895","level":"info","event":"  Using cached typing_extensions-4.15.0-py3-none-any.whl.metadata (3.3 kB)","logger":"airflow.utils.process_utils"}
{"timestamp":"2025-09-14T11:36:13.763322","level":"info","event":"Using cached dotenv-0.9.9-py2.py3-none-any.whl (1.9 kB)","logger":"airflow.utils.process_utils"}
{"timestamp":"2025-09-14T11:36:13.766229","level":"info","event":"Using cached duckdb-1.3.2-cp312-cp312-manylinux_2_27_x86_64.manylinux_2_28_x86_64.whl (21.1 MB)","logger":"airflow.utils.process_utils"}
{"timestamp":"2025-09-14T11:36:13.822721","level":"info","event":"Using cached fastparquet-2024.11.0-cp312-cp312-manylinux_2_17_x86_64.manylinux2014_x86_64.whl (1.8 MB)","logger":"airflow.utils.process_utils"}
{"timestamp":"2025-09-14T11:36:13.830808","level":"info","event":"Using cached flask-3.1.2-py3-none-any.whl (103 kB)","logger":"airflow.utils.process_utils"}
{"timestamp":"2025-09-14T11:36:13.833079","level":"info","event":"Using cached gunicorn-23.0.0-py3-none-any.whl (85 kB)","logger":"airflow.utils.process_utils"}
{"timestamp":"2025-09-14T11:36:13.836088","level":"info","event":"Using cached matplotlib-3.10.6-cp312-cp312-manylinux2014_x86_64.manylinux_2_17_x86_64.whl (8.7 MB)","logger":"airflow.utils.process_utils"}
{"timestamp":"2025-09-14T11:36:13.861874","level":"info","event":"Using cached numpy-2.3.3-cp312-cp312-manylinux_2_27_x86_64.manylinux_2_28_x86_64.whl (16.6 MB)","logger":"airflow.utils.process_utils"}
{"timestamp":"2025-09-14T11:36:13.906736","level":"info","event":"Using cached pandas-2.3.2-cp312-cp312-manylinux_2_17_x86_64.manylinux2014_x86_64.whl (12.0 MB)","logger":"airflow.utils.process_utils"}
{"timestamp":"2025-09-14T11:36:13.940077","level":"info","event":"Using cached psycopg2_binary-2.9.10-cp312-cp312-manylinux_2_17_x86_64.manylinux2014_x86_64.whl (3.0 MB)","logger":"airflow.utils.process_utils"}
{"timestamp":"2025-09-14T11:36:13.951058","level":"info","event":"Using cached pyarrow-21.0.0-cp312-cp312-manylinux_2_28_x86_64.whl (42.8 MB)","logger":"airflow.utils.process_utils"}
{"timestamp":"2025-09-14T11:36:14.048118","level":"info","event":"Using cached requests-2.32.5-py3-none-any.whl (64 kB)","logger":"airflow.utils.process_utils"}
{"timestamp":"2025-09-14T11:36:14.051090","level":"info","event":"Using cached seaborn-0.13.2-py3-none-any.whl (294 kB)","logger":"airflow.utils.process_utils"}
{"timestamp":"2025-09-14T11:36:14.054351","level":"info","event":"Using cached sqlalchemy-2.0.43-cp312-cp312-manylinux_2_17_x86_64.manylinux2014_x86_64.whl (3.3 MB)","logger":"airflow.utils.process_utils"}
{"timestamp":"2025-09-14T11:36:14.065458","level":"info","event":"Using cached blinker-1.9.0-py3-none-any.whl (8.5 kB)","logger":"airflow.utils.process_utils"}
{"timestamp":"2025-09-14T11:36:14.068369","level":"info","event":"Using cached certifi-2025.8.3-py3-none-any.whl (161 kB)","logger":"airflow.utils.process_utils"}
{"timestamp":"2025-09-14T11:36:14.071411","level":"info","event":"Using cached charset_normalizer-3.4.3-cp312-cp312-manylinux2014_x86_64.manylinux_2_17_x86_64.manylinux_2_28_x86_64.whl (151 kB)","logger":"airflow.utils.process_utils"}
{"timestamp":"2025-09-14T11:36:14.075140","level":"info","event":"Using cached click-8.2.1-py3-none-any.whl (102 kB)","logger":"airflow.utils.process_utils"}
{"timestamp":"2025-09-14T11:36:14.078772","level":"info","event":"Using cached contourpy-1.3.3-cp312-cp312-manylinux_2_27_x86_64.manylinux_2_28_x86_64.whl (362 kB)","logger":"airflow.utils.process_utils"}
{"timestamp":"2025-09-14T11:36:14.082260","level":"info","event":"Using cached cramjam-2.11.0-cp312-cp312-manylinux_2_17_x86_64.manylinux2014_x86_64.whl (2.0 MB)","logger":"airflow.utils.process_utils"}
{"timestamp":"2025-09-14T11:36:14.089804","level":"info","event":"Using cached cycler-0.12.1-py3-none-any.whl (8.3 kB)","logger":"airflow.utils.process_utils"}
{"timestamp":"2025-09-14T11:36:14.091741","level":"info","event":"Using cached fonttools-4.59.2-cp312-cp312-manylinux1_x86_64.manylinux2014_x86_64.manylinux_2_17_x86_64.manylinux_2_5_x86_64.whl (4.9 MB)","logger":"airflow.utils.process_utils"}
{"timestamp":"2025-09-14T11:36:14.108166","level":"info","event":"Using cached greenlet-3.2.4-cp312-cp312-manylinux_2_24_x86_64.manylinux_2_28_x86_64.whl (607 kB)","logger":"airflow.utils.process_utils"}
{"timestamp":"2025-09-14T11:36:14.113230","level":"info","event":"Using cached idna-3.10-py3-none-any.whl (70 kB)","logger":"airflow.utils.process_utils"}
{"timestamp":"2025-09-14T11:36:14.117650","level":"info","event":"Using cached itsdangerous-2.2.0-py3-none-any.whl (16 kB)","logger":"airflow.utils.process_utils"}
{"timestamp":"2025-09-14T11:36:14.119752","level":"info","event":"Using cached jinja2-3.1.6-py3-none-any.whl (134 kB)","logger":"airflow.utils.process_utils"}
{"timestamp":"2025-09-14T11:36:14.123838","level":"info","event":"Using cached kiwisolver-1.4.9-cp312-cp312-manylinux2014_x86_64.manylinux_2_17_x86_64.whl (1.5 MB)","logger":"airflow.utils.process_utils"}
{"timestamp":"2025-09-14T11:36:14.134753","level":"info","event":"Using cached MarkupSafe-3.0.2-cp312-cp312-manylinux_2_17_x86_64.manylinux2014_x86_64.whl (23 kB)","logger":"airflow.utils.process_utils"}
{"timestamp":"2025-09-14T11:36:14.138336","level":"info","event":"Using cached packaging-25.0-py3-none-any.whl (66 kB)","logger":"airflow.utils.process_utils"}
{"timestamp":"2025-09-14T11:36:14.141828","level":"info","event":"Using cached pillow-11.3.0-cp312-cp312-manylinux_2_27_x86_64.manylinux_2_28_x86_64.whl (6.6 MB)","logger":"airflow.utils.process_utils"}
{"timestamp":"2025-09-14T11:36:14.164323","level":"info","event":"Using cached pyparsing-3.2.4-py3-none-any.whl (113 kB)","logger":"airflow.utils.process_utils"}
{"timestamp":"2025-09-14T11:36:14.169010","level":"info","event":"Using cached python_dateutil-2.9.0.post0-py2.py3-none-any.whl (229 kB)","logger":"airflow.utils.process_utils"}
{"timestamp":"2025-09-14T11:36:14.172401","level":"info","event":"Using cached pytz-2025.2-py2.py3-none-any.whl (509 kB)","logger":"airflow.utils.process_utils"}
{"timestamp":"2025-09-14T11:36:14.177788","level":"info","event":"Using cached six-1.17.0-py2.py3-none-any.whl (11 kB)","logger":"airflow.utils.process_utils"}
{"timestamp":"2025-09-14T11:36:14.178729","level":"info","event":"Using cached typing_extensions-4.15.0-py3-none-any.whl (44 kB)","logger":"airflow.utils.process_utils"}
{"timestamp":"2025-09-14T11:36:14.181226","level":"info","event":"Using cached tzdata-2025.2-py2.py3-none-any.whl (347 kB)","logger":"airflow.utils.process_utils"}
{"timestamp":"2025-09-14T11:36:14.184601","level":"info","event":"Using cached urllib3-2.5.0-py3-none-any.whl (129 kB)","logger":"airflow.utils.process_utils"}
{"timestamp":"2025-09-14T11:36:14.188175","level":"info","event":"Using cached werkzeug-3.1.3-py3-none-any.whl (224 kB)","logger":"airflow.utils.process_utils"}
{"timestamp":"2025-09-14T11:36:14.191307","level":"info","event":"Using cached fsspec-2025.9.0-py3-none-any.whl (199 kB)","logger":"airflow.utils.process_utils"}
{"timestamp":"2025-09-14T11:36:14.194458","level":"info","event":"Using cached python_dotenv-1.1.1-py3-none-any.whl (20 kB)","logger":"airflow.utils.process_utils"}
{"timestamp":"2025-09-14T11:36:15.599809","level":"info","event":"Installing collected packages: pytz, docopt, urllib3, tzdata, typing-extensions, six, python-dotenv, pyparsing, pyarrow, psycopg2-binary, pillow, packaging, numpy, markupsafe, kiwisolver, itsdangerous, idna, greenlet, fsspec, fonttools, duckdb, cycler, cramjam, click, charset_normalizer, certifi, blinker, werkzeug, sqlalchemy, requests, python-dateutil, jinja2, gunicorn, dotenv, contourpy, pandas, matplotlib, hdfs, flask, seaborn, fastparquet","logger":"airflow.utils.process_utils"}
{"timestamp":"2025-09-14T11:36:34.766948","level":"info","event":"Successfully installed blinker-1.9.0 certifi-2025.8.3 charset_normalizer-3.4.3 click-8.2.1 contourpy-1.3.3 cramjam-2.11.0 cycler-0.12.1 docopt-0.6.2 dotenv-0.9.9 duckdb-1.3.2 fastparquet-2024.11.0 flask-3.1.2 fonttools-4.59.2 fsspec-2025.9.0 greenlet-3.2.4 gunicorn-23.0.0 hdfs-2.7.3 idna-3.10 itsdangerous-2.2.0 jinja2-3.1.6 kiwisolver-1.4.9 markupsafe-3.0.2 matplotlib-3.10.6 numpy-2.3.3 packaging-25.0 pandas-2.3.2 pillow-11.3.0 psycopg2-binary-2.9.10 pyarrow-21.0.0 pyparsing-3.2.4 python-dateutil-2.9.0.post0 python-dotenv-1.1.1 pytz-2025.2 requests-2.32.5 seaborn-0.13.2 six-1.17.0 sqlalchemy-2.0.43 typing-extensions-4.15.0 tzdata-2025.2 urllib3-2.5.0 werkzeug-3.1.3","logger":"airflow.utils.process_utils"}
{"timestamp":"2025-09-14T11:36:35.552055","level":"info","event":"Executing cmd: /tmp/venvw1zm9crh/bin/python /tmp/venv-call9_6izyno/script.py /tmp/venv-call9_6izyno/script.in /tmp/venv-call9_6izyno/script.out /tmp/venv-call9_6izyno/string_args.txt /tmp/venv-call9_6izyno/termination.log /tmp/venv-call9_6izyno/airflow_context.json","logger":"airflow.utils.process_utils"}
{"timestamp":"2025-09-14T11:36:35.552761","level":"info","event":"Output:","logger":"airflow.utils.process_utils"}
{"timestamp":"2025-09-14T11:36:36.272666","level":"info","event":"Inserted data into etl.regions","logger":"airflow.utils.process_utils"}
{"timestamp":"2025-09-14T11:36:36.272881","level":"info","event":"Inserted data into etl.industries","logger":"airflow.utils.process_utils"}
{"timestamp":"2025-09-14T11:36:36.273035","level":"info","event":"Inserted data into etl.sic_industries","logger":"airflow.utils.process_utils"}
{"timestamp":"2025-09-14T11:36:36.273158","level":"info","event":"Inserted data into etl.regions","logger":"airflow.utils.process_utils"}
{"timestamp":"2025-09-14T11:36:36.273274","level":"info","event":"Inserted data into etl.industries","logger":"airflow.utils.process_utils"}
{"timestamp":"2025-09-14T11:36:36.273391","level":"info","event":"Inserted data into etl.sic_industries","logger":"airflow.utils.process_utils"}
{"timestamp":"2025-09-14T11:36:36.315210","level":"warning","event":"Fail to delete /home/tiendat/airflow/tmp/venvw1zm9crh. The directory does not exist.","logger":"airflow.task.operators.airflow.providers.standard.operators.python.PythonVirtualenvOperator"}
{"timestamp":"2025-09-14T11:36:36.590931","level":"info","event":"Done. Returned value was: None","logger":"airflow.task.operators.airflow.providers.standard.operators.python.PythonVirtualenvOperator"}
