{"timestamp":"2025-09-15T10:26:12.667363","level":"info","event":"DAG bundles loaded: dags-folder","logger":"airflow.dag_processing.bundles.manager.DagBundlesManager"}
{"timestamp":"2025-09-15T10:26:12.669049","level":"info","event":"Filling up the DagBag from /home/tiendat/Pipeline-Stock-ETL/schedule/dags/etl_datawarehouse.py","logger":"airflow.models.dagbag.DagBag"}
{"timestamp":"2025-09-15T10:26:12.741424","level":"info","event":"Executing cmd: python -m venv /tmp/venvvvpmglsg --system-site-packages","logger":"airflow.utils.process_utils"}
{"timestamp":"2025-09-15T10:26:12.743360","level":"info","event":"Output:","logger":"airflow.utils.process_utils"}
{"timestamp":"2025-09-15T10:26:19.615753","level":"info","event":"Executing cmd: /tmp/venvvvpmglsg/bin/pip install -r /tmp/venvvvpmglsg/requirements.txt","logger":"airflow.utils.process_utils"}
{"timestamp":"2025-09-15T10:26:19.618767","level":"info","event":"Output:","logger":"airflow.utils.process_utils"}
{"timestamp":"2025-09-15T10:26:20.514052","level":"info","event":"Collecting dotenv (from -r /tmp/venvvvpmglsg/requirements.txt (line 1))","logger":"airflow.utils.process_utils"}
{"timestamp":"2025-09-15T10:26:20.519081","level":"info","event":"  Using cached dotenv-0.9.9-py2.py3-none-any.whl.metadata (279 bytes)","logger":"airflow.utils.process_utils"}
{"timestamp":"2025-09-15T10:26:20.773519","level":"info","event":"Collecting duckdb (from -r /tmp/venvvvpmglsg/requirements.txt (line 2))","logger":"airflow.utils.process_utils"}
{"timestamp":"2025-09-15T10:26:20.778192","level":"info","event":"  Using cached duckdb-1.3.2-cp312-cp312-manylinux_2_27_x86_64.manylinux_2_28_x86_64.whl.metadata (7.0 kB)","logger":"airflow.utils.process_utils"}
{"timestamp":"2025-09-15T10:26:20.899895","level":"info","event":"Collecting fastparquet (from -r /tmp/venvvvpmglsg/requirements.txt (line 3))","logger":"airflow.utils.process_utils"}
{"timestamp":"2025-09-15T10:26:20.904009","level":"info","event":"  Using cached fastparquet-2024.11.0-cp312-cp312-manylinux_2_17_x86_64.manylinux2014_x86_64.whl.metadata (4.2 kB)","logger":"airflow.utils.process_utils"}
{"timestamp":"2025-09-15T10:26:20.962872","level":"info","event":"Collecting flask (from -r /tmp/venvvvpmglsg/requirements.txt (line 4))","logger":"airflow.utils.process_utils"}
{"timestamp":"2025-09-15T10:26:20.966115","level":"info","event":"  Using cached flask-3.1.2-py3-none-any.whl.metadata (3.2 kB)","logger":"airflow.utils.process_utils"}
{"timestamp":"2025-09-15T10:26:21.022920","level":"info","event":"Collecting gunicorn (from -r /tmp/venvvvpmglsg/requirements.txt (line 5))","logger":"airflow.utils.process_utils"}
{"timestamp":"2025-09-15T10:26:21.027432","level":"info","event":"  Using cached gunicorn-23.0.0-py3-none-any.whl.metadata (4.4 kB)","logger":"airflow.utils.process_utils"}
{"timestamp":"2025-09-15T10:26:21.074397","level":"info","event":"Collecting hdfs (from -r /tmp/venvvvpmglsg/requirements.txt (line 6))","logger":"airflow.utils.process_utils"}
{"timestamp":"2025-09-15T10:26:21.074686","level":"info","event":"  Using cached hdfs-2.7.3-py3-none-any.whl","logger":"airflow.utils.process_utils"}
{"timestamp":"2025-09-15T10:26:21.366162","level":"info","event":"Collecting matplotlib (from -r /tmp/venvvvpmglsg/requirements.txt (line 7))","logger":"airflow.utils.process_utils"}
{"timestamp":"2025-09-15T10:26:21.369845","level":"info","event":"  Using cached matplotlib-3.10.6-cp312-cp312-manylinux2014_x86_64.manylinux_2_17_x86_64.whl.metadata (11 kB)","logger":"airflow.utils.process_utils"}
{"timestamp":"2025-09-15T10:26:21.811539","level":"info","event":"Collecting numpy (from -r /tmp/venvvvpmglsg/requirements.txt (line 8))","logger":"airflow.utils.process_utils"}
{"timestamp":"2025-09-15T10:26:21.814805","level":"info","event":"  Using cached numpy-2.3.3-cp312-cp312-manylinux_2_27_x86_64.manylinux_2_28_x86_64.whl.metadata (62 kB)","logger":"airflow.utils.process_utils"}
{"timestamp":"2025-09-15T10:26:22.099522","level":"info","event":"Collecting pandas (from -r /tmp/venvvvpmglsg/requirements.txt (line 9))","logger":"airflow.utils.process_utils"}
{"timestamp":"2025-09-15T10:26:22.103791","level":"info","event":"  Using cached pandas-2.3.2-cp312-cp312-manylinux_2_17_x86_64.manylinux2014_x86_64.whl.metadata (91 kB)","logger":"airflow.utils.process_utils"}
{"timestamp":"2025-09-15T10:26:22.341309","level":"info","event":"Collecting psycopg2-binary (from -r /tmp/venvvvpmglsg/requirements.txt (line 10))","logger":"airflow.utils.process_utils"}
{"timestamp":"2025-09-15T10:26:22.345874","level":"info","event":"  Using cached psycopg2_binary-2.9.10-cp312-cp312-manylinux_2_17_x86_64.manylinux2014_x86_64.whl.metadata (4.9 kB)","logger":"airflow.utils.process_utils"}
{"timestamp":"2025-09-15T10:26:22.579842","level":"info","event":"Collecting pyarrow (from -r /tmp/venvvvpmglsg/requirements.txt (line 11))","logger":"airflow.utils.process_utils"}
{"timestamp":"2025-09-15T10:26:22.583080","level":"info","event":"  Using cached pyarrow-21.0.0-cp312-cp312-manylinux_2_28_x86_64.whl.metadata (3.3 kB)","logger":"airflow.utils.process_utils"}
{"timestamp":"2025-09-15T10:26:22.662968","level":"info","event":"Collecting pyspark==3.5.6 (from -r /tmp/venvvvpmglsg/requirements.txt (line 12))","logger":"airflow.utils.process_utils"}
{"timestamp":"2025-09-15T10:26:22.664806","level":"info","event":"  Using cached pyspark-3.5.6-py2.py3-none-any.whl","logger":"airflow.utils.process_utils"}
{"timestamp":"2025-09-15T10:26:22.674877","level":"info","event":"Requirement already satisfied: requests in /usr/lib/python3/dist-packages (from -r /tmp/venvvvpmglsg/requirements.txt (line 13)) (2.31.0)","logger":"airflow.utils.process_utils"}
{"timestamp":"2025-09-15T10:26:22.723803","level":"info","event":"Collecting seaborn (from -r /tmp/venvvvpmglsg/requirements.txt (line 14))","logger":"airflow.utils.process_utils"}
{"timestamp":"2025-09-15T10:26:22.729689","level":"info","event":"  Using cached seaborn-0.13.2-py3-none-any.whl.metadata (5.4 kB)","logger":"airflow.utils.process_utils"}
{"timestamp":"2025-09-15T10:26:23.565845","level":"info","event":"Collecting sqlalchemy (from -r /tmp/venvvvpmglsg/requirements.txt (line 15))","logger":"airflow.utils.process_utils"}
{"timestamp":"2025-09-15T10:26:23.571481","level":"info","event":"  Using cached sqlalchemy-2.0.43-cp312-cp312-manylinux_2_17_x86_64.manylinux2014_x86_64.whl.metadata (9.6 kB)","logger":"airflow.utils.process_utils"}
{"timestamp":"2025-09-15T10:26:23.663180","level":"info","event":"Collecting py4j==0.10.9.7 (from pyspark==3.5.6->-r /tmp/venvvvpmglsg/requirements.txt (line 12))","logger":"airflow.utils.process_utils"}
{"timestamp":"2025-09-15T10:26:23.667776","level":"info","event":"  Using cached py4j-0.10.9.7-py2.py3-none-any.whl.metadata (1.5 kB)","logger":"airflow.utils.process_utils"}
{"timestamp":"2025-09-15T10:26:23.722837","level":"info","event":"Collecting python-dotenv (from dotenv->-r /tmp/venvvvpmglsg/requirements.txt (line 1))","logger":"airflow.utils.process_utils"}
{"timestamp":"2025-09-15T10:26:23.727933","level":"info","event":"  Using cached python_dotenv-1.1.1-py3-none-any.whl.metadata (24 kB)","logger":"airflow.utils.process_utils"}
{"timestamp":"2025-09-15T10:26:24.124683","level":"info","event":"Collecting cramjam>=2.3 (from fastparquet->-r /tmp/venvvvpmglsg/requirements.txt (line 3))","logger":"airflow.utils.process_utils"}
{"timestamp":"2025-09-15T10:26:24.129868","level":"info","event":"  Using cached cramjam-2.11.0-cp312-cp312-manylinux_2_17_x86_64.manylinux2014_x86_64.whl.metadata (5.6 kB)","logger":"airflow.utils.process_utils"}
{"timestamp":"2025-09-15T10:26:24.304645","level":"info","event":"Collecting fsspec (from fastparquet->-r /tmp/venvvvpmglsg/requirements.txt (line 3))","logger":"airflow.utils.process_utils"}
{"timestamp":"2025-09-15T10:26:24.308057","level":"info","event":"  Using cached fsspec-2025.9.0-py3-none-any.whl.metadata (10 kB)","logger":"airflow.utils.process_utils"}
{"timestamp":"2025-09-15T10:26:24.313658","level":"info","event":"Requirement already satisfied: packaging in /usr/lib/python3/dist-packages (from fastparquet->-r /tmp/venvvvpmglsg/requirements.txt (line 3)) (24.0)","logger":"airflow.utils.process_utils"}
{"timestamp":"2025-09-15T10:26:24.361873","level":"info","event":"Collecting blinker>=1.9.0 (from flask->-r /tmp/venvvvpmglsg/requirements.txt (line 4))","logger":"airflow.utils.process_utils"}
{"timestamp":"2025-09-15T10:26:24.368831","level":"info","event":"  Using cached blinker-1.9.0-py3-none-any.whl.metadata (1.6 kB)","logger":"airflow.utils.process_utils"}
{"timestamp":"2025-09-15T10:26:24.370638","level":"info","event":"Requirement already satisfied: click>=8.1.3 in /usr/lib/python3/dist-packages (from flask->-r /tmp/venvvvpmglsg/requirements.txt (line 4)) (8.1.6)","logger":"airflow.utils.process_utils"}
{"timestamp":"2025-09-15T10:26:24.413593","level":"info","event":"Collecting itsdangerous>=2.2.0 (from flask->-r /tmp/venvvvpmglsg/requirements.txt (line 4))","logger":"airflow.utils.process_utils"}
{"timestamp":"2025-09-15T10:26:24.417477","level":"info","event":"  Using cached itsdangerous-2.2.0-py3-none-any.whl.metadata (1.9 kB)","logger":"airflow.utils.process_utils"}
{"timestamp":"2025-09-15T10:26:24.420535","level":"info","event":"Requirement already satisfied: jinja2>=3.1.2 in /usr/lib/python3/dist-packages (from flask->-r /tmp/venvvvpmglsg/requirements.txt (line 4)) (3.1.2)","logger":"airflow.utils.process_utils"}
{"timestamp":"2025-09-15T10:26:24.422047","level":"info","event":"Requirement already satisfied: markupsafe>=2.1.1 in /usr/lib/python3/dist-packages (from flask->-r /tmp/venvvvpmglsg/requirements.txt (line 4)) (2.1.5)","logger":"airflow.utils.process_utils"}
{"timestamp":"2025-09-15T10:26:24.493917","level":"info","event":"Collecting werkzeug>=3.1.0 (from flask->-r /tmp/venvvvpmglsg/requirements.txt (line 4))","logger":"airflow.utils.process_utils"}
{"timestamp":"2025-09-15T10:26:24.498751","level":"info","event":"  Using cached werkzeug-3.1.3-py3-none-any.whl.metadata (3.7 kB)","logger":"airflow.utils.process_utils"}
{"timestamp":"2025-09-15T10:26:24.587887","level":"info","event":"Collecting docopt (from hdfs->-r /tmp/venvvvpmglsg/requirements.txt (line 6))","logger":"airflow.utils.process_utils"}
{"timestamp":"2025-09-15T10:26:24.588152","level":"info","event":"  Using cached docopt-0.6.2-py2.py3-none-any.whl","logger":"airflow.utils.process_utils"}
{"timestamp":"2025-09-15T10:26:24.591009","level":"info","event":"Requirement already satisfied: six>=1.9.0 in /usr/lib/python3/dist-packages (from hdfs->-r /tmp/venvvvpmglsg/requirements.txt (line 6)) (1.16.0)","logger":"airflow.utils.process_utils"}
{"timestamp":"2025-09-15T10:26:24.766567","level":"info","event":"Collecting contourpy>=1.0.1 (from matplotlib->-r /tmp/venvvvpmglsg/requirements.txt (line 7))","logger":"airflow.utils.process_utils"}
{"timestamp":"2025-09-15T10:26:24.771858","level":"info","event":"  Using cached contourpy-1.3.3-cp312-cp312-manylinux_2_27_x86_64.manylinux_2_28_x86_64.whl.metadata (5.5 kB)","logger":"airflow.utils.process_utils"}
{"timestamp":"2025-09-15T10:26:24.810202","level":"info","event":"Collecting cycler>=0.10 (from matplotlib->-r /tmp/venvvvpmglsg/requirements.txt (line 7))","logger":"airflow.utils.process_utils"}
{"timestamp":"2025-09-15T10:26:24.815816","level":"info","event":"  Using cached cycler-0.12.1-py3-none-any.whl.metadata (3.8 kB)","logger":"airflow.utils.process_utils"}
{"timestamp":"2025-09-15T10:26:25.173856","level":"info","event":"Collecting fonttools>=4.22.0 (from matplotlib->-r /tmp/venvvvpmglsg/requirements.txt (line 7))","logger":"airflow.utils.process_utils"}
{"timestamp":"2025-09-15T10:26:25.178611","level":"info","event":"  Using cached fonttools-4.59.2-cp312-cp312-manylinux1_x86_64.manylinux2014_x86_64.manylinux_2_17_x86_64.manylinux_2_5_x86_64.whl.metadata (109 kB)","logger":"airflow.utils.process_utils"}
{"timestamp":"2025-09-15T10:26:25.387680","level":"info","event":"Collecting kiwisolver>=1.3.1 (from matplotlib->-r /tmp/venvvvpmglsg/requirements.txt (line 7))","logger":"airflow.utils.process_utils"}
{"timestamp":"2025-09-15T10:26:25.392144","level":"info","event":"  Using cached kiwisolver-1.4.9-cp312-cp312-manylinux2014_x86_64.manylinux_2_17_x86_64.whl.metadata (6.3 kB)","logger":"airflow.utils.process_utils"}
{"timestamp":"2025-09-15T10:26:25.824048","level":"info","event":"Collecting pillow>=8 (from matplotlib->-r /tmp/venvvvpmglsg/requirements.txt (line 7))","logger":"airflow.utils.process_utils"}
{"timestamp":"2025-09-15T10:26:25.829113","level":"info","event":"  Using cached pillow-11.3.0-cp312-cp312-manylinux_2_27_x86_64.manylinux_2_28_x86_64.whl.metadata (9.0 kB)","logger":"airflow.utils.process_utils"}
{"timestamp":"2025-09-15T10:26:25.835013","level":"info","event":"Requirement already satisfied: pyparsing>=2.3.1 in /usr/lib/python3/dist-packages (from matplotlib->-r /tmp/venvvvpmglsg/requirements.txt (line 7)) (3.1.1)","logger":"airflow.utils.process_utils"}
{"timestamp":"2025-09-15T10:26:25.838238","level":"info","event":"Requirement already satisfied: python-dateutil>=2.7 in /usr/lib/python3/dist-packages (from matplotlib->-r /tmp/venvvvpmglsg/requirements.txt (line 7)) (2.8.2)","logger":"airflow.utils.process_utils"}
{"timestamp":"2025-09-15T10:26:26.098032","level":"info","event":"Requirement already satisfied: pytz>=2020.1 in /usr/lib/python3/dist-packages (from pandas->-r /tmp/venvvvpmglsg/requirements.txt (line 9)) (2024.1)","logger":"airflow.utils.process_utils"}
{"timestamp":"2025-09-15T10:26:26.146748","level":"info","event":"Collecting tzdata>=2022.7 (from pandas->-r /tmp/venvvvpmglsg/requirements.txt (line 9))","logger":"airflow.utils.process_utils"}
{"timestamp":"2025-09-15T10:26:26.152110","level":"info","event":"  Using cached tzdata-2025.2-py2.py3-none-any.whl.metadata (1.4 kB)","logger":"airflow.utils.process_utils"}
{"timestamp":"2025-09-15T10:26:26.612316","level":"info","event":"Collecting greenlet>=1 (from sqlalchemy->-r /tmp/venvvvpmglsg/requirements.txt (line 15))","logger":"airflow.utils.process_utils"}
{"timestamp":"2025-09-15T10:26:26.614538","level":"info","event":"  Using cached greenlet-3.2.4-cp312-cp312-manylinux_2_24_x86_64.manylinux_2_28_x86_64.whl.metadata (4.1 kB)","logger":"airflow.utils.process_utils"}
{"timestamp":"2025-09-15T10:26:26.619767","level":"info","event":"Requirement already satisfied: typing-extensions>=4.6.0 in /usr/lib/python3/dist-packages (from sqlalchemy->-r /tmp/venvvvpmglsg/requirements.txt (line 15)) (4.10.0)","logger":"airflow.utils.process_utils"}
{"timestamp":"2025-09-15T10:26:26.981994","level":"info","event":"Using cached py4j-0.10.9.7-py2.py3-none-any.whl (200 kB)","logger":"airflow.utils.process_utils"}
{"timestamp":"2025-09-15T10:26:26.987805","level":"info","event":"Using cached dotenv-0.9.9-py2.py3-none-any.whl (1.9 kB)","logger":"airflow.utils.process_utils"}
{"timestamp":"2025-09-15T10:26:26.991835","level":"info","event":"Using cached duckdb-1.3.2-cp312-cp312-manylinux_2_27_x86_64.manylinux_2_28_x86_64.whl (21.1 MB)","logger":"airflow.utils.process_utils"}
{"timestamp":"2025-09-15T10:26:27.058060","level":"info","event":"Using cached fastparquet-2024.11.0-cp312-cp312-manylinux_2_17_x86_64.manylinux2014_x86_64.whl (1.8 MB)","logger":"airflow.utils.process_utils"}
{"timestamp":"2025-09-15T10:26:27.068101","level":"info","event":"Using cached flask-3.1.2-py3-none-any.whl (103 kB)","logger":"airflow.utils.process_utils"}
{"timestamp":"2025-09-15T10:26:27.072799","level":"info","event":"Using cached gunicorn-23.0.0-py3-none-any.whl (85 kB)","logger":"airflow.utils.process_utils"}
{"timestamp":"2025-09-15T10:26:27.076222","level":"info","event":"Using cached matplotlib-3.10.6-cp312-cp312-manylinux2014_x86_64.manylinux_2_17_x86_64.whl (8.7 MB)","logger":"airflow.utils.process_utils"}
{"timestamp":"2025-09-15T10:26:27.103217","level":"info","event":"Using cached numpy-2.3.3-cp312-cp312-manylinux_2_27_x86_64.manylinux_2_28_x86_64.whl (16.6 MB)","logger":"airflow.utils.process_utils"}
{"timestamp":"2025-09-15T10:26:27.155907","level":"info","event":"Using cached pandas-2.3.2-cp312-cp312-manylinux_2_17_x86_64.manylinux2014_x86_64.whl (12.0 MB)","logger":"airflow.utils.process_utils"}
{"timestamp":"2025-09-15T10:26:27.192028","level":"info","event":"Using cached psycopg2_binary-2.9.10-cp312-cp312-manylinux_2_17_x86_64.manylinux2014_x86_64.whl (3.0 MB)","logger":"airflow.utils.process_utils"}
{"timestamp":"2025-09-15T10:26:27.205810","level":"info","event":"Using cached pyarrow-21.0.0-cp312-cp312-manylinux_2_28_x86_64.whl (42.8 MB)","logger":"airflow.utils.process_utils"}
{"timestamp":"2025-09-15T10:26:27.338827","level":"info","event":"Using cached seaborn-0.13.2-py3-none-any.whl (294 kB)","logger":"airflow.utils.process_utils"}
{"timestamp":"2025-09-15T10:26:27.342605","level":"info","event":"Using cached sqlalchemy-2.0.43-cp312-cp312-manylinux_2_17_x86_64.manylinux2014_x86_64.whl (3.3 MB)","logger":"airflow.utils.process_utils"}
{"timestamp":"2025-09-15T10:26:27.358903","level":"info","event":"Using cached blinker-1.9.0-py3-none-any.whl (8.5 kB)","logger":"airflow.utils.process_utils"}
{"timestamp":"2025-09-15T10:26:27.362921","level":"info","event":"Using cached contourpy-1.3.3-cp312-cp312-manylinux_2_27_x86_64.manylinux_2_28_x86_64.whl (362 kB)","logger":"airflow.utils.process_utils"}
{"timestamp":"2025-09-15T10:26:27.371213","level":"info","event":"Using cached cramjam-2.11.0-cp312-cp312-manylinux_2_17_x86_64.manylinux2014_x86_64.whl (2.0 MB)","logger":"airflow.utils.process_utils"}
{"timestamp":"2025-09-15T10:26:27.388507","level":"info","event":"Using cached cycler-0.12.1-py3-none-any.whl (8.3 kB)","logger":"airflow.utils.process_utils"}
{"timestamp":"2025-09-15T10:26:27.395252","level":"info","event":"Using cached fonttools-4.59.2-cp312-cp312-manylinux1_x86_64.manylinux2014_x86_64.manylinux_2_17_x86_64.manylinux_2_5_x86_64.whl (4.9 MB)","logger":"airflow.utils.process_utils"}
{"timestamp":"2025-09-15T10:26:27.422128","level":"info","event":"Using cached greenlet-3.2.4-cp312-cp312-manylinux_2_24_x86_64.manylinux_2_28_x86_64.whl (607 kB)","logger":"airflow.utils.process_utils"}
{"timestamp":"2025-09-15T10:26:27.426022","level":"info","event":"Using cached itsdangerous-2.2.0-py3-none-any.whl (16 kB)","logger":"airflow.utils.process_utils"}
{"timestamp":"2025-09-15T10:26:27.429003","level":"info","event":"Using cached kiwisolver-1.4.9-cp312-cp312-manylinux2014_x86_64.manylinux_2_17_x86_64.whl (1.5 MB)","logger":"airflow.utils.process_utils"}
{"timestamp":"2025-09-15T10:26:27.437988","level":"info","event":"Using cached pillow-11.3.0-cp312-cp312-manylinux_2_27_x86_64.manylinux_2_28_x86_64.whl (6.6 MB)","logger":"airflow.utils.process_utils"}
{"timestamp":"2025-09-15T10:26:27.480384","level":"info","event":"Using cached tzdata-2025.2-py2.py3-none-any.whl (347 kB)","logger":"airflow.utils.process_utils"}
{"timestamp":"2025-09-15T10:26:27.484804","level":"info","event":"Using cached werkzeug-3.1.3-py3-none-any.whl (224 kB)","logger":"airflow.utils.process_utils"}
{"timestamp":"2025-09-15T10:26:27.531205","level":"info","event":"Using cached fsspec-2025.9.0-py3-none-any.whl (199 kB)","logger":"airflow.utils.process_utils"}
{"timestamp":"2025-09-15T10:26:27.534801","level":"info","event":"Using cached python_dotenv-1.1.1-py3-none-any.whl (20 kB)","logger":"airflow.utils.process_utils"}
{"timestamp":"2025-09-15T10:26:29.526711","level":"info","event":"Installing collected packages: py4j, docopt, werkzeug, tzdata, python-dotenv, pyspark, pyarrow, psycopg2-binary, pillow, numpy, kiwisolver, itsdangerous, hdfs, gunicorn, greenlet, fsspec, fonttools, duckdb, cycler, cramjam, blinker, sqlalchemy, pandas, flask, dotenv, contourpy, matplotlib, fastparquet, seaborn","logger":"airflow.utils.process_utils"}
{"timestamp":"2025-09-15T10:26:46.432902","level":"info","event":"  Attempting uninstall: blinker","logger":"airflow.utils.process_utils"}
{"timestamp":"2025-09-15T10:26:46.478659","level":"info","event":"    Found existing installation: blinker 1.7.0","logger":"airflow.utils.process_utils"}
{"timestamp":"2025-09-15T10:26:46.481743","level":"info","event":"    Not uninstalling blinker at /usr/lib/python3/dist-packages, outside environment /tmp/venvvvpmglsg","logger":"airflow.utils.process_utils"}
{"timestamp":"2025-09-15T10:26:46.481979","level":"info","event":"    Can't uninstall 'blinker'. No files were found to uninstall.","logger":"airflow.utils.process_utils"}
{"timestamp":"2025-09-15T10:27:03.237956","level":"info","event":"Successfully installed blinker-1.9.0 contourpy-1.3.3 cramjam-2.11.0 cycler-0.12.1 docopt-0.6.2 dotenv-0.9.9 duckdb-1.3.2 fastparquet-2024.11.0 flask-3.1.2 fonttools-4.59.2 fsspec-2025.9.0 greenlet-3.2.4 gunicorn-23.0.0 hdfs-2.7.3 itsdangerous-2.2.0 kiwisolver-1.4.9 matplotlib-3.10.6 numpy-2.3.3 pandas-2.3.2 pillow-11.3.0 psycopg2-binary-2.9.10 py4j-0.10.9.7 pyarrow-21.0.0 pyspark-3.5.6 python-dotenv-1.1.1 seaborn-0.13.2 sqlalchemy-2.0.43 tzdata-2025.2 werkzeug-3.1.3","logger":"airflow.utils.process_utils"}
{"timestamp":"2025-09-15T10:27:04.177723","level":"info","event":"Executing cmd: /tmp/venvvvpmglsg/bin/python /tmp/venv-calltev4hhx5/script.py /tmp/venv-calltev4hhx5/script.in /tmp/venv-calltev4hhx5/script.out /tmp/venv-calltev4hhx5/string_args.txt /tmp/venv-calltev4hhx5/termination.log /tmp/venv-calltev4hhx5/airflow_context.json","logger":"airflow.utils.process_utils"}
{"timestamp":"2025-09-15T10:27:04.179749","level":"info","event":"Output:","logger":"airflow.utils.process_utils"}
{"timestamp":"2025-09-15T10:27:04.825772","level":"info","event":"/usr/bin/env: ‘bash’: No such file or directory","logger":"airflow.utils.process_utils"}
{"timestamp":"2025-09-15T10:27:04.997146","level":"info","event":"Traceback (most recent call last):","logger":"airflow.utils.process_utils"}
{"timestamp":"2025-09-15T10:27:04.997419","level":"info","event":"  File \"/tmp/venv-calltev4hhx5/script.py\", line 52, in <module>","logger":"airflow.utils.process_utils"}
{"timestamp":"2025-09-15T10:27:04.997663","level":"info","event":"    res = run_transform_load_news(*arg_dict[\"args\"], **arg_dict[\"kwargs\"])","logger":"airflow.utils.process_utils"}
{"timestamp":"2025-09-15T10:27:04.997861","level":"info","event":"          ^^^^^^^^^^^^^^^^^^^^^^^^^^^^^^^^^^^^^^^^^^^^^^^^^^^^^^^^^^^^^^^^","logger":"airflow.utils.process_utils"}
{"timestamp":"2025-09-15T10:27:04.998037","level":"info","event":"  File \"/tmp/venv-calltev4hhx5/script.py\", line 25, in run_transform_load_news","logger":"airflow.utils.process_utils"}
{"timestamp":"2025-09-15T10:27:04.998195","level":"info","event":"    from transform_load_news import transform_bronze_to_silver","logger":"airflow.utils.process_utils"}
{"timestamp":"2025-09-15T10:27:04.998410","level":"info","event":"  File \"/home/tiendat/Pipeline-Stock-ETL/etl_datawarehouse/silver/transform_load_news.py\", line 23, in <module>","logger":"airflow.utils.process_utils"}
{"timestamp":"2025-09-15T10:27:04.998522","level":"info","event":"    .getOrCreate()","logger":"airflow.utils.process_utils"}
{"timestamp":"2025-09-15T10:27:04.998634","level":"info","event":"     ^^^^^^^^^^^^^","logger":"airflow.utils.process_utils"}
{"timestamp":"2025-09-15T10:27:04.998808","level":"info","event":"  File \"/usr/local/spark/python/pyspark/sql/session.py\", line 497, in getOrCreate","logger":"airflow.utils.process_utils"}
{"timestamp":"2025-09-15T10:27:04.998947","level":"info","event":"    sc = SparkContext.getOrCreate(sparkConf)","logger":"airflow.utils.process_utils"}
{"timestamp":"2025-09-15T10:27:04.999079","level":"info","event":"         ^^^^^^^^^^^^^^^^^^^^^^^^^^^^^^^^^^^","logger":"airflow.utils.process_utils"}
{"timestamp":"2025-09-15T10:27:04.999249","level":"info","event":"  File \"/usr/local/spark/python/pyspark/context.py\", line 515, in getOrCreate","logger":"airflow.utils.process_utils"}
{"timestamp":"2025-09-15T10:27:04.999377","level":"info","event":"    SparkContext(conf=conf or SparkConf())","logger":"airflow.utils.process_utils"}
{"timestamp":"2025-09-15T10:27:04.999527","level":"info","event":"  File \"/usr/local/spark/python/pyspark/context.py\", line 201, in __init__","logger":"airflow.utils.process_utils"}
{"timestamp":"2025-09-15T10:27:04.999734","level":"info","event":"    SparkContext._ensure_initialized(self, gateway=gateway, conf=conf)","logger":"airflow.utils.process_utils"}
{"timestamp":"2025-09-15T10:27:04.999932","level":"info","event":"  File \"/usr/local/spark/python/pyspark/context.py\", line 436, in _ensure_initialized","logger":"airflow.utils.process_utils"}
{"timestamp":"2025-09-15T10:27:05.000091","level":"info","event":"    SparkContext._gateway = gateway or launch_gateway(conf)","logger":"airflow.utils.process_utils"}
{"timestamp":"2025-09-15T10:27:05.000239","level":"info","event":"                                       ^^^^^^^^^^^^^^^^^^^^","logger":"airflow.utils.process_utils"}
{"timestamp":"2025-09-15T10:27:05.000416","level":"info","event":"  File \"/usr/local/spark/python/pyspark/java_gateway.py\", line 107, in launch_gateway","logger":"airflow.utils.process_utils"}
{"timestamp":"2025-09-15T10:27:05.000528","level":"info","event":"    raise PySparkRuntimeError(","logger":"airflow.utils.process_utils"}
{"timestamp":"2025-09-15T10:27:05.000769","level":"info","event":"pyspark.errors.exceptions.base.PySparkRuntimeError: [JAVA_GATEWAY_EXITED] Java gateway process exited before sending its port number.","logger":"airflow.utils.process_utils"}
{"timestamp":"2025-09-15T10:27:05.544894","level":"error","event":"Task failed with exception","logger":"task","error_detail":[{"exc_type":"AirflowException","exc_value":"Process returned non-zero exit status 1.\n[JAVA_GATEWAY_EXITED] Java gateway process exited before sending its port number.","exc_notes":[],"syntax_error":null,"is_cause":false,"frames":[{"filename":"/home/tiendat/airflow_venv/lib/python3.12/site-packages/airflow/sdk/execution_time/task_runner.py","lineno":890,"name":"run"},{"filename":"/home/tiendat/airflow_venv/lib/python3.12/site-packages/airflow/sdk/execution_time/task_runner.py","lineno":1177,"name":"_execute_task"},{"filename":"/home/tiendat/airflow_venv/lib/python3.12/site-packages/airflow/sdk/bases/operator.py","lineno":397,"name":"wrapper"},{"filename":"/home/tiendat/airflow_venv/lib/python3.12/site-packages/airflow/providers/standard/operators/python.py","lineno":491,"name":"execute"},{"filename":"/home/tiendat/airflow_venv/lib/python3.12/site-packages/airflow/sdk/bases/operator.py","lineno":397,"name":"wrapper"},{"filename":"/home/tiendat/airflow_venv/lib/python3.12/site-packages/airflow/providers/standard/operators/python.py","lineno":217,"name":"execute"},{"filename":"/home/tiendat/airflow_venv/lib/python3.12/site-packages/airflow/providers/standard/operators/python.py","lineno":897,"name":"execute_callable"},{"filename":"/home/tiendat/airflow_venv/lib/python3.12/site-packages/airflow/providers/standard/operators/python.py","lineno":589,"name":"_execute_python_callable_in_subprocess"}],"is_group":false,"exceptions":[]}]}
