{"timestamp":"2025-09-15T10:23:19.942521","level":"info","event":"DAG bundles loaded: dags-folder","logger":"airflow.dag_processing.bundles.manager.DagBundlesManager"}
{"timestamp":"2025-09-15T10:23:19.943446","level":"info","event":"Filling up the DagBag from /home/tiendat/Pipeline-Stock-ETL/schedule/dags/etl_datawarehouse.py","logger":"airflow.models.dagbag.DagBag"}
{"timestamp":"2025-09-15T10:23:20.055861","level":"info","event":"Executing cmd: python -m venv /tmp/venv12589niw --system-site-packages","logger":"airflow.utils.process_utils"}
{"timestamp":"2025-09-15T10:23:20.057761","level":"info","event":"Output:","logger":"airflow.utils.process_utils"}
{"timestamp":"2025-09-15T10:23:26.255071","level":"info","event":"Executing cmd: /tmp/venv12589niw/bin/pip install -r /tmp/venv12589niw/requirements.txt","logger":"airflow.utils.process_utils"}
{"timestamp":"2025-09-15T10:23:26.257958","level":"info","event":"Output:","logger":"airflow.utils.process_utils"}
{"timestamp":"2025-09-15T10:23:27.129380","level":"info","event":"Collecting dotenv (from -r /tmp/venv12589niw/requirements.txt (line 1))","logger":"airflow.utils.process_utils"}
{"timestamp":"2025-09-15T10:23:27.133552","level":"info","event":"  Using cached dotenv-0.9.9-py2.py3-none-any.whl.metadata (279 bytes)","logger":"airflow.utils.process_utils"}
{"timestamp":"2025-09-15T10:23:27.384460","level":"info","event":"Collecting duckdb (from -r /tmp/venv12589niw/requirements.txt (line 2))","logger":"airflow.utils.process_utils"}
{"timestamp":"2025-09-15T10:23:27.389484","level":"info","event":"  Using cached duckdb-1.3.2-cp312-cp312-manylinux_2_27_x86_64.manylinux_2_28_x86_64.whl.metadata (7.0 kB)","logger":"airflow.utils.process_utils"}
{"timestamp":"2025-09-15T10:23:27.499529","level":"info","event":"Collecting fastparquet (from -r /tmp/venv12589niw/requirements.txt (line 3))","logger":"airflow.utils.process_utils"}
{"timestamp":"2025-09-15T10:23:27.504513","level":"info","event":"  Using cached fastparquet-2024.11.0-cp312-cp312-manylinux_2_17_x86_64.manylinux2014_x86_64.whl.metadata (4.2 kB)","logger":"airflow.utils.process_utils"}
{"timestamp":"2025-09-15T10:23:27.561522","level":"info","event":"Collecting flask (from -r /tmp/venv12589niw/requirements.txt (line 4))","logger":"airflow.utils.process_utils"}
{"timestamp":"2025-09-15T10:23:27.565328","level":"info","event":"  Using cached flask-3.1.2-py3-none-any.whl.metadata (3.2 kB)","logger":"airflow.utils.process_utils"}
{"timestamp":"2025-09-15T10:23:27.611851","level":"info","event":"Collecting gunicorn (from -r /tmp/venv12589niw/requirements.txt (line 5))","logger":"airflow.utils.process_utils"}
{"timestamp":"2025-09-15T10:23:27.615823","level":"info","event":"  Using cached gunicorn-23.0.0-py3-none-any.whl.metadata (4.4 kB)","logger":"airflow.utils.process_utils"}
{"timestamp":"2025-09-15T10:23:27.672007","level":"info","event":"Collecting hdfs (from -r /tmp/venv12589niw/requirements.txt (line 6))","logger":"airflow.utils.process_utils"}
{"timestamp":"2025-09-15T10:23:27.674819","level":"info","event":"  Using cached hdfs-2.7.3-py3-none-any.whl","logger":"airflow.utils.process_utils"}
{"timestamp":"2025-09-15T10:23:27.996427","level":"info","event":"Collecting matplotlib (from -r /tmp/venv12589niw/requirements.txt (line 7))","logger":"airflow.utils.process_utils"}
{"timestamp":"2025-09-15T10:23:28.000389","level":"info","event":"  Using cached matplotlib-3.10.6-cp312-cp312-manylinux2014_x86_64.manylinux_2_17_x86_64.whl.metadata (11 kB)","logger":"airflow.utils.process_utils"}
{"timestamp":"2025-09-15T10:23:28.521732","level":"info","event":"Collecting numpy (from -r /tmp/venv12589niw/requirements.txt (line 8))","logger":"airflow.utils.process_utils"}
{"timestamp":"2025-09-15T10:23:28.523824","level":"info","event":"  Using cached numpy-2.3.3-cp312-cp312-manylinux_2_27_x86_64.manylinux_2_28_x86_64.whl.metadata (62 kB)","logger":"airflow.utils.process_utils"}
{"timestamp":"2025-09-15T10:23:28.820253","level":"info","event":"Collecting pandas (from -r /tmp/venv12589niw/requirements.txt (line 9))","logger":"airflow.utils.process_utils"}
{"timestamp":"2025-09-15T10:23:28.823484","level":"info","event":"  Using cached pandas-2.3.2-cp312-cp312-manylinux_2_17_x86_64.manylinux2014_x86_64.whl.metadata (91 kB)","logger":"airflow.utils.process_utils"}
{"timestamp":"2025-09-15T10:23:29.048262","level":"info","event":"Collecting psycopg2-binary (from -r /tmp/venv12589niw/requirements.txt (line 10))","logger":"airflow.utils.process_utils"}
{"timestamp":"2025-09-15T10:23:29.050777","level":"info","event":"  Using cached psycopg2_binary-2.9.10-cp312-cp312-manylinux_2_17_x86_64.manylinux2014_x86_64.whl.metadata (4.9 kB)","logger":"airflow.utils.process_utils"}
{"timestamp":"2025-09-15T10:23:29.241178","level":"info","event":"Collecting pyarrow (from -r /tmp/venv12589niw/requirements.txt (line 11))","logger":"airflow.utils.process_utils"}
{"timestamp":"2025-09-15T10:23:29.243844","level":"info","event":"  Using cached pyarrow-21.0.0-cp312-cp312-manylinux_2_28_x86_64.whl.metadata (3.3 kB)","logger":"airflow.utils.process_utils"}
{"timestamp":"2025-09-15T10:23:29.306289","level":"info","event":"Collecting pyspark==3.5.6 (from -r /tmp/venv12589niw/requirements.txt (line 12))","logger":"airflow.utils.process_utils"}
{"timestamp":"2025-09-15T10:23:29.306966","level":"info","event":"  Using cached pyspark-3.5.6-py2.py3-none-any.whl","logger":"airflow.utils.process_utils"}
{"timestamp":"2025-09-15T10:23:29.314285","level":"info","event":"Requirement already satisfied: requests in /usr/lib/python3/dist-packages (from -r /tmp/venv12589niw/requirements.txt (line 13)) (2.31.0)","logger":"airflow.utils.process_utils"}
{"timestamp":"2025-09-15T10:23:29.352852","level":"info","event":"Collecting seaborn (from -r /tmp/venv12589niw/requirements.txt (line 14))","logger":"airflow.utils.process_utils"}
{"timestamp":"2025-09-15T10:23:29.355051","level":"info","event":"  Using cached seaborn-0.13.2-py3-none-any.whl.metadata (5.4 kB)","logger":"airflow.utils.process_utils"}
{"timestamp":"2025-09-15T10:23:30.044838","level":"info","event":"Collecting sqlalchemy (from -r /tmp/venv12589niw/requirements.txt (line 15))","logger":"airflow.utils.process_utils"}
{"timestamp":"2025-09-15T10:23:30.052048","level":"info","event":"  Using cached sqlalchemy-2.0.43-cp312-cp312-manylinux_2_17_x86_64.manylinux2014_x86_64.whl.metadata (9.6 kB)","logger":"airflow.utils.process_utils"}
{"timestamp":"2025-09-15T10:23:30.130325","level":"info","event":"Collecting py4j==0.10.9.7 (from pyspark==3.5.6->-r /tmp/venv12589niw/requirements.txt (line 12))","logger":"airflow.utils.process_utils"}
{"timestamp":"2025-09-15T10:23:30.134942","level":"info","event":"  Using cached py4j-0.10.9.7-py2.py3-none-any.whl.metadata (1.5 kB)","logger":"airflow.utils.process_utils"}
{"timestamp":"2025-09-15T10:23:30.196134","level":"info","event":"Collecting python-dotenv (from dotenv->-r /tmp/venv12589niw/requirements.txt (line 1))","logger":"airflow.utils.process_utils"}
{"timestamp":"2025-09-15T10:23:30.198997","level":"info","event":"  Using cached python_dotenv-1.1.1-py3-none-any.whl.metadata (24 kB)","logger":"airflow.utils.process_utils"}
{"timestamp":"2025-09-15T10:23:30.603028","level":"info","event":"Collecting cramjam>=2.3 (from fastparquet->-r /tmp/venv12589niw/requirements.txt (line 3))","logger":"airflow.utils.process_utils"}
{"timestamp":"2025-09-15T10:23:30.605309","level":"info","event":"  Using cached cramjam-2.11.0-cp312-cp312-manylinux_2_17_x86_64.manylinux2014_x86_64.whl.metadata (5.6 kB)","logger":"airflow.utils.process_utils"}
{"timestamp":"2025-09-15T10:23:30.777780","level":"info","event":"Collecting fsspec (from fastparquet->-r /tmp/venv12589niw/requirements.txt (line 3))","logger":"airflow.utils.process_utils"}
{"timestamp":"2025-09-15T10:23:30.785813","level":"info","event":"  Using cached fsspec-2025.9.0-py3-none-any.whl.metadata (10 kB)","logger":"airflow.utils.process_utils"}
{"timestamp":"2025-09-15T10:23:30.793666","level":"info","event":"Requirement already satisfied: packaging in /usr/lib/python3/dist-packages (from fastparquet->-r /tmp/venv12589niw/requirements.txt (line 3)) (24.0)","logger":"airflow.utils.process_utils"}
{"timestamp":"2025-09-15T10:23:30.845837","level":"info","event":"Collecting blinker>=1.9.0 (from flask->-r /tmp/venv12589niw/requirements.txt (line 4))","logger":"airflow.utils.process_utils"}
{"timestamp":"2025-09-15T10:23:30.851185","level":"info","event":"  Using cached blinker-1.9.0-py3-none-any.whl.metadata (1.6 kB)","logger":"airflow.utils.process_utils"}
{"timestamp":"2025-09-15T10:23:30.854425","level":"info","event":"Requirement already satisfied: click>=8.1.3 in /usr/lib/python3/dist-packages (from flask->-r /tmp/venv12589niw/requirements.txt (line 4)) (8.1.6)","logger":"airflow.utils.process_utils"}
{"timestamp":"2025-09-15T10:23:30.892728","level":"info","event":"Collecting itsdangerous>=2.2.0 (from flask->-r /tmp/venv12589niw/requirements.txt (line 4))","logger":"airflow.utils.process_utils"}
{"timestamp":"2025-09-15T10:23:30.896121","level":"info","event":"  Using cached itsdangerous-2.2.0-py3-none-any.whl.metadata (1.9 kB)","logger":"airflow.utils.process_utils"}
{"timestamp":"2025-09-15T10:23:30.898946","level":"info","event":"Requirement already satisfied: jinja2>=3.1.2 in /usr/lib/python3/dist-packages (from flask->-r /tmp/venv12589niw/requirements.txt (line 4)) (3.1.2)","logger":"airflow.utils.process_utils"}
{"timestamp":"2025-09-15T10:23:30.901159","level":"info","event":"Requirement already satisfied: markupsafe>=2.1.1 in /usr/lib/python3/dist-packages (from flask->-r /tmp/venv12589niw/requirements.txt (line 4)) (2.1.5)","logger":"airflow.utils.process_utils"}
{"timestamp":"2025-09-15T10:23:30.999197","level":"info","event":"Collecting werkzeug>=3.1.0 (from flask->-r /tmp/venv12589niw/requirements.txt (line 4))","logger":"airflow.utils.process_utils"}
{"timestamp":"2025-09-15T10:23:31.006832","level":"info","event":"  Using cached werkzeug-3.1.3-py3-none-any.whl.metadata (3.7 kB)","logger":"airflow.utils.process_utils"}
{"timestamp":"2025-09-15T10:23:31.094035","level":"info","event":"Collecting docopt (from hdfs->-r /tmp/venv12589niw/requirements.txt (line 6))","logger":"airflow.utils.process_utils"}
{"timestamp":"2025-09-15T10:23:31.094275","level":"info","event":"  Using cached docopt-0.6.2-py2.py3-none-any.whl","logger":"airflow.utils.process_utils"}
{"timestamp":"2025-09-15T10:23:31.101866","level":"info","event":"Requirement already satisfied: six>=1.9.0 in /usr/lib/python3/dist-packages (from hdfs->-r /tmp/venv12589niw/requirements.txt (line 6)) (1.16.0)","logger":"airflow.utils.process_utils"}
{"timestamp":"2025-09-15T10:23:31.310467","level":"info","event":"Collecting contourpy>=1.0.1 (from matplotlib->-r /tmp/venv12589niw/requirements.txt (line 7))","logger":"airflow.utils.process_utils"}
{"timestamp":"2025-09-15T10:23:31.313868","level":"info","event":"  Using cached contourpy-1.3.3-cp312-cp312-manylinux_2_27_x86_64.manylinux_2_28_x86_64.whl.metadata (5.5 kB)","logger":"airflow.utils.process_utils"}
{"timestamp":"2025-09-15T10:23:31.368179","level":"info","event":"Collecting cycler>=0.10 (from matplotlib->-r /tmp/venv12589niw/requirements.txt (line 7))","logger":"airflow.utils.process_utils"}
{"timestamp":"2025-09-15T10:23:31.372809","level":"info","event":"  Using cached cycler-0.12.1-py3-none-any.whl.metadata (3.8 kB)","logger":"airflow.utils.process_utils"}
{"timestamp":"2025-09-15T10:23:31.759761","level":"info","event":"Collecting fonttools>=4.22.0 (from matplotlib->-r /tmp/venv12589niw/requirements.txt (line 7))","logger":"airflow.utils.process_utils"}
{"timestamp":"2025-09-15T10:23:31.762877","level":"info","event":"  Using cached fonttools-4.59.2-cp312-cp312-manylinux1_x86_64.manylinux2014_x86_64.manylinux_2_17_x86_64.manylinux_2_5_x86_64.whl.metadata (109 kB)","logger":"airflow.utils.process_utils"}
{"timestamp":"2025-09-15T10:23:31.930311","level":"info","event":"Collecting kiwisolver>=1.3.1 (from matplotlib->-r /tmp/venv12589niw/requirements.txt (line 7))","logger":"airflow.utils.process_utils"}
{"timestamp":"2025-09-15T10:23:31.934850","level":"info","event":"  Using cached kiwisolver-1.4.9-cp312-cp312-manylinux2014_x86_64.manylinux_2_17_x86_64.whl.metadata (6.3 kB)","logger":"airflow.utils.process_utils"}
{"timestamp":"2025-09-15T10:23:32.371299","level":"info","event":"Collecting pillow>=8 (from matplotlib->-r /tmp/venv12589niw/requirements.txt (line 7))","logger":"airflow.utils.process_utils"}
{"timestamp":"2025-09-15T10:23:32.378849","level":"info","event":"  Using cached pillow-11.3.0-cp312-cp312-manylinux_2_27_x86_64.manylinux_2_28_x86_64.whl.metadata (9.0 kB)","logger":"airflow.utils.process_utils"}
{"timestamp":"2025-09-15T10:23:32.388718","level":"info","event":"Requirement already satisfied: pyparsing>=2.3.1 in /usr/lib/python3/dist-packages (from matplotlib->-r /tmp/venv12589niw/requirements.txt (line 7)) (3.1.1)","logger":"airflow.utils.process_utils"}
{"timestamp":"2025-09-15T10:23:32.395925","level":"info","event":"Requirement already satisfied: python-dateutil>=2.7 in /usr/lib/python3/dist-packages (from matplotlib->-r /tmp/venv12589niw/requirements.txt (line 7)) (2.8.2)","logger":"airflow.utils.process_utils"}
{"timestamp":"2025-09-15T10:23:32.667907","level":"info","event":"Requirement already satisfied: pytz>=2020.1 in /usr/lib/python3/dist-packages (from pandas->-r /tmp/venv12589niw/requirements.txt (line 9)) (2024.1)","logger":"airflow.utils.process_utils"}
{"timestamp":"2025-09-15T10:23:32.715799","level":"info","event":"Collecting tzdata>=2022.7 (from pandas->-r /tmp/venv12589niw/requirements.txt (line 9))","logger":"airflow.utils.process_utils"}
{"timestamp":"2025-09-15T10:23:32.720799","level":"info","event":"  Using cached tzdata-2025.2-py2.py3-none-any.whl.metadata (1.4 kB)","logger":"airflow.utils.process_utils"}
{"timestamp":"2025-09-15T10:23:33.175719","level":"info","event":"Collecting greenlet>=1 (from sqlalchemy->-r /tmp/venv12589niw/requirements.txt (line 15))","logger":"airflow.utils.process_utils"}
{"timestamp":"2025-09-15T10:23:33.181441","level":"info","event":"  Using cached greenlet-3.2.4-cp312-cp312-manylinux_2_24_x86_64.manylinux_2_28_x86_64.whl.metadata (4.1 kB)","logger":"airflow.utils.process_utils"}
{"timestamp":"2025-09-15T10:23:33.188409","level":"info","event":"Requirement already satisfied: typing-extensions>=4.6.0 in /usr/lib/python3/dist-packages (from sqlalchemy->-r /tmp/venv12589niw/requirements.txt (line 15)) (4.10.0)","logger":"airflow.utils.process_utils"}
{"timestamp":"2025-09-15T10:23:33.586359","level":"info","event":"Using cached py4j-0.10.9.7-py2.py3-none-any.whl (200 kB)","logger":"airflow.utils.process_utils"}
{"timestamp":"2025-09-15T10:23:33.589756","level":"info","event":"Using cached dotenv-0.9.9-py2.py3-none-any.whl (1.9 kB)","logger":"airflow.utils.process_utils"}
{"timestamp":"2025-09-15T10:23:33.592857","level":"info","event":"Using cached duckdb-1.3.2-cp312-cp312-manylinux_2_27_x86_64.manylinux_2_28_x86_64.whl (21.1 MB)","logger":"airflow.utils.process_utils"}
{"timestamp":"2025-09-15T10:23:33.664910","level":"info","event":"Using cached fastparquet-2024.11.0-cp312-cp312-manylinux_2_17_x86_64.manylinux2014_x86_64.whl (1.8 MB)","logger":"airflow.utils.process_utils"}
{"timestamp":"2025-09-15T10:23:33.674824","level":"info","event":"Using cached flask-3.1.2-py3-none-any.whl (103 kB)","logger":"airflow.utils.process_utils"}
{"timestamp":"2025-09-15T10:23:33.677381","level":"info","event":"Using cached gunicorn-23.0.0-py3-none-any.whl (85 kB)","logger":"airflow.utils.process_utils"}
{"timestamp":"2025-09-15T10:23:33.683361","level":"info","event":"Using cached matplotlib-3.10.6-cp312-cp312-manylinux2014_x86_64.manylinux_2_17_x86_64.whl (8.7 MB)","logger":"airflow.utils.process_utils"}
{"timestamp":"2025-09-15T10:23:33.717846","level":"info","event":"Using cached numpy-2.3.3-cp312-cp312-manylinux_2_27_x86_64.manylinux_2_28_x86_64.whl (16.6 MB)","logger":"airflow.utils.process_utils"}
{"timestamp":"2025-09-15T10:23:33.778883","level":"info","event":"Using cached pandas-2.3.2-cp312-cp312-manylinux_2_17_x86_64.manylinux2014_x86_64.whl (12.0 MB)","logger":"airflow.utils.process_utils"}
{"timestamp":"2025-09-15T10:23:33.828904","level":"info","event":"Using cached psycopg2_binary-2.9.10-cp312-cp312-manylinux_2_17_x86_64.manylinux2014_x86_64.whl (3.0 MB)","logger":"airflow.utils.process_utils"}
{"timestamp":"2025-09-15T10:23:33.841824","level":"info","event":"Using cached pyarrow-21.0.0-cp312-cp312-manylinux_2_28_x86_64.whl (42.8 MB)","logger":"airflow.utils.process_utils"}
{"timestamp":"2025-09-15T10:23:33.988945","level":"info","event":"Using cached seaborn-0.13.2-py3-none-any.whl (294 kB)","logger":"airflow.utils.process_utils"}
{"timestamp":"2025-09-15T10:23:33.993648","level":"info","event":"Using cached sqlalchemy-2.0.43-cp312-cp312-manylinux_2_17_x86_64.manylinux2014_x86_64.whl (3.3 MB)","logger":"airflow.utils.process_utils"}
{"timestamp":"2025-09-15T10:23:34.007261","level":"info","event":"Using cached blinker-1.9.0-py3-none-any.whl (8.5 kB)","logger":"airflow.utils.process_utils"}
{"timestamp":"2025-09-15T10:23:34.010531","level":"info","event":"Using cached contourpy-1.3.3-cp312-cp312-manylinux_2_27_x86_64.manylinux_2_28_x86_64.whl (362 kB)","logger":"airflow.utils.process_utils"}
{"timestamp":"2025-09-15T10:23:34.012900","level":"info","event":"Using cached cramjam-2.11.0-cp312-cp312-manylinux_2_17_x86_64.manylinux2014_x86_64.whl (2.0 MB)","logger":"airflow.utils.process_utils"}
{"timestamp":"2025-09-15T10:23:34.020479","level":"info","event":"Using cached cycler-0.12.1-py3-none-any.whl (8.3 kB)","logger":"airflow.utils.process_utils"}
{"timestamp":"2025-09-15T10:23:34.022859","level":"info","event":"Using cached fonttools-4.59.2-cp312-cp312-manylinux1_x86_64.manylinux2014_x86_64.manylinux_2_17_x86_64.manylinux_2_5_x86_64.whl (4.9 MB)","logger":"airflow.utils.process_utils"}
{"timestamp":"2025-09-15T10:23:34.038592","level":"info","event":"Using cached greenlet-3.2.4-cp312-cp312-manylinux_2_24_x86_64.manylinux_2_28_x86_64.whl (607 kB)","logger":"airflow.utils.process_utils"}
{"timestamp":"2025-09-15T10:23:34.043795","level":"info","event":"Using cached itsdangerous-2.2.0-py3-none-any.whl (16 kB)","logger":"airflow.utils.process_utils"}
{"timestamp":"2025-09-15T10:23:34.045050","level":"info","event":"Using cached kiwisolver-1.4.9-cp312-cp312-manylinux2014_x86_64.manylinux_2_17_x86_64.whl (1.5 MB)","logger":"airflow.utils.process_utils"}
{"timestamp":"2025-09-15T10:23:34.050780","level":"info","event":"Using cached pillow-11.3.0-cp312-cp312-manylinux_2_27_x86_64.manylinux_2_28_x86_64.whl (6.6 MB)","logger":"airflow.utils.process_utils"}
{"timestamp":"2025-09-15T10:23:34.075692","level":"info","event":"Using cached tzdata-2025.2-py2.py3-none-any.whl (347 kB)","logger":"airflow.utils.process_utils"}
{"timestamp":"2025-09-15T10:23:34.082387","level":"info","event":"Using cached werkzeug-3.1.3-py3-none-any.whl (224 kB)","logger":"airflow.utils.process_utils"}
{"timestamp":"2025-09-15T10:23:34.086510","level":"info","event":"Using cached fsspec-2025.9.0-py3-none-any.whl (199 kB)","logger":"airflow.utils.process_utils"}
{"timestamp":"2025-09-15T10:23:34.089532","level":"info","event":"Using cached python_dotenv-1.1.1-py3-none-any.whl (20 kB)","logger":"airflow.utils.process_utils"}
{"timestamp":"2025-09-15T10:23:35.979480","level":"info","event":"Installing collected packages: py4j, docopt, werkzeug, tzdata, python-dotenv, pyspark, pyarrow, psycopg2-binary, pillow, numpy, kiwisolver, itsdangerous, hdfs, gunicorn, greenlet, fsspec, fonttools, duckdb, cycler, cramjam, blinker, sqlalchemy, pandas, flask, dotenv, contourpy, matplotlib, fastparquet, seaborn","logger":"airflow.utils.process_utils"}
{"timestamp":"2025-09-15T10:23:52.822082","level":"info","event":"  Attempting uninstall: blinker","logger":"airflow.utils.process_utils"}
{"timestamp":"2025-09-15T10:23:52.869441","level":"info","event":"    Found existing installation: blinker 1.7.0","logger":"airflow.utils.process_utils"}
{"timestamp":"2025-09-15T10:23:52.870356","level":"info","event":"    Not uninstalling blinker at /usr/lib/python3/dist-packages, outside environment /tmp/venv12589niw","logger":"airflow.utils.process_utils"}
{"timestamp":"2025-09-15T10:23:52.871064","level":"info","event":"    Can't uninstall 'blinker'. No files were found to uninstall.","logger":"airflow.utils.process_utils"}
{"timestamp":"2025-09-15T10:24:09.955229","level":"info","event":"Successfully installed blinker-1.9.0 contourpy-1.3.3 cramjam-2.11.0 cycler-0.12.1 docopt-0.6.2 dotenv-0.9.9 duckdb-1.3.2 fastparquet-2024.11.0 flask-3.1.2 fonttools-4.59.2 fsspec-2025.9.0 greenlet-3.2.4 gunicorn-23.0.0 hdfs-2.7.3 itsdangerous-2.2.0 kiwisolver-1.4.9 matplotlib-3.10.6 numpy-2.3.3 pandas-2.3.2 pillow-11.3.0 psycopg2-binary-2.9.10 py4j-0.10.9.7 pyarrow-21.0.0 pyspark-3.5.6 python-dotenv-1.1.1 seaborn-0.13.2 sqlalchemy-2.0.43 tzdata-2025.2 werkzeug-3.1.3","logger":"airflow.utils.process_utils"}
{"timestamp":"2025-09-15T10:24:10.985428","level":"info","event":"Executing cmd: /tmp/venv12589niw/bin/python /tmp/venv-calljhl5eq6g/script.py /tmp/venv-calljhl5eq6g/script.in /tmp/venv-calljhl5eq6g/script.out /tmp/venv-calljhl5eq6g/string_args.txt /tmp/venv-calljhl5eq6g/termination.log /tmp/venv-calljhl5eq6g/airflow_context.json","logger":"airflow.utils.process_utils"}
{"timestamp":"2025-09-15T10:24:10.986357","level":"info","event":"Output:","logger":"airflow.utils.process_utils"}
{"timestamp":"2025-09-15T10:24:11.560421","level":"info","event":"/usr/bin/env: ‘bash’: No such file or directory","logger":"airflow.utils.process_utils"}
{"timestamp":"2025-09-15T10:24:11.825358","level":"info","event":"Traceback (most recent call last):","logger":"airflow.utils.process_utils"}
{"timestamp":"2025-09-15T10:24:11.826893","level":"info","event":"  File \"/tmp/venv-calljhl5eq6g/script.py\", line 52, in <module>","logger":"airflow.utils.process_utils"}
{"timestamp":"2025-09-15T10:24:11.827134","level":"info","event":"    res = run_transform_load_news(*arg_dict[\"args\"], **arg_dict[\"kwargs\"])","logger":"airflow.utils.process_utils"}
{"timestamp":"2025-09-15T10:24:11.827322","level":"info","event":"          ^^^^^^^^^^^^^^^^^^^^^^^^^^^^^^^^^^^^^^^^^^^^^^^^^^^^^^^^^^^^^^^^","logger":"airflow.utils.process_utils"}
{"timestamp":"2025-09-15T10:24:11.827498","level":"info","event":"  File \"/tmp/venv-calljhl5eq6g/script.py\", line 25, in run_transform_load_news","logger":"airflow.utils.process_utils"}
{"timestamp":"2025-09-15T10:24:11.827688","level":"info","event":"    from transform_load_news import transform_bronze_to_silver","logger":"airflow.utils.process_utils"}
{"timestamp":"2025-09-15T10:24:11.827909","level":"info","event":"  File \"/home/tiendat/Pipeline-Stock-ETL/etl_datawarehouse/silver/transform_load_news.py\", line 23, in <module>","logger":"airflow.utils.process_utils"}
{"timestamp":"2025-09-15T10:24:11.828014","level":"info","event":"    .getOrCreate()","logger":"airflow.utils.process_utils"}
{"timestamp":"2025-09-15T10:24:11.828111","level":"info","event":"     ^^^^^^^^^^^^^","logger":"airflow.utils.process_utils"}
{"timestamp":"2025-09-15T10:24:11.828281","level":"info","event":"  File \"/usr/local/spark/python/pyspark/sql/session.py\", line 497, in getOrCreate","logger":"airflow.utils.process_utils"}
{"timestamp":"2025-09-15T10:24:11.828409","level":"info","event":"    sc = SparkContext.getOrCreate(sparkConf)","logger":"airflow.utils.process_utils"}
{"timestamp":"2025-09-15T10:24:11.828541","level":"info","event":"         ^^^^^^^^^^^^^^^^^^^^^^^^^^^^^^^^^^^","logger":"airflow.utils.process_utils"}
{"timestamp":"2025-09-15T10:24:11.832123","level":"info","event":"  File \"/usr/local/spark/python/pyspark/context.py\", line 515, in getOrCreate","logger":"airflow.utils.process_utils"}
{"timestamp":"2025-09-15T10:24:11.832651","level":"info","event":"    SparkContext(conf=conf or SparkConf())","logger":"airflow.utils.process_utils"}
{"timestamp":"2025-09-15T10:24:11.833129","level":"info","event":"  File \"/usr/local/spark/python/pyspark/context.py\", line 201, in __init__","logger":"airflow.utils.process_utils"}
{"timestamp":"2025-09-15T10:24:11.833315","level":"info","event":"    SparkContext._ensure_initialized(self, gateway=gateway, conf=conf)","logger":"airflow.utils.process_utils"}
{"timestamp":"2025-09-15T10:24:11.833490","level":"info","event":"  File \"/usr/local/spark/python/pyspark/context.py\", line 436, in _ensure_initialized","logger":"airflow.utils.process_utils"}
{"timestamp":"2025-09-15T10:24:11.833729","level":"info","event":"    SparkContext._gateway = gateway or launch_gateway(conf)","logger":"airflow.utils.process_utils"}
{"timestamp":"2025-09-15T10:24:11.833887","level":"info","event":"                                       ^^^^^^^^^^^^^^^^^^^^","logger":"airflow.utils.process_utils"}
{"timestamp":"2025-09-15T10:24:11.834053","level":"info","event":"  File \"/usr/local/spark/python/pyspark/java_gateway.py\", line 107, in launch_gateway","logger":"airflow.utils.process_utils"}
{"timestamp":"2025-09-15T10:24:11.834160","level":"info","event":"    raise PySparkRuntimeError(","logger":"airflow.utils.process_utils"}
{"timestamp":"2025-09-15T10:24:11.834368","level":"info","event":"pyspark.errors.exceptions.base.PySparkRuntimeError: [JAVA_GATEWAY_EXITED] Java gateway process exited before sending its port number.","logger":"airflow.utils.process_utils"}
{"timestamp":"2025-09-15T10:24:12.309892","level":"error","event":"Task failed with exception","logger":"task","error_detail":[{"exc_type":"AirflowException","exc_value":"Process returned non-zero exit status 1.\n[JAVA_GATEWAY_EXITED] Java gateway process exited before sending its port number.","exc_notes":[],"syntax_error":null,"is_cause":false,"frames":[{"filename":"/home/tiendat/airflow_venv/lib/python3.12/site-packages/airflow/sdk/execution_time/task_runner.py","lineno":890,"name":"run"},{"filename":"/home/tiendat/airflow_venv/lib/python3.12/site-packages/airflow/sdk/execution_time/task_runner.py","lineno":1177,"name":"_execute_task"},{"filename":"/home/tiendat/airflow_venv/lib/python3.12/site-packages/airflow/sdk/bases/operator.py","lineno":397,"name":"wrapper"},{"filename":"/home/tiendat/airflow_venv/lib/python3.12/site-packages/airflow/providers/standard/operators/python.py","lineno":491,"name":"execute"},{"filename":"/home/tiendat/airflow_venv/lib/python3.12/site-packages/airflow/sdk/bases/operator.py","lineno":397,"name":"wrapper"},{"filename":"/home/tiendat/airflow_venv/lib/python3.12/site-packages/airflow/providers/standard/operators/python.py","lineno":217,"name":"execute"},{"filename":"/home/tiendat/airflow_venv/lib/python3.12/site-packages/airflow/providers/standard/operators/python.py","lineno":897,"name":"execute_callable"},{"filename":"/home/tiendat/airflow_venv/lib/python3.12/site-packages/airflow/providers/standard/operators/python.py","lineno":589,"name":"_execute_python_callable_in_subprocess"}],"is_group":false,"exceptions":[]}]}
