{"timestamp":"2025-09-16T07:46:44.363895","level":"info","event":"DAG bundles loaded: dags-folder","logger":"airflow.dag_processing.bundles.manager.DagBundlesManager"}
{"timestamp":"2025-09-16T07:46:44.364845","level":"info","event":"Filling up the DagBag from /home/tiendat/Pipeline-Stock-ETL/schedule/dags/etl_datawarehouse.py","logger":"airflow.models.dagbag.DagBag"}
{"timestamp":"2025-09-16T07:46:44.418152","level":"info","event":"Executing cmd: python -m venv /tmp/venv691yq4a9 --system-site-packages","logger":"airflow.utils.process_utils"}
{"timestamp":"2025-09-16T07:46:44.419193","level":"info","event":"Output:","logger":"airflow.utils.process_utils"}
{"timestamp":"2025-09-16T07:46:48.348817","level":"info","event":"Executing cmd: /tmp/venv691yq4a9/bin/pip install -r /tmp/venv691yq4a9/requirements.txt","logger":"airflow.utils.process_utils"}
{"timestamp":"2025-09-16T07:46:48.349825","level":"info","event":"Output:","logger":"airflow.utils.process_utils"}
{"timestamp":"2025-09-16T07:46:48.941695","level":"info","event":"Collecting dotenv (from -r /tmp/venv691yq4a9/requirements.txt (line 1))","logger":"airflow.utils.process_utils"}
{"timestamp":"2025-09-16T07:46:48.943716","level":"info","event":"  Using cached dotenv-0.9.9-py2.py3-none-any.whl.metadata (279 bytes)","logger":"airflow.utils.process_utils"}
{"timestamp":"2025-09-16T07:46:49.098111","level":"info","event":"Collecting duckdb (from -r /tmp/venv691yq4a9/requirements.txt (line 2))","logger":"airflow.utils.process_utils"}
{"timestamp":"2025-09-16T07:46:49.100561","level":"info","event":"  Using cached duckdb-1.3.2-cp312-cp312-manylinux_2_27_x86_64.manylinux_2_28_x86_64.whl.metadata (7.0 kB)","logger":"airflow.utils.process_utils"}
{"timestamp":"2025-09-16T07:46:49.173549","level":"info","event":"Collecting fastparquet (from -r /tmp/venv691yq4a9/requirements.txt (line 3))","logger":"airflow.utils.process_utils"}
{"timestamp":"2025-09-16T07:46:49.175566","level":"info","event":"  Using cached fastparquet-2024.11.0-cp312-cp312-manylinux_2_17_x86_64.manylinux2014_x86_64.whl.metadata (4.2 kB)","logger":"airflow.utils.process_utils"}
{"timestamp":"2025-09-16T07:46:49.216595","level":"info","event":"Collecting flask (from -r /tmp/venv691yq4a9/requirements.txt (line 4))","logger":"airflow.utils.process_utils"}
{"timestamp":"2025-09-16T07:46:49.218427","level":"info","event":"  Using cached flask-3.1.2-py3-none-any.whl.metadata (3.2 kB)","logger":"airflow.utils.process_utils"}
{"timestamp":"2025-09-16T07:46:49.255552","level":"info","event":"Collecting gunicorn (from -r /tmp/venv691yq4a9/requirements.txt (line 5))","logger":"airflow.utils.process_utils"}
{"timestamp":"2025-09-16T07:46:49.257627","level":"info","event":"  Using cached gunicorn-23.0.0-py3-none-any.whl.metadata (4.4 kB)","logger":"airflow.utils.process_utils"}
{"timestamp":"2025-09-16T07:46:49.291537","level":"info","event":"Collecting hdfs (from -r /tmp/venv691yq4a9/requirements.txt (line 6))","logger":"airflow.utils.process_utils"}
{"timestamp":"2025-09-16T07:46:49.291788","level":"info","event":"  Using cached hdfs-2.7.3-py3-none-any.whl","logger":"airflow.utils.process_utils"}
{"timestamp":"2025-09-16T07:46:49.483254","level":"info","event":"Collecting matplotlib (from -r /tmp/venv691yq4a9/requirements.txt (line 7))","logger":"airflow.utils.process_utils"}
{"timestamp":"2025-09-16T07:46:49.487345","level":"info","event":"  Using cached matplotlib-3.10.6-cp312-cp312-manylinux2014_x86_64.manylinux_2_17_x86_64.whl.metadata (11 kB)","logger":"airflow.utils.process_utils"}
{"timestamp":"2025-09-16T07:46:49.758453","level":"info","event":"Collecting numpy (from -r /tmp/venv691yq4a9/requirements.txt (line 8))","logger":"airflow.utils.process_utils"}
{"timestamp":"2025-09-16T07:46:49.760691","level":"info","event":"  Using cached numpy-2.3.3-cp312-cp312-manylinux_2_27_x86_64.manylinux_2_28_x86_64.whl.metadata (62 kB)","logger":"airflow.utils.process_utils"}
{"timestamp":"2025-09-16T07:46:49.932682","level":"info","event":"Collecting pandas (from -r /tmp/venv691yq4a9/requirements.txt (line 9))","logger":"airflow.utils.process_utils"}
{"timestamp":"2025-09-16T07:46:49.934819","level":"info","event":"  Using cached pandas-2.3.2-cp312-cp312-manylinux_2_17_x86_64.manylinux2014_x86_64.whl.metadata (91 kB)","logger":"airflow.utils.process_utils"}
{"timestamp":"2025-09-16T07:46:50.106007","level":"info","event":"Collecting psycopg2-binary (from -r /tmp/venv691yq4a9/requirements.txt (line 10))","logger":"airflow.utils.process_utils"}
{"timestamp":"2025-09-16T07:46:50.107815","level":"info","event":"  Using cached psycopg2_binary-2.9.10-cp312-cp312-manylinux_2_17_x86_64.manylinux2014_x86_64.whl.metadata (4.9 kB)","logger":"airflow.utils.process_utils"}
{"timestamp":"2025-09-16T07:46:50.222764","level":"info","event":"Collecting pyarrow (from -r /tmp/venv691yq4a9/requirements.txt (line 11))","logger":"airflow.utils.process_utils"}
{"timestamp":"2025-09-16T07:46:50.224689","level":"info","event":"  Using cached pyarrow-21.0.0-cp312-cp312-manylinux_2_28_x86_64.whl.metadata (3.3 kB)","logger":"airflow.utils.process_utils"}
{"timestamp":"2025-09-16T07:46:50.259723","level":"info","event":"Collecting pyspark==3.5.6 (from -r /tmp/venv691yq4a9/requirements.txt (line 12))","logger":"airflow.utils.process_utils"}
{"timestamp":"2025-09-16T07:46:50.259989","level":"info","event":"  Using cached pyspark-3.5.6-py2.py3-none-any.whl","logger":"airflow.utils.process_utils"}
{"timestamp":"2025-09-16T07:46:50.266699","level":"info","event":"Requirement already satisfied: requests in /usr/lib/python3/dist-packages (from -r /tmp/venv691yq4a9/requirements.txt (line 13)) (2.31.0)","logger":"airflow.utils.process_utils"}
{"timestamp":"2025-09-16T07:46:50.298754","level":"info","event":"Collecting seaborn (from -r /tmp/venv691yq4a9/requirements.txt (line 14))","logger":"airflow.utils.process_utils"}
{"timestamp":"2025-09-16T07:46:50.300631","level":"info","event":"  Using cached seaborn-0.13.2-py3-none-any.whl.metadata (5.4 kB)","logger":"airflow.utils.process_utils"}
{"timestamp":"2025-09-16T07:46:50.694328","level":"info","event":"Collecting sqlalchemy (from -r /tmp/venv691yq4a9/requirements.txt (line 15))","logger":"airflow.utils.process_utils"}
{"timestamp":"2025-09-16T07:46:50.696214","level":"info","event":"  Using cached sqlalchemy-2.0.43-cp312-cp312-manylinux_2_17_x86_64.manylinux2014_x86_64.whl.metadata (9.6 kB)","logger":"airflow.utils.process_utils"}
{"timestamp":"2025-09-16T07:46:50.745597","level":"info","event":"Collecting py4j==0.10.9.7 (from pyspark==3.5.6->-r /tmp/venv691yq4a9/requirements.txt (line 12))","logger":"airflow.utils.process_utils"}
{"timestamp":"2025-09-16T07:46:50.747633","level":"info","event":"  Using cached py4j-0.10.9.7-py2.py3-none-any.whl.metadata (1.5 kB)","logger":"airflow.utils.process_utils"}
{"timestamp":"2025-09-16T07:46:50.785557","level":"info","event":"Collecting python-dotenv (from dotenv->-r /tmp/venv691yq4a9/requirements.txt (line 1))","logger":"airflow.utils.process_utils"}
{"timestamp":"2025-09-16T07:46:50.787366","level":"info","event":"  Using cached python_dotenv-1.1.1-py3-none-any.whl.metadata (24 kB)","logger":"airflow.utils.process_utils"}
{"timestamp":"2025-09-16T07:46:51.017529","level":"info","event":"Collecting cramjam>=2.3 (from fastparquet->-r /tmp/venv691yq4a9/requirements.txt (line 3))","logger":"airflow.utils.process_utils"}
{"timestamp":"2025-09-16T07:46:51.019485","level":"info","event":"  Using cached cramjam-2.11.0-cp312-cp312-manylinux_2_17_x86_64.manylinux2014_x86_64.whl.metadata (5.6 kB)","logger":"airflow.utils.process_utils"}
{"timestamp":"2025-09-16T07:46:51.157872","level":"info","event":"Collecting fsspec (from fastparquet->-r /tmp/venv691yq4a9/requirements.txt (line 3))","logger":"airflow.utils.process_utils"}
{"timestamp":"2025-09-16T07:46:51.159775","level":"info","event":"  Using cached fsspec-2025.9.0-py3-none-any.whl.metadata (10 kB)","logger":"airflow.utils.process_utils"}
{"timestamp":"2025-09-16T07:46:51.164267","level":"info","event":"Requirement already satisfied: packaging in /usr/lib/python3/dist-packages (from fastparquet->-r /tmp/venv691yq4a9/requirements.txt (line 3)) (24.0)","logger":"airflow.utils.process_utils"}
{"timestamp":"2025-09-16T07:46:51.199200","level":"info","event":"Collecting blinker>=1.9.0 (from flask->-r /tmp/venv691yq4a9/requirements.txt (line 4))","logger":"airflow.utils.process_utils"}
{"timestamp":"2025-09-16T07:46:51.201034","level":"info","event":"  Using cached blinker-1.9.0-py3-none-any.whl.metadata (1.6 kB)","logger":"airflow.utils.process_utils"}
{"timestamp":"2025-09-16T07:46:51.204012","level":"info","event":"Requirement already satisfied: click>=8.1.3 in /usr/lib/python3/dist-packages (from flask->-r /tmp/venv691yq4a9/requirements.txt (line 4)) (8.1.6)","logger":"airflow.utils.process_utils"}
{"timestamp":"2025-09-16T07:46:51.233947","level":"info","event":"Collecting itsdangerous>=2.2.0 (from flask->-r /tmp/venv691yq4a9/requirements.txt (line 4))","logger":"airflow.utils.process_utils"}
{"timestamp":"2025-09-16T07:46:51.235744","level":"info","event":"  Using cached itsdangerous-2.2.0-py3-none-any.whl.metadata (1.9 kB)","logger":"airflow.utils.process_utils"}
{"timestamp":"2025-09-16T07:46:51.238711","level":"info","event":"Requirement already satisfied: jinja2>=3.1.2 in /usr/lib/python3/dist-packages (from flask->-r /tmp/venv691yq4a9/requirements.txt (line 4)) (3.1.2)","logger":"airflow.utils.process_utils"}
{"timestamp":"2025-09-16T07:46:51.240225","level":"info","event":"Requirement already satisfied: markupsafe>=2.1.1 in /usr/lib/python3/dist-packages (from flask->-r /tmp/venv691yq4a9/requirements.txt (line 4)) (2.1.5)","logger":"airflow.utils.process_utils"}
{"timestamp":"2025-09-16T07:46:51.289571","level":"info","event":"Collecting werkzeug>=3.1.0 (from flask->-r /tmp/venv691yq4a9/requirements.txt (line 4))","logger":"airflow.utils.process_utils"}
{"timestamp":"2025-09-16T07:46:51.291538","level":"info","event":"  Using cached werkzeug-3.1.3-py3-none-any.whl.metadata (3.7 kB)","logger":"airflow.utils.process_utils"}
{"timestamp":"2025-09-16T07:46:51.340107","level":"info","event":"Collecting docopt (from hdfs->-r /tmp/venv691yq4a9/requirements.txt (line 6))","logger":"airflow.utils.process_utils"}
{"timestamp":"2025-09-16T07:46:51.342507","level":"info","event":"  Using cached docopt-0.6.2-py2.py3-none-any.whl","logger":"airflow.utils.process_utils"}
{"timestamp":"2025-09-16T07:46:51.344928","level":"info","event":"Requirement already satisfied: six>=1.9.0 in /usr/lib/python3/dist-packages (from hdfs->-r /tmp/venv691yq4a9/requirements.txt (line 6)) (1.16.0)","logger":"airflow.utils.process_utils"}
{"timestamp":"2025-09-16T07:46:51.468341","level":"info","event":"Collecting contourpy>=1.0.1 (from matplotlib->-r /tmp/venv691yq4a9/requirements.txt (line 7))","logger":"airflow.utils.process_utils"}
{"timestamp":"2025-09-16T07:46:51.470204","level":"info","event":"  Using cached contourpy-1.3.3-cp312-cp312-manylinux_2_27_x86_64.manylinux_2_28_x86_64.whl.metadata (5.5 kB)","logger":"airflow.utils.process_utils"}
{"timestamp":"2025-09-16T07:46:51.500259","level":"info","event":"Collecting cycler>=0.10 (from matplotlib->-r /tmp/venv691yq4a9/requirements.txt (line 7))","logger":"airflow.utils.process_utils"}
{"timestamp":"2025-09-16T07:46:51.502327","level":"info","event":"  Using cached cycler-0.12.1-py3-none-any.whl.metadata (3.8 kB)","logger":"airflow.utils.process_utils"}
{"timestamp":"2025-09-16T07:46:51.715898","level":"info","event":"Collecting fonttools>=4.22.0 (from matplotlib->-r /tmp/venv691yq4a9/requirements.txt (line 7))","logger":"airflow.utils.process_utils"}
{"timestamp":"2025-09-16T07:46:51.718015","level":"info","event":"  Using cached fonttools-4.59.2-cp312-cp312-manylinux1_x86_64.manylinux2014_x86_64.manylinux_2_17_x86_64.manylinux_2_5_x86_64.whl.metadata (109 kB)","logger":"airflow.utils.process_utils"}
{"timestamp":"2025-09-16T07:46:51.815441","level":"info","event":"Collecting kiwisolver>=1.3.1 (from matplotlib->-r /tmp/venv691yq4a9/requirements.txt (line 7))","logger":"airflow.utils.process_utils"}
{"timestamp":"2025-09-16T07:46:51.817431","level":"info","event":"  Using cached kiwisolver-1.4.9-cp312-cp312-manylinux2014_x86_64.manylinux_2_17_x86_64.whl.metadata (6.3 kB)","logger":"airflow.utils.process_utils"}
{"timestamp":"2025-09-16T07:46:52.062114","level":"info","event":"Collecting pillow>=8 (from matplotlib->-r /tmp/venv691yq4a9/requirements.txt (line 7))","logger":"airflow.utils.process_utils"}
{"timestamp":"2025-09-16T07:46:52.064085","level":"info","event":"  Using cached pillow-11.3.0-cp312-cp312-manylinux_2_27_x86_64.manylinux_2_28_x86_64.whl.metadata (9.0 kB)","logger":"airflow.utils.process_utils"}
{"timestamp":"2025-09-16T07:46:52.067958","level":"info","event":"Requirement already satisfied: pyparsing>=2.3.1 in /usr/lib/python3/dist-packages (from matplotlib->-r /tmp/venv691yq4a9/requirements.txt (line 7)) (3.1.1)","logger":"airflow.utils.process_utils"}
{"timestamp":"2025-09-16T07:46:52.070111","level":"info","event":"Requirement already satisfied: python-dateutil>=2.7 in /usr/lib/python3/dist-packages (from matplotlib->-r /tmp/venv691yq4a9/requirements.txt (line 7)) (2.8.2)","logger":"airflow.utils.process_utils"}
{"timestamp":"2025-09-16T07:46:52.256059","level":"info","event":"Requirement already satisfied: pytz>=2020.1 in /usr/lib/python3/dist-packages (from pandas->-r /tmp/venv691yq4a9/requirements.txt (line 9)) (2024.1)","logger":"airflow.utils.process_utils"}
{"timestamp":"2025-09-16T07:46:52.289797","level":"info","event":"Collecting tzdata>=2022.7 (from pandas->-r /tmp/venv691yq4a9/requirements.txt (line 9))","logger":"airflow.utils.process_utils"}
{"timestamp":"2025-09-16T07:46:52.291716","level":"info","event":"  Using cached tzdata-2025.2-py2.py3-none-any.whl.metadata (1.4 kB)","logger":"airflow.utils.process_utils"}
{"timestamp":"2025-09-16T07:46:52.571197","level":"info","event":"Collecting greenlet>=1 (from sqlalchemy->-r /tmp/venv691yq4a9/requirements.txt (line 15))","logger":"airflow.utils.process_utils"}
{"timestamp":"2025-09-16T07:46:52.573136","level":"info","event":"  Using cached greenlet-3.2.4-cp312-cp312-manylinux_2_24_x86_64.manylinux_2_28_x86_64.whl.metadata (4.1 kB)","logger":"airflow.utils.process_utils"}
{"timestamp":"2025-09-16T07:46:52.576830","level":"info","event":"Requirement already satisfied: typing-extensions>=4.6.0 in /usr/lib/python3/dist-packages (from sqlalchemy->-r /tmp/venv691yq4a9/requirements.txt (line 15)) (4.10.0)","logger":"airflow.utils.process_utils"}
{"timestamp":"2025-09-16T07:46:52.813764","level":"info","event":"Using cached py4j-0.10.9.7-py2.py3-none-any.whl (200 kB)","logger":"airflow.utils.process_utils"}
{"timestamp":"2025-09-16T07:46:52.816874","level":"info","event":"Using cached dotenv-0.9.9-py2.py3-none-any.whl (1.9 kB)","logger":"airflow.utils.process_utils"}
{"timestamp":"2025-09-16T07:46:52.818606","level":"info","event":"Using cached duckdb-1.3.2-cp312-cp312-manylinux_2_27_x86_64.manylinux_2_28_x86_64.whl (21.1 MB)","logger":"airflow.utils.process_utils"}
{"timestamp":"2025-09-16T07:46:52.886239","level":"info","event":"Using cached fastparquet-2024.11.0-cp312-cp312-manylinux_2_17_x86_64.manylinux2014_x86_64.whl (1.8 MB)","logger":"airflow.utils.process_utils"}
{"timestamp":"2025-09-16T07:46:52.893368","level":"info","event":"Using cached flask-3.1.2-py3-none-any.whl (103 kB)","logger":"airflow.utils.process_utils"}
{"timestamp":"2025-09-16T07:46:52.896564","level":"info","event":"Using cached gunicorn-23.0.0-py3-none-any.whl (85 kB)","logger":"airflow.utils.process_utils"}
{"timestamp":"2025-09-16T07:46:52.898332","level":"info","event":"Using cached matplotlib-3.10.6-cp312-cp312-manylinux2014_x86_64.manylinux_2_17_x86_64.whl (8.7 MB)","logger":"airflow.utils.process_utils"}
{"timestamp":"2025-09-16T07:46:52.926449","level":"info","event":"Using cached numpy-2.3.3-cp312-cp312-manylinux_2_27_x86_64.manylinux_2_28_x86_64.whl (16.6 MB)","logger":"airflow.utils.process_utils"}
{"timestamp":"2025-09-16T07:46:52.972368","level":"info","event":"Using cached pandas-2.3.2-cp312-cp312-manylinux_2_17_x86_64.manylinux2014_x86_64.whl (12.0 MB)","logger":"airflow.utils.process_utils"}
{"timestamp":"2025-09-16T07:46:53.004058","level":"info","event":"Using cached psycopg2_binary-2.9.10-cp312-cp312-manylinux_2_17_x86_64.manylinux2014_x86_64.whl (3.0 MB)","logger":"airflow.utils.process_utils"}
{"timestamp":"2025-09-16T07:46:53.014044","level":"info","event":"Using cached pyarrow-21.0.0-cp312-cp312-manylinux_2_28_x86_64.whl (42.8 MB)","logger":"airflow.utils.process_utils"}
{"timestamp":"2025-09-16T07:46:53.113031","level":"info","event":"Using cached seaborn-0.13.2-py3-none-any.whl (294 kB)","logger":"airflow.utils.process_utils"}
{"timestamp":"2025-09-16T07:46:53.115771","level":"info","event":"Using cached sqlalchemy-2.0.43-cp312-cp312-manylinux_2_17_x86_64.manylinux2014_x86_64.whl (3.3 MB)","logger":"airflow.utils.process_utils"}
{"timestamp":"2025-09-16T07:46:53.123314","level":"info","event":"Using cached blinker-1.9.0-py3-none-any.whl (8.5 kB)","logger":"airflow.utils.process_utils"}
{"timestamp":"2025-09-16T07:46:53.125153","level":"info","event":"Using cached contourpy-1.3.3-cp312-cp312-manylinux_2_27_x86_64.manylinux_2_28_x86_64.whl (362 kB)","logger":"airflow.utils.process_utils"}
{"timestamp":"2025-09-16T07:46:53.127674","level":"info","event":"Using cached cramjam-2.11.0-cp312-cp312-manylinux_2_17_x86_64.manylinux2014_x86_64.whl (2.0 MB)","logger":"airflow.utils.process_utils"}
{"timestamp":"2025-09-16T07:46:53.132897","level":"info","event":"Using cached cycler-0.12.1-py3-none-any.whl (8.3 kB)","logger":"airflow.utils.process_utils"}
{"timestamp":"2025-09-16T07:46:53.134747","level":"info","event":"Using cached fonttools-4.59.2-cp312-cp312-manylinux1_x86_64.manylinux2014_x86_64.manylinux_2_17_x86_64.manylinux_2_5_x86_64.whl (4.9 MB)","logger":"airflow.utils.process_utils"}
{"timestamp":"2025-09-16T07:46:53.145358","level":"info","event":"Using cached greenlet-3.2.4-cp312-cp312-manylinux_2_24_x86_64.manylinux_2_28_x86_64.whl (607 kB)","logger":"airflow.utils.process_utils"}
{"timestamp":"2025-09-16T07:46:53.148195","level":"info","event":"Using cached itsdangerous-2.2.0-py3-none-any.whl (16 kB)","logger":"airflow.utils.process_utils"}
{"timestamp":"2025-09-16T07:46:53.150113","level":"info","event":"Using cached kiwisolver-1.4.9-cp312-cp312-manylinux2014_x86_64.manylinux_2_17_x86_64.whl (1.5 MB)","logger":"airflow.utils.process_utils"}
{"timestamp":"2025-09-16T07:46:53.154189","level":"info","event":"Using cached pillow-11.3.0-cp312-cp312-manylinux_2_27_x86_64.manylinux_2_28_x86_64.whl (6.6 MB)","logger":"airflow.utils.process_utils"}
{"timestamp":"2025-09-16T07:46:53.169556","level":"info","event":"Using cached tzdata-2025.2-py2.py3-none-any.whl (347 kB)","logger":"airflow.utils.process_utils"}
{"timestamp":"2025-09-16T07:46:53.173526","level":"info","event":"Using cached werkzeug-3.1.3-py3-none-any.whl (224 kB)","logger":"airflow.utils.process_utils"}
{"timestamp":"2025-09-16T07:46:53.174746","level":"info","event":"Using cached fsspec-2025.9.0-py3-none-any.whl (199 kB)","logger":"airflow.utils.process_utils"}
{"timestamp":"2025-09-16T07:46:53.176964","level":"info","event":"Using cached python_dotenv-1.1.1-py3-none-any.whl (20 kB)","logger":"airflow.utils.process_utils"}
{"timestamp":"2025-09-16T07:46:54.252626","level":"info","event":"Installing collected packages: py4j, docopt, werkzeug, tzdata, python-dotenv, pyspark, pyarrow, psycopg2-binary, pillow, numpy, kiwisolver, itsdangerous, hdfs, gunicorn, greenlet, fsspec, fonttools, duckdb, cycler, cramjam, blinker, sqlalchemy, pandas, flask, dotenv, contourpy, matplotlib, fastparquet, seaborn","logger":"airflow.utils.process_utils"}
{"timestamp":"2025-09-16T07:47:04.618389","level":"info","event":"  Attempting uninstall: blinker","logger":"airflow.utils.process_utils"}
{"timestamp":"2025-09-16T07:47:04.643224","level":"info","event":"    Found existing installation: blinker 1.7.0","logger":"airflow.utils.process_utils"}
{"timestamp":"2025-09-16T07:47:04.643766","level":"info","event":"    Not uninstalling blinker at /usr/lib/python3/dist-packages, outside environment /tmp/venv691yq4a9","logger":"airflow.utils.process_utils"}
{"timestamp":"2025-09-16T07:47:04.644715","level":"info","event":"    Can't uninstall 'blinker'. No files were found to uninstall.","logger":"airflow.utils.process_utils"}
{"timestamp":"2025-09-16T07:47:15.565691","level":"info","event":"Successfully installed blinker-1.9.0 contourpy-1.3.3 cramjam-2.11.0 cycler-0.12.1 docopt-0.6.2 dotenv-0.9.9 duckdb-1.3.2 fastparquet-2024.11.0 flask-3.1.2 fonttools-4.59.2 fsspec-2025.9.0 greenlet-3.2.4 gunicorn-23.0.0 hdfs-2.7.3 itsdangerous-2.2.0 kiwisolver-1.4.9 matplotlib-3.10.6 numpy-2.3.3 pandas-2.3.2 pillow-11.3.0 psycopg2-binary-2.9.10 py4j-0.10.9.7 pyarrow-21.0.0 pyspark-3.5.6 python-dotenv-1.1.1 seaborn-0.13.2 sqlalchemy-2.0.43 tzdata-2025.2 werkzeug-3.1.3","logger":"airflow.utils.process_utils"}
{"timestamp":"2025-09-16T07:47:16.501755","level":"info","event":"Executing cmd: /tmp/venv691yq4a9/bin/python /tmp/venv-callz228a41a/script.py /tmp/venv-callz228a41a/script.in /tmp/venv-callz228a41a/script.out /tmp/venv-callz228a41a/string_args.txt /tmp/venv-callz228a41a/termination.log /tmp/venv-callz228a41a/airflow_context.json","logger":"airflow.utils.process_utils"}
{"timestamp":"2025-09-16T07:47:16.502603","level":"info","event":"Output:","logger":"airflow.utils.process_utils"}
{"timestamp":"2025-09-16T07:47:20.198587","level":"info","event":"Setting default log level to \"WARN\".","logger":"airflow.utils.process_utils"}
{"timestamp":"2025-09-16T07:47:20.198937","level":"info","event":"To adjust logging level use sc.setLogLevel(newLevel). For SparkR, use setLogLevel(newLevel).","logger":"airflow.utils.process_utils"}
{"timestamp":"2025-09-16T07:47:20.722621","level":"info","event":"25/09/16 07:47:20 WARN NativeCodeLoader: Unable to load native-hadoop library for your platform... using builtin-java classes where applicable","logger":"airflow.utils.process_utils"}
{"timestamp":"2025-09-16T07:47:23.209645","level":"info","event":"2025-09-16 07:47:23,207 - INFO - Reading data from Silver layer: /user/tiendat/datalake/elt/silver/database_source/dt=2025-09-16","logger":"airflow.utils.process_utils"}
{"timestamp":"2025-09-16T07:47:32.349904","level":"info","event":"\r[Stage 0:>                                                          (0 + 1) / 1]\r\r                                                                                \r\r[Stage 1:>                                                          (0 + 2) / 2]\r\r[Stage 1:=============================>                             (1 + 1) / 2]\r\r                                                                                \r2025-09-16 07:47:32,349 - INFO - Successfully read 20525 rows from Silver layer","logger":"airflow.utils.process_utils"}
{"timestamp":"2025-09-16T07:47:32.350209","level":"info","event":"2025-09-16 07:47:32,349 - INFO - Starting data transformation...","logger":"airflow.utils.process_utils"}
{"timestamp":"2025-09-16T07:47:35.081580","level":"info","event":"2025-09-16 07:47:35,079 - INFO - Converting Spark DataFrame -> Pandas -> Arrow Table","logger":"airflow.utils.process_utils"}
{"timestamp":"2025-09-16T07:47:37.338384","level":"info","event":"\r[Stage 5:>                                                          (0 + 2) / 2]\r\r                                                                                \r2025-09-16 07:47:37,337 - INFO - Connecting to DuckDB at /home/tiendat/Pipeline-Stock-ETL/datawarehouse.duckdb","logger":"airflow.utils.process_utils"}
{"timestamp":"2025-09-16T07:47:37.381015","level":"info","event":"2025-09-16 07:47:37,380 - INFO - Arrow table registered successfully in DuckDB","logger":"airflow.utils.process_utils"}
{"timestamp":"2025-09-16T07:47:37.382542","level":"info","event":"2025-09-16 07:47:37,380 - INFO - Inserting data into dim_companies...","logger":"airflow.utils.process_utils"}
{"timestamp":"2025-09-16T07:47:38.528603","level":"info","event":"2025-09-16 07:47:38,526 - INFO - Inserted 20525 rows into dim_companies successfully","logger":"airflow.utils.process_utils"}
{"timestamp":"2025-09-16T07:47:38.529141","level":"info","event":"root","logger":"airflow.utils.process_utils"}
{"timestamp":"2025-09-16T07:47:38.529360","level":"info","event":" |-- company_name: string (nullable = true)","logger":"airflow.utils.process_utils"}
{"timestamp":"2025-09-16T07:47:38.529508","level":"info","event":" |-- company_ticker: string (nullable = true)","logger":"airflow.utils.process_utils"}
{"timestamp":"2025-09-16T07:47:38.529691","level":"info","event":" |-- company_is_delisted: boolean (nullable = true)","logger":"airflow.utils.process_utils"}
{"timestamp":"2025-09-16T07:47:38.529820","level":"info","event":" |-- company_category: string (nullable = true)","logger":"airflow.utils.process_utils"}
{"timestamp":"2025-09-16T07:47:38.529951","level":"info","event":" |-- company_currency: string (nullable = true)","logger":"airflow.utils.process_utils"}
{"timestamp":"2025-09-16T07:47:38.530081","level":"info","event":" |-- company_location: string (nullable = true)","logger":"airflow.utils.process_utils"}
{"timestamp":"2025-09-16T07:47:38.532458","level":"info","event":" |-- company_exchange_name: string (nullable = true)","logger":"airflow.utils.process_utils"}
{"timestamp":"2025-09-16T07:47:38.532631","level":"info","event":" |-- company_region_name: string (nullable = true)","logger":"airflow.utils.process_utils"}
{"timestamp":"2025-09-16T07:47:38.532781","level":"info","event":" |-- company_industry_name: string (nullable = true)","logger":"airflow.utils.process_utils"}
{"timestamp":"2025-09-16T07:47:38.532925","level":"info","event":" |-- company_industry_sector: string (nullable = true)","logger":"airflow.utils.process_utils"}
{"timestamp":"2025-09-16T07:47:38.533063","level":"info","event":" |-- company_sic_industry: string (nullable = true)","logger":"airflow.utils.process_utils"}
{"timestamp":"2025-09-16T07:47:38.533204","level":"info","event":" |-- company_sic_sector: string (nullable = true)","logger":"airflow.utils.process_utils"}
{"timestamp":"2025-09-16T07:47:38.533297","level":"info","event":"","logger":"airflow.utils.process_utils"}
{"timestamp":"2025-09-16T07:47:38.533761","level":"info","event":"+-------------------------------------+--------------+-------------------+---------------------+----------------+-------------------------+---------------------+-------------------+---------------------------+-----------------------+--------------------------------------------+---------------------------------+","logger":"airflow.utils.process_utils"}
{"timestamp":"2025-09-16T07:47:38.534238","level":"info","event":"|company_name                         |company_ticker|company_is_delisted|company_category     |company_currency|company_location         |company_exchange_name|company_region_name|company_industry_name      |company_industry_sector|company_sic_industry                        |company_sic_sector               |","logger":"airflow.utils.process_utils"}
{"timestamp":"2025-09-16T07:47:38.536733","level":"info","event":"+-------------------------------------+--------------+-------------------+---------------------+----------------+-------------------------+---------------------+-------------------+---------------------------+-----------------------+--------------------------------------------+---------------------------------+","logger":"airflow.utils.process_utils"}
{"timestamp":"2025-09-16T07:47:38.537167","level":"info","event":"|ALJ REGIONAL HOLDINGS INC            |ALJJ          |true               |Domestic Common Stock|USD             |New York; United States  |NASDAQ               |United States      |Specialty Business Services|Industrials            |Services-Business Services Nec              |Services                         |","logger":"airflow.utils.process_utils"}
{"timestamp":"2025-09-16T07:47:38.537651","level":"info","event":"|APOLLO ENDOSURGERY INC               |APEN          |true               |Domestic Common Stock|USD             |Texas; United States     |NASDAQ               |United States      |Medical Devices            |Healthcare             |Surgical & Medical Instruments & Apparatus  |Manufacturing                    |","logger":"airflow.utils.process_utils"}
{"timestamp":"2025-09-16T07:47:38.538141","level":"info","event":"|AUSPEX PHARMACEUTICALS INC           |ASPX          |true               |Domestic Common Stock|USD             |California; United States|NASDAQ               |United States      |Biotechnology              |Healthcare             |Pharmaceutical Preparations                 |Manufacturing                    |","logger":"airflow.utils.process_utils"}
{"timestamp":"2025-09-16T07:47:38.540627","level":"info","event":"|BMJ MEDICAL MANAGEMENT INC           |BONSQ         |true               |Domestic Common Stock|USD             |Florida; United States   |NASDAQ               |United States      |Medical Care Facilities    |Healthcare             |Services-Specialty Outpatient Facilities Nec|Services                         |","logger":"airflow.utils.process_utils"}
{"timestamp":"2025-09-16T07:47:38.541071","level":"info","event":"|BANK OF THE JAMES FINANCIAL GROUP INC|BOTJ          |false              |Domestic Common Stock|USD             |Virginia; United States  |NASDAQ               |United States      |Banks - Regional           |Financial Services     |State Commercial Banks                      |Finance Insurance And Real Estate|","logger":"airflow.utils.process_utils"}
{"timestamp":"2025-09-16T07:47:38.541530","level":"info","event":"+-------------------------------------+--------------+-------------------+---------------------+----------------+-------------------------+---------------------+-------------------+---------------------------+-----------------------+--------------------------------------------+---------------------------------+","logger":"airflow.utils.process_utils"}
{"timestamp":"2025-09-16T07:47:38.541648","level":"info","event":"only showing top 5 rows","logger":"airflow.utils.process_utils"}
{"timestamp":"2025-09-16T07:47:38.541727","level":"info","event":"","logger":"airflow.utils.process_utils"}
{"timestamp":"2025-09-16T07:47:38.541872","level":"info","event":"2025-09-16 07:47:38,527 - INFO - Closing down clientserver connection","logger":"airflow.utils.process_utils"}
{"timestamp":"2025-09-16T07:47:39.315679","level":"warning","event":"Fail to delete /home/tiendat/airflow/tmp/venv691yq4a9. The directory does not exist.","logger":"airflow.task.operators.airflow.providers.standard.operators.python.PythonVirtualenvOperator"}
{"timestamp":"2025-09-16T07:47:39.719895","level":"info","event":"Done. Returned value was: None","logger":"airflow.task.operators.airflow.providers.standard.operators.python.PythonVirtualenvOperator"}
