{"timestamp":"2025-09-16T01:00:02.196726","level":"info","event":"DAG bundles loaded: dags-folder","logger":"airflow.dag_processing.bundles.manager.DagBundlesManager"}
{"timestamp":"2025-09-16T01:00:02.197710","level":"info","event":"Filling up the DagBag from /home/tiendat/Pipeline-Stock-ETL/schedule/dags/etl_source_database.py","logger":"airflow.models.dagbag.DagBag"}
{"timestamp":"2025-09-16T01:00:02.251436","level":"info","event":"Executing cmd: python -m venv /tmp/venv5wf70xvt","logger":"airflow.utils.process_utils"}
{"timestamp":"2025-09-16T01:00:02.252627","level":"info","event":"Output:","logger":"airflow.utils.process_utils"}
{"timestamp":"2025-09-16T01:00:05.929350","level":"info","event":"Executing cmd: /tmp/venv5wf70xvt/bin/pip install -r /tmp/venv5wf70xvt/requirements.txt","logger":"airflow.utils.process_utils"}
{"timestamp":"2025-09-16T01:00:05.930234","level":"info","event":"Output:","logger":"airflow.utils.process_utils"}
{"timestamp":"2025-09-16T01:00:06.417829","level":"info","event":"Collecting dotenv (from -r /tmp/venv5wf70xvt/requirements.txt (line 1))","logger":"airflow.utils.process_utils"}
{"timestamp":"2025-09-16T01:00:06.420646","level":"info","event":"  Using cached dotenv-0.9.9-py2.py3-none-any.whl.metadata (279 bytes)","logger":"airflow.utils.process_utils"}
{"timestamp":"2025-09-16T01:00:06.595172","level":"info","event":"Collecting duckdb (from -r /tmp/venv5wf70xvt/requirements.txt (line 2))","logger":"airflow.utils.process_utils"}
{"timestamp":"2025-09-16T01:00:06.597768","level":"info","event":"  Using cached duckdb-1.3.2-cp312-cp312-manylinux_2_27_x86_64.manylinux_2_28_x86_64.whl.metadata (7.0 kB)","logger":"airflow.utils.process_utils"}
{"timestamp":"2025-09-16T01:00:06.675592","level":"info","event":"Collecting fastparquet (from -r /tmp/venv5wf70xvt/requirements.txt (line 3))","logger":"airflow.utils.process_utils"}
{"timestamp":"2025-09-16T01:00:06.678526","level":"info","event":"  Using cached fastparquet-2024.11.0-cp312-cp312-manylinux_2_17_x86_64.manylinux2014_x86_64.whl.metadata (4.2 kB)","logger":"airflow.utils.process_utils"}
{"timestamp":"2025-09-16T01:00:06.719345","level":"info","event":"Collecting flask (from -r /tmp/venv5wf70xvt/requirements.txt (line 4))","logger":"airflow.utils.process_utils"}
{"timestamp":"2025-09-16T01:00:06.722297","level":"info","event":"  Using cached flask-3.1.2-py3-none-any.whl.metadata (3.2 kB)","logger":"airflow.utils.process_utils"}
{"timestamp":"2025-09-16T01:00:06.762118","level":"info","event":"Collecting gunicorn (from -r /tmp/venv5wf70xvt/requirements.txt (line 5))","logger":"airflow.utils.process_utils"}
{"timestamp":"2025-09-16T01:00:06.764643","level":"info","event":"  Using cached gunicorn-23.0.0-py3-none-any.whl.metadata (4.4 kB)","logger":"airflow.utils.process_utils"}
{"timestamp":"2025-09-16T01:00:06.801988","level":"info","event":"Collecting hdfs (from -r /tmp/venv5wf70xvt/requirements.txt (line 6))","logger":"airflow.utils.process_utils"}
{"timestamp":"2025-09-16T01:00:06.802719","level":"info","event":"  Using cached hdfs-2.7.3-py3-none-any.whl","logger":"airflow.utils.process_utils"}
{"timestamp":"2025-09-16T01:00:06.981953","level":"info","event":"Collecting matplotlib (from -r /tmp/venv5wf70xvt/requirements.txt (line 7))","logger":"airflow.utils.process_utils"}
{"timestamp":"2025-09-16T01:00:06.984609","level":"info","event":"  Using cached matplotlib-3.10.6-cp312-cp312-manylinux2014_x86_64.manylinux_2_17_x86_64.whl.metadata (11 kB)","logger":"airflow.utils.process_utils"}
{"timestamp":"2025-09-16T01:00:07.242561","level":"info","event":"Collecting numpy (from -r /tmp/venv5wf70xvt/requirements.txt (line 8))","logger":"airflow.utils.process_utils"}
{"timestamp":"2025-09-16T01:00:07.245928","level":"info","event":"  Using cached numpy-2.3.3-cp312-cp312-manylinux_2_27_x86_64.manylinux_2_28_x86_64.whl.metadata (62 kB)","logger":"airflow.utils.process_utils"}
{"timestamp":"2025-09-16T01:00:07.440921","level":"info","event":"Collecting pandas (from -r /tmp/venv5wf70xvt/requirements.txt (line 9))","logger":"airflow.utils.process_utils"}
{"timestamp":"2025-09-16T01:00:07.444061","level":"info","event":"  Using cached pandas-2.3.2-cp312-cp312-manylinux_2_17_x86_64.manylinux2014_x86_64.whl.metadata (91 kB)","logger":"airflow.utils.process_utils"}
{"timestamp":"2025-09-16T01:00:07.618151","level":"info","event":"Collecting psycopg2-binary (from -r /tmp/venv5wf70xvt/requirements.txt (line 10))","logger":"airflow.utils.process_utils"}
{"timestamp":"2025-09-16T01:00:07.621150","level":"info","event":"  Using cached psycopg2_binary-2.9.10-cp312-cp312-manylinux_2_17_x86_64.manylinux2014_x86_64.whl.metadata (4.9 kB)","logger":"airflow.utils.process_utils"}
{"timestamp":"2025-09-16T01:00:07.742755","level":"info","event":"Collecting pyarrow (from -r /tmp/venv5wf70xvt/requirements.txt (line 11))","logger":"airflow.utils.process_utils"}
{"timestamp":"2025-09-16T01:00:07.745624","level":"info","event":"  Using cached pyarrow-21.0.0-cp312-cp312-manylinux_2_28_x86_64.whl.metadata (3.3 kB)","logger":"airflow.utils.process_utils"}
{"timestamp":"2025-09-16T01:00:07.785672","level":"info","event":"Collecting pyspark==3.5.6 (from -r /tmp/venv5wf70xvt/requirements.txt (line 12))","logger":"airflow.utils.process_utils"}
{"timestamp":"2025-09-16T01:00:07.785945","level":"info","event":"  Using cached pyspark-3.5.6-py2.py3-none-any.whl","logger":"airflow.utils.process_utils"}
{"timestamp":"2025-09-16T01:00:07.849348","level":"info","event":"Collecting requests (from -r /tmp/venv5wf70xvt/requirements.txt (line 13))","logger":"airflow.utils.process_utils"}
{"timestamp":"2025-09-16T01:00:07.858836","level":"info","event":"  Using cached requests-2.32.5-py3-none-any.whl.metadata (4.9 kB)","logger":"airflow.utils.process_utils"}
{"timestamp":"2025-09-16T01:00:07.894475","level":"info","event":"Collecting seaborn (from -r /tmp/venv5wf70xvt/requirements.txt (line 14))","logger":"airflow.utils.process_utils"}
{"timestamp":"2025-09-16T01:00:07.897164","level":"info","event":"  Using cached seaborn-0.13.2-py3-none-any.whl.metadata (5.4 kB)","logger":"airflow.utils.process_utils"}
{"timestamp":"2025-09-16T01:00:08.306579","level":"info","event":"Collecting sqlalchemy (from -r /tmp/venv5wf70xvt/requirements.txt (line 15))","logger":"airflow.utils.process_utils"}
{"timestamp":"2025-09-16T01:00:08.309065","level":"info","event":"  Using cached sqlalchemy-2.0.43-cp312-cp312-manylinux_2_17_x86_64.manylinux2014_x86_64.whl.metadata (9.6 kB)","logger":"airflow.utils.process_utils"}
{"timestamp":"2025-09-16T01:00:08.364261","level":"info","event":"Collecting py4j==0.10.9.7 (from pyspark==3.5.6->-r /tmp/venv5wf70xvt/requirements.txt (line 12))","logger":"airflow.utils.process_utils"}
{"timestamp":"2025-09-16T01:00:08.367364","level":"info","event":"  Using cached py4j-0.10.9.7-py2.py3-none-any.whl.metadata (1.5 kB)","logger":"airflow.utils.process_utils"}
{"timestamp":"2025-09-16T01:00:08.412075","level":"info","event":"Collecting python-dotenv (from dotenv->-r /tmp/venv5wf70xvt/requirements.txt (line 1))","logger":"airflow.utils.process_utils"}
{"timestamp":"2025-09-16T01:00:08.418842","level":"info","event":"  Using cached python_dotenv-1.1.1-py3-none-any.whl.metadata (24 kB)","logger":"airflow.utils.process_utils"}
{"timestamp":"2025-09-16T01:00:08.649265","level":"info","event":"Collecting cramjam>=2.3 (from fastparquet->-r /tmp/venv5wf70xvt/requirements.txt (line 3))","logger":"airflow.utils.process_utils"}
{"timestamp":"2025-09-16T01:00:08.653138","level":"info","event":"  Using cached cramjam-2.11.0-cp312-cp312-manylinux_2_17_x86_64.manylinux2014_x86_64.whl.metadata (5.6 kB)","logger":"airflow.utils.process_utils"}
{"timestamp":"2025-09-16T01:00:08.782551","level":"info","event":"Collecting fsspec (from fastparquet->-r /tmp/venv5wf70xvt/requirements.txt (line 3))","logger":"airflow.utils.process_utils"}
{"timestamp":"2025-09-16T01:00:08.785373","level":"info","event":"  Using cached fsspec-2025.9.0-py3-none-any.whl.metadata (10 kB)","logger":"airflow.utils.process_utils"}
{"timestamp":"2025-09-16T01:00:08.832971","level":"info","event":"Collecting packaging (from fastparquet->-r /tmp/venv5wf70xvt/requirements.txt (line 3))","logger":"airflow.utils.process_utils"}
{"timestamp":"2025-09-16T01:00:08.838609","level":"info","event":"  Using cached packaging-25.0-py3-none-any.whl.metadata (3.3 kB)","logger":"airflow.utils.process_utils"}
{"timestamp":"2025-09-16T01:00:08.877188","level":"info","event":"Collecting blinker>=1.9.0 (from flask->-r /tmp/venv5wf70xvt/requirements.txt (line 4))","logger":"airflow.utils.process_utils"}
{"timestamp":"2025-09-16T01:00:08.879762","level":"info","event":"  Using cached blinker-1.9.0-py3-none-any.whl.metadata (1.6 kB)","logger":"airflow.utils.process_utils"}
{"timestamp":"2025-09-16T01:00:08.924011","level":"info","event":"Collecting click>=8.1.3 (from flask->-r /tmp/venv5wf70xvt/requirements.txt (line 4))","logger":"airflow.utils.process_utils"}
{"timestamp":"2025-09-16T01:00:08.929054","level":"info","event":"  Using cached click-8.2.1-py3-none-any.whl.metadata (2.5 kB)","logger":"airflow.utils.process_utils"}
{"timestamp":"2025-09-16T01:00:08.960891","level":"info","event":"Collecting itsdangerous>=2.2.0 (from flask->-r /tmp/venv5wf70xvt/requirements.txt (line 4))","logger":"airflow.utils.process_utils"}
{"timestamp":"2025-09-16T01:00:08.963580","level":"info","event":"  Using cached itsdangerous-2.2.0-py3-none-any.whl.metadata (1.9 kB)","logger":"airflow.utils.process_utils"}
{"timestamp":"2025-09-16T01:00:09.003894","level":"info","event":"Collecting jinja2>=3.1.2 (from flask->-r /tmp/venv5wf70xvt/requirements.txt (line 4))","logger":"airflow.utils.process_utils"}
{"timestamp":"2025-09-16T01:00:09.008407","level":"info","event":"  Using cached jinja2-3.1.6-py3-none-any.whl.metadata (2.9 kB)","logger":"airflow.utils.process_utils"}
{"timestamp":"2025-09-16T01:00:09.092370","level":"info","event":"Collecting markupsafe>=2.1.1 (from flask->-r /tmp/venv5wf70xvt/requirements.txt (line 4))","logger":"airflow.utils.process_utils"}
{"timestamp":"2025-09-16T01:00:09.097933","level":"info","event":"  Using cached MarkupSafe-3.0.2-cp312-cp312-manylinux_2_17_x86_64.manylinux2014_x86_64.whl.metadata (4.0 kB)","logger":"airflow.utils.process_utils"}
{"timestamp":"2025-09-16T01:00:09.153230","level":"info","event":"Collecting werkzeug>=3.1.0 (from flask->-r /tmp/venv5wf70xvt/requirements.txt (line 4))","logger":"airflow.utils.process_utils"}
{"timestamp":"2025-09-16T01:00:09.155971","level":"info","event":"  Using cached werkzeug-3.1.3-py3-none-any.whl.metadata (3.7 kB)","logger":"airflow.utils.process_utils"}
{"timestamp":"2025-09-16T01:00:09.198294","level":"info","event":"Collecting docopt (from hdfs->-r /tmp/venv5wf70xvt/requirements.txt (line 6))","logger":"airflow.utils.process_utils"}
{"timestamp":"2025-09-16T01:00:09.198569","level":"info","event":"  Using cached docopt-0.6.2-py2.py3-none-any.whl","logger":"airflow.utils.process_utils"}
{"timestamp":"2025-09-16T01:00:09.245746","level":"info","event":"Collecting six>=1.9.0 (from hdfs->-r /tmp/venv5wf70xvt/requirements.txt (line 6))","logger":"airflow.utils.process_utils"}
{"timestamp":"2025-09-16T01:00:09.250498","level":"info","event":"  Using cached six-1.17.0-py2.py3-none-any.whl.metadata (1.7 kB)","logger":"airflow.utils.process_utils"}
{"timestamp":"2025-09-16T01:00:09.386244","level":"info","event":"Collecting contourpy>=1.0.1 (from matplotlib->-r /tmp/venv5wf70xvt/requirements.txt (line 7))","logger":"airflow.utils.process_utils"}
{"timestamp":"2025-09-16T01:00:09.388922","level":"info","event":"  Using cached contourpy-1.3.3-cp312-cp312-manylinux_2_27_x86_64.manylinux_2_28_x86_64.whl.metadata (5.5 kB)","logger":"airflow.utils.process_utils"}
{"timestamp":"2025-09-16T01:00:09.421972","level":"info","event":"Collecting cycler>=0.10 (from matplotlib->-r /tmp/venv5wf70xvt/requirements.txt (line 7))","logger":"airflow.utils.process_utils"}
{"timestamp":"2025-09-16T01:00:09.424322","level":"info","event":"  Using cached cycler-0.12.1-py3-none-any.whl.metadata (3.8 kB)","logger":"airflow.utils.process_utils"}
{"timestamp":"2025-09-16T01:00:09.633850","level":"info","event":"Collecting fonttools>=4.22.0 (from matplotlib->-r /tmp/venv5wf70xvt/requirements.txt (line 7))","logger":"airflow.utils.process_utils"}
{"timestamp":"2025-09-16T01:00:09.635746","level":"info","event":"  Using cached fonttools-4.59.2-cp312-cp312-manylinux1_x86_64.manylinux2014_x86_64.manylinux_2_17_x86_64.manylinux_2_5_x86_64.whl.metadata (109 kB)","logger":"airflow.utils.process_utils"}
{"timestamp":"2025-09-16T01:00:09.736788","level":"info","event":"Collecting kiwisolver>=1.3.1 (from matplotlib->-r /tmp/venv5wf70xvt/requirements.txt (line 7))","logger":"airflow.utils.process_utils"}
{"timestamp":"2025-09-16T01:00:09.738549","level":"info","event":"  Using cached kiwisolver-1.4.9-cp312-cp312-manylinux2014_x86_64.manylinux_2_17_x86_64.whl.metadata (6.3 kB)","logger":"airflow.utils.process_utils"}
{"timestamp":"2025-09-16T01:00:10.103722","level":"info","event":"Collecting pillow>=8 (from matplotlib->-r /tmp/venv5wf70xvt/requirements.txt (line 7))","logger":"airflow.utils.process_utils"}
{"timestamp":"2025-09-16T01:00:10.106597","level":"info","event":"  Using cached pillow-11.3.0-cp312-cp312-manylinux_2_27_x86_64.manylinux_2_28_x86_64.whl.metadata (9.0 kB)","logger":"airflow.utils.process_utils"}
{"timestamp":"2025-09-16T01:00:10.167163","level":"info","event":"Collecting pyparsing>=2.3.1 (from matplotlib->-r /tmp/venv5wf70xvt/requirements.txt (line 7))","logger":"airflow.utils.process_utils"}
{"timestamp":"2025-09-16T01:00:10.173400","level":"info","event":"  Using cached pyparsing-3.2.4-py3-none-any.whl.metadata (5.0 kB)","logger":"airflow.utils.process_utils"}
{"timestamp":"2025-09-16T01:00:10.216965","level":"info","event":"Collecting python-dateutil>=2.7 (from matplotlib->-r /tmp/venv5wf70xvt/requirements.txt (line 7))","logger":"airflow.utils.process_utils"}
{"timestamp":"2025-09-16T01:00:10.221544","level":"info","event":"  Using cached python_dateutil-2.9.0.post0-py2.py3-none-any.whl.metadata (8.4 kB)","logger":"airflow.utils.process_utils"}
{"timestamp":"2025-09-16T01:00:10.370202","level":"info","event":"Collecting pytz>=2020.1 (from pandas->-r /tmp/venv5wf70xvt/requirements.txt (line 9))","logger":"airflow.utils.process_utils"}
{"timestamp":"2025-09-16T01:00:10.375076","level":"info","event":"  Using cached pytz-2025.2-py2.py3-none-any.whl.metadata (22 kB)","logger":"airflow.utils.process_utils"}
{"timestamp":"2025-09-16T01:00:10.414419","level":"info","event":"Collecting tzdata>=2022.7 (from pandas->-r /tmp/venv5wf70xvt/requirements.txt (line 9))","logger":"airflow.utils.process_utils"}
{"timestamp":"2025-09-16T01:00:10.416153","level":"info","event":"  Using cached tzdata-2025.2-py2.py3-none-any.whl.metadata (1.4 kB)","logger":"airflow.utils.process_utils"}
{"timestamp":"2025-09-16T01:00:10.547534","level":"info","event":"Collecting charset_normalizer<4,>=2 (from requests->-r /tmp/venv5wf70xvt/requirements.txt (line 13))","logger":"airflow.utils.process_utils"}
{"timestamp":"2025-09-16T01:00:10.552994","level":"info","event":"  Using cached charset_normalizer-3.4.3-cp312-cp312-manylinux2014_x86_64.manylinux_2_17_x86_64.manylinux_2_28_x86_64.whl.metadata (36 kB)","logger":"airflow.utils.process_utils"}
{"timestamp":"2025-09-16T01:00:10.595613","level":"info","event":"Collecting idna<4,>=2.5 (from requests->-r /tmp/venv5wf70xvt/requirements.txt (line 13))","logger":"airflow.utils.process_utils"}
{"timestamp":"2025-09-16T01:00:10.602028","level":"info","event":"  Using cached idna-3.10-py3-none-any.whl.metadata (10 kB)","logger":"airflow.utils.process_utils"}
{"timestamp":"2025-09-16T01:00:10.671819","level":"info","event":"Collecting urllib3<3,>=1.21.1 (from requests->-r /tmp/venv5wf70xvt/requirements.txt (line 13))","logger":"airflow.utils.process_utils"}
{"timestamp":"2025-09-16T01:00:10.676580","level":"info","event":"  Using cached urllib3-2.5.0-py3-none-any.whl.metadata (6.5 kB)","logger":"airflow.utils.process_utils"}
{"timestamp":"2025-09-16T01:00:10.722515","level":"info","event":"Collecting certifi>=2017.4.17 (from requests->-r /tmp/venv5wf70xvt/requirements.txt (line 13))","logger":"airflow.utils.process_utils"}
{"timestamp":"2025-09-16T01:00:10.726666","level":"info","event":"  Using cached certifi-2025.8.3-py3-none-any.whl.metadata (2.4 kB)","logger":"airflow.utils.process_utils"}
{"timestamp":"2025-09-16T01:00:10.971612","level":"info","event":"Collecting greenlet>=1 (from sqlalchemy->-r /tmp/venv5wf70xvt/requirements.txt (line 15))","logger":"airflow.utils.process_utils"}
{"timestamp":"2025-09-16T01:00:10.973531","level":"info","event":"  Using cached greenlet-3.2.4-cp312-cp312-manylinux_2_24_x86_64.manylinux_2_28_x86_64.whl.metadata (4.1 kB)","logger":"airflow.utils.process_utils"}
{"timestamp":"2025-09-16T01:00:11.018584","level":"info","event":"Collecting typing-extensions>=4.6.0 (from sqlalchemy->-r /tmp/venv5wf70xvt/requirements.txt (line 15))","logger":"airflow.utils.process_utils"}
{"timestamp":"2025-09-16T01:00:11.024222","level":"info","event":"  Using cached typing_extensions-4.15.0-py3-none-any.whl.metadata (3.3 kB)","logger":"airflow.utils.process_utils"}
{"timestamp":"2025-09-16T01:00:11.300544","level":"info","event":"Using cached py4j-0.10.9.7-py2.py3-none-any.whl (200 kB)","logger":"airflow.utils.process_utils"}
{"timestamp":"2025-09-16T01:00:11.302470","level":"info","event":"Using cached dotenv-0.9.9-py2.py3-none-any.whl (1.9 kB)","logger":"airflow.utils.process_utils"}
{"timestamp":"2025-09-16T01:00:11.303837","level":"info","event":"Using cached duckdb-1.3.2-cp312-cp312-manylinux_2_27_x86_64.manylinux_2_28_x86_64.whl (21.1 MB)","logger":"airflow.utils.process_utils"}
{"timestamp":"2025-09-16T01:00:11.396460","level":"info","event":"Using cached fastparquet-2024.11.0-cp312-cp312-manylinux_2_17_x86_64.manylinux2014_x86_64.whl (1.8 MB)","logger":"airflow.utils.process_utils"}
{"timestamp":"2025-09-16T01:00:11.408662","level":"info","event":"Using cached flask-3.1.2-py3-none-any.whl (103 kB)","logger":"airflow.utils.process_utils"}
{"timestamp":"2025-09-16T01:00:11.410509","level":"info","event":"Using cached gunicorn-23.0.0-py3-none-any.whl (85 kB)","logger":"airflow.utils.process_utils"}
{"timestamp":"2025-09-16T01:00:11.412393","level":"info","event":"Using cached matplotlib-3.10.6-cp312-cp312-manylinux2014_x86_64.manylinux_2_17_x86_64.whl (8.7 MB)","logger":"airflow.utils.process_utils"}
{"timestamp":"2025-09-16T01:00:11.433661","level":"info","event":"Using cached numpy-2.3.3-cp312-cp312-manylinux_2_27_x86_64.manylinux_2_28_x86_64.whl (16.6 MB)","logger":"airflow.utils.process_utils"}
{"timestamp":"2025-09-16T01:00:11.475992","level":"info","event":"Using cached pandas-2.3.2-cp312-cp312-manylinux_2_17_x86_64.manylinux2014_x86_64.whl (12.0 MB)","logger":"airflow.utils.process_utils"}
{"timestamp":"2025-09-16T01:00:11.502894","level":"info","event":"Using cached psycopg2_binary-2.9.10-cp312-cp312-manylinux_2_17_x86_64.manylinux2014_x86_64.whl (3.0 MB)","logger":"airflow.utils.process_utils"}
{"timestamp":"2025-09-16T01:00:11.509766","level":"info","event":"Using cached pyarrow-21.0.0-cp312-cp312-manylinux_2_28_x86_64.whl (42.8 MB)","logger":"airflow.utils.process_utils"}
{"timestamp":"2025-09-16T01:00:11.640891","level":"info","event":"Using cached requests-2.32.5-py3-none-any.whl (64 kB)","logger":"airflow.utils.process_utils"}
{"timestamp":"2025-09-16T01:00:11.644402","level":"info","event":"Using cached seaborn-0.13.2-py3-none-any.whl (294 kB)","logger":"airflow.utils.process_utils"}
{"timestamp":"2025-09-16T01:00:11.646719","level":"info","event":"Using cached sqlalchemy-2.0.43-cp312-cp312-manylinux_2_17_x86_64.manylinux2014_x86_64.whl (3.3 MB)","logger":"airflow.utils.process_utils"}
{"timestamp":"2025-09-16T01:00:11.656525","level":"info","event":"Using cached blinker-1.9.0-py3-none-any.whl (8.5 kB)","logger":"airflow.utils.process_utils"}
{"timestamp":"2025-09-16T01:00:11.661406","level":"info","event":"Using cached certifi-2025.8.3-py3-none-any.whl (161 kB)","logger":"airflow.utils.process_utils"}
{"timestamp":"2025-09-16T01:00:11.670529","level":"info","event":"Using cached charset_normalizer-3.4.3-cp312-cp312-manylinux2014_x86_64.manylinux_2_17_x86_64.manylinux_2_28_x86_64.whl (151 kB)","logger":"airflow.utils.process_utils"}
{"timestamp":"2025-09-16T01:00:11.676702","level":"info","event":"Using cached click-8.2.1-py3-none-any.whl (102 kB)","logger":"airflow.utils.process_utils"}
{"timestamp":"2025-09-16T01:00:11.680052","level":"info","event":"Using cached contourpy-1.3.3-cp312-cp312-manylinux_2_27_x86_64.manylinux_2_28_x86_64.whl (362 kB)","logger":"airflow.utils.process_utils"}
{"timestamp":"2025-09-16T01:00:11.682447","level":"info","event":"Using cached cramjam-2.11.0-cp312-cp312-manylinux_2_17_x86_64.manylinux2014_x86_64.whl (2.0 MB)","logger":"airflow.utils.process_utils"}
{"timestamp":"2025-09-16T01:00:11.687493","level":"info","event":"Using cached cycler-0.12.1-py3-none-any.whl (8.3 kB)","logger":"airflow.utils.process_utils"}
{"timestamp":"2025-09-16T01:00:11.689013","level":"info","event":"Using cached fonttools-4.59.2-cp312-cp312-manylinux1_x86_64.manylinux2014_x86_64.manylinux_2_17_x86_64.manylinux_2_5_x86_64.whl (4.9 MB)","logger":"airflow.utils.process_utils"}
{"timestamp":"2025-09-16T01:00:11.699563","level":"info","event":"Using cached greenlet-3.2.4-cp312-cp312-manylinux_2_24_x86_64.manylinux_2_28_x86_64.whl (607 kB)","logger":"airflow.utils.process_utils"}
{"timestamp":"2025-09-16T01:00:11.705415","level":"info","event":"Using cached idna-3.10-py3-none-any.whl (70 kB)","logger":"airflow.utils.process_utils"}
{"timestamp":"2025-09-16T01:00:11.708486","level":"info","event":"Using cached itsdangerous-2.2.0-py3-none-any.whl (16 kB)","logger":"airflow.utils.process_utils"}
{"timestamp":"2025-09-16T01:00:11.713020","level":"info","event":"Using cached jinja2-3.1.6-py3-none-any.whl (134 kB)","logger":"airflow.utils.process_utils"}
{"timestamp":"2025-09-16T01:00:11.716819","level":"info","event":"Using cached kiwisolver-1.4.9-cp312-cp312-manylinux2014_x86_64.manylinux_2_17_x86_64.whl (1.5 MB)","logger":"airflow.utils.process_utils"}
{"timestamp":"2025-09-16T01:00:11.723306","level":"info","event":"Using cached MarkupSafe-3.0.2-cp312-cp312-manylinux_2_17_x86_64.manylinux2014_x86_64.whl (23 kB)","logger":"airflow.utils.process_utils"}
{"timestamp":"2025-09-16T01:00:11.728150","level":"info","event":"Using cached packaging-25.0-py3-none-any.whl (66 kB)","logger":"airflow.utils.process_utils"}
{"timestamp":"2025-09-16T01:00:11.731113","level":"info","event":"Using cached pillow-11.3.0-cp312-cp312-manylinux_2_27_x86_64.manylinux_2_28_x86_64.whl (6.6 MB)","logger":"airflow.utils.process_utils"}
{"timestamp":"2025-09-16T01:00:11.746454","level":"info","event":"Using cached pyparsing-3.2.4-py3-none-any.whl (113 kB)","logger":"airflow.utils.process_utils"}
{"timestamp":"2025-09-16T01:00:11.756914","level":"info","event":"Using cached python_dateutil-2.9.0.post0-py2.py3-none-any.whl (229 kB)","logger":"airflow.utils.process_utils"}
{"timestamp":"2025-09-16T01:00:11.763913","level":"info","event":"Using cached pytz-2025.2-py2.py3-none-any.whl (509 kB)","logger":"airflow.utils.process_utils"}
{"timestamp":"2025-09-16T01:00:11.772604","level":"info","event":"Using cached six-1.17.0-py2.py3-none-any.whl (11 kB)","logger":"airflow.utils.process_utils"}
{"timestamp":"2025-09-16T01:00:11.778358","level":"info","event":"Using cached typing_extensions-4.15.0-py3-none-any.whl (44 kB)","logger":"airflow.utils.process_utils"}
{"timestamp":"2025-09-16T01:00:11.781533","level":"info","event":"Using cached tzdata-2025.2-py2.py3-none-any.whl (347 kB)","logger":"airflow.utils.process_utils"}
{"timestamp":"2025-09-16T01:00:11.786137","level":"info","event":"Using cached urllib3-2.5.0-py3-none-any.whl (129 kB)","logger":"airflow.utils.process_utils"}
{"timestamp":"2025-09-16T01:00:11.789902","level":"info","event":"Using cached werkzeug-3.1.3-py3-none-any.whl (224 kB)","logger":"airflow.utils.process_utils"}
{"timestamp":"2025-09-16T01:00:11.791948","level":"info","event":"Using cached fsspec-2025.9.0-py3-none-any.whl (199 kB)","logger":"airflow.utils.process_utils"}
{"timestamp":"2025-09-16T01:00:11.794057","level":"info","event":"Using cached python_dotenv-1.1.1-py3-none-any.whl (20 kB)","logger":"airflow.utils.process_utils"}
{"timestamp":"2025-09-16T01:00:12.581249","level":"info","event":"Installing collected packages: pytz, py4j, docopt, urllib3, tzdata, typing-extensions, six, python-dotenv, pyspark, pyparsing, pyarrow, psycopg2-binary, pillow, packaging, numpy, markupsafe, kiwisolver, itsdangerous, idna, greenlet, fsspec, fonttools, duckdb, cycler, cramjam, click, charset_normalizer, certifi, blinker, werkzeug, sqlalchemy, requests, python-dateutil, jinja2, gunicorn, dotenv, contourpy, pandas, matplotlib, hdfs, flask, seaborn, fastparquet","logger":"airflow.utils.process_utils"}
{"timestamp":"2025-09-16T01:00:34.493410","level":"info","event":"Successfully installed blinker-1.9.0 certifi-2025.8.3 charset_normalizer-3.4.3 click-8.2.1 contourpy-1.3.3 cramjam-2.11.0 cycler-0.12.1 docopt-0.6.2 dotenv-0.9.9 duckdb-1.3.2 fastparquet-2024.11.0 flask-3.1.2 fonttools-4.59.2 fsspec-2025.9.0 greenlet-3.2.4 gunicorn-23.0.0 hdfs-2.7.3 idna-3.10 itsdangerous-2.2.0 jinja2-3.1.6 kiwisolver-1.4.9 markupsafe-3.0.2 matplotlib-3.10.6 numpy-2.3.3 packaging-25.0 pandas-2.3.2 pillow-11.3.0 psycopg2-binary-2.9.10 py4j-0.10.9.7 pyarrow-21.0.0 pyparsing-3.2.4 pyspark-3.5.6 python-dateutil-2.9.0.post0 python-dotenv-1.1.1 pytz-2025.2 requests-2.32.5 seaborn-0.13.2 six-1.17.0 sqlalchemy-2.0.43 typing-extensions-4.15.0 tzdata-2025.2 urllib3-2.5.0 werkzeug-3.1.3","logger":"airflow.utils.process_utils"}
{"timestamp":"2025-09-16T01:00:35.425181","level":"info","event":"Executing cmd: /tmp/venv5wf70xvt/bin/python /tmp/venv-call2qig511j/script.py /tmp/venv-call2qig511j/script.in /tmp/venv-call2qig511j/script.out /tmp/venv-call2qig511j/string_args.txt /tmp/venv-call2qig511j/termination.log /tmp/venv-call2qig511j/airflow_context.json","logger":"airflow.utils.process_utils"}
{"timestamp":"2025-09-16T01:00:35.426066","level":"info","event":"Output:","logger":"airflow.utils.process_utils"}
{"timestamp":"2025-09-16T01:00:43.327495","level":"info","event":"Extracted 15909 companies from the NASDAQ stock exchange.","logger":"airflow.utils.process_utils"}
{"timestamp":"2025-09-16T01:00:43.327805","level":"info","event":"Extracted 14073 companies from the NYSE stock exchange.","logger":"airflow.utils.process_utils"}
{"timestamp":"2025-09-16T01:00:43.328044","level":"info","event":"Data saved to HDFS at /user/tiendat/etl_database/raw/companies/crawl_companies_2025-09-16.json","logger":"airflow.utils.process_utils"}
{"timestamp":"2025-09-16T01:00:43.328196","level":"info","event":"Extracted 15909 companies from the NASDAQ stock exchange.","logger":"airflow.utils.process_utils"}
{"timestamp":"2025-09-16T01:00:43.328369","level":"info","event":"Extracted 14073 companies from the NYSE stock exchange.","logger":"airflow.utils.process_utils"}
{"timestamp":"2025-09-16T01:00:43.328546","level":"info","event":"Data saved to HDFS at /user/tiendat/etl_database/raw/companies/crawl_companies_2025-09-16.json","logger":"airflow.utils.process_utils"}
{"timestamp":"2025-09-16T01:00:43.379721","level":"warning","event":"Fail to delete /home/tiendat/airflow/tmp/venv5wf70xvt. The directory does not exist.","logger":"airflow.task.operators.airflow.providers.standard.operators.python.PythonVirtualenvOperator"}
{"timestamp":"2025-09-16T01:00:43.792754","level":"info","event":"Done. Returned value was: None","logger":"airflow.task.operators.airflow.providers.standard.operators.python.PythonVirtualenvOperator"}
