{"timestamp":"2025-09-14T11:43:09.808928","level":"info","event":"DAG bundles loaded: dags-folder","logger":"airflow.dag_processing.bundles.manager.DagBundlesManager"}
{"timestamp":"2025-09-14T11:43:09.809814","level":"info","event":"Filling up the DagBag from /home/tiendat/Pipeline-Stock-ETL/schedule/dags/etl_source_database.py","logger":"airflow.models.dagbag.DagBag"}
{"timestamp":"2025-09-14T11:43:09.884415","level":"info","event":"Executing cmd: python -m venv /tmp/venvza6bsf1z","logger":"airflow.utils.process_utils"}
{"timestamp":"2025-09-14T11:43:09.885532","level":"info","event":"Output:","logger":"airflow.utils.process_utils"}
{"timestamp":"2025-09-14T11:43:13.336949","level":"info","event":"Executing cmd: /tmp/venvza6bsf1z/bin/pip install -r /tmp/venvza6bsf1z/requirements.txt","logger":"airflow.utils.process_utils"}
{"timestamp":"2025-09-14T11:43:13.337767","level":"info","event":"Output:","logger":"airflow.utils.process_utils"}
{"timestamp":"2025-09-14T11:43:13.909370","level":"info","event":"Collecting dotenv (from -r /tmp/venvza6bsf1z/requirements.txt (line 1))","logger":"airflow.utils.process_utils"}
{"timestamp":"2025-09-14T11:43:13.911343","level":"info","event":"  Using cached dotenv-0.9.9-py2.py3-none-any.whl.metadata (279 bytes)","logger":"airflow.utils.process_utils"}
{"timestamp":"2025-09-14T11:43:14.077295","level":"info","event":"Collecting duckdb (from -r /tmp/venvza6bsf1z/requirements.txt (line 2))","logger":"airflow.utils.process_utils"}
{"timestamp":"2025-09-14T11:43:14.079059","level":"info","event":"  Using cached duckdb-1.3.2-cp312-cp312-manylinux_2_27_x86_64.manylinux_2_28_x86_64.whl.metadata (7.0 kB)","logger":"airflow.utils.process_utils"}
{"timestamp":"2025-09-14T11:43:14.150483","level":"info","event":"Collecting fastparquet (from -r /tmp/venvza6bsf1z/requirements.txt (line 3))","logger":"airflow.utils.process_utils"}
{"timestamp":"2025-09-14T11:43:14.152293","level":"info","event":"  Using cached fastparquet-2024.11.0-cp312-cp312-manylinux_2_17_x86_64.manylinux2014_x86_64.whl.metadata (4.2 kB)","logger":"airflow.utils.process_utils"}
{"timestamp":"2025-09-14T11:43:14.191810","level":"info","event":"Collecting flask (from -r /tmp/venvza6bsf1z/requirements.txt (line 4))","logger":"airflow.utils.process_utils"}
{"timestamp":"2025-09-14T11:43:14.193380","level":"info","event":"  Using cached flask-3.1.2-py3-none-any.whl.metadata (3.2 kB)","logger":"airflow.utils.process_utils"}
{"timestamp":"2025-09-14T11:43:14.230324","level":"info","event":"Collecting gunicorn (from -r /tmp/venvza6bsf1z/requirements.txt (line 5))","logger":"airflow.utils.process_utils"}
{"timestamp":"2025-09-14T11:43:14.232128","level":"info","event":"  Using cached gunicorn-23.0.0-py3-none-any.whl.metadata (4.4 kB)","logger":"airflow.utils.process_utils"}
{"timestamp":"2025-09-14T11:43:14.266711","level":"info","event":"Collecting hdfs (from -r /tmp/venvza6bsf1z/requirements.txt (line 6))","logger":"airflow.utils.process_utils"}
{"timestamp":"2025-09-14T11:43:14.266960","level":"info","event":"  Using cached hdfs-2.7.3-py3-none-any.whl","logger":"airflow.utils.process_utils"}
{"timestamp":"2025-09-14T11:43:14.446530","level":"info","event":"Collecting matplotlib (from -r /tmp/venvza6bsf1z/requirements.txt (line 7))","logger":"airflow.utils.process_utils"}
{"timestamp":"2025-09-14T11:43:14.448408","level":"info","event":"  Using cached matplotlib-3.10.6-cp312-cp312-manylinux2014_x86_64.manylinux_2_17_x86_64.whl.metadata (11 kB)","logger":"airflow.utils.process_utils"}
{"timestamp":"2025-09-14T11:43:14.702837","level":"info","event":"Collecting numpy (from -r /tmp/venvza6bsf1z/requirements.txt (line 8))","logger":"airflow.utils.process_utils"}
{"timestamp":"2025-09-14T11:43:14.705091","level":"info","event":"  Using cached numpy-2.3.3-cp312-cp312-manylinux_2_27_x86_64.manylinux_2_28_x86_64.whl.metadata (62 kB)","logger":"airflow.utils.process_utils"}
{"timestamp":"2025-09-14T11:43:14.873477","level":"info","event":"Collecting pandas (from -r /tmp/venvza6bsf1z/requirements.txt (line 9))","logger":"airflow.utils.process_utils"}
{"timestamp":"2025-09-14T11:43:14.875515","level":"info","event":"  Using cached pandas-2.3.2-cp312-cp312-manylinux_2_17_x86_64.manylinux2014_x86_64.whl.metadata (91 kB)","logger":"airflow.utils.process_utils"}
{"timestamp":"2025-09-14T11:43:15.036376","level":"info","event":"Collecting psycopg2-binary (from -r /tmp/venvza6bsf1z/requirements.txt (line 10))","logger":"airflow.utils.process_utils"}
{"timestamp":"2025-09-14T11:43:15.038155","level":"info","event":"  Using cached psycopg2_binary-2.9.10-cp312-cp312-manylinux_2_17_x86_64.manylinux2014_x86_64.whl.metadata (4.9 kB)","logger":"airflow.utils.process_utils"}
{"timestamp":"2025-09-14T11:43:15.150775","level":"info","event":"Collecting pyarrow (from -r /tmp/venvza6bsf1z/requirements.txt (line 11))","logger":"airflow.utils.process_utils"}
{"timestamp":"2025-09-14T11:43:15.152590","level":"info","event":"  Using cached pyarrow-21.0.0-cp312-cp312-manylinux_2_28_x86_64.whl.metadata (3.3 kB)","logger":"airflow.utils.process_utils"}
{"timestamp":"2025-09-14T11:43:15.202251","level":"info","event":"Collecting requests (from -r /tmp/venvza6bsf1z/requirements.txt (line 12))","logger":"airflow.utils.process_utils"}
{"timestamp":"2025-09-14T11:43:15.204011","level":"info","event":"  Using cached requests-2.32.5-py3-none-any.whl.metadata (4.9 kB)","logger":"airflow.utils.process_utils"}
{"timestamp":"2025-09-14T11:43:15.234457","level":"info","event":"Collecting seaborn (from -r /tmp/venvza6bsf1z/requirements.txt (line 13))","logger":"airflow.utils.process_utils"}
{"timestamp":"2025-09-14T11:43:15.236125","level":"info","event":"  Using cached seaborn-0.13.2-py3-none-any.whl.metadata (5.4 kB)","logger":"airflow.utils.process_utils"}
{"timestamp":"2025-09-14T11:43:15.650166","level":"info","event":"Collecting sqlalchemy (from -r /tmp/venvza6bsf1z/requirements.txt (line 14))","logger":"airflow.utils.process_utils"}
{"timestamp":"2025-09-14T11:43:15.652065","level":"info","event":"  Using cached sqlalchemy-2.0.43-cp312-cp312-manylinux_2_17_x86_64.manylinux2014_x86_64.whl.metadata (9.6 kB)","logger":"airflow.utils.process_utils"}
{"timestamp":"2025-09-14T11:43:15.694318","level":"info","event":"Collecting python-dotenv (from dotenv->-r /tmp/venvza6bsf1z/requirements.txt (line 1))","logger":"airflow.utils.process_utils"}
{"timestamp":"2025-09-14T11:43:15.694601","level":"info","event":"  Using cached python_dotenv-1.1.1-py3-none-any.whl.metadata (24 kB)","logger":"airflow.utils.process_utils"}
{"timestamp":"2025-09-14T11:43:15.931867","level":"info","event":"Collecting cramjam>=2.3 (from fastparquet->-r /tmp/venvza6bsf1z/requirements.txt (line 3))","logger":"airflow.utils.process_utils"}
{"timestamp":"2025-09-14T11:43:15.933631","level":"info","event":"  Using cached cramjam-2.11.0-cp312-cp312-manylinux_2_17_x86_64.manylinux2014_x86_64.whl.metadata (5.6 kB)","logger":"airflow.utils.process_utils"}
{"timestamp":"2025-09-14T11:43:15.980551","level":"info","event":"Collecting fsspec (from fastparquet->-r /tmp/venvza6bsf1z/requirements.txt (line 3))","logger":"airflow.utils.process_utils"}
{"timestamp":"2025-09-14T11:43:15.982337","level":"info","event":"  Using cached fsspec-2025.9.0-py3-none-any.whl.metadata (10 kB)","logger":"airflow.utils.process_utils"}
{"timestamp":"2025-09-14T11:43:16.021642","level":"info","event":"Collecting packaging (from fastparquet->-r /tmp/venvza6bsf1z/requirements.txt (line 3))","logger":"airflow.utils.process_utils"}
{"timestamp":"2025-09-14T11:43:16.023242","level":"info","event":"  Using cached packaging-25.0-py3-none-any.whl.metadata (3.3 kB)","logger":"airflow.utils.process_utils"}
{"timestamp":"2025-09-14T11:43:16.064725","level":"info","event":"Collecting blinker>=1.9.0 (from flask->-r /tmp/venvza6bsf1z/requirements.txt (line 4))","logger":"airflow.utils.process_utils"}
{"timestamp":"2025-09-14T11:43:16.066389","level":"info","event":"  Using cached blinker-1.9.0-py3-none-any.whl.metadata (1.6 kB)","logger":"airflow.utils.process_utils"}
{"timestamp":"2025-09-14T11:43:16.169729","level":"info","event":"Collecting click>=8.1.3 (from flask->-r /tmp/venvza6bsf1z/requirements.txt (line 4))","logger":"airflow.utils.process_utils"}
{"timestamp":"2025-09-14T11:43:16.171457","level":"info","event":"  Using cached click-8.2.1-py3-none-any.whl.metadata (2.5 kB)","logger":"airflow.utils.process_utils"}
{"timestamp":"2025-09-14T11:43:16.199975","level":"info","event":"Collecting itsdangerous>=2.2.0 (from flask->-r /tmp/venvza6bsf1z/requirements.txt (line 4))","logger":"airflow.utils.process_utils"}
{"timestamp":"2025-09-14T11:43:16.201749","level":"info","event":"  Using cached itsdangerous-2.2.0-py3-none-any.whl.metadata (1.9 kB)","logger":"airflow.utils.process_utils"}
{"timestamp":"2025-09-14T11:43:16.235796","level":"info","event":"Collecting jinja2>=3.1.2 (from flask->-r /tmp/venvza6bsf1z/requirements.txt (line 4))","logger":"airflow.utils.process_utils"}
{"timestamp":"2025-09-14T11:43:16.237530","level":"info","event":"  Using cached jinja2-3.1.6-py3-none-any.whl.metadata (2.9 kB)","logger":"airflow.utils.process_utils"}
{"timestamp":"2025-09-14T11:43:16.310678","level":"info","event":"Collecting markupsafe>=2.1.1 (from flask->-r /tmp/venvza6bsf1z/requirements.txt (line 4))","logger":"airflow.utils.process_utils"}
{"timestamp":"2025-09-14T11:43:16.315410","level":"info","event":"  Using cached MarkupSafe-3.0.2-cp312-cp312-manylinux_2_17_x86_64.manylinux2014_x86_64.whl.metadata (4.0 kB)","logger":"airflow.utils.process_utils"}
{"timestamp":"2025-09-14T11:43:16.367728","level":"info","event":"Collecting werkzeug>=3.1.0 (from flask->-r /tmp/venvza6bsf1z/requirements.txt (line 4))","logger":"airflow.utils.process_utils"}
{"timestamp":"2025-09-14T11:43:16.369381","level":"info","event":"  Using cached werkzeug-3.1.3-py3-none-any.whl.metadata (3.7 kB)","logger":"airflow.utils.process_utils"}
{"timestamp":"2025-09-14T11:43:16.405461","level":"info","event":"Collecting docopt (from hdfs->-r /tmp/venvza6bsf1z/requirements.txt (line 6))","logger":"airflow.utils.process_utils"}
{"timestamp":"2025-09-14T11:43:16.406320","level":"info","event":"  Using cached docopt-0.6.2-py2.py3-none-any.whl","logger":"airflow.utils.process_utils"}
{"timestamp":"2025-09-14T11:43:16.444133","level":"info","event":"Collecting six>=1.9.0 (from hdfs->-r /tmp/venvza6bsf1z/requirements.txt (line 6))","logger":"airflow.utils.process_utils"}
{"timestamp":"2025-09-14T11:43:16.445726","level":"info","event":"  Using cached six-1.17.0-py2.py3-none-any.whl.metadata (1.7 kB)","logger":"airflow.utils.process_utils"}
{"timestamp":"2025-09-14T11:43:16.547685","level":"info","event":"Collecting contourpy>=1.0.1 (from matplotlib->-r /tmp/venvza6bsf1z/requirements.txt (line 7))","logger":"airflow.utils.process_utils"}
{"timestamp":"2025-09-14T11:43:16.549394","level":"info","event":"  Using cached contourpy-1.3.3-cp312-cp312-manylinux_2_27_x86_64.manylinux_2_28_x86_64.whl.metadata (5.5 kB)","logger":"airflow.utils.process_utils"}
{"timestamp":"2025-09-14T11:43:16.577098","level":"info","event":"Collecting cycler>=0.10 (from matplotlib->-r /tmp/venvza6bsf1z/requirements.txt (line 7))","logger":"airflow.utils.process_utils"}
{"timestamp":"2025-09-14T11:43:16.578693","level":"info","event":"  Using cached cycler-0.12.1-py3-none-any.whl.metadata (3.8 kB)","logger":"airflow.utils.process_utils"}
{"timestamp":"2025-09-14T11:43:16.811660","level":"info","event":"Collecting fonttools>=4.22.0 (from matplotlib->-r /tmp/venvza6bsf1z/requirements.txt (line 7))","logger":"airflow.utils.process_utils"}
{"timestamp":"2025-09-14T11:43:16.813488","level":"info","event":"  Using cached fonttools-4.59.2-cp312-cp312-manylinux1_x86_64.manylinux2014_x86_64.manylinux_2_17_x86_64.manylinux_2_5_x86_64.whl.metadata (109 kB)","logger":"airflow.utils.process_utils"}
{"timestamp":"2025-09-14T11:43:16.908454","level":"info","event":"Collecting kiwisolver>=1.3.1 (from matplotlib->-r /tmp/venvza6bsf1z/requirements.txt (line 7))","logger":"airflow.utils.process_utils"}
{"timestamp":"2025-09-14T11:43:16.910238","level":"info","event":"  Using cached kiwisolver-1.4.9-cp312-cp312-manylinux2014_x86_64.manylinux_2_17_x86_64.whl.metadata (6.3 kB)","logger":"airflow.utils.process_utils"}
{"timestamp":"2025-09-14T11:43:17.225093","level":"info","event":"Collecting pillow>=8 (from matplotlib->-r /tmp/venvza6bsf1z/requirements.txt (line 7))","logger":"airflow.utils.process_utils"}
{"timestamp":"2025-09-14T11:43:17.226931","level":"info","event":"  Using cached pillow-11.3.0-cp312-cp312-manylinux_2_27_x86_64.manylinux_2_28_x86_64.whl.metadata (9.0 kB)","logger":"airflow.utils.process_utils"}
{"timestamp":"2025-09-14T11:43:17.278479","level":"info","event":"Collecting pyparsing>=2.3.1 (from matplotlib->-r /tmp/venvza6bsf1z/requirements.txt (line 7))","logger":"airflow.utils.process_utils"}
{"timestamp":"2025-09-14T11:43:17.280119","level":"info","event":"  Using cached pyparsing-3.2.4-py3-none-any.whl.metadata (5.0 kB)","logger":"airflow.utils.process_utils"}
{"timestamp":"2025-09-14T11:43:17.312616","level":"info","event":"Collecting python-dateutil>=2.7 (from matplotlib->-r /tmp/venvza6bsf1z/requirements.txt (line 7))","logger":"airflow.utils.process_utils"}
{"timestamp":"2025-09-14T11:43:17.314353","level":"info","event":"  Using cached python_dateutil-2.9.0.post0-py2.py3-none-any.whl.metadata (8.4 kB)","logger":"airflow.utils.process_utils"}
{"timestamp":"2025-09-14T11:43:17.454470","level":"info","event":"Collecting pytz>=2020.1 (from pandas->-r /tmp/venvza6bsf1z/requirements.txt (line 9))","logger":"airflow.utils.process_utils"}
{"timestamp":"2025-09-14T11:43:17.456689","level":"info","event":"  Using cached pytz-2025.2-py2.py3-none-any.whl.metadata (22 kB)","logger":"airflow.utils.process_utils"}
{"timestamp":"2025-09-14T11:43:17.490715","level":"info","event":"Collecting tzdata>=2022.7 (from pandas->-r /tmp/venvza6bsf1z/requirements.txt (line 9))","logger":"airflow.utils.process_utils"}
{"timestamp":"2025-09-14T11:43:17.492312","level":"info","event":"  Using cached tzdata-2025.2-py2.py3-none-any.whl.metadata (1.4 kB)","logger":"airflow.utils.process_utils"}
{"timestamp":"2025-09-14T11:43:17.614229","level":"info","event":"Collecting charset_normalizer<4,>=2 (from requests->-r /tmp/venvza6bsf1z/requirements.txt (line 12))","logger":"airflow.utils.process_utils"}
{"timestamp":"2025-09-14T11:43:17.616001","level":"info","event":"  Using cached charset_normalizer-3.4.3-cp312-cp312-manylinux2014_x86_64.manylinux_2_17_x86_64.manylinux_2_28_x86_64.whl.metadata (36 kB)","logger":"airflow.utils.process_utils"}
{"timestamp":"2025-09-14T11:43:17.651222","level":"info","event":"Collecting idna<4,>=2.5 (from requests->-r /tmp/venvza6bsf1z/requirements.txt (line 12))","logger":"airflow.utils.process_utils"}
{"timestamp":"2025-09-14T11:43:17.652914","level":"info","event":"  Using cached idna-3.10-py3-none-any.whl.metadata (10 kB)","logger":"airflow.utils.process_utils"}
{"timestamp":"2025-09-14T11:43:17.718200","level":"info","event":"Collecting urllib3<3,>=1.21.1 (from requests->-r /tmp/venvza6bsf1z/requirements.txt (line 12))","logger":"airflow.utils.process_utils"}
{"timestamp":"2025-09-14T11:43:17.720876","level":"info","event":"  Using cached urllib3-2.5.0-py3-none-any.whl.metadata (6.5 kB)","logger":"airflow.utils.process_utils"}
{"timestamp":"2025-09-14T11:43:17.759836","level":"info","event":"Collecting certifi>=2017.4.17 (from requests->-r /tmp/venvza6bsf1z/requirements.txt (line 12))","logger":"airflow.utils.process_utils"}
{"timestamp":"2025-09-14T11:43:17.761510","level":"info","event":"  Using cached certifi-2025.8.3-py3-none-any.whl.metadata (2.4 kB)","logger":"airflow.utils.process_utils"}
{"timestamp":"2025-09-14T11:43:18.022540","level":"info","event":"Collecting greenlet>=1 (from sqlalchemy->-r /tmp/venvza6bsf1z/requirements.txt (line 14))","logger":"airflow.utils.process_utils"}
{"timestamp":"2025-09-14T11:43:18.024330","level":"info","event":"  Using cached greenlet-3.2.4-cp312-cp312-manylinux_2_24_x86_64.manylinux_2_28_x86_64.whl.metadata (4.1 kB)","logger":"airflow.utils.process_utils"}
{"timestamp":"2025-09-14T11:43:18.061321","level":"info","event":"Collecting typing-extensions>=4.6.0 (from sqlalchemy->-r /tmp/venvza6bsf1z/requirements.txt (line 14))","logger":"airflow.utils.process_utils"}
{"timestamp":"2025-09-14T11:43:18.062942","level":"info","event":"  Using cached typing_extensions-4.15.0-py3-none-any.whl.metadata (3.3 kB)","logger":"airflow.utils.process_utils"}
{"timestamp":"2025-09-14T11:43:18.303635","level":"info","event":"Using cached dotenv-0.9.9-py2.py3-none-any.whl (1.9 kB)","logger":"airflow.utils.process_utils"}
{"timestamp":"2025-09-14T11:43:18.305235","level":"info","event":"Using cached duckdb-1.3.2-cp312-cp312-manylinux_2_27_x86_64.manylinux_2_28_x86_64.whl (21.1 MB)","logger":"airflow.utils.process_utils"}
{"timestamp":"2025-09-14T11:43:18.339326","level":"info","event":"Using cached fastparquet-2024.11.0-cp312-cp312-manylinux_2_17_x86_64.manylinux2014_x86_64.whl (1.8 MB)","logger":"airflow.utils.process_utils"}
{"timestamp":"2025-09-14T11:43:18.343974","level":"info","event":"Using cached flask-3.1.2-py3-none-any.whl (103 kB)","logger":"airflow.utils.process_utils"}
{"timestamp":"2025-09-14T11:43:18.345592","level":"info","event":"Using cached gunicorn-23.0.0-py3-none-any.whl (85 kB)","logger":"airflow.utils.process_utils"}
{"timestamp":"2025-09-14T11:43:18.347223","level":"info","event":"Using cached matplotlib-3.10.6-cp312-cp312-manylinux2014_x86_64.manylinux_2_17_x86_64.whl (8.7 MB)","logger":"airflow.utils.process_utils"}
{"timestamp":"2025-09-14T11:43:18.362287","level":"info","event":"Using cached numpy-2.3.3-cp312-cp312-manylinux_2_27_x86_64.manylinux_2_28_x86_64.whl (16.6 MB)","logger":"airflow.utils.process_utils"}
{"timestamp":"2025-09-14T11:43:18.391110","level":"info","event":"Using cached pandas-2.3.2-cp312-cp312-manylinux_2_17_x86_64.manylinux2014_x86_64.whl (12.0 MB)","logger":"airflow.utils.process_utils"}
{"timestamp":"2025-09-14T11:43:18.411201","level":"info","event":"Using cached psycopg2_binary-2.9.10-cp312-cp312-manylinux_2_17_x86_64.manylinux2014_x86_64.whl (3.0 MB)","logger":"airflow.utils.process_utils"}
{"timestamp":"2025-09-14T11:43:18.417627","level":"info","event":"Using cached pyarrow-21.0.0-cp312-cp312-manylinux_2_28_x86_64.whl (42.8 MB)","logger":"airflow.utils.process_utils"}
{"timestamp":"2025-09-14T11:43:18.486306","level":"info","event":"Using cached requests-2.32.5-py3-none-any.whl (64 kB)","logger":"airflow.utils.process_utils"}
{"timestamp":"2025-09-14T11:43:18.487938","level":"info","event":"Using cached seaborn-0.13.2-py3-none-any.whl (294 kB)","logger":"airflow.utils.process_utils"}
{"timestamp":"2025-09-14T11:43:18.489830","level":"info","event":"Using cached sqlalchemy-2.0.43-cp312-cp312-manylinux_2_17_x86_64.manylinux2014_x86_64.whl (3.3 MB)","logger":"airflow.utils.process_utils"}
{"timestamp":"2025-09-14T11:43:18.496485","level":"info","event":"Using cached blinker-1.9.0-py3-none-any.whl (8.5 kB)","logger":"airflow.utils.process_utils"}
{"timestamp":"2025-09-14T11:43:18.497867","level":"info","event":"Using cached certifi-2025.8.3-py3-none-any.whl (161 kB)","logger":"airflow.utils.process_utils"}
{"timestamp":"2025-09-14T11:43:18.499648","level":"info","event":"Using cached charset_normalizer-3.4.3-cp312-cp312-manylinux2014_x86_64.manylinux_2_17_x86_64.manylinux_2_28_x86_64.whl (151 kB)","logger":"airflow.utils.process_utils"}
{"timestamp":"2025-09-14T11:43:18.501238","level":"info","event":"Using cached click-8.2.1-py3-none-any.whl (102 kB)","logger":"airflow.utils.process_utils"}
{"timestamp":"2025-09-14T11:43:18.502796","level":"info","event":"Using cached contourpy-1.3.3-cp312-cp312-manylinux_2_27_x86_64.manylinux_2_28_x86_64.whl (362 kB)","logger":"airflow.utils.process_utils"}
{"timestamp":"2025-09-14T11:43:18.504836","level":"info","event":"Using cached cramjam-2.11.0-cp312-cp312-manylinux_2_17_x86_64.manylinux2014_x86_64.whl (2.0 MB)","logger":"airflow.utils.process_utils"}
{"timestamp":"2025-09-14T11:43:18.509423","level":"info","event":"Using cached cycler-0.12.1-py3-none-any.whl (8.3 kB)","logger":"airflow.utils.process_utils"}
{"timestamp":"2025-09-14T11:43:18.510898","level":"info","event":"Using cached fonttools-4.59.2-cp312-cp312-manylinux1_x86_64.manylinux2014_x86_64.manylinux_2_17_x86_64.manylinux_2_5_x86_64.whl (4.9 MB)","logger":"airflow.utils.process_utils"}
{"timestamp":"2025-09-14T11:43:18.520205","level":"info","event":"Using cached greenlet-3.2.4-cp312-cp312-manylinux_2_24_x86_64.manylinux_2_28_x86_64.whl (607 kB)","logger":"airflow.utils.process_utils"}
{"timestamp":"2025-09-14T11:43:18.522827","level":"info","event":"Using cached idna-3.10-py3-none-any.whl (70 kB)","logger":"airflow.utils.process_utils"}
{"timestamp":"2025-09-14T11:43:18.524313","level":"info","event":"Using cached itsdangerous-2.2.0-py3-none-any.whl (16 kB)","logger":"airflow.utils.process_utils"}
{"timestamp":"2025-09-14T11:43:18.525690","level":"info","event":"Using cached jinja2-3.1.6-py3-none-any.whl (134 kB)","logger":"airflow.utils.process_utils"}
{"timestamp":"2025-09-14T11:43:18.527272","level":"info","event":"Using cached kiwisolver-1.4.9-cp312-cp312-manylinux2014_x86_64.manylinux_2_17_x86_64.whl (1.5 MB)","logger":"airflow.utils.process_utils"}
{"timestamp":"2025-09-14T11:43:18.530850","level":"info","event":"Using cached MarkupSafe-3.0.2-cp312-cp312-manylinux_2_17_x86_64.manylinux2014_x86_64.whl (23 kB)","logger":"airflow.utils.process_utils"}
{"timestamp":"2025-09-14T11:43:18.532153","level":"info","event":"Using cached packaging-25.0-py3-none-any.whl (66 kB)","logger":"airflow.utils.process_utils"}
{"timestamp":"2025-09-14T11:43:18.533611","level":"info","event":"Using cached pillow-11.3.0-cp312-cp312-manylinux_2_27_x86_64.manylinux_2_28_x86_64.whl (6.6 MB)","logger":"airflow.utils.process_utils"}
{"timestamp":"2025-09-14T11:43:18.545296","level":"info","event":"Using cached pyparsing-3.2.4-py3-none-any.whl (113 kB)","logger":"airflow.utils.process_utils"}
{"timestamp":"2025-09-14T11:43:18.547024","level":"info","event":"Using cached python_dateutil-2.9.0.post0-py2.py3-none-any.whl (229 kB)","logger":"airflow.utils.process_utils"}
{"timestamp":"2025-09-14T11:43:18.548847","level":"info","event":"Using cached pytz-2025.2-py2.py3-none-any.whl (509 kB)","logger":"airflow.utils.process_utils"}
{"timestamp":"2025-09-14T11:43:18.550913","level":"info","event":"Using cached six-1.17.0-py2.py3-none-any.whl (11 kB)","logger":"airflow.utils.process_utils"}
{"timestamp":"2025-09-14T11:43:18.552264","level":"info","event":"Using cached typing_extensions-4.15.0-py3-none-any.whl (44 kB)","logger":"airflow.utils.process_utils"}
{"timestamp":"2025-09-14T11:43:18.553694","level":"info","event":"Using cached tzdata-2025.2-py2.py3-none-any.whl (347 kB)","logger":"airflow.utils.process_utils"}
{"timestamp":"2025-09-14T11:43:18.555618","level":"info","event":"Using cached urllib3-2.5.0-py3-none-any.whl (129 kB)","logger":"airflow.utils.process_utils"}
{"timestamp":"2025-09-14T11:43:18.557187","level":"info","event":"Using cached werkzeug-3.1.3-py3-none-any.whl (224 kB)","logger":"airflow.utils.process_utils"}
{"timestamp":"2025-09-14T11:43:18.558828","level":"info","event":"Using cached fsspec-2025.9.0-py3-none-any.whl (199 kB)","logger":"airflow.utils.process_utils"}
{"timestamp":"2025-09-14T11:43:18.560515","level":"info","event":"Using cached python_dotenv-1.1.1-py3-none-any.whl (20 kB)","logger":"airflow.utils.process_utils"}
{"timestamp":"2025-09-14T11:43:19.503788","level":"info","event":"Installing collected packages: pytz, docopt, urllib3, tzdata, typing-extensions, six, python-dotenv, pyparsing, pyarrow, psycopg2-binary, pillow, packaging, numpy, markupsafe, kiwisolver, itsdangerous, idna, greenlet, fsspec, fonttools, duckdb, cycler, cramjam, click, charset_normalizer, certifi, blinker, werkzeug, sqlalchemy, requests, python-dateutil, jinja2, gunicorn, dotenv, contourpy, pandas, matplotlib, hdfs, flask, seaborn, fastparquet","logger":"airflow.utils.process_utils"}
{"timestamp":"2025-09-14T11:43:36.850225","level":"info","event":"Successfully installed blinker-1.9.0 certifi-2025.8.3 charset_normalizer-3.4.3 click-8.2.1 contourpy-1.3.3 cramjam-2.11.0 cycler-0.12.1 docopt-0.6.2 dotenv-0.9.9 duckdb-1.3.2 fastparquet-2024.11.0 flask-3.1.2 fonttools-4.59.2 fsspec-2025.9.0 greenlet-3.2.4 gunicorn-23.0.0 hdfs-2.7.3 idna-3.10 itsdangerous-2.2.0 jinja2-3.1.6 kiwisolver-1.4.9 markupsafe-3.0.2 matplotlib-3.10.6 numpy-2.3.3 packaging-25.0 pandas-2.3.2 pillow-11.3.0 psycopg2-binary-2.9.10 pyarrow-21.0.0 pyparsing-3.2.4 python-dateutil-2.9.0.post0 python-dotenv-1.1.1 pytz-2025.2 requests-2.32.5 seaborn-0.13.2 six-1.17.0 sqlalchemy-2.0.43 typing-extensions-4.15.0 tzdata-2025.2 urllib3-2.5.0 werkzeug-3.1.3","logger":"airflow.utils.process_utils"}
{"timestamp":"2025-09-14T11:43:37.630938","level":"info","event":"Executing cmd: /tmp/venvza6bsf1z/bin/python /tmp/venv-callx2iiiu45/script.py /tmp/venv-callx2iiiu45/script.in /tmp/venv-callx2iiiu45/script.out /tmp/venv-callx2iiiu45/string_args.txt /tmp/venv-callx2iiiu45/termination.log /tmp/venv-callx2iiiu45/airflow_context.json","logger":"airflow.utils.process_utils"}
{"timestamp":"2025-09-14T11:43:37.631996","level":"info","event":"Output:","logger":"airflow.utils.process_utils"}
{"timestamp":"2025-09-14T11:43:43.470544","level":"info","event":"Extracted 15909 companies from the NASDAQ stock exchange.","logger":"airflow.utils.process_utils"}
{"timestamp":"2025-09-14T11:43:43.470844","level":"info","event":"Extracted 14071 companies from the NYSE stock exchange.","logger":"airflow.utils.process_utils"}
{"timestamp":"2025-09-14T11:43:43.471038","level":"info","event":"Data saved to HDFS at /user/tiendat/etl_database/raw/companies/crawl_companies_2025-09-14.json","logger":"airflow.utils.process_utils"}
{"timestamp":"2025-09-14T11:43:43.471191","level":"info","event":"Extracted 15909 companies from the NASDAQ stock exchange.","logger":"airflow.utils.process_utils"}
{"timestamp":"2025-09-14T11:43:43.471333","level":"info","event":"Extracted 14071 companies from the NYSE stock exchange.","logger":"airflow.utils.process_utils"}
{"timestamp":"2025-09-14T11:43:43.471517","level":"info","event":"Data saved to HDFS at /user/tiendat/etl_database/raw/companies/crawl_companies_2025-09-14.json","logger":"airflow.utils.process_utils"}
{"timestamp":"2025-09-14T11:43:43.516549","level":"warning","event":"Fail to delete /home/tiendat/airflow/tmp/venvza6bsf1z. The directory does not exist.","logger":"airflow.task.operators.airflow.providers.standard.operators.python.PythonVirtualenvOperator"}
{"timestamp":"2025-09-14T11:43:43.842931","level":"info","event":"Done. Returned value was: None","logger":"airflow.task.operators.airflow.providers.standard.operators.python.PythonVirtualenvOperator"}
