{"timestamp":"2025-09-17T01:00:43.663209","level":"info","event":"DAG bundles loaded: dags-folder","logger":"airflow.dag_processing.bundles.manager.DagBundlesManager"}
{"timestamp":"2025-09-17T01:00:43.663946","level":"info","event":"Filling up the DagBag from /home/tiendat/Pipeline-Stock-ETL/schedule/dags/etl_source_database.py","logger":"airflow.models.dagbag.DagBag"}
{"timestamp":"2025-09-17T01:00:43.721145","level":"info","event":"Executing cmd: python -m venv /tmp/venv188vibmr","logger":"airflow.utils.process_utils"}
{"timestamp":"2025-09-17T01:00:43.722258","level":"info","event":"Output:","logger":"airflow.utils.process_utils"}
{"timestamp":"2025-09-17T01:00:47.524416","level":"info","event":"Executing cmd: /tmp/venv188vibmr/bin/pip install -r /tmp/venv188vibmr/requirements.txt","logger":"airflow.utils.process_utils"}
{"timestamp":"2025-09-17T01:00:47.525259","level":"info","event":"Output:","logger":"airflow.utils.process_utils"}
{"timestamp":"2025-09-17T01:00:47.996840","level":"info","event":"Collecting dotenv (from -r /tmp/venv188vibmr/requirements.txt (line 1))","logger":"airflow.utils.process_utils"}
{"timestamp":"2025-09-17T01:00:48.001200","level":"info","event":"  Using cached dotenv-0.9.9-py2.py3-none-any.whl.metadata (279 bytes)","logger":"airflow.utils.process_utils"}
{"timestamp":"2025-09-17T01:00:48.187083","level":"info","event":"Collecting duckdb (from -r /tmp/venv188vibmr/requirements.txt (line 2))","logger":"airflow.utils.process_utils"}
{"timestamp":"2025-09-17T01:00:48.189857","level":"info","event":"  Using cached duckdb-1.4.0-cp312-cp312-manylinux_2_27_x86_64.manylinux_2_28_x86_64.whl.metadata (14 kB)","logger":"airflow.utils.process_utils"}
{"timestamp":"2025-09-17T01:00:48.267990","level":"info","event":"Collecting fastparquet (from -r /tmp/venv188vibmr/requirements.txt (line 3))","logger":"airflow.utils.process_utils"}
{"timestamp":"2025-09-17T01:00:48.272592","level":"info","event":"  Using cached fastparquet-2024.11.0-cp312-cp312-manylinux_2_17_x86_64.manylinux2014_x86_64.whl.metadata (4.2 kB)","logger":"airflow.utils.process_utils"}
{"timestamp":"2025-09-17T01:00:48.332626","level":"info","event":"Collecting flask (from -r /tmp/venv188vibmr/requirements.txt (line 4))","logger":"airflow.utils.process_utils"}
{"timestamp":"2025-09-17T01:00:48.337777","level":"info","event":"  Using cached flask-3.1.2-py3-none-any.whl.metadata (3.2 kB)","logger":"airflow.utils.process_utils"}
{"timestamp":"2025-09-17T01:00:48.397132","level":"info","event":"Collecting gunicorn (from -r /tmp/venv188vibmr/requirements.txt (line 5))","logger":"airflow.utils.process_utils"}
{"timestamp":"2025-09-17T01:00:48.405564","level":"info","event":"  Using cached gunicorn-23.0.0-py3-none-any.whl.metadata (4.4 kB)","logger":"airflow.utils.process_utils"}
{"timestamp":"2025-09-17T01:00:48.463357","level":"info","event":"Collecting hdfs (from -r /tmp/venv188vibmr/requirements.txt (line 6))","logger":"airflow.utils.process_utils"}
{"timestamp":"2025-09-17T01:00:48.463626","level":"info","event":"  Using cached hdfs-2.7.3-py3-none-any.whl","logger":"airflow.utils.process_utils"}
{"timestamp":"2025-09-17T01:00:48.677260","level":"info","event":"Collecting matplotlib (from -r /tmp/venv188vibmr/requirements.txt (line 7))","logger":"airflow.utils.process_utils"}
{"timestamp":"2025-09-17T01:00:48.684658","level":"info","event":"  Using cached matplotlib-3.10.6-cp312-cp312-manylinux2014_x86_64.manylinux_2_17_x86_64.whl.metadata (11 kB)","logger":"airflow.utils.process_utils"}
{"timestamp":"2025-09-17T01:00:48.928799","level":"info","event":"Collecting numpy (from -r /tmp/venv188vibmr/requirements.txt (line 8))","logger":"airflow.utils.process_utils"}
{"timestamp":"2025-09-17T01:00:48.932831","level":"info","event":"  Using cached numpy-2.3.3-cp312-cp312-manylinux_2_27_x86_64.manylinux_2_28_x86_64.whl.metadata (62 kB)","logger":"airflow.utils.process_utils"}
{"timestamp":"2025-09-17T01:00:49.110730","level":"info","event":"Collecting pandas (from -r /tmp/venv188vibmr/requirements.txt (line 9))","logger":"airflow.utils.process_utils"}
{"timestamp":"2025-09-17T01:00:49.114137","level":"info","event":"  Using cached pandas-2.3.2-cp312-cp312-manylinux_2_17_x86_64.manylinux2014_x86_64.whl.metadata (91 kB)","logger":"airflow.utils.process_utils"}
{"timestamp":"2025-09-17T01:00:49.278894","level":"info","event":"Collecting psycopg2-binary (from -r /tmp/venv188vibmr/requirements.txt (line 10))","logger":"airflow.utils.process_utils"}
{"timestamp":"2025-09-17T01:00:49.282913","level":"info","event":"  Using cached psycopg2_binary-2.9.10-cp312-cp312-manylinux_2_17_x86_64.manylinux2014_x86_64.whl.metadata (4.9 kB)","logger":"airflow.utils.process_utils"}
{"timestamp":"2025-09-17T01:00:49.397185","level":"info","event":"Collecting pyarrow (from -r /tmp/venv188vibmr/requirements.txt (line 11))","logger":"airflow.utils.process_utils"}
{"timestamp":"2025-09-17T01:00:49.401791","level":"info","event":"  Using cached pyarrow-21.0.0-cp312-cp312-manylinux_2_28_x86_64.whl.metadata (3.3 kB)","logger":"airflow.utils.process_utils"}
{"timestamp":"2025-09-17T01:00:49.439386","level":"info","event":"Collecting pyspark==3.5.6 (from -r /tmp/venv188vibmr/requirements.txt (line 12))","logger":"airflow.utils.process_utils"}
{"timestamp":"2025-09-17T01:00:49.439642","level":"info","event":"  Using cached pyspark-3.5.6-py2.py3-none-any.whl","logger":"airflow.utils.process_utils"}
{"timestamp":"2025-09-17T01:00:49.501225","level":"info","event":"Collecting requests (from -r /tmp/venv188vibmr/requirements.txt (line 13))","logger":"airflow.utils.process_utils"}
{"timestamp":"2025-09-17T01:00:49.503808","level":"info","event":"  Using cached requests-2.32.5-py3-none-any.whl.metadata (4.9 kB)","logger":"airflow.utils.process_utils"}
{"timestamp":"2025-09-17T01:00:49.540530","level":"info","event":"Collecting seaborn (from -r /tmp/venv188vibmr/requirements.txt (line 14))","logger":"airflow.utils.process_utils"}
{"timestamp":"2025-09-17T01:00:49.544678","level":"info","event":"  Using cached seaborn-0.13.2-py3-none-any.whl.metadata (5.4 kB)","logger":"airflow.utils.process_utils"}
{"timestamp":"2025-09-17T01:00:49.937689","level":"info","event":"Collecting sqlalchemy (from -r /tmp/venv188vibmr/requirements.txt (line 15))","logger":"airflow.utils.process_utils"}
{"timestamp":"2025-09-17T01:00:49.941078","level":"info","event":"  Using cached sqlalchemy-2.0.43-cp312-cp312-manylinux_2_17_x86_64.manylinux2014_x86_64.whl.metadata (9.6 kB)","logger":"airflow.utils.process_utils"}
{"timestamp":"2025-09-17T01:00:50.001433","level":"info","event":"Collecting py4j==0.10.9.7 (from pyspark==3.5.6->-r /tmp/venv188vibmr/requirements.txt (line 12))","logger":"airflow.utils.process_utils"}
{"timestamp":"2025-09-17T01:00:50.010205","level":"info","event":"  Using cached py4j-0.10.9.7-py2.py3-none-any.whl.metadata (1.5 kB)","logger":"airflow.utils.process_utils"}
{"timestamp":"2025-09-17T01:00:50.050415","level":"info","event":"Collecting python-dotenv (from dotenv->-r /tmp/venv188vibmr/requirements.txt (line 1))","logger":"airflow.utils.process_utils"}
{"timestamp":"2025-09-17T01:00:50.054055","level":"info","event":"  Using cached python_dotenv-1.1.1-py3-none-any.whl.metadata (24 kB)","logger":"airflow.utils.process_utils"}
{"timestamp":"2025-09-17T01:00:50.384668","level":"info","event":"Collecting cramjam>=2.3 (from fastparquet->-r /tmp/venv188vibmr/requirements.txt (line 3))","logger":"airflow.utils.process_utils"}
{"timestamp":"2025-09-17T01:00:50.389197","level":"info","event":"  Using cached cramjam-2.11.0-cp312-cp312-manylinux_2_17_x86_64.manylinux2014_x86_64.whl.metadata (5.6 kB)","logger":"airflow.utils.process_utils"}
{"timestamp":"2025-09-17T01:00:50.440033","level":"info","event":"Collecting fsspec (from fastparquet->-r /tmp/venv188vibmr/requirements.txt (line 3))","logger":"airflow.utils.process_utils"}
{"timestamp":"2025-09-17T01:00:50.446943","level":"info","event":"  Using cached fsspec-2025.9.0-py3-none-any.whl.metadata (10 kB)","logger":"airflow.utils.process_utils"}
{"timestamp":"2025-09-17T01:00:50.499808","level":"info","event":"Collecting packaging (from fastparquet->-r /tmp/venv188vibmr/requirements.txt (line 3))","logger":"airflow.utils.process_utils"}
{"timestamp":"2025-09-17T01:00:50.502686","level":"info","event":"  Using cached packaging-25.0-py3-none-any.whl.metadata (3.3 kB)","logger":"airflow.utils.process_utils"}
{"timestamp":"2025-09-17T01:00:50.540887","level":"info","event":"Collecting blinker>=1.9.0 (from flask->-r /tmp/venv188vibmr/requirements.txt (line 4))","logger":"airflow.utils.process_utils"}
{"timestamp":"2025-09-17T01:00:50.544920","level":"info","event":"  Using cached blinker-1.9.0-py3-none-any.whl.metadata (1.6 kB)","logger":"airflow.utils.process_utils"}
{"timestamp":"2025-09-17T01:00:50.584736","level":"info","event":"Collecting click>=8.1.3 (from flask->-r /tmp/venv188vibmr/requirements.txt (line 4))","logger":"airflow.utils.process_utils"}
{"timestamp":"2025-09-17T01:00:50.587536","level":"info","event":"  Using cached click-8.2.1-py3-none-any.whl.metadata (2.5 kB)","logger":"airflow.utils.process_utils"}
{"timestamp":"2025-09-17T01:00:50.619187","level":"info","event":"Collecting itsdangerous>=2.2.0 (from flask->-r /tmp/venv188vibmr/requirements.txt (line 4))","logger":"airflow.utils.process_utils"}
{"timestamp":"2025-09-17T01:00:50.622823","level":"info","event":"  Using cached itsdangerous-2.2.0-py3-none-any.whl.metadata (1.9 kB)","logger":"airflow.utils.process_utils"}
{"timestamp":"2025-09-17T01:00:50.682569","level":"info","event":"Collecting jinja2>=3.1.2 (from flask->-r /tmp/venv188vibmr/requirements.txt (line 4))","logger":"airflow.utils.process_utils"}
{"timestamp":"2025-09-17T01:00:50.685717","level":"info","event":"  Using cached jinja2-3.1.6-py3-none-any.whl.metadata (2.9 kB)","logger":"airflow.utils.process_utils"}
{"timestamp":"2025-09-17T01:00:50.768030","level":"info","event":"Collecting markupsafe>=2.1.1 (from flask->-r /tmp/venv188vibmr/requirements.txt (line 4))","logger":"airflow.utils.process_utils"}
{"timestamp":"2025-09-17T01:00:50.770732","level":"info","event":"  Using cached MarkupSafe-3.0.2-cp312-cp312-manylinux_2_17_x86_64.manylinux2014_x86_64.whl.metadata (4.0 kB)","logger":"airflow.utils.process_utils"}
{"timestamp":"2025-09-17T01:00:50.821132","level":"info","event":"Collecting werkzeug>=3.1.0 (from flask->-r /tmp/venv188vibmr/requirements.txt (line 4))","logger":"airflow.utils.process_utils"}
{"timestamp":"2025-09-17T01:00:50.826418","level":"info","event":"  Using cached werkzeug-3.1.3-py3-none-any.whl.metadata (3.7 kB)","logger":"airflow.utils.process_utils"}
{"timestamp":"2025-09-17T01:00:50.871224","level":"info","event":"Collecting docopt (from hdfs->-r /tmp/venv188vibmr/requirements.txt (line 6))","logger":"airflow.utils.process_utils"}
{"timestamp":"2025-09-17T01:00:50.871535","level":"info","event":"  Using cached docopt-0.6.2-py2.py3-none-any.whl","logger":"airflow.utils.process_utils"}
{"timestamp":"2025-09-17T01:00:50.915013","level":"info","event":"Collecting six>=1.9.0 (from hdfs->-r /tmp/venv188vibmr/requirements.txt (line 6))","logger":"airflow.utils.process_utils"}
{"timestamp":"2025-09-17T01:00:50.917583","level":"info","event":"  Using cached six-1.17.0-py2.py3-none-any.whl.metadata (1.7 kB)","logger":"airflow.utils.process_utils"}
{"timestamp":"2025-09-17T01:00:51.033227","level":"info","event":"Collecting contourpy>=1.0.1 (from matplotlib->-r /tmp/venv188vibmr/requirements.txt (line 7))","logger":"airflow.utils.process_utils"}
{"timestamp":"2025-09-17T01:00:51.037513","level":"info","event":"  Using cached contourpy-1.3.3-cp312-cp312-manylinux_2_27_x86_64.manylinux_2_28_x86_64.whl.metadata (5.5 kB)","logger":"airflow.utils.process_utils"}
{"timestamp":"2025-09-17T01:00:51.065799","level":"info","event":"Collecting cycler>=0.10 (from matplotlib->-r /tmp/venv188vibmr/requirements.txt (line 7))","logger":"airflow.utils.process_utils"}
{"timestamp":"2025-09-17T01:00:51.069102","level":"info","event":"  Using cached cycler-0.12.1-py3-none-any.whl.metadata (3.8 kB)","logger":"airflow.utils.process_utils"}
{"timestamp":"2025-09-17T01:00:51.279176","level":"info","event":"Collecting fonttools>=4.22.0 (from matplotlib->-r /tmp/venv188vibmr/requirements.txt (line 7))","logger":"airflow.utils.process_utils"}
{"timestamp":"2025-09-17T01:00:51.283532","level":"info","event":"  Using cached fonttools-4.59.2-cp312-cp312-manylinux1_x86_64.manylinux2014_x86_64.manylinux_2_17_x86_64.manylinux_2_5_x86_64.whl.metadata (109 kB)","logger":"airflow.utils.process_utils"}
{"timestamp":"2025-09-17T01:00:51.383142","level":"info","event":"Collecting kiwisolver>=1.3.1 (from matplotlib->-r /tmp/venv188vibmr/requirements.txt (line 7))","logger":"airflow.utils.process_utils"}
{"timestamp":"2025-09-17T01:00:51.386666","level":"info","event":"  Using cached kiwisolver-1.4.9-cp312-cp312-manylinux2014_x86_64.manylinux_2_17_x86_64.whl.metadata (6.3 kB)","logger":"airflow.utils.process_utils"}
{"timestamp":"2025-09-17T01:00:51.770873","level":"info","event":"Collecting pillow>=8 (from matplotlib->-r /tmp/venv188vibmr/requirements.txt (line 7))","logger":"airflow.utils.process_utils"}
{"timestamp":"2025-09-17T01:00:51.774686","level":"info","event":"  Using cached pillow-11.3.0-cp312-cp312-manylinux_2_27_x86_64.manylinux_2_28_x86_64.whl.metadata (9.0 kB)","logger":"airflow.utils.process_utils"}
{"timestamp":"2025-09-17T01:00:51.830675","level":"info","event":"Collecting pyparsing>=2.3.1 (from matplotlib->-r /tmp/venv188vibmr/requirements.txt (line 7))","logger":"airflow.utils.process_utils"}
{"timestamp":"2025-09-17T01:00:51.833241","level":"info","event":"  Using cached pyparsing-3.2.4-py3-none-any.whl.metadata (5.0 kB)","logger":"airflow.utils.process_utils"}
{"timestamp":"2025-09-17T01:00:51.874480","level":"info","event":"Collecting python-dateutil>=2.7 (from matplotlib->-r /tmp/venv188vibmr/requirements.txt (line 7))","logger":"airflow.utils.process_utils"}
{"timestamp":"2025-09-17T01:00:51.876746","level":"info","event":"  Using cached python_dateutil-2.9.0.post0-py2.py3-none-any.whl.metadata (8.4 kB)","logger":"airflow.utils.process_utils"}
{"timestamp":"2025-09-17T01:00:52.021503","level":"info","event":"Collecting pytz>=2020.1 (from pandas->-r /tmp/venv188vibmr/requirements.txt (line 9))","logger":"airflow.utils.process_utils"}
{"timestamp":"2025-09-17T01:00:52.024267","level":"info","event":"  Using cached pytz-2025.2-py2.py3-none-any.whl.metadata (22 kB)","logger":"airflow.utils.process_utils"}
{"timestamp":"2025-09-17T01:00:52.061350","level":"info","event":"Collecting tzdata>=2022.7 (from pandas->-r /tmp/venv188vibmr/requirements.txt (line 9))","logger":"airflow.utils.process_utils"}
{"timestamp":"2025-09-17T01:00:52.064657","level":"info","event":"  Using cached tzdata-2025.2-py2.py3-none-any.whl.metadata (1.4 kB)","logger":"airflow.utils.process_utils"}
{"timestamp":"2025-09-17T01:00:52.192068","level":"info","event":"Collecting charset_normalizer<4,>=2 (from requests->-r /tmp/venv188vibmr/requirements.txt (line 13))","logger":"airflow.utils.process_utils"}
{"timestamp":"2025-09-17T01:00:52.195186","level":"info","event":"  Using cached charset_normalizer-3.4.3-cp312-cp312-manylinux2014_x86_64.manylinux_2_17_x86_64.manylinux_2_28_x86_64.whl.metadata (36 kB)","logger":"airflow.utils.process_utils"}
{"timestamp":"2025-09-17T01:00:52.233533","level":"info","event":"Collecting idna<4,>=2.5 (from requests->-r /tmp/venv188vibmr/requirements.txt (line 13))","logger":"airflow.utils.process_utils"}
{"timestamp":"2025-09-17T01:00:52.236048","level":"info","event":"  Using cached idna-3.10-py3-none-any.whl.metadata (10 kB)","logger":"airflow.utils.process_utils"}
{"timestamp":"2025-09-17T01:00:52.302497","level":"info","event":"Collecting urllib3<3,>=1.21.1 (from requests->-r /tmp/venv188vibmr/requirements.txt (line 13))","logger":"airflow.utils.process_utils"}
{"timestamp":"2025-09-17T01:00:52.304943","level":"info","event":"  Using cached urllib3-2.5.0-py3-none-any.whl.metadata (6.5 kB)","logger":"airflow.utils.process_utils"}
{"timestamp":"2025-09-17T01:00:52.350834","level":"info","event":"Collecting certifi>=2017.4.17 (from requests->-r /tmp/venv188vibmr/requirements.txt (line 13))","logger":"airflow.utils.process_utils"}
{"timestamp":"2025-09-17T01:00:52.353292","level":"info","event":"  Using cached certifi-2025.8.3-py3-none-any.whl.metadata (2.4 kB)","logger":"airflow.utils.process_utils"}
{"timestamp":"2025-09-17T01:00:52.600866","level":"info","event":"Collecting greenlet>=1 (from sqlalchemy->-r /tmp/venv188vibmr/requirements.txt (line 15))","logger":"airflow.utils.process_utils"}
{"timestamp":"2025-09-17T01:00:52.605109","level":"info","event":"  Using cached greenlet-3.2.4-cp312-cp312-manylinux_2_24_x86_64.manylinux_2_28_x86_64.whl.metadata (4.1 kB)","logger":"airflow.utils.process_utils"}
{"timestamp":"2025-09-17T01:00:52.646035","level":"info","event":"Collecting typing-extensions>=4.6.0 (from sqlalchemy->-r /tmp/venv188vibmr/requirements.txt (line 15))","logger":"airflow.utils.process_utils"}
{"timestamp":"2025-09-17T01:00:52.649968","level":"info","event":"  Using cached typing_extensions-4.15.0-py3-none-any.whl.metadata (3.3 kB)","logger":"airflow.utils.process_utils"}
{"timestamp":"2025-09-17T01:00:52.932544","level":"info","event":"Using cached py4j-0.10.9.7-py2.py3-none-any.whl (200 kB)","logger":"airflow.utils.process_utils"}
{"timestamp":"2025-09-17T01:00:52.939143","level":"info","event":"Using cached dotenv-0.9.9-py2.py3-none-any.whl (1.9 kB)","logger":"airflow.utils.process_utils"}
{"timestamp":"2025-09-17T01:00:52.942001","level":"info","event":"Using cached duckdb-1.4.0-cp312-cp312-manylinux_2_27_x86_64.manylinux_2_28_x86_64.whl (20.4 MB)","logger":"airflow.utils.process_utils"}
{"timestamp":"2025-09-17T01:00:53.045895","level":"info","event":"Using cached fastparquet-2024.11.0-cp312-cp312-manylinux_2_17_x86_64.manylinux2014_x86_64.whl (1.8 MB)","logger":"airflow.utils.process_utils"}
{"timestamp":"2025-09-17T01:00:53.057750","level":"info","event":"Using cached flask-3.1.2-py3-none-any.whl (103 kB)","logger":"airflow.utils.process_utils"}
{"timestamp":"2025-09-17T01:00:53.062971","level":"info","event":"Using cached gunicorn-23.0.0-py3-none-any.whl (85 kB)","logger":"airflow.utils.process_utils"}
{"timestamp":"2025-09-17T01:00:53.068290","level":"info","event":"Using cached matplotlib-3.10.6-cp312-cp312-manylinux2014_x86_64.manylinux_2_17_x86_64.whl (8.7 MB)","logger":"airflow.utils.process_utils"}
{"timestamp":"2025-09-17T01:00:53.109721","level":"info","event":"Using cached numpy-2.3.3-cp312-cp312-manylinux_2_27_x86_64.manylinux_2_28_x86_64.whl (16.6 MB)","logger":"airflow.utils.process_utils"}
{"timestamp":"2025-09-17T01:00:53.186546","level":"info","event":"Using cached pandas-2.3.2-cp312-cp312-manylinux_2_17_x86_64.manylinux2014_x86_64.whl (12.0 MB)","logger":"airflow.utils.process_utils"}
{"timestamp":"2025-09-17T01:00:53.241721","level":"info","event":"Using cached psycopg2_binary-2.9.10-cp312-cp312-manylinux_2_17_x86_64.manylinux2014_x86_64.whl (3.0 MB)","logger":"airflow.utils.process_utils"}
{"timestamp":"2025-09-17T01:00:53.256066","level":"info","event":"Using cached pyarrow-21.0.0-cp312-cp312-manylinux_2_28_x86_64.whl (42.8 MB)","logger":"airflow.utils.process_utils"}
{"timestamp":"2025-09-17T01:00:53.406259","level":"info","event":"Using cached requests-2.32.5-py3-none-any.whl (64 kB)","logger":"airflow.utils.process_utils"}
{"timestamp":"2025-09-17T01:00:53.411013","level":"info","event":"Using cached seaborn-0.13.2-py3-none-any.whl (294 kB)","logger":"airflow.utils.process_utils"}
{"timestamp":"2025-09-17T01:00:53.414500","level":"info","event":"Using cached sqlalchemy-2.0.43-cp312-cp312-manylinux_2_17_x86_64.manylinux2014_x86_64.whl (3.3 MB)","logger":"airflow.utils.process_utils"}
{"timestamp":"2025-09-17T01:00:53.423069","level":"info","event":"Using cached blinker-1.9.0-py3-none-any.whl (8.5 kB)","logger":"airflow.utils.process_utils"}
{"timestamp":"2025-09-17T01:00:53.425181","level":"info","event":"Using cached certifi-2025.8.3-py3-none-any.whl (161 kB)","logger":"airflow.utils.process_utils"}
{"timestamp":"2025-09-17T01:00:53.430142","level":"info","event":"Using cached charset_normalizer-3.4.3-cp312-cp312-manylinux2014_x86_64.manylinux_2_17_x86_64.manylinux_2_28_x86_64.whl (151 kB)","logger":"airflow.utils.process_utils"}
{"timestamp":"2025-09-17T01:00:53.434472","level":"info","event":"Using cached click-8.2.1-py3-none-any.whl (102 kB)","logger":"airflow.utils.process_utils"}
{"timestamp":"2025-09-17T01:00:53.439687","level":"info","event":"Using cached contourpy-1.3.3-cp312-cp312-manylinux_2_27_x86_64.manylinux_2_28_x86_64.whl (362 kB)","logger":"airflow.utils.process_utils"}
{"timestamp":"2025-09-17T01:00:53.445321","level":"info","event":"Using cached cramjam-2.11.0-cp312-cp312-manylinux_2_17_x86_64.manylinux2014_x86_64.whl (2.0 MB)","logger":"airflow.utils.process_utils"}
{"timestamp":"2025-09-17T01:00:53.453153","level":"info","event":"Using cached cycler-0.12.1-py3-none-any.whl (8.3 kB)","logger":"airflow.utils.process_utils"}
{"timestamp":"2025-09-17T01:00:53.456424","level":"info","event":"Using cached fonttools-4.59.2-cp312-cp312-manylinux1_x86_64.manylinux2014_x86_64.manylinux_2_17_x86_64.manylinux_2_5_x86_64.whl (4.9 MB)","logger":"airflow.utils.process_utils"}
{"timestamp":"2025-09-17T01:00:53.467321","level":"info","event":"Using cached greenlet-3.2.4-cp312-cp312-manylinux_2_24_x86_64.manylinux_2_28_x86_64.whl (607 kB)","logger":"airflow.utils.process_utils"}
{"timestamp":"2025-09-17T01:00:53.470352","level":"info","event":"Using cached idna-3.10-py3-none-any.whl (70 kB)","logger":"airflow.utils.process_utils"}
{"timestamp":"2025-09-17T01:00:53.478452","level":"info","event":"Using cached itsdangerous-2.2.0-py3-none-any.whl (16 kB)","logger":"airflow.utils.process_utils"}
{"timestamp":"2025-09-17T01:00:53.480828","level":"info","event":"Using cached jinja2-3.1.6-py3-none-any.whl (134 kB)","logger":"airflow.utils.process_utils"}
{"timestamp":"2025-09-17T01:00:53.486825","level":"info","event":"Using cached kiwisolver-1.4.9-cp312-cp312-manylinux2014_x86_64.manylinux_2_17_x86_64.whl (1.5 MB)","logger":"airflow.utils.process_utils"}
{"timestamp":"2025-09-17T01:00:53.493685","level":"info","event":"Using cached MarkupSafe-3.0.2-cp312-cp312-manylinux_2_17_x86_64.manylinux2014_x86_64.whl (23 kB)","logger":"airflow.utils.process_utils"}
{"timestamp":"2025-09-17T01:00:53.498427","level":"info","event":"Using cached packaging-25.0-py3-none-any.whl (66 kB)","logger":"airflow.utils.process_utils"}
{"timestamp":"2025-09-17T01:00:53.503692","level":"info","event":"Using cached pillow-11.3.0-cp312-cp312-manylinux_2_27_x86_64.manylinux_2_28_x86_64.whl (6.6 MB)","logger":"airflow.utils.process_utils"}
{"timestamp":"2025-09-17T01:00:53.516757","level":"info","event":"Using cached pyparsing-3.2.4-py3-none-any.whl (113 kB)","logger":"airflow.utils.process_utils"}
{"timestamp":"2025-09-17T01:00:53.520854","level":"info","event":"Using cached python_dateutil-2.9.0.post0-py2.py3-none-any.whl (229 kB)","logger":"airflow.utils.process_utils"}
{"timestamp":"2025-09-17T01:00:53.525891","level":"info","event":"Using cached pytz-2025.2-py2.py3-none-any.whl (509 kB)","logger":"airflow.utils.process_utils"}
{"timestamp":"2025-09-17T01:00:53.532006","level":"info","event":"Using cached six-1.17.0-py2.py3-none-any.whl (11 kB)","logger":"airflow.utils.process_utils"}
{"timestamp":"2025-09-17T01:00:53.534639","level":"info","event":"Using cached typing_extensions-4.15.0-py3-none-any.whl (44 kB)","logger":"airflow.utils.process_utils"}
{"timestamp":"2025-09-17T01:00:53.538737","level":"info","event":"Using cached tzdata-2025.2-py2.py3-none-any.whl (347 kB)","logger":"airflow.utils.process_utils"}
{"timestamp":"2025-09-17T01:00:53.541213","level":"info","event":"Using cached urllib3-2.5.0-py3-none-any.whl (129 kB)","logger":"airflow.utils.process_utils"}
{"timestamp":"2025-09-17T01:00:53.547052","level":"info","event":"Using cached werkzeug-3.1.3-py3-none-any.whl (224 kB)","logger":"airflow.utils.process_utils"}
{"timestamp":"2025-09-17T01:00:53.550383","level":"info","event":"Using cached fsspec-2025.9.0-py3-none-any.whl (199 kB)","logger":"airflow.utils.process_utils"}
{"timestamp":"2025-09-17T01:00:53.554226","level":"info","event":"Using cached python_dotenv-1.1.1-py3-none-any.whl (20 kB)","logger":"airflow.utils.process_utils"}
{"timestamp":"2025-09-17T01:00:54.362355","level":"info","event":"Installing collected packages: pytz, py4j, docopt, urllib3, tzdata, typing-extensions, six, python-dotenv, pyspark, pyparsing, pyarrow, psycopg2-binary, pillow, packaging, numpy, markupsafe, kiwisolver, itsdangerous, idna, greenlet, fsspec, fonttools, duckdb, cycler, cramjam, click, charset_normalizer, certifi, blinker, werkzeug, sqlalchemy, requests, python-dateutil, jinja2, gunicorn, dotenv, contourpy, pandas, matplotlib, hdfs, flask, seaborn, fastparquet","logger":"airflow.utils.process_utils"}
{"timestamp":"2025-09-17T01:01:16.596459","level":"info","event":"Successfully installed blinker-1.9.0 certifi-2025.8.3 charset_normalizer-3.4.3 click-8.2.1 contourpy-1.3.3 cramjam-2.11.0 cycler-0.12.1 docopt-0.6.2 dotenv-0.9.9 duckdb-1.4.0 fastparquet-2024.11.0 flask-3.1.2 fonttools-4.59.2 fsspec-2025.9.0 greenlet-3.2.4 gunicorn-23.0.0 hdfs-2.7.3 idna-3.10 itsdangerous-2.2.0 jinja2-3.1.6 kiwisolver-1.4.9 markupsafe-3.0.2 matplotlib-3.10.6 numpy-2.3.3 packaging-25.0 pandas-2.3.2 pillow-11.3.0 psycopg2-binary-2.9.10 py4j-0.10.9.7 pyarrow-21.0.0 pyparsing-3.2.4 pyspark-3.5.6 python-dateutil-2.9.0.post0 python-dotenv-1.1.1 pytz-2025.2 requests-2.32.5 seaborn-0.13.2 six-1.17.0 sqlalchemy-2.0.43 typing-extensions-4.15.0 tzdata-2025.2 urllib3-2.5.0 werkzeug-3.1.3","logger":"airflow.utils.process_utils"}
{"timestamp":"2025-09-17T01:01:17.512769","level":"info","event":"Executing cmd: /tmp/venv188vibmr/bin/python /tmp/venv-callql5znb5d/script.py /tmp/venv-callql5znb5d/script.in /tmp/venv-callql5znb5d/script.out /tmp/venv-callql5znb5d/string_args.txt /tmp/venv-callql5znb5d/termination.log /tmp/venv-callql5znb5d/airflow_context.json","logger":"airflow.utils.process_utils"}
{"timestamp":"2025-09-17T01:01:17.513934","level":"info","event":"Output:","logger":"airflow.utils.process_utils"}
{"timestamp":"2025-09-17T01:01:18.074941","level":"info","event":"Extracted 16 regions and exchanges.","logger":"airflow.utils.process_utils"}
{"timestamp":"2025-09-17T01:01:18.076785","level":"info","event":"Data saved to HDFS at /user/tiendat/etl_database/raw/marketstatus/crawl_marketstatus_2025-09-17.json","logger":"airflow.utils.process_utils"}
{"timestamp":"2025-09-17T01:01:18.077004","level":"info","event":"Extracted 16 regions and exchanges.","logger":"airflow.utils.process_utils"}
{"timestamp":"2025-09-17T01:01:18.077195","level":"info","event":"Data saved to HDFS at /user/tiendat/etl_database/raw/marketstatus/crawl_marketstatus_2025-09-17.json","logger":"airflow.utils.process_utils"}
{"timestamp":"2025-09-17T01:01:18.114538","level":"warning","event":"Fail to delete /home/tiendat/airflow/tmp/venv188vibmr. The directory does not exist.","logger":"airflow.task.operators.airflow.providers.standard.operators.python.PythonVirtualenvOperator"}
{"timestamp":"2025-09-17T01:01:18.389864","level":"info","event":"Done. Returned value was: None","logger":"airflow.task.operators.airflow.providers.standard.operators.python.PythonVirtualenvOperator"}
