{"timestamp":"2025-09-15T11:16:42.203372","level":"info","event":"DAG bundles loaded: dags-folder","logger":"airflow.dag_processing.bundles.manager.DagBundlesManager"}
{"timestamp":"2025-09-15T11:16:42.206218","level":"info","event":"Filling up the DagBag from /home/tiendat/Pipeline-Stock-ETL/schedule/dags/etl_datawarehouse.py","logger":"airflow.models.dagbag.DagBag"}
{"timestamp":"2025-09-15T11:16:42.302536","level":"info","event":"Executing cmd: python -m venv /tmp/venvpa5201g2 --system-site-packages","logger":"airflow.utils.process_utils"}
{"timestamp":"2025-09-15T11:16:42.304830","level":"info","event":"Output:","logger":"airflow.utils.process_utils"}
{"timestamp":"2025-09-15T11:16:45.669896","level":"info","event":"Executing cmd: /tmp/venvpa5201g2/bin/pip install -r /tmp/venvpa5201g2/requirements.txt","logger":"airflow.utils.process_utils"}
{"timestamp":"2025-09-15T11:16:45.670692","level":"info","event":"Output:","logger":"airflow.utils.process_utils"}
{"timestamp":"2025-09-15T11:16:46.199882","level":"info","event":"Collecting dotenv (from -r /tmp/venvpa5201g2/requirements.txt (line 1))","logger":"airflow.utils.process_utils"}
{"timestamp":"2025-09-15T11:16:46.201529","level":"info","event":"  Using cached dotenv-0.9.9-py2.py3-none-any.whl.metadata (279 bytes)","logger":"airflow.utils.process_utils"}
{"timestamp":"2025-09-15T11:16:46.363864","level":"info","event":"Collecting duckdb (from -r /tmp/venvpa5201g2/requirements.txt (line 2))","logger":"airflow.utils.process_utils"}
{"timestamp":"2025-09-15T11:16:46.365597","level":"info","event":"  Using cached duckdb-1.3.2-cp312-cp312-manylinux_2_27_x86_64.manylinux_2_28_x86_64.whl.metadata (7.0 kB)","logger":"airflow.utils.process_utils"}
{"timestamp":"2025-09-15T11:16:46.436472","level":"info","event":"Collecting fastparquet (from -r /tmp/venvpa5201g2/requirements.txt (line 3))","logger":"airflow.utils.process_utils"}
{"timestamp":"2025-09-15T11:16:46.438915","level":"info","event":"  Using cached fastparquet-2024.11.0-cp312-cp312-manylinux_2_17_x86_64.manylinux2014_x86_64.whl.metadata (4.2 kB)","logger":"airflow.utils.process_utils"}
{"timestamp":"2025-09-15T11:16:46.479158","level":"info","event":"Collecting flask (from -r /tmp/venvpa5201g2/requirements.txt (line 4))","logger":"airflow.utils.process_utils"}
{"timestamp":"2025-09-15T11:16:46.480742","level":"info","event":"  Using cached flask-3.1.2-py3-none-any.whl.metadata (3.2 kB)","logger":"airflow.utils.process_utils"}
{"timestamp":"2025-09-15T11:16:46.518612","level":"info","event":"Collecting gunicorn (from -r /tmp/venvpa5201g2/requirements.txt (line 5))","logger":"airflow.utils.process_utils"}
{"timestamp":"2025-09-15T11:16:46.520260","level":"info","event":"  Using cached gunicorn-23.0.0-py3-none-any.whl.metadata (4.4 kB)","logger":"airflow.utils.process_utils"}
{"timestamp":"2025-09-15T11:16:46.554972","level":"info","event":"Collecting hdfs (from -r /tmp/venvpa5201g2/requirements.txt (line 6))","logger":"airflow.utils.process_utils"}
{"timestamp":"2025-09-15T11:16:46.555228","level":"info","event":"  Using cached hdfs-2.7.3-py3-none-any.whl","logger":"airflow.utils.process_utils"}
{"timestamp":"2025-09-15T11:16:46.739394","level":"info","event":"Collecting matplotlib (from -r /tmp/venvpa5201g2/requirements.txt (line 7))","logger":"airflow.utils.process_utils"}
{"timestamp":"2025-09-15T11:16:46.741199","level":"info","event":"  Using cached matplotlib-3.10.6-cp312-cp312-manylinux2014_x86_64.manylinux_2_17_x86_64.whl.metadata (11 kB)","logger":"airflow.utils.process_utils"}
{"timestamp":"2025-09-15T11:16:46.965359","level":"info","event":"Collecting numpy (from -r /tmp/venvpa5201g2/requirements.txt (line 8))","logger":"airflow.utils.process_utils"}
{"timestamp":"2025-09-15T11:16:46.967118","level":"info","event":"  Using cached numpy-2.3.3-cp312-cp312-manylinux_2_27_x86_64.manylinux_2_28_x86_64.whl.metadata (62 kB)","logger":"airflow.utils.process_utils"}
{"timestamp":"2025-09-15T11:16:47.150670","level":"info","event":"Collecting pandas (from -r /tmp/venvpa5201g2/requirements.txt (line 9))","logger":"airflow.utils.process_utils"}
{"timestamp":"2025-09-15T11:16:47.152309","level":"info","event":"  Using cached pandas-2.3.2-cp312-cp312-manylinux_2_17_x86_64.manylinux2014_x86_64.whl.metadata (91 kB)","logger":"airflow.utils.process_utils"}
{"timestamp":"2025-09-15T11:16:47.294461","level":"info","event":"Collecting psycopg2-binary (from -r /tmp/venvpa5201g2/requirements.txt (line 10))","logger":"airflow.utils.process_utils"}
{"timestamp":"2025-09-15T11:16:47.296471","level":"info","event":"  Using cached psycopg2_binary-2.9.10-cp312-cp312-manylinux_2_17_x86_64.manylinux2014_x86_64.whl.metadata (4.9 kB)","logger":"airflow.utils.process_utils"}
{"timestamp":"2025-09-15T11:16:47.411523","level":"info","event":"Collecting pyarrow (from -r /tmp/venvpa5201g2/requirements.txt (line 11))","logger":"airflow.utils.process_utils"}
{"timestamp":"2025-09-15T11:16:47.413181","level":"info","event":"  Using cached pyarrow-21.0.0-cp312-cp312-manylinux_2_28_x86_64.whl.metadata (3.3 kB)","logger":"airflow.utils.process_utils"}
{"timestamp":"2025-09-15T11:16:47.446652","level":"info","event":"Collecting pyspark==3.5.6 (from -r /tmp/venvpa5201g2/requirements.txt (line 12))","logger":"airflow.utils.process_utils"}
{"timestamp":"2025-09-15T11:16:47.446887","level":"info","event":"  Using cached pyspark-3.5.6-py2.py3-none-any.whl","logger":"airflow.utils.process_utils"}
{"timestamp":"2025-09-15T11:16:47.452672","level":"info","event":"Requirement already satisfied: requests in /usr/lib/python3/dist-packages (from -r /tmp/venvpa5201g2/requirements.txt (line 13)) (2.31.0)","logger":"airflow.utils.process_utils"}
{"timestamp":"2025-09-15T11:16:47.485653","level":"info","event":"Collecting seaborn (from -r /tmp/venvpa5201g2/requirements.txt (line 14))","logger":"airflow.utils.process_utils"}
{"timestamp":"2025-09-15T11:16:47.487194","level":"info","event":"  Using cached seaborn-0.13.2-py3-none-any.whl.metadata (5.4 kB)","logger":"airflow.utils.process_utils"}
{"timestamp":"2025-09-15T11:16:47.964704","level":"info","event":"Collecting sqlalchemy (from -r /tmp/venvpa5201g2/requirements.txt (line 15))","logger":"airflow.utils.process_utils"}
{"timestamp":"2025-09-15T11:16:47.967538","level":"info","event":"  Using cached sqlalchemy-2.0.43-cp312-cp312-manylinux_2_17_x86_64.manylinux2014_x86_64.whl.metadata (9.6 kB)","logger":"airflow.utils.process_utils"}
{"timestamp":"2025-09-15T11:16:48.015092","level":"info","event":"Collecting py4j==0.10.9.7 (from pyspark==3.5.6->-r /tmp/venvpa5201g2/requirements.txt (line 12))","logger":"airflow.utils.process_utils"}
{"timestamp":"2025-09-15T11:16:48.016786","level":"info","event":"  Using cached py4j-0.10.9.7-py2.py3-none-any.whl.metadata (1.5 kB)","logger":"airflow.utils.process_utils"}
{"timestamp":"2025-09-15T11:16:48.056045","level":"info","event":"Collecting python-dotenv (from dotenv->-r /tmp/venvpa5201g2/requirements.txt (line 1))","logger":"airflow.utils.process_utils"}
{"timestamp":"2025-09-15T11:16:48.057711","level":"info","event":"  Using cached python_dotenv-1.1.1-py3-none-any.whl.metadata (24 kB)","logger":"airflow.utils.process_utils"}
{"timestamp":"2025-09-15T11:16:48.285691","level":"info","event":"Collecting cramjam>=2.3 (from fastparquet->-r /tmp/venvpa5201g2/requirements.txt (line 3))","logger":"airflow.utils.process_utils"}
{"timestamp":"2025-09-15T11:16:48.287334","level":"info","event":"  Using cached cramjam-2.11.0-cp312-cp312-manylinux_2_17_x86_64.manylinux2014_x86_64.whl.metadata (5.6 kB)","logger":"airflow.utils.process_utils"}
{"timestamp":"2025-09-15T11:16:48.392857","level":"info","event":"Collecting fsspec (from fastparquet->-r /tmp/venvpa5201g2/requirements.txt (line 3))","logger":"airflow.utils.process_utils"}
{"timestamp":"2025-09-15T11:16:48.394468","level":"info","event":"  Using cached fsspec-2025.9.0-py3-none-any.whl.metadata (10 kB)","logger":"airflow.utils.process_utils"}
{"timestamp":"2025-09-15T11:16:48.398279","level":"info","event":"Requirement already satisfied: packaging in /usr/lib/python3/dist-packages (from fastparquet->-r /tmp/venvpa5201g2/requirements.txt (line 3)) (24.0)","logger":"airflow.utils.process_utils"}
{"timestamp":"2025-09-15T11:16:48.432736","level":"info","event":"Collecting blinker>=1.9.0 (from flask->-r /tmp/venvpa5201g2/requirements.txt (line 4))","logger":"airflow.utils.process_utils"}
{"timestamp":"2025-09-15T11:16:48.434278","level":"info","event":"  Using cached blinker-1.9.0-py3-none-any.whl.metadata (1.6 kB)","logger":"airflow.utils.process_utils"}
{"timestamp":"2025-09-15T11:16:48.436955","level":"info","event":"Requirement already satisfied: click>=8.1.3 in /usr/lib/python3/dist-packages (from flask->-r /tmp/venvpa5201g2/requirements.txt (line 4)) (8.1.6)","logger":"airflow.utils.process_utils"}
{"timestamp":"2025-09-15T11:16:48.466528","level":"info","event":"Collecting itsdangerous>=2.2.0 (from flask->-r /tmp/venvpa5201g2/requirements.txt (line 4))","logger":"airflow.utils.process_utils"}
{"timestamp":"2025-09-15T11:16:48.468070","level":"info","event":"  Using cached itsdangerous-2.2.0-py3-none-any.whl.metadata (1.9 kB)","logger":"airflow.utils.process_utils"}
{"timestamp":"2025-09-15T11:16:48.470829","level":"info","event":"Requirement already satisfied: jinja2>=3.1.2 in /usr/lib/python3/dist-packages (from flask->-r /tmp/venvpa5201g2/requirements.txt (line 4)) (3.1.2)","logger":"airflow.utils.process_utils"}
{"timestamp":"2025-09-15T11:16:48.472243","level":"info","event":"Requirement already satisfied: markupsafe>=2.1.1 in /usr/lib/python3/dist-packages (from flask->-r /tmp/venvpa5201g2/requirements.txt (line 4)) (2.1.5)","logger":"airflow.utils.process_utils"}
{"timestamp":"2025-09-15T11:16:48.518369","level":"info","event":"Collecting werkzeug>=3.1.0 (from flask->-r /tmp/venvpa5201g2/requirements.txt (line 4))","logger":"airflow.utils.process_utils"}
{"timestamp":"2025-09-15T11:16:48.520187","level":"info","event":"  Using cached werkzeug-3.1.3-py3-none-any.whl.metadata (3.7 kB)","logger":"airflow.utils.process_utils"}
{"timestamp":"2025-09-15T11:16:48.560835","level":"info","event":"Collecting docopt (from hdfs->-r /tmp/venvpa5201g2/requirements.txt (line 6))","logger":"airflow.utils.process_utils"}
{"timestamp":"2025-09-15T11:16:48.561074","level":"info","event":"  Using cached docopt-0.6.2-py2.py3-none-any.whl","logger":"airflow.utils.process_utils"}
{"timestamp":"2025-09-15T11:16:48.564130","level":"info","event":"Requirement already satisfied: six>=1.9.0 in /usr/lib/python3/dist-packages (from hdfs->-r /tmp/venvpa5201g2/requirements.txt (line 6)) (1.16.0)","logger":"airflow.utils.process_utils"}
{"timestamp":"2025-09-15T11:16:48.669006","level":"info","event":"Collecting contourpy>=1.0.1 (from matplotlib->-r /tmp/venvpa5201g2/requirements.txt (line 7))","logger":"airflow.utils.process_utils"}
{"timestamp":"2025-09-15T11:16:48.670710","level":"info","event":"  Using cached contourpy-1.3.3-cp312-cp312-manylinux_2_27_x86_64.manylinux_2_28_x86_64.whl.metadata (5.5 kB)","logger":"airflow.utils.process_utils"}
{"timestamp":"2025-09-15T11:16:48.700697","level":"info","event":"Collecting cycler>=0.10 (from matplotlib->-r /tmp/venvpa5201g2/requirements.txt (line 7))","logger":"airflow.utils.process_utils"}
{"timestamp":"2025-09-15T11:16:48.702415","level":"info","event":"  Using cached cycler-0.12.1-py3-none-any.whl.metadata (3.8 kB)","logger":"airflow.utils.process_utils"}
{"timestamp":"2025-09-15T11:16:48.907668","level":"info","event":"Collecting fonttools>=4.22.0 (from matplotlib->-r /tmp/venvpa5201g2/requirements.txt (line 7))","logger":"airflow.utils.process_utils"}
{"timestamp":"2025-09-15T11:16:48.909545","level":"info","event":"  Using cached fonttools-4.59.2-cp312-cp312-manylinux1_x86_64.manylinux2014_x86_64.manylinux_2_17_x86_64.manylinux_2_5_x86_64.whl.metadata (109 kB)","logger":"airflow.utils.process_utils"}
{"timestamp":"2025-09-15T11:16:49.021212","level":"info","event":"Collecting kiwisolver>=1.3.1 (from matplotlib->-r /tmp/venvpa5201g2/requirements.txt (line 7))","logger":"airflow.utils.process_utils"}
{"timestamp":"2025-09-15T11:16:49.023030","level":"info","event":"  Using cached kiwisolver-1.4.9-cp312-cp312-manylinux2014_x86_64.manylinux_2_17_x86_64.whl.metadata (6.3 kB)","logger":"airflow.utils.process_utils"}
{"timestamp":"2025-09-15T11:16:49.252087","level":"info","event":"Collecting pillow>=8 (from matplotlib->-r /tmp/venvpa5201g2/requirements.txt (line 7))","logger":"airflow.utils.process_utils"}
{"timestamp":"2025-09-15T11:16:49.253794","level":"info","event":"  Using cached pillow-11.3.0-cp312-cp312-manylinux_2_27_x86_64.manylinux_2_28_x86_64.whl.metadata (9.0 kB)","logger":"airflow.utils.process_utils"}
{"timestamp":"2025-09-15T11:16:49.257149","level":"info","event":"Requirement already satisfied: pyparsing>=2.3.1 in /usr/lib/python3/dist-packages (from matplotlib->-r /tmp/venvpa5201g2/requirements.txt (line 7)) (3.1.1)","logger":"airflow.utils.process_utils"}
{"timestamp":"2025-09-15T11:16:49.258766","level":"info","event":"Requirement already satisfied: python-dateutil>=2.7 in /usr/lib/python3/dist-packages (from matplotlib->-r /tmp/venvpa5201g2/requirements.txt (line 7)) (2.8.2)","logger":"airflow.utils.process_utils"}
{"timestamp":"2025-09-15T11:16:49.412355","level":"info","event":"Requirement already satisfied: pytz>=2020.1 in /usr/lib/python3/dist-packages (from pandas->-r /tmp/venvpa5201g2/requirements.txt (line 9)) (2024.1)","logger":"airflow.utils.process_utils"}
{"timestamp":"2025-09-15T11:16:49.445855","level":"info","event":"Collecting tzdata>=2022.7 (from pandas->-r /tmp/venvpa5201g2/requirements.txt (line 9))","logger":"airflow.utils.process_utils"}
{"timestamp":"2025-09-15T11:16:49.447459","level":"info","event":"  Using cached tzdata-2025.2-py2.py3-none-any.whl.metadata (1.4 kB)","logger":"airflow.utils.process_utils"}
{"timestamp":"2025-09-15T11:16:49.695131","level":"info","event":"Collecting greenlet>=1 (from sqlalchemy->-r /tmp/venvpa5201g2/requirements.txt (line 15))","logger":"airflow.utils.process_utils"}
{"timestamp":"2025-09-15T11:16:49.696864","level":"info","event":"  Using cached greenlet-3.2.4-cp312-cp312-manylinux_2_24_x86_64.manylinux_2_28_x86_64.whl.metadata (4.1 kB)","logger":"airflow.utils.process_utils"}
{"timestamp":"2025-09-15T11:16:49.699887","level":"info","event":"Requirement already satisfied: typing-extensions>=4.6.0 in /usr/lib/python3/dist-packages (from sqlalchemy->-r /tmp/venvpa5201g2/requirements.txt (line 15)) (4.10.0)","logger":"airflow.utils.process_utils"}
{"timestamp":"2025-09-15T11:16:49.897331","level":"info","event":"Using cached py4j-0.10.9.7-py2.py3-none-any.whl (200 kB)","logger":"airflow.utils.process_utils"}
{"timestamp":"2025-09-15T11:16:49.900447","level":"info","event":"Using cached dotenv-0.9.9-py2.py3-none-any.whl (1.9 kB)","logger":"airflow.utils.process_utils"}
{"timestamp":"2025-09-15T11:16:49.901911","level":"info","event":"Using cached duckdb-1.3.2-cp312-cp312-manylinux_2_27_x86_64.manylinux_2_28_x86_64.whl (21.1 MB)","logger":"airflow.utils.process_utils"}
{"timestamp":"2025-09-15T11:16:49.934813","level":"info","event":"Using cached fastparquet-2024.11.0-cp312-cp312-manylinux_2_17_x86_64.manylinux2014_x86_64.whl (1.8 MB)","logger":"airflow.utils.process_utils"}
{"timestamp":"2025-09-15T11:16:49.939006","level":"info","event":"Using cached flask-3.1.2-py3-none-any.whl (103 kB)","logger":"airflow.utils.process_utils"}
{"timestamp":"2025-09-15T11:16:49.940508","level":"info","event":"Using cached gunicorn-23.0.0-py3-none-any.whl (85 kB)","logger":"airflow.utils.process_utils"}
{"timestamp":"2025-09-15T11:16:49.942076","level":"info","event":"Using cached matplotlib-3.10.6-cp312-cp312-manylinux2014_x86_64.manylinux_2_17_x86_64.whl (8.7 MB)","logger":"airflow.utils.process_utils"}
{"timestamp":"2025-09-15T11:16:49.956259","level":"info","event":"Using cached numpy-2.3.3-cp312-cp312-manylinux_2_27_x86_64.manylinux_2_28_x86_64.whl (16.6 MB)","logger":"airflow.utils.process_utils"}
{"timestamp":"2025-09-15T11:16:49.989800","level":"info","event":"Using cached pandas-2.3.2-cp312-cp312-manylinux_2_17_x86_64.manylinux2014_x86_64.whl (12.0 MB)","logger":"airflow.utils.process_utils"}
{"timestamp":"2025-09-15T11:16:50.018865","level":"info","event":"Using cached psycopg2_binary-2.9.10-cp312-cp312-manylinux_2_17_x86_64.manylinux2014_x86_64.whl (3.0 MB)","logger":"airflow.utils.process_utils"}
{"timestamp":"2025-09-15T11:16:50.026321","level":"info","event":"Using cached pyarrow-21.0.0-cp312-cp312-manylinux_2_28_x86_64.whl (42.8 MB)","logger":"airflow.utils.process_utils"}
{"timestamp":"2025-09-15T11:16:50.094309","level":"info","event":"Using cached seaborn-0.13.2-py3-none-any.whl (294 kB)","logger":"airflow.utils.process_utils"}
{"timestamp":"2025-09-15T11:16:50.096434","level":"info","event":"Using cached sqlalchemy-2.0.43-cp312-cp312-manylinux_2_17_x86_64.manylinux2014_x86_64.whl (3.3 MB)","logger":"airflow.utils.process_utils"}
{"timestamp":"2025-09-15T11:16:50.102645","level":"info","event":"Using cached blinker-1.9.0-py3-none-any.whl (8.5 kB)","logger":"airflow.utils.process_utils"}
{"timestamp":"2025-09-15T11:16:50.103998","level":"info","event":"Using cached contourpy-1.3.3-cp312-cp312-manylinux_2_27_x86_64.manylinux_2_28_x86_64.whl (362 kB)","logger":"airflow.utils.process_utils"}
{"timestamp":"2025-09-15T11:16:50.105936","level":"info","event":"Using cached cramjam-2.11.0-cp312-cp312-manylinux_2_17_x86_64.manylinux2014_x86_64.whl (2.0 MB)","logger":"airflow.utils.process_utils"}
{"timestamp":"2025-09-15T11:16:50.110186","level":"info","event":"Using cached cycler-0.12.1-py3-none-any.whl (8.3 kB)","logger":"airflow.utils.process_utils"}
{"timestamp":"2025-09-15T11:16:50.111594","level":"info","event":"Using cached fonttools-4.59.2-cp312-cp312-manylinux1_x86_64.manylinux2014_x86_64.manylinux_2_17_x86_64.manylinux_2_5_x86_64.whl (4.9 MB)","logger":"airflow.utils.process_utils"}
{"timestamp":"2025-09-15T11:16:50.119887","level":"info","event":"Using cached greenlet-3.2.4-cp312-cp312-manylinux_2_24_x86_64.manylinux_2_28_x86_64.whl (607 kB)","logger":"airflow.utils.process_utils"}
{"timestamp":"2025-09-15T11:16:50.122065","level":"info","event":"Using cached itsdangerous-2.2.0-py3-none-any.whl (16 kB)","logger":"airflow.utils.process_utils"}
{"timestamp":"2025-09-15T11:16:50.123426","level":"info","event":"Using cached kiwisolver-1.4.9-cp312-cp312-manylinux2014_x86_64.manylinux_2_17_x86_64.whl (1.5 MB)","logger":"airflow.utils.process_utils"}
{"timestamp":"2025-09-15T11:16:50.126942","level":"info","event":"Using cached pillow-11.3.0-cp312-cp312-manylinux_2_27_x86_64.manylinux_2_28_x86_64.whl (6.6 MB)","logger":"airflow.utils.process_utils"}
{"timestamp":"2025-09-15T11:16:50.138385","level":"info","event":"Using cached tzdata-2025.2-py2.py3-none-any.whl (347 kB)","logger":"airflow.utils.process_utils"}
{"timestamp":"2025-09-15T11:16:50.140257","level":"info","event":"Using cached werkzeug-3.1.3-py3-none-any.whl (224 kB)","logger":"airflow.utils.process_utils"}
{"timestamp":"2025-09-15T11:16:50.141941","level":"info","event":"Using cached fsspec-2025.9.0-py3-none-any.whl (199 kB)","logger":"airflow.utils.process_utils"}
{"timestamp":"2025-09-15T11:16:50.143598","level":"info","event":"Using cached python_dotenv-1.1.1-py3-none-any.whl (20 kB)","logger":"airflow.utils.process_utils"}
{"timestamp":"2025-09-15T11:16:51.116530","level":"info","event":"Installing collected packages: py4j, docopt, werkzeug, tzdata, python-dotenv, pyspark, pyarrow, psycopg2-binary, pillow, numpy, kiwisolver, itsdangerous, hdfs, gunicorn, greenlet, fsspec, fonttools, duckdb, cycler, cramjam, blinker, sqlalchemy, pandas, flask, dotenv, contourpy, matplotlib, fastparquet, seaborn","logger":"airflow.utils.process_utils"}
{"timestamp":"2025-09-15T11:17:01.356199","level":"info","event":"  Attempting uninstall: blinker","logger":"airflow.utils.process_utils"}
{"timestamp":"2025-09-15T11:17:01.389988","level":"info","event":"    Found existing installation: blinker 1.7.0","logger":"airflow.utils.process_utils"}
{"timestamp":"2025-09-15T11:17:01.390419","level":"info","event":"    Not uninstalling blinker at /usr/lib/python3/dist-packages, outside environment /tmp/venvpa5201g2","logger":"airflow.utils.process_utils"}
{"timestamp":"2025-09-15T11:17:01.391446","level":"info","event":"    Can't uninstall 'blinker'. No files were found to uninstall.","logger":"airflow.utils.process_utils"}
{"timestamp":"2025-09-15T11:17:11.292644","level":"info","event":"Successfully installed blinker-1.9.0 contourpy-1.3.3 cramjam-2.11.0 cycler-0.12.1 docopt-0.6.2 dotenv-0.9.9 duckdb-1.3.2 fastparquet-2024.11.0 flask-3.1.2 fonttools-4.59.2 fsspec-2025.9.0 greenlet-3.2.4 gunicorn-23.0.0 hdfs-2.7.3 itsdangerous-2.2.0 kiwisolver-1.4.9 matplotlib-3.10.6 numpy-2.3.3 pandas-2.3.2 pillow-11.3.0 psycopg2-binary-2.9.10 py4j-0.10.9.7 pyarrow-21.0.0 pyspark-3.5.6 python-dotenv-1.1.1 seaborn-0.13.2 sqlalchemy-2.0.43 tzdata-2025.2 werkzeug-3.1.3","logger":"airflow.utils.process_utils"}
{"timestamp":"2025-09-15T11:17:11.922463","level":"info","event":"Executing cmd: /tmp/venvpa5201g2/bin/python /tmp/venv-callsqkb04lr/script.py /tmp/venv-callsqkb04lr/script.in /tmp/venv-callsqkb04lr/script.out /tmp/venv-callsqkb04lr/string_args.txt /tmp/venv-callsqkb04lr/termination.log /tmp/venv-callsqkb04lr/airflow_context.json","logger":"airflow.utils.process_utils"}
{"timestamp":"2025-09-15T11:17:11.923758","level":"info","event":"Output:","logger":"airflow.utils.process_utils"}
{"timestamp":"2025-09-15T11:17:16.259523","level":"info","event":"Setting default log level to \"WARN\".","logger":"airflow.utils.process_utils"}
{"timestamp":"2025-09-15T11:17:16.259845","level":"info","event":"To adjust logging level use sc.setLogLevel(newLevel). For SparkR, use setLogLevel(newLevel).","logger":"airflow.utils.process_utils"}
{"timestamp":"2025-09-15T11:17:16.647337","level":"info","event":"25/09/15 11:17:16 WARN NativeCodeLoader: Unable to load native-hadoop library for your platform... using builtin-java classes where applicable","logger":"airflow.utils.process_utils"}
{"timestamp":"2025-09-15T11:17:19.092440","level":"info","event":"2025-09-15 11:17:19,090 - INFO - Reading data from Silver layer: /user/tiendat/datalake/elt/silver/database_source/dt=2025-09-15","logger":"airflow.utils.process_utils"}
{"timestamp":"2025-09-15T11:17:28.187158","level":"info","event":"\r[Stage 0:>                                                          (0 + 1) / 1]\r\r                                                                                \r\r[Stage 1:>                                                          (0 + 2) / 2]\r\r                                                                                \r2025-09-15 11:17:28,186 - INFO - Successfully read 20523 rows from Silver layer","logger":"airflow.utils.process_utils"}
{"timestamp":"2025-09-15T11:17:28.187417","level":"info","event":"2025-09-15 11:17:28,186 - INFO - Starting data transformation...","logger":"airflow.utils.process_utils"}
{"timestamp":"2025-09-15T11:17:30.664748","level":"info","event":"\r[Stage 4:>                                                          (0 + 1) / 1]\r\r                                                                                \r2025-09-15 11:17:30,664 - INFO - Converting Spark DataFrame -> Pandas -> Arrow Table","logger":"airflow.utils.process_utils"}
{"timestamp":"2025-09-15T11:17:33.468320","level":"info","event":"\r[Stage 5:>                                                          (0 + 2) / 2]\r\r                                                                                \r2025-09-15 11:17:33,467 - INFO - Connecting to DuckDB at /home/tiendat/Pipeline-Stock-ETL/datawarehouse.duckdb","logger":"airflow.utils.process_utils"}
{"timestamp":"2025-09-15T11:17:33.562996","level":"info","event":"2025-09-15 11:17:33,562 - INFO - Arrow table registered successfully in DuckDB","logger":"airflow.utils.process_utils"}
{"timestamp":"2025-09-15T11:17:33.563261","level":"info","event":"2025-09-15 11:17:33,562 - INFO - Inserting data into dim_companies...","logger":"airflow.utils.process_utils"}
{"timestamp":"2025-09-15T11:17:34.107920","level":"info","event":"2025-09-15 11:17:34,101 - INFO - Inserted 20523 rows into dim_companies successfully","logger":"airflow.utils.process_utils"}
{"timestamp":"2025-09-15T11:17:34.108151","level":"info","event":"root","logger":"airflow.utils.process_utils"}
{"timestamp":"2025-09-15T11:17:34.108301","level":"info","event":" |-- company_name: string (nullable = true)","logger":"airflow.utils.process_utils"}
{"timestamp":"2025-09-15T11:17:34.108431","level":"info","event":" |-- company_ticker: string (nullable = true)","logger":"airflow.utils.process_utils"}
{"timestamp":"2025-09-15T11:17:34.108565","level":"info","event":" |-- company_is_delisted: boolean (nullable = true)","logger":"airflow.utils.process_utils"}
{"timestamp":"2025-09-15T11:17:34.108733","level":"info","event":" |-- company_category: string (nullable = true)","logger":"airflow.utils.process_utils"}
{"timestamp":"2025-09-15T11:17:34.108865","level":"info","event":" |-- company_currency: string (nullable = true)","logger":"airflow.utils.process_utils"}
{"timestamp":"2025-09-15T11:17:34.108997","level":"info","event":" |-- company_location: string (nullable = true)","logger":"airflow.utils.process_utils"}
{"timestamp":"2025-09-15T11:17:34.111748","level":"info","event":" |-- company_exchange_name: string (nullable = true)","logger":"airflow.utils.process_utils"}
{"timestamp":"2025-09-15T11:17:34.111929","level":"info","event":" |-- company_region_name: string (nullable = true)","logger":"airflow.utils.process_utils"}
{"timestamp":"2025-09-15T11:17:34.112092","level":"info","event":" |-- company_industry_name: string (nullable = true)","logger":"airflow.utils.process_utils"}
{"timestamp":"2025-09-15T11:17:34.112239","level":"info","event":" |-- company_industry_sector: string (nullable = true)","logger":"airflow.utils.process_utils"}
{"timestamp":"2025-09-15T11:17:34.112379","level":"info","event":" |-- company_sic_industry: string (nullable = true)","logger":"airflow.utils.process_utils"}
{"timestamp":"2025-09-15T11:17:34.113340","level":"info","event":" |-- company_sic_sector: string (nullable = true)","logger":"airflow.utils.process_utils"}
{"timestamp":"2025-09-15T11:17:34.113443","level":"info","event":"","logger":"airflow.utils.process_utils"}
{"timestamp":"2025-09-15T11:17:34.115144","level":"info","event":"+-------------------------------------+--------------+-------------------+---------------------+----------------+-------------------------+---------------------+-------------------+---------------------------+-----------------------+--------------------------------------------+---------------------------------+","logger":"airflow.utils.process_utils"}
{"timestamp":"2025-09-15T11:17:34.118652","level":"info","event":"|company_name                         |company_ticker|company_is_delisted|company_category     |company_currency|company_location         |company_exchange_name|company_region_name|company_industry_name      |company_industry_sector|company_sic_industry                        |company_sic_sector               |","logger":"airflow.utils.process_utils"}
{"timestamp":"2025-09-15T11:17:34.119335","level":"info","event":"+-------------------------------------+--------------+-------------------+---------------------+----------------+-------------------------+---------------------+-------------------+---------------------------+-----------------------+--------------------------------------------+---------------------------------+","logger":"airflow.utils.process_utils"}
{"timestamp":"2025-09-15T11:17:34.120005","level":"info","event":"|ALJ REGIONAL HOLDINGS INC            |ALJJ          |true               |Domestic Common Stock|USD             |New York; United States  |NASDAQ               |United States      |Specialty Business Services|Industrials            |Services-Business Services Nec              |Services                         |","logger":"airflow.utils.process_utils"}
{"timestamp":"2025-09-15T11:17:34.120444","level":"info","event":"|APOLLO ENDOSURGERY INC               |APEN          |true               |Domestic Common Stock|USD             |Texas; United States     |NASDAQ               |United States      |Medical Devices            |Healthcare             |Surgical & Medical Instruments & Apparatus  |Manufacturing                    |","logger":"airflow.utils.process_utils"}
{"timestamp":"2025-09-15T11:17:34.122626","level":"info","event":"|AUSPEX PHARMACEUTICALS INC           |ASPX          |true               |Domestic Common Stock|USD             |California; United States|NASDAQ               |United States      |Biotechnology              |Healthcare             |Pharmaceutical Preparations                 |Manufacturing                    |","logger":"airflow.utils.process_utils"}
{"timestamp":"2025-09-15T11:17:34.123310","level":"info","event":"|BMJ MEDICAL MANAGEMENT INC           |BONSQ         |true               |Domestic Common Stock|USD             |Florida; United States   |NASDAQ               |United States      |Medical Care Facilities    |Healthcare             |Services-Specialty Outpatient Facilities Nec|Services                         |","logger":"airflow.utils.process_utils"}
{"timestamp":"2025-09-15T11:17:34.123987","level":"info","event":"|BANK OF THE JAMES FINANCIAL GROUP INC|BOTJ          |false              |Domestic Common Stock|USD             |Virginia; United States  |NASDAQ               |United States      |Banks - Regional           |Financial Services     |State Commercial Banks                      |Finance Insurance And Real Estate|","logger":"airflow.utils.process_utils"}
{"timestamp":"2025-09-15T11:17:34.125832","level":"info","event":"+-------------------------------------+--------------+-------------------+---------------------+----------------+-------------------------+---------------------+-------------------+---------------------------+-----------------------+--------------------------------------------+---------------------------------+","logger":"airflow.utils.process_utils"}
{"timestamp":"2025-09-15T11:17:34.125992","level":"info","event":"only showing top 5 rows","logger":"airflow.utils.process_utils"}
{"timestamp":"2025-09-15T11:17:34.126504","level":"info","event":"","logger":"airflow.utils.process_utils"}
{"timestamp":"2025-09-15T11:17:34.126727","level":"info","event":"2025-09-15 11:17:34,106 - INFO - Closing down clientserver connection","logger":"airflow.utils.process_utils"}
{"timestamp":"2025-09-15T11:17:34.771378","level":"warning","event":"Fail to delete /home/tiendat/airflow/tmp/venvpa5201g2. The directory does not exist.","logger":"airflow.task.operators.airflow.providers.standard.operators.python.PythonVirtualenvOperator"}
{"timestamp":"2025-09-15T11:17:35.020051","level":"info","event":"Done. Returned value was: None","logger":"airflow.task.operators.airflow.providers.standard.operators.python.PythonVirtualenvOperator"}
