{"timestamp":"2025-09-15T10:59:18.985789","level":"info","event":"DAG bundles loaded: dags-folder","logger":"airflow.dag_processing.bundles.manager.DagBundlesManager"}
{"timestamp":"2025-09-15T10:59:18.986888","level":"info","event":"Filling up the DagBag from /home/tiendat/Pipeline-Stock-ETL/schedule/dags/etl_datawarehouse.py","logger":"airflow.models.dagbag.DagBag"}
{"timestamp":"2025-09-15T10:59:19.034151","level":"info","event":"Executing cmd: python -m venv /tmp/venvxkw0_hdz --system-site-packages","logger":"airflow.utils.process_utils"}
{"timestamp":"2025-09-15T10:59:19.035346","level":"info","event":"Output:","logger":"airflow.utils.process_utils"}
{"timestamp":"2025-09-15T10:59:22.612237","level":"info","event":"Executing cmd: /tmp/venvxkw0_hdz/bin/pip install -r /tmp/venvxkw0_hdz/requirements.txt","logger":"airflow.utils.process_utils"}
{"timestamp":"2025-09-15T10:59:22.613405","level":"info","event":"Output:","logger":"airflow.utils.process_utils"}
{"timestamp":"2025-09-15T10:59:23.158159","level":"info","event":"Collecting dotenv (from -r /tmp/venvxkw0_hdz/requirements.txt (line 1))","logger":"airflow.utils.process_utils"}
{"timestamp":"2025-09-15T10:59:23.161313","level":"info","event":"  Using cached dotenv-0.9.9-py2.py3-none-any.whl.metadata (279 bytes)","logger":"airflow.utils.process_utils"}
{"timestamp":"2025-09-15T10:59:23.308830","level":"info","event":"Collecting duckdb (from -r /tmp/venvxkw0_hdz/requirements.txt (line 2))","logger":"airflow.utils.process_utils"}
{"timestamp":"2025-09-15T10:59:23.312236","level":"info","event":"  Using cached duckdb-1.3.2-cp312-cp312-manylinux_2_27_x86_64.manylinux_2_28_x86_64.whl.metadata (7.0 kB)","logger":"airflow.utils.process_utils"}
{"timestamp":"2025-09-15T10:59:23.401116","level":"info","event":"Collecting fastparquet (from -r /tmp/venvxkw0_hdz/requirements.txt (line 3))","logger":"airflow.utils.process_utils"}
{"timestamp":"2025-09-15T10:59:23.404106","level":"info","event":"  Using cached fastparquet-2024.11.0-cp312-cp312-manylinux_2_17_x86_64.manylinux2014_x86_64.whl.metadata (4.2 kB)","logger":"airflow.utils.process_utils"}
{"timestamp":"2025-09-15T10:59:23.444825","level":"info","event":"Collecting flask (from -r /tmp/venvxkw0_hdz/requirements.txt (line 4))","logger":"airflow.utils.process_utils"}
{"timestamp":"2025-09-15T10:59:23.447543","level":"info","event":"  Using cached flask-3.1.2-py3-none-any.whl.metadata (3.2 kB)","logger":"airflow.utils.process_utils"}
{"timestamp":"2025-09-15T10:59:23.485472","level":"info","event":"Collecting gunicorn (from -r /tmp/venvxkw0_hdz/requirements.txt (line 5))","logger":"airflow.utils.process_utils"}
{"timestamp":"2025-09-15T10:59:23.488187","level":"info","event":"  Using cached gunicorn-23.0.0-py3-none-any.whl.metadata (4.4 kB)","logger":"airflow.utils.process_utils"}
{"timestamp":"2025-09-15T10:59:23.524658","level":"info","event":"Collecting hdfs (from -r /tmp/venvxkw0_hdz/requirements.txt (line 6))","logger":"airflow.utils.process_utils"}
{"timestamp":"2025-09-15T10:59:23.524910","level":"info","event":"  Using cached hdfs-2.7.3-py3-none-any.whl","logger":"airflow.utils.process_utils"}
{"timestamp":"2025-09-15T10:59:23.704137","level":"info","event":"Collecting matplotlib (from -r /tmp/venvxkw0_hdz/requirements.txt (line 7))","logger":"airflow.utils.process_utils"}
{"timestamp":"2025-09-15T10:59:23.709071","level":"info","event":"  Using cached matplotlib-3.10.6-cp312-cp312-manylinux2014_x86_64.manylinux_2_17_x86_64.whl.metadata (11 kB)","logger":"airflow.utils.process_utils"}
{"timestamp":"2025-09-15T10:59:23.940876","level":"info","event":"Collecting numpy (from -r /tmp/venvxkw0_hdz/requirements.txt (line 8))","logger":"airflow.utils.process_utils"}
{"timestamp":"2025-09-15T10:59:23.942733","level":"info","event":"  Using cached numpy-2.3.3-cp312-cp312-manylinux_2_27_x86_64.manylinux_2_28_x86_64.whl.metadata (62 kB)","logger":"airflow.utils.process_utils"}
{"timestamp":"2025-09-15T10:59:24.104426","level":"info","event":"Collecting pandas (from -r /tmp/venvxkw0_hdz/requirements.txt (line 9))","logger":"airflow.utils.process_utils"}
{"timestamp":"2025-09-15T10:59:24.109081","level":"info","event":"  Using cached pandas-2.3.2-cp312-cp312-manylinux_2_17_x86_64.manylinux2014_x86_64.whl.metadata (91 kB)","logger":"airflow.utils.process_utils"}
{"timestamp":"2025-09-15T10:59:24.269446","level":"info","event":"Collecting psycopg2-binary (from -r /tmp/venvxkw0_hdz/requirements.txt (line 10))","logger":"airflow.utils.process_utils"}
{"timestamp":"2025-09-15T10:59:24.272123","level":"info","event":"  Using cached psycopg2_binary-2.9.10-cp312-cp312-manylinux_2_17_x86_64.manylinux2014_x86_64.whl.metadata (4.9 kB)","logger":"airflow.utils.process_utils"}
{"timestamp":"2025-09-15T10:59:24.388358","level":"info","event":"Collecting pyarrow (from -r /tmp/venvxkw0_hdz/requirements.txt (line 11))","logger":"airflow.utils.process_utils"}
{"timestamp":"2025-09-15T10:59:24.391738","level":"info","event":"  Using cached pyarrow-21.0.0-cp312-cp312-manylinux_2_28_x86_64.whl.metadata (3.3 kB)","logger":"airflow.utils.process_utils"}
{"timestamp":"2025-09-15T10:59:24.428768","level":"info","event":"Collecting pyspark==3.5.6 (from -r /tmp/venvxkw0_hdz/requirements.txt (line 12))","logger":"airflow.utils.process_utils"}
{"timestamp":"2025-09-15T10:59:24.429012","level":"info","event":"  Using cached pyspark-3.5.6-py2.py3-none-any.whl","logger":"airflow.utils.process_utils"}
{"timestamp":"2025-09-15T10:59:24.435861","level":"info","event":"Requirement already satisfied: requests in /usr/lib/python3/dist-packages (from -r /tmp/venvxkw0_hdz/requirements.txt (line 13)) (2.31.0)","logger":"airflow.utils.process_utils"}
{"timestamp":"2025-09-15T10:59:24.467063","level":"info","event":"Collecting seaborn (from -r /tmp/venvxkw0_hdz/requirements.txt (line 14))","logger":"airflow.utils.process_utils"}
{"timestamp":"2025-09-15T10:59:24.469792","level":"info","event":"  Using cached seaborn-0.13.2-py3-none-any.whl.metadata (5.4 kB)","logger":"airflow.utils.process_utils"}
{"timestamp":"2025-09-15T10:59:24.832550","level":"info","event":"Collecting sqlalchemy (from -r /tmp/venvxkw0_hdz/requirements.txt (line 15))","logger":"airflow.utils.process_utils"}
{"timestamp":"2025-09-15T10:59:24.835870","level":"info","event":"  Using cached sqlalchemy-2.0.43-cp312-cp312-manylinux_2_17_x86_64.manylinux2014_x86_64.whl.metadata (9.6 kB)","logger":"airflow.utils.process_utils"}
{"timestamp":"2025-09-15T10:59:24.882733","level":"info","event":"Collecting py4j==0.10.9.7 (from pyspark==3.5.6->-r /tmp/venvxkw0_hdz/requirements.txt (line 12))","logger":"airflow.utils.process_utils"}
{"timestamp":"2025-09-15T10:59:24.888395","level":"info","event":"  Using cached py4j-0.10.9.7-py2.py3-none-any.whl.metadata (1.5 kB)","logger":"airflow.utils.process_utils"}
{"timestamp":"2025-09-15T10:59:24.926859","level":"info","event":"Collecting python-dotenv (from dotenv->-r /tmp/venvxkw0_hdz/requirements.txt (line 1))","logger":"airflow.utils.process_utils"}
{"timestamp":"2025-09-15T10:59:24.929922","level":"info","event":"  Using cached python_dotenv-1.1.1-py3-none-any.whl.metadata (24 kB)","logger":"airflow.utils.process_utils"}
{"timestamp":"2025-09-15T10:59:25.154388","level":"info","event":"Collecting cramjam>=2.3 (from fastparquet->-r /tmp/venvxkw0_hdz/requirements.txt (line 3))","logger":"airflow.utils.process_utils"}
{"timestamp":"2025-09-15T10:59:25.157441","level":"info","event":"  Using cached cramjam-2.11.0-cp312-cp312-manylinux_2_17_x86_64.manylinux2014_x86_64.whl.metadata (5.6 kB)","logger":"airflow.utils.process_utils"}
{"timestamp":"2025-09-15T10:59:25.269679","level":"info","event":"Collecting fsspec (from fastparquet->-r /tmp/venvxkw0_hdz/requirements.txt (line 3))","logger":"airflow.utils.process_utils"}
{"timestamp":"2025-09-15T10:59:25.273743","level":"info","event":"  Using cached fsspec-2025.9.0-py3-none-any.whl.metadata (10 kB)","logger":"airflow.utils.process_utils"}
{"timestamp":"2025-09-15T10:59:25.277690","level":"info","event":"Requirement already satisfied: packaging in /usr/lib/python3/dist-packages (from fastparquet->-r /tmp/venvxkw0_hdz/requirements.txt (line 3)) (24.0)","logger":"airflow.utils.process_utils"}
{"timestamp":"2025-09-15T10:59:25.313702","level":"info","event":"Collecting blinker>=1.9.0 (from flask->-r /tmp/venvxkw0_hdz/requirements.txt (line 4))","logger":"airflow.utils.process_utils"}
{"timestamp":"2025-09-15T10:59:25.316289","level":"info","event":"  Using cached blinker-1.9.0-py3-none-any.whl.metadata (1.6 kB)","logger":"airflow.utils.process_utils"}
{"timestamp":"2025-09-15T10:59:25.319058","level":"info","event":"Requirement already satisfied: click>=8.1.3 in /usr/lib/python3/dist-packages (from flask->-r /tmp/venvxkw0_hdz/requirements.txt (line 4)) (8.1.6)","logger":"airflow.utils.process_utils"}
{"timestamp":"2025-09-15T10:59:25.348413","level":"info","event":"Collecting itsdangerous>=2.2.0 (from flask->-r /tmp/venvxkw0_hdz/requirements.txt (line 4))","logger":"airflow.utils.process_utils"}
{"timestamp":"2025-09-15T10:59:25.351020","level":"info","event":"  Using cached itsdangerous-2.2.0-py3-none-any.whl.metadata (1.9 kB)","logger":"airflow.utils.process_utils"}
{"timestamp":"2025-09-15T10:59:25.353834","level":"info","event":"Requirement already satisfied: jinja2>=3.1.2 in /usr/lib/python3/dist-packages (from flask->-r /tmp/venvxkw0_hdz/requirements.txt (line 4)) (3.1.2)","logger":"airflow.utils.process_utils"}
{"timestamp":"2025-09-15T10:59:25.355250","level":"info","event":"Requirement already satisfied: markupsafe>=2.1.1 in /usr/lib/python3/dist-packages (from flask->-r /tmp/venvxkw0_hdz/requirements.txt (line 4)) (2.1.5)","logger":"airflow.utils.process_utils"}
{"timestamp":"2025-09-15T10:59:25.404264","level":"info","event":"Collecting werkzeug>=3.1.0 (from flask->-r /tmp/venvxkw0_hdz/requirements.txt (line 4))","logger":"airflow.utils.process_utils"}
{"timestamp":"2025-09-15T10:59:25.407143","level":"info","event":"  Using cached werkzeug-3.1.3-py3-none-any.whl.metadata (3.7 kB)","logger":"airflow.utils.process_utils"}
{"timestamp":"2025-09-15T10:59:25.457448","level":"info","event":"Collecting docopt (from hdfs->-r /tmp/venvxkw0_hdz/requirements.txt (line 6))","logger":"airflow.utils.process_utils"}
{"timestamp":"2025-09-15T10:59:25.457707","level":"info","event":"  Using cached docopt-0.6.2-py2.py3-none-any.whl","logger":"airflow.utils.process_utils"}
{"timestamp":"2025-09-15T10:59:25.461243","level":"info","event":"Requirement already satisfied: six>=1.9.0 in /usr/lib/python3/dist-packages (from hdfs->-r /tmp/venvxkw0_hdz/requirements.txt (line 6)) (1.16.0)","logger":"airflow.utils.process_utils"}
{"timestamp":"2025-09-15T10:59:25.595548","level":"info","event":"Collecting contourpy>=1.0.1 (from matplotlib->-r /tmp/venvxkw0_hdz/requirements.txt (line 7))","logger":"airflow.utils.process_utils"}
{"timestamp":"2025-09-15T10:59:25.598742","level":"info","event":"  Using cached contourpy-1.3.3-cp312-cp312-manylinux_2_27_x86_64.manylinux_2_28_x86_64.whl.metadata (5.5 kB)","logger":"airflow.utils.process_utils"}
{"timestamp":"2025-09-15T10:59:25.627880","level":"info","event":"Collecting cycler>=0.10 (from matplotlib->-r /tmp/venvxkw0_hdz/requirements.txt (line 7))","logger":"airflow.utils.process_utils"}
{"timestamp":"2025-09-15T10:59:25.631072","level":"info","event":"  Using cached cycler-0.12.1-py3-none-any.whl.metadata (3.8 kB)","logger":"airflow.utils.process_utils"}
{"timestamp":"2025-09-15T10:59:25.843217","level":"info","event":"Collecting fonttools>=4.22.0 (from matplotlib->-r /tmp/venvxkw0_hdz/requirements.txt (line 7))","logger":"airflow.utils.process_utils"}
{"timestamp":"2025-09-15T10:59:25.846968","level":"info","event":"  Using cached fonttools-4.59.2-cp312-cp312-manylinux1_x86_64.manylinux2014_x86_64.manylinux_2_17_x86_64.manylinux_2_5_x86_64.whl.metadata (109 kB)","logger":"airflow.utils.process_utils"}
{"timestamp":"2025-09-15T10:59:25.943489","level":"info","event":"Collecting kiwisolver>=1.3.1 (from matplotlib->-r /tmp/venvxkw0_hdz/requirements.txt (line 7))","logger":"airflow.utils.process_utils"}
{"timestamp":"2025-09-15T10:59:25.946104","level":"info","event":"  Using cached kiwisolver-1.4.9-cp312-cp312-manylinux2014_x86_64.manylinux_2_17_x86_64.whl.metadata (6.3 kB)","logger":"airflow.utils.process_utils"}
{"timestamp":"2025-09-15T10:59:26.176659","level":"info","event":"Collecting pillow>=8 (from matplotlib->-r /tmp/venvxkw0_hdz/requirements.txt (line 7))","logger":"airflow.utils.process_utils"}
{"timestamp":"2025-09-15T10:59:26.179557","level":"info","event":"  Using cached pillow-11.3.0-cp312-cp312-manylinux_2_27_x86_64.manylinux_2_28_x86_64.whl.metadata (9.0 kB)","logger":"airflow.utils.process_utils"}
{"timestamp":"2025-09-15T10:59:26.183146","level":"info","event":"Requirement already satisfied: pyparsing>=2.3.1 in /usr/lib/python3/dist-packages (from matplotlib->-r /tmp/venvxkw0_hdz/requirements.txt (line 7)) (3.1.1)","logger":"airflow.utils.process_utils"}
{"timestamp":"2025-09-15T10:59:26.184936","level":"info","event":"Requirement already satisfied: python-dateutil>=2.7 in /usr/lib/python3/dist-packages (from matplotlib->-r /tmp/venvxkw0_hdz/requirements.txt (line 7)) (2.8.2)","logger":"airflow.utils.process_utils"}
{"timestamp":"2025-09-15T10:59:26.341813","level":"info","event":"Requirement already satisfied: pytz>=2020.1 in /usr/lib/python3/dist-packages (from pandas->-r /tmp/venvxkw0_hdz/requirements.txt (line 9)) (2024.1)","logger":"airflow.utils.process_utils"}
{"timestamp":"2025-09-15T10:59:26.378326","level":"info","event":"Collecting tzdata>=2022.7 (from pandas->-r /tmp/venvxkw0_hdz/requirements.txt (line 9))","logger":"airflow.utils.process_utils"}
{"timestamp":"2025-09-15T10:59:26.380911","level":"info","event":"  Using cached tzdata-2025.2-py2.py3-none-any.whl.metadata (1.4 kB)","logger":"airflow.utils.process_utils"}
{"timestamp":"2025-09-15T10:59:26.643976","level":"info","event":"Collecting greenlet>=1 (from sqlalchemy->-r /tmp/venvxkw0_hdz/requirements.txt (line 15))","logger":"airflow.utils.process_utils"}
{"timestamp":"2025-09-15T10:59:26.647140","level":"info","event":"  Using cached greenlet-3.2.4-cp312-cp312-manylinux_2_24_x86_64.manylinux_2_28_x86_64.whl.metadata (4.1 kB)","logger":"airflow.utils.process_utils"}
{"timestamp":"2025-09-15T10:59:26.650492","level":"info","event":"Requirement already satisfied: typing-extensions>=4.6.0 in /usr/lib/python3/dist-packages (from sqlalchemy->-r /tmp/venvxkw0_hdz/requirements.txt (line 15)) (4.10.0)","logger":"airflow.utils.process_utils"}
{"timestamp":"2025-09-15T10:59:26.855433","level":"info","event":"Using cached py4j-0.10.9.7-py2.py3-none-any.whl (200 kB)","logger":"airflow.utils.process_utils"}
{"timestamp":"2025-09-15T10:59:26.860372","level":"info","event":"Using cached dotenv-0.9.9-py2.py3-none-any.whl (1.9 kB)","logger":"airflow.utils.process_utils"}
{"timestamp":"2025-09-15T10:59:26.863293","level":"info","event":"Using cached duckdb-1.3.2-cp312-cp312-manylinux_2_27_x86_64.manylinux_2_28_x86_64.whl (21.1 MB)","logger":"airflow.utils.process_utils"}
{"timestamp":"2025-09-15T10:59:26.900737","level":"info","event":"Using cached fastparquet-2024.11.0-cp312-cp312-manylinux_2_17_x86_64.manylinux2014_x86_64.whl (1.8 MB)","logger":"airflow.utils.process_utils"}
{"timestamp":"2025-09-15T10:59:26.906381","level":"info","event":"Using cached flask-3.1.2-py3-none-any.whl (103 kB)","logger":"airflow.utils.process_utils"}
{"timestamp":"2025-09-15T10:59:26.909800","level":"info","event":"Using cached gunicorn-23.0.0-py3-none-any.whl (85 kB)","logger":"airflow.utils.process_utils"}
{"timestamp":"2025-09-15T10:59:26.912823","level":"info","event":"Using cached matplotlib-3.10.6-cp312-cp312-manylinux2014_x86_64.manylinux_2_17_x86_64.whl (8.7 MB)","logger":"airflow.utils.process_utils"}
{"timestamp":"2025-09-15T10:59:26.929622","level":"info","event":"Using cached numpy-2.3.3-cp312-cp312-manylinux_2_27_x86_64.manylinux_2_28_x86_64.whl (16.6 MB)","logger":"airflow.utils.process_utils"}
{"timestamp":"2025-09-15T10:59:26.958174","level":"info","event":"Using cached pandas-2.3.2-cp312-cp312-manylinux_2_17_x86_64.manylinux2014_x86_64.whl (12.0 MB)","logger":"airflow.utils.process_utils"}
{"timestamp":"2025-09-15T10:59:26.979843","level":"info","event":"Using cached psycopg2_binary-2.9.10-cp312-cp312-manylinux_2_17_x86_64.manylinux2014_x86_64.whl (3.0 MB)","logger":"airflow.utils.process_utils"}
{"timestamp":"2025-09-15T10:59:26.986518","level":"info","event":"Using cached pyarrow-21.0.0-cp312-cp312-manylinux_2_28_x86_64.whl (42.8 MB)","logger":"airflow.utils.process_utils"}
{"timestamp":"2025-09-15T10:59:27.056304","level":"info","event":"Using cached seaborn-0.13.2-py3-none-any.whl (294 kB)","logger":"airflow.utils.process_utils"}
{"timestamp":"2025-09-15T10:59:27.058373","level":"info","event":"Using cached sqlalchemy-2.0.43-cp312-cp312-manylinux_2_17_x86_64.manylinux2014_x86_64.whl (3.3 MB)","logger":"airflow.utils.process_utils"}
{"timestamp":"2025-09-15T10:59:27.067012","level":"info","event":"Using cached blinker-1.9.0-py3-none-any.whl (8.5 kB)","logger":"airflow.utils.process_utils"}
{"timestamp":"2025-09-15T10:59:27.069157","level":"info","event":"Using cached contourpy-1.3.3-cp312-cp312-manylinux_2_27_x86_64.manylinux_2_28_x86_64.whl (362 kB)","logger":"airflow.utils.process_utils"}
{"timestamp":"2025-09-15T10:59:27.071646","level":"info","event":"Using cached cramjam-2.11.0-cp312-cp312-manylinux_2_17_x86_64.manylinux2014_x86_64.whl (2.0 MB)","logger":"airflow.utils.process_utils"}
{"timestamp":"2025-09-15T10:59:27.076887","level":"info","event":"Using cached cycler-0.12.1-py3-none-any.whl (8.3 kB)","logger":"airflow.utils.process_utils"}
{"timestamp":"2025-09-15T10:59:27.078355","level":"info","event":"Using cached fonttools-4.59.2-cp312-cp312-manylinux1_x86_64.manylinux2014_x86_64.manylinux_2_17_x86_64.manylinux_2_5_x86_64.whl (4.9 MB)","logger":"airflow.utils.process_utils"}
{"timestamp":"2025-09-15T10:59:27.088974","level":"info","event":"Using cached greenlet-3.2.4-cp312-cp312-manylinux_2_24_x86_64.manylinux_2_28_x86_64.whl (607 kB)","logger":"airflow.utils.process_utils"}
{"timestamp":"2025-09-15T10:59:27.091207","level":"info","event":"Using cached itsdangerous-2.2.0-py3-none-any.whl (16 kB)","logger":"airflow.utils.process_utils"}
{"timestamp":"2025-09-15T10:59:27.093021","level":"info","event":"Using cached kiwisolver-1.4.9-cp312-cp312-manylinux2014_x86_64.manylinux_2_17_x86_64.whl (1.5 MB)","logger":"airflow.utils.process_utils"}
{"timestamp":"2025-09-15T10:59:27.099807","level":"info","event":"Using cached pillow-11.3.0-cp312-cp312-manylinux_2_27_x86_64.manylinux_2_28_x86_64.whl (6.6 MB)","logger":"airflow.utils.process_utils"}
{"timestamp":"2025-09-15T10:59:27.117188","level":"info","event":"Using cached tzdata-2025.2-py2.py3-none-any.whl (347 kB)","logger":"airflow.utils.process_utils"}
{"timestamp":"2025-09-15T10:59:27.122342","level":"info","event":"Using cached werkzeug-3.1.3-py3-none-any.whl (224 kB)","logger":"airflow.utils.process_utils"}
{"timestamp":"2025-09-15T10:59:27.125655","level":"info","event":"Using cached fsspec-2025.9.0-py3-none-any.whl (199 kB)","logger":"airflow.utils.process_utils"}
{"timestamp":"2025-09-15T10:59:27.130120","level":"info","event":"Using cached python_dotenv-1.1.1-py3-none-any.whl (20 kB)","logger":"airflow.utils.process_utils"}
{"timestamp":"2025-09-15T10:59:28.206225","level":"info","event":"Installing collected packages: py4j, docopt, werkzeug, tzdata, python-dotenv, pyspark, pyarrow, psycopg2-binary, pillow, numpy, kiwisolver, itsdangerous, hdfs, gunicorn, greenlet, fsspec, fonttools, duckdb, cycler, cramjam, blinker, sqlalchemy, pandas, flask, dotenv, contourpy, matplotlib, fastparquet, seaborn","logger":"airflow.utils.process_utils"}
{"timestamp":"2025-09-15T10:59:38.563373","level":"info","event":"  Attempting uninstall: blinker","logger":"airflow.utils.process_utils"}
{"timestamp":"2025-09-15T10:59:38.589155","level":"info","event":"    Found existing installation: blinker 1.7.0","logger":"airflow.utils.process_utils"}
{"timestamp":"2025-09-15T10:59:38.590134","level":"info","event":"    Not uninstalling blinker at /usr/lib/python3/dist-packages, outside environment /tmp/venvxkw0_hdz","logger":"airflow.utils.process_utils"}
{"timestamp":"2025-09-15T10:59:38.590336","level":"info","event":"    Can't uninstall 'blinker'. No files were found to uninstall.","logger":"airflow.utils.process_utils"}
{"timestamp":"2025-09-15T10:59:48.678994","level":"info","event":"Successfully installed blinker-1.9.0 contourpy-1.3.3 cramjam-2.11.0 cycler-0.12.1 docopt-0.6.2 dotenv-0.9.9 duckdb-1.3.2 fastparquet-2024.11.0 flask-3.1.2 fonttools-4.59.2 fsspec-2025.9.0 greenlet-3.2.4 gunicorn-23.0.0 hdfs-2.7.3 itsdangerous-2.2.0 kiwisolver-1.4.9 matplotlib-3.10.6 numpy-2.3.3 pandas-2.3.2 pillow-11.3.0 psycopg2-binary-2.9.10 py4j-0.10.9.7 pyarrow-21.0.0 pyspark-3.5.6 python-dotenv-1.1.1 seaborn-0.13.2 sqlalchemy-2.0.43 tzdata-2025.2 werkzeug-3.1.3","logger":"airflow.utils.process_utils"}
{"timestamp":"2025-09-15T10:59:49.508917","level":"info","event":"Executing cmd: /tmp/venvxkw0_hdz/bin/python /tmp/venv-callk4ff85me/script.py /tmp/venv-callk4ff85me/script.in /tmp/venv-callk4ff85me/script.out /tmp/venv-callk4ff85me/string_args.txt /tmp/venv-callk4ff85me/termination.log /tmp/venv-callk4ff85me/airflow_context.json","logger":"airflow.utils.process_utils"}
{"timestamp":"2025-09-15T10:59:49.510021","level":"info","event":"Output:","logger":"airflow.utils.process_utils"}
{"timestamp":"2025-09-15T10:59:53.968086","level":"info","event":"Setting default log level to \"WARN\".","logger":"airflow.utils.process_utils"}
{"timestamp":"2025-09-15T10:59:53.972113","level":"info","event":"To adjust logging level use sc.setLogLevel(newLevel). For SparkR, use setLogLevel(newLevel).","logger":"airflow.utils.process_utils"}
{"timestamp":"2025-09-15T10:59:54.392537","level":"info","event":"25/09/15 10:59:54 WARN NativeCodeLoader: Unable to load native-hadoop library for your platform... using builtin-java classes where applicable","logger":"airflow.utils.process_utils"}
{"timestamp":"2025-09-15T10:59:57.279349","level":"info","event":"2025-09-15 10:59:57,278 - INFO - Reading data from Silver layer: /user/tiendat/datalake/elt/silver/database_source/dt=2025-09-15","logger":"airflow.utils.process_utils"}
{"timestamp":"2025-09-15T11:00:07.258975","level":"info","event":"\r[Stage 0:>                                                          (0 + 1) / 1]\r\r                                                                                \r\r[Stage 1:>                                                          (0 + 2) / 2]\r\r                                                                                \r2025-09-15 11:00:07,257 - INFO - Successfully read 20523 rows from Silver layer","logger":"airflow.utils.process_utils"}
{"timestamp":"2025-09-15T11:00:07.259279","level":"info","event":"2025-09-15 11:00:07,258 - INFO - Starting data transformation...","logger":"airflow.utils.process_utils"}
{"timestamp":"2025-09-15T11:00:10.102255","level":"info","event":"\r[Stage 4:>                                                          (0 + 1) / 1]\r\r                                                                                \r2025-09-15 11:00:10,101 - INFO - Converting Spark DataFrame -> Pandas -> Arrow Table","logger":"airflow.utils.process_utils"}
{"timestamp":"2025-09-15T11:00:12.929290","level":"info","event":"\r[Stage 5:>                                                          (0 + 2) / 2]\r\r                                                                                \r2025-09-15 11:00:12,928 - INFO - Connecting to DuckDB at /home/tiendat/Pipeline-Stock-ETL/datawarehouse.duckdb","logger":"airflow.utils.process_utils"}
{"timestamp":"2025-09-15T11:00:13.086288","level":"info","event":"2025-09-15 11:00:13,085 - INFO - Arrow table registered successfully in DuckDB","logger":"airflow.utils.process_utils"}
{"timestamp":"2025-09-15T11:00:13.086557","level":"info","event":"2025-09-15 11:00:13,085 - INFO - Inserting data into dim_companies...","logger":"airflow.utils.process_utils"}
{"timestamp":"2025-09-15T11:00:13.785411","level":"info","event":"2025-09-15 11:00:13,781 - INFO - Inserted 20523 rows into dim_companies successfully","logger":"airflow.utils.process_utils"}
{"timestamp":"2025-09-15T11:00:13.785615","level":"info","event":"root","logger":"airflow.utils.process_utils"}
{"timestamp":"2025-09-15T11:00:13.785764","level":"info","event":" |-- company_name: string (nullable = true)","logger":"airflow.utils.process_utils"}
{"timestamp":"2025-09-15T11:00:13.785895","level":"info","event":" |-- company_ticker: string (nullable = true)","logger":"airflow.utils.process_utils"}
{"timestamp":"2025-09-15T11:00:13.786021","level":"info","event":" |-- company_is_delisted: boolean (nullable = true)","logger":"airflow.utils.process_utils"}
{"timestamp":"2025-09-15T11:00:13.786160","level":"info","event":" |-- company_category: string (nullable = true)","logger":"airflow.utils.process_utils"}
{"timestamp":"2025-09-15T11:00:13.786292","level":"info","event":" |-- company_currency: string (nullable = true)","logger":"airflow.utils.process_utils"}
{"timestamp":"2025-09-15T11:00:13.786421","level":"info","event":" |-- company_location: string (nullable = true)","logger":"airflow.utils.process_utils"}
{"timestamp":"2025-09-15T11:00:13.786553","level":"info","event":" |-- company_exchange_name: string (nullable = true)","logger":"airflow.utils.process_utils"}
{"timestamp":"2025-09-15T11:00:13.786696","level":"info","event":" |-- company_region_name: string (nullable = true)","logger":"airflow.utils.process_utils"}
{"timestamp":"2025-09-15T11:00:13.786818","level":"info","event":" |-- company_industry_name: string (nullable = true)","logger":"airflow.utils.process_utils"}
{"timestamp":"2025-09-15T11:00:13.786956","level":"info","event":" |-- company_industry_sector: string (nullable = true)","logger":"airflow.utils.process_utils"}
{"timestamp":"2025-09-15T11:00:13.787087","level":"info","event":" |-- company_sic_industry: string (nullable = true)","logger":"airflow.utils.process_utils"}
{"timestamp":"2025-09-15T11:00:13.787214","level":"info","event":" |-- company_sic_sector: string (nullable = true)","logger":"airflow.utils.process_utils"}
{"timestamp":"2025-09-15T11:00:13.787288","level":"info","event":"","logger":"airflow.utils.process_utils"}
{"timestamp":"2025-09-15T11:00:13.794595","level":"info","event":"+-------------------------------------+--------------+-------------------+---------------------+----------------+-------------------------+---------------------+-------------------+---------------------------+-----------------------+--------------------------------------------+---------------------------------+","logger":"airflow.utils.process_utils"}
{"timestamp":"2025-09-15T11:00:13.796219","level":"info","event":"|company_name                         |company_ticker|company_is_delisted|company_category     |company_currency|company_location         |company_exchange_name|company_region_name|company_industry_name      |company_industry_sector|company_sic_industry                        |company_sic_sector               |","logger":"airflow.utils.process_utils"}
{"timestamp":"2025-09-15T11:00:13.797165","level":"info","event":"+-------------------------------------+--------------+-------------------+---------------------+----------------+-------------------------+---------------------+-------------------+---------------------------+-----------------------+--------------------------------------------+---------------------------------+","logger":"airflow.utils.process_utils"}
{"timestamp":"2025-09-15T11:00:13.798093","level":"info","event":"|ALJ REGIONAL HOLDINGS INC            |ALJJ          |true               |Domestic Common Stock|USD             |New York; United States  |NASDAQ               |United States      |Specialty Business Services|Industrials            |Services-Business Services Nec              |Services                         |","logger":"airflow.utils.process_utils"}
{"timestamp":"2025-09-15T11:00:13.799821","level":"info","event":"|APOLLO ENDOSURGERY INC               |APEN          |true               |Domestic Common Stock|USD             |Texas; United States     |NASDAQ               |United States      |Medical Devices            |Healthcare             |Surgical & Medical Instruments & Apparatus  |Manufacturing                    |","logger":"airflow.utils.process_utils"}
{"timestamp":"2025-09-15T11:00:13.800316","level":"info","event":"|AUSPEX PHARMACEUTICALS INC           |ASPX          |true               |Domestic Common Stock|USD             |California; United States|NASDAQ               |United States      |Biotechnology              |Healthcare             |Pharmaceutical Preparations                 |Manufacturing                    |","logger":"airflow.utils.process_utils"}
{"timestamp":"2025-09-15T11:00:13.800763","level":"info","event":"|BMJ MEDICAL MANAGEMENT INC           |BONSQ         |true               |Domestic Common Stock|USD             |Florida; United States   |NASDAQ               |United States      |Medical Care Facilities    |Healthcare             |Services-Specialty Outpatient Facilities Nec|Services                         |","logger":"airflow.utils.process_utils"}
{"timestamp":"2025-09-15T11:00:13.801170","level":"info","event":"|BANK OF THE JAMES FINANCIAL GROUP INC|BOTJ          |false              |Domestic Common Stock|USD             |Virginia; United States  |NASDAQ               |United States      |Banks - Regional           |Financial Services     |State Commercial Banks                      |Finance Insurance And Real Estate|","logger":"airflow.utils.process_utils"}
{"timestamp":"2025-09-15T11:00:13.801566","level":"info","event":"+-------------------------------------+--------------+-------------------+---------------------+----------------+-------------------------+---------------------+-------------------+---------------------------+-----------------------+--------------------------------------------+---------------------------------+","logger":"airflow.utils.process_utils"}
{"timestamp":"2025-09-15T11:00:13.806764","level":"info","event":"only showing top 5 rows","logger":"airflow.utils.process_utils"}
{"timestamp":"2025-09-15T11:00:13.806868","level":"info","event":"","logger":"airflow.utils.process_utils"}
{"timestamp":"2025-09-15T11:00:13.807009","level":"info","event":"2025-09-15 11:00:13,785 - INFO - Closing down clientserver connection","logger":"airflow.utils.process_utils"}
{"timestamp":"2025-09-15T11:00:14.561129","level":"warning","event":"Fail to delete /home/tiendat/airflow/tmp/venvxkw0_hdz. The directory does not exist.","logger":"airflow.task.operators.airflow.providers.standard.operators.python.PythonVirtualenvOperator"}
{"timestamp":"2025-09-15T11:00:14.841919","level":"info","event":"Done. Returned value was: None","logger":"airflow.task.operators.airflow.providers.standard.operators.python.PythonVirtualenvOperator"}
