{"timestamp":"2025-09-15T08:51:26.357812","level":"info","event":"DAG bundles loaded: dags-folder","logger":"airflow.dag_processing.bundles.manager.DagBundlesManager"}
{"timestamp":"2025-09-15T08:51:26.358987","level":"info","event":"Filling up the DagBag from /home/tiendat/Pipeline-Stock-ETL/schedule/dags/etl_datawarehouse.py","logger":"airflow.models.dagbag.DagBag"}
{"timestamp":"2025-09-15T08:51:26.407821","level":"info","event":"Executing cmd: python -m venv /tmp/venvai46i2i4","logger":"airflow.utils.process_utils"}
{"timestamp":"2025-09-15T08:51:26.408901","level":"info","event":"Output:","logger":"airflow.utils.process_utils"}
{"timestamp":"2025-09-15T08:51:29.915925","level":"info","event":"Executing cmd: /tmp/venvai46i2i4/bin/pip install -r /tmp/venvai46i2i4/requirements.txt","logger":"airflow.utils.process_utils"}
{"timestamp":"2025-09-15T08:51:29.917032","level":"info","event":"Output:","logger":"airflow.utils.process_utils"}
{"timestamp":"2025-09-15T08:51:30.456482","level":"info","event":"Collecting dotenv (from -r /tmp/venvai46i2i4/requirements.txt (line 1))","logger":"airflow.utils.process_utils"}
{"timestamp":"2025-09-15T08:51:30.458326","level":"info","event":"  Using cached dotenv-0.9.9-py2.py3-none-any.whl.metadata (279 bytes)","logger":"airflow.utils.process_utils"}
{"timestamp":"2025-09-15T08:51:30.633910","level":"info","event":"Collecting duckdb (from -r /tmp/venvai46i2i4/requirements.txt (line 2))","logger":"airflow.utils.process_utils"}
{"timestamp":"2025-09-15T08:51:30.635671","level":"info","event":"  Using cached duckdb-1.3.2-cp312-cp312-manylinux_2_27_x86_64.manylinux_2_28_x86_64.whl.metadata (7.0 kB)","logger":"airflow.utils.process_utils"}
{"timestamp":"2025-09-15T08:51:30.714397","level":"info","event":"Collecting fastparquet (from -r /tmp/venvai46i2i4/requirements.txt (line 3))","logger":"airflow.utils.process_utils"}
{"timestamp":"2025-09-15T08:51:30.716312","level":"info","event":"  Using cached fastparquet-2024.11.0-cp312-cp312-manylinux_2_17_x86_64.manylinux2014_x86_64.whl.metadata (4.2 kB)","logger":"airflow.utils.process_utils"}
{"timestamp":"2025-09-15T08:51:30.756222","level":"info","event":"Collecting flask (from -r /tmp/venvai46i2i4/requirements.txt (line 4))","logger":"airflow.utils.process_utils"}
{"timestamp":"2025-09-15T08:51:30.757822","level":"info","event":"  Using cached flask-3.1.2-py3-none-any.whl.metadata (3.2 kB)","logger":"airflow.utils.process_utils"}
{"timestamp":"2025-09-15T08:51:30.793338","level":"info","event":"Collecting gunicorn (from -r /tmp/venvai46i2i4/requirements.txt (line 5))","logger":"airflow.utils.process_utils"}
{"timestamp":"2025-09-15T08:51:30.794950","level":"info","event":"  Using cached gunicorn-23.0.0-py3-none-any.whl.metadata (4.4 kB)","logger":"airflow.utils.process_utils"}
{"timestamp":"2025-09-15T08:51:30.837491","level":"info","event":"Collecting hdfs (from -r /tmp/venvai46i2i4/requirements.txt (line 6))","logger":"airflow.utils.process_utils"}
{"timestamp":"2025-09-15T08:51:30.837744","level":"info","event":"  Using cached hdfs-2.7.3-py3-none-any.whl","logger":"airflow.utils.process_utils"}
{"timestamp":"2025-09-15T08:51:31.024680","level":"info","event":"Collecting matplotlib (from -r /tmp/venvai46i2i4/requirements.txt (line 7))","logger":"airflow.utils.process_utils"}
{"timestamp":"2025-09-15T08:51:31.026420","level":"info","event":"  Using cached matplotlib-3.10.6-cp312-cp312-manylinux2014_x86_64.manylinux_2_17_x86_64.whl.metadata (11 kB)","logger":"airflow.utils.process_utils"}
{"timestamp":"2025-09-15T08:51:31.251406","level":"info","event":"Collecting numpy (from -r /tmp/venvai46i2i4/requirements.txt (line 8))","logger":"airflow.utils.process_utils"}
{"timestamp":"2025-09-15T08:51:31.253265","level":"info","event":"  Using cached numpy-2.3.3-cp312-cp312-manylinux_2_27_x86_64.manylinux_2_28_x86_64.whl.metadata (62 kB)","logger":"airflow.utils.process_utils"}
{"timestamp":"2025-09-15T08:51:31.432327","level":"info","event":"Collecting pandas (from -r /tmp/venvai46i2i4/requirements.txt (line 9))","logger":"airflow.utils.process_utils"}
{"timestamp":"2025-09-15T08:51:31.434692","level":"info","event":"  Using cached pandas-2.3.2-cp312-cp312-manylinux_2_17_x86_64.manylinux2014_x86_64.whl.metadata (91 kB)","logger":"airflow.utils.process_utils"}
{"timestamp":"2025-09-15T08:51:31.590761","level":"info","event":"Collecting psycopg2-binary (from -r /tmp/venvai46i2i4/requirements.txt (line 10))","logger":"airflow.utils.process_utils"}
{"timestamp":"2025-09-15T08:51:31.592619","level":"info","event":"  Using cached psycopg2_binary-2.9.10-cp312-cp312-manylinux_2_17_x86_64.manylinux2014_x86_64.whl.metadata (4.9 kB)","logger":"airflow.utils.process_utils"}
{"timestamp":"2025-09-15T08:51:31.706151","level":"info","event":"Collecting pyarrow (from -r /tmp/venvai46i2i4/requirements.txt (line 11))","logger":"airflow.utils.process_utils"}
{"timestamp":"2025-09-15T08:51:31.707899","level":"info","event":"  Using cached pyarrow-21.0.0-cp312-cp312-manylinux_2_28_x86_64.whl.metadata (3.3 kB)","logger":"airflow.utils.process_utils"}
{"timestamp":"2025-09-15T08:51:31.741893","level":"info","event":"Collecting pyspark (from -r /tmp/venvai46i2i4/requirements.txt (line 12))","logger":"airflow.utils.process_utils"}
{"timestamp":"2025-09-15T08:51:31.742132","level":"info","event":"  Using cached pyspark-4.0.1-py2.py3-none-any.whl","logger":"airflow.utils.process_utils"}
{"timestamp":"2025-09-15T08:51:31.813837","level":"info","event":"Collecting requests (from -r /tmp/venvai46i2i4/requirements.txt (line 13))","logger":"airflow.utils.process_utils"}
{"timestamp":"2025-09-15T08:51:31.815711","level":"info","event":"  Using cached requests-2.32.5-py3-none-any.whl.metadata (4.9 kB)","logger":"airflow.utils.process_utils"}
{"timestamp":"2025-09-15T08:51:31.850821","level":"info","event":"Collecting seaborn (from -r /tmp/venvai46i2i4/requirements.txt (line 14))","logger":"airflow.utils.process_utils"}
{"timestamp":"2025-09-15T08:51:31.852824","level":"info","event":"  Using cached seaborn-0.13.2-py3-none-any.whl.metadata (5.4 kB)","logger":"airflow.utils.process_utils"}
{"timestamp":"2025-09-15T08:51:32.228087","level":"info","event":"Collecting sqlalchemy (from -r /tmp/venvai46i2i4/requirements.txt (line 15))","logger":"airflow.utils.process_utils"}
{"timestamp":"2025-09-15T08:51:32.229691","level":"info","event":"  Using cached sqlalchemy-2.0.43-cp312-cp312-manylinux_2_17_x86_64.manylinux2014_x86_64.whl.metadata (9.6 kB)","logger":"airflow.utils.process_utils"}
{"timestamp":"2025-09-15T08:51:32.266152","level":"info","event":"Collecting python-dotenv (from dotenv->-r /tmp/venvai46i2i4/requirements.txt (line 1))","logger":"airflow.utils.process_utils"}
{"timestamp":"2025-09-15T08:51:32.267716","level":"info","event":"  Using cached python_dotenv-1.1.1-py3-none-any.whl.metadata (24 kB)","logger":"airflow.utils.process_utils"}
{"timestamp":"2025-09-15T08:51:32.481238","level":"info","event":"Collecting cramjam>=2.3 (from fastparquet->-r /tmp/venvai46i2i4/requirements.txt (line 3))","logger":"airflow.utils.process_utils"}
{"timestamp":"2025-09-15T08:51:32.482893","level":"info","event":"  Using cached cramjam-2.11.0-cp312-cp312-manylinux_2_17_x86_64.manylinux2014_x86_64.whl.metadata (5.6 kB)","logger":"airflow.utils.process_utils"}
{"timestamp":"2025-09-15T08:51:32.527694","level":"info","event":"Collecting fsspec (from fastparquet->-r /tmp/venvai46i2i4/requirements.txt (line 3))","logger":"airflow.utils.process_utils"}
{"timestamp":"2025-09-15T08:51:32.529290","level":"info","event":"  Using cached fsspec-2025.9.0-py3-none-any.whl.metadata (10 kB)","logger":"airflow.utils.process_utils"}
{"timestamp":"2025-09-15T08:51:32.569097","level":"info","event":"Collecting packaging (from fastparquet->-r /tmp/venvai46i2i4/requirements.txt (line 3))","logger":"airflow.utils.process_utils"}
{"timestamp":"2025-09-15T08:51:32.570878","level":"info","event":"  Using cached packaging-25.0-py3-none-any.whl.metadata (3.3 kB)","logger":"airflow.utils.process_utils"}
{"timestamp":"2025-09-15T08:51:32.673800","level":"info","event":"Collecting blinker>=1.9.0 (from flask->-r /tmp/venvai46i2i4/requirements.txt (line 4))","logger":"airflow.utils.process_utils"}
{"timestamp":"2025-09-15T08:51:32.675452","level":"info","event":"  Using cached blinker-1.9.0-py3-none-any.whl.metadata (1.6 kB)","logger":"airflow.utils.process_utils"}
{"timestamp":"2025-09-15T08:51:32.712678","level":"info","event":"Collecting click>=8.1.3 (from flask->-r /tmp/venvai46i2i4/requirements.txt (line 4))","logger":"airflow.utils.process_utils"}
{"timestamp":"2025-09-15T08:51:32.714234","level":"info","event":"  Using cached click-8.2.1-py3-none-any.whl.metadata (2.5 kB)","logger":"airflow.utils.process_utils"}
{"timestamp":"2025-09-15T08:51:32.743294","level":"info","event":"Collecting itsdangerous>=2.2.0 (from flask->-r /tmp/venvai46i2i4/requirements.txt (line 4))","logger":"airflow.utils.process_utils"}
{"timestamp":"2025-09-15T08:51:32.744921","level":"info","event":"  Using cached itsdangerous-2.2.0-py3-none-any.whl.metadata (1.9 kB)","logger":"airflow.utils.process_utils"}
{"timestamp":"2025-09-15T08:51:32.779753","level":"info","event":"Collecting jinja2>=3.1.2 (from flask->-r /tmp/venvai46i2i4/requirements.txt (line 4))","logger":"airflow.utils.process_utils"}
{"timestamp":"2025-09-15T08:51:32.781531","level":"info","event":"  Using cached jinja2-3.1.6-py3-none-any.whl.metadata (2.9 kB)","logger":"airflow.utils.process_utils"}
{"timestamp":"2025-09-15T08:51:32.853615","level":"info","event":"Collecting markupsafe>=2.1.1 (from flask->-r /tmp/venvai46i2i4/requirements.txt (line 4))","logger":"airflow.utils.process_utils"}
{"timestamp":"2025-09-15T08:51:32.855533","level":"info","event":"  Using cached MarkupSafe-3.0.2-cp312-cp312-manylinux_2_17_x86_64.manylinux2014_x86_64.whl.metadata (4.0 kB)","logger":"airflow.utils.process_utils"}
{"timestamp":"2025-09-15T08:51:32.908407","level":"info","event":"Collecting werkzeug>=3.1.0 (from flask->-r /tmp/venvai46i2i4/requirements.txt (line 4))","logger":"airflow.utils.process_utils"}
{"timestamp":"2025-09-15T08:51:32.910359","level":"info","event":"  Using cached werkzeug-3.1.3-py3-none-any.whl.metadata (3.7 kB)","logger":"airflow.utils.process_utils"}
{"timestamp":"2025-09-15T08:51:32.948169","level":"info","event":"Collecting docopt (from hdfs->-r /tmp/venvai46i2i4/requirements.txt (line 6))","logger":"airflow.utils.process_utils"}
{"timestamp":"2025-09-15T08:51:32.948405","level":"info","event":"  Using cached docopt-0.6.2-py2.py3-none-any.whl","logger":"airflow.utils.process_utils"}
{"timestamp":"2025-09-15T08:51:32.986793","level":"info","event":"Collecting six>=1.9.0 (from hdfs->-r /tmp/venvai46i2i4/requirements.txt (line 6))","logger":"airflow.utils.process_utils"}
{"timestamp":"2025-09-15T08:51:32.988346","level":"info","event":"  Using cached six-1.17.0-py2.py3-none-any.whl.metadata (1.7 kB)","logger":"airflow.utils.process_utils"}
{"timestamp":"2025-09-15T08:51:33.091180","level":"info","event":"Collecting contourpy>=1.0.1 (from matplotlib->-r /tmp/venvai46i2i4/requirements.txt (line 7))","logger":"airflow.utils.process_utils"}
{"timestamp":"2025-09-15T08:51:33.092873","level":"info","event":"  Using cached contourpy-1.3.3-cp312-cp312-manylinux_2_27_x86_64.manylinux_2_28_x86_64.whl.metadata (5.5 kB)","logger":"airflow.utils.process_utils"}
{"timestamp":"2025-09-15T08:51:33.119397","level":"info","event":"Collecting cycler>=0.10 (from matplotlib->-r /tmp/venvai46i2i4/requirements.txt (line 7))","logger":"airflow.utils.process_utils"}
{"timestamp":"2025-09-15T08:51:33.120945","level":"info","event":"  Using cached cycler-0.12.1-py3-none-any.whl.metadata (3.8 kB)","logger":"airflow.utils.process_utils"}
{"timestamp":"2025-09-15T08:51:33.335786","level":"info","event":"Collecting fonttools>=4.22.0 (from matplotlib->-r /tmp/venvai46i2i4/requirements.txt (line 7))","logger":"airflow.utils.process_utils"}
{"timestamp":"2025-09-15T08:51:33.337507","level":"info","event":"  Using cached fonttools-4.59.2-cp312-cp312-manylinux1_x86_64.manylinux2014_x86_64.manylinux_2_17_x86_64.manylinux_2_5_x86_64.whl.metadata (109 kB)","logger":"airflow.utils.process_utils"}
{"timestamp":"2025-09-15T08:51:33.430198","level":"info","event":"Collecting kiwisolver>=1.3.1 (from matplotlib->-r /tmp/venvai46i2i4/requirements.txt (line 7))","logger":"airflow.utils.process_utils"}
{"timestamp":"2025-09-15T08:51:33.431953","level":"info","event":"  Using cached kiwisolver-1.4.9-cp312-cp312-manylinux2014_x86_64.manylinux_2_17_x86_64.whl.metadata (6.3 kB)","logger":"airflow.utils.process_utils"}
{"timestamp":"2025-09-15T08:51:33.758767","level":"info","event":"Collecting pillow>=8 (from matplotlib->-r /tmp/venvai46i2i4/requirements.txt (line 7))","logger":"airflow.utils.process_utils"}
{"timestamp":"2025-09-15T08:51:33.760509","level":"info","event":"  Using cached pillow-11.3.0-cp312-cp312-manylinux_2_27_x86_64.manylinux_2_28_x86_64.whl.metadata (9.0 kB)","logger":"airflow.utils.process_utils"}
{"timestamp":"2025-09-15T08:51:33.811989","level":"info","event":"Collecting pyparsing>=2.3.1 (from matplotlib->-r /tmp/venvai46i2i4/requirements.txt (line 7))","logger":"airflow.utils.process_utils"}
{"timestamp":"2025-09-15T08:51:33.813620","level":"info","event":"  Using cached pyparsing-3.2.4-py3-none-any.whl.metadata (5.0 kB)","logger":"airflow.utils.process_utils"}
{"timestamp":"2025-09-15T08:51:33.847500","level":"info","event":"Collecting python-dateutil>=2.7 (from matplotlib->-r /tmp/venvai46i2i4/requirements.txt (line 7))","logger":"airflow.utils.process_utils"}
{"timestamp":"2025-09-15T08:51:33.849072","level":"info","event":"  Using cached python_dateutil-2.9.0.post0-py2.py3-none-any.whl.metadata (8.4 kB)","logger":"airflow.utils.process_utils"}
{"timestamp":"2025-09-15T08:51:33.986474","level":"info","event":"Collecting pytz>=2020.1 (from pandas->-r /tmp/venvai46i2i4/requirements.txt (line 9))","logger":"airflow.utils.process_utils"}
{"timestamp":"2025-09-15T08:51:33.988128","level":"info","event":"  Using cached pytz-2025.2-py2.py3-none-any.whl.metadata (22 kB)","logger":"airflow.utils.process_utils"}
{"timestamp":"2025-09-15T08:51:34.021637","level":"info","event":"Collecting tzdata>=2022.7 (from pandas->-r /tmp/venvai46i2i4/requirements.txt (line 9))","logger":"airflow.utils.process_utils"}
{"timestamp":"2025-09-15T08:51:34.023250","level":"info","event":"  Using cached tzdata-2025.2-py2.py3-none-any.whl.metadata (1.4 kB)","logger":"airflow.utils.process_utils"}
{"timestamp":"2025-09-15T08:51:34.072312","level":"info","event":"Collecting py4j==0.10.9.9 (from pyspark->-r /tmp/venvai46i2i4/requirements.txt (line 12))","logger":"airflow.utils.process_utils"}
{"timestamp":"2025-09-15T08:51:34.074787","level":"info","event":"  Using cached py4j-0.10.9.9-py2.py3-none-any.whl.metadata (1.3 kB)","logger":"airflow.utils.process_utils"}
{"timestamp":"2025-09-15T08:51:34.215427","level":"info","event":"Collecting charset_normalizer<4,>=2 (from requests->-r /tmp/venvai46i2i4/requirements.txt (line 13))","logger":"airflow.utils.process_utils"}
{"timestamp":"2025-09-15T08:51:34.218875","level":"info","event":"  Using cached charset_normalizer-3.4.3-cp312-cp312-manylinux2014_x86_64.manylinux_2_17_x86_64.manylinux_2_28_x86_64.whl.metadata (36 kB)","logger":"airflow.utils.process_utils"}
{"timestamp":"2025-09-15T08:51:34.264675","level":"info","event":"Collecting idna<4,>=2.5 (from requests->-r /tmp/venvai46i2i4/requirements.txt (line 13))","logger":"airflow.utils.process_utils"}
{"timestamp":"2025-09-15T08:51:34.266239","level":"info","event":"  Using cached idna-3.10-py3-none-any.whl.metadata (10 kB)","logger":"airflow.utils.process_utils"}
{"timestamp":"2025-09-15T08:51:34.325025","level":"info","event":"Collecting urllib3<3,>=1.21.1 (from requests->-r /tmp/venvai46i2i4/requirements.txt (line 13))","logger":"airflow.utils.process_utils"}
{"timestamp":"2025-09-15T08:51:34.326611","level":"info","event":"  Using cached urllib3-2.5.0-py3-none-any.whl.metadata (6.5 kB)","logger":"airflow.utils.process_utils"}
{"timestamp":"2025-09-15T08:51:34.365196","level":"info","event":"Collecting certifi>=2017.4.17 (from requests->-r /tmp/venvai46i2i4/requirements.txt (line 13))","logger":"airflow.utils.process_utils"}
{"timestamp":"2025-09-15T08:51:34.366834","level":"info","event":"  Using cached certifi-2025.8.3-py3-none-any.whl.metadata (2.4 kB)","logger":"airflow.utils.process_utils"}
{"timestamp":"2025-09-15T08:51:34.598423","level":"info","event":"Collecting greenlet>=1 (from sqlalchemy->-r /tmp/venvai46i2i4/requirements.txt (line 15))","logger":"airflow.utils.process_utils"}
{"timestamp":"2025-09-15T08:51:34.600268","level":"info","event":"  Using cached greenlet-3.2.4-cp312-cp312-manylinux_2_24_x86_64.manylinux_2_28_x86_64.whl.metadata (4.1 kB)","logger":"airflow.utils.process_utils"}
{"timestamp":"2025-09-15T08:51:34.639755","level":"info","event":"Collecting typing-extensions>=4.6.0 (from sqlalchemy->-r /tmp/venvai46i2i4/requirements.txt (line 15))","logger":"airflow.utils.process_utils"}
{"timestamp":"2025-09-15T08:51:34.641436","level":"info","event":"  Using cached typing_extensions-4.15.0-py3-none-any.whl.metadata (3.3 kB)","logger":"airflow.utils.process_utils"}
{"timestamp":"2025-09-15T08:51:34.901712","level":"info","event":"Using cached dotenv-0.9.9-py2.py3-none-any.whl (1.9 kB)","logger":"airflow.utils.process_utils"}
{"timestamp":"2025-09-15T08:51:34.903282","level":"info","event":"Using cached duckdb-1.3.2-cp312-cp312-manylinux_2_27_x86_64.manylinux_2_28_x86_64.whl (21.1 MB)","logger":"airflow.utils.process_utils"}
{"timestamp":"2025-09-15T08:51:34.936203","level":"info","event":"Using cached fastparquet-2024.11.0-cp312-cp312-manylinux_2_17_x86_64.manylinux2014_x86_64.whl (1.8 MB)","logger":"airflow.utils.process_utils"}
{"timestamp":"2025-09-15T08:51:34.940593","level":"info","event":"Using cached flask-3.1.2-py3-none-any.whl (103 kB)","logger":"airflow.utils.process_utils"}
{"timestamp":"2025-09-15T08:51:34.942247","level":"info","event":"Using cached gunicorn-23.0.0-py3-none-any.whl (85 kB)","logger":"airflow.utils.process_utils"}
{"timestamp":"2025-09-15T08:51:34.943767","level":"info","event":"Using cached matplotlib-3.10.6-cp312-cp312-manylinux2014_x86_64.manylinux_2_17_x86_64.whl (8.7 MB)","logger":"airflow.utils.process_utils"}
{"timestamp":"2025-09-15T08:51:34.958455","level":"info","event":"Using cached numpy-2.3.3-cp312-cp312-manylinux_2_27_x86_64.manylinux_2_28_x86_64.whl (16.6 MB)","logger":"airflow.utils.process_utils"}
{"timestamp":"2025-09-15T08:51:34.985880","level":"info","event":"Using cached pandas-2.3.2-cp312-cp312-manylinux_2_17_x86_64.manylinux2014_x86_64.whl (12.0 MB)","logger":"airflow.utils.process_utils"}
{"timestamp":"2025-09-15T08:51:35.006732","level":"info","event":"Using cached psycopg2_binary-2.9.10-cp312-cp312-manylinux_2_17_x86_64.manylinux2014_x86_64.whl (3.0 MB)","logger":"airflow.utils.process_utils"}
{"timestamp":"2025-09-15T08:51:35.012893","level":"info","event":"Using cached pyarrow-21.0.0-cp312-cp312-manylinux_2_28_x86_64.whl (42.8 MB)","logger":"airflow.utils.process_utils"}
{"timestamp":"2025-09-15T08:51:35.084812","level":"info","event":"Using cached py4j-0.10.9.9-py2.py3-none-any.whl (203 kB)","logger":"airflow.utils.process_utils"}
{"timestamp":"2025-09-15T08:51:35.086920","level":"info","event":"Using cached requests-2.32.5-py3-none-any.whl (64 kB)","logger":"airflow.utils.process_utils"}
{"timestamp":"2025-09-15T08:51:35.089106","level":"info","event":"Using cached seaborn-0.13.2-py3-none-any.whl (294 kB)","logger":"airflow.utils.process_utils"}
{"timestamp":"2025-09-15T08:51:35.090887","level":"info","event":"Using cached sqlalchemy-2.0.43-cp312-cp312-manylinux_2_17_x86_64.manylinux2014_x86_64.whl (3.3 MB)","logger":"airflow.utils.process_utils"}
{"timestamp":"2025-09-15T08:51:35.100529","level":"info","event":"Using cached blinker-1.9.0-py3-none-any.whl (8.5 kB)","logger":"airflow.utils.process_utils"}
{"timestamp":"2025-09-15T08:51:35.104051","level":"info","event":"Using cached certifi-2025.8.3-py3-none-any.whl (161 kB)","logger":"airflow.utils.process_utils"}
{"timestamp":"2025-09-15T08:51:35.104339","level":"info","event":"Using cached charset_normalizer-3.4.3-cp312-cp312-manylinux2014_x86_64.manylinux_2_17_x86_64.manylinux_2_28_x86_64.whl (151 kB)","logger":"airflow.utils.process_utils"}
{"timestamp":"2025-09-15T08:51:35.106162","level":"info","event":"Using cached click-8.2.1-py3-none-any.whl (102 kB)","logger":"airflow.utils.process_utils"}
{"timestamp":"2025-09-15T08:51:35.108036","level":"info","event":"Using cached contourpy-1.3.3-cp312-cp312-manylinux_2_27_x86_64.manylinux_2_28_x86_64.whl (362 kB)","logger":"airflow.utils.process_utils"}
{"timestamp":"2025-09-15T08:51:35.110511","level":"info","event":"Using cached cramjam-2.11.0-cp312-cp312-manylinux_2_17_x86_64.manylinux2014_x86_64.whl (2.0 MB)","logger":"airflow.utils.process_utils"}
{"timestamp":"2025-09-15T08:51:35.118033","level":"info","event":"Using cached cycler-0.12.1-py3-none-any.whl (8.3 kB)","logger":"airflow.utils.process_utils"}
{"timestamp":"2025-09-15T08:51:35.118924","level":"info","event":"Using cached fonttools-4.59.2-cp312-cp312-manylinux1_x86_64.manylinux2014_x86_64.manylinux_2_17_x86_64.manylinux_2_5_x86_64.whl (4.9 MB)","logger":"airflow.utils.process_utils"}
{"timestamp":"2025-09-15T08:51:35.131363","level":"info","event":"Using cached greenlet-3.2.4-cp312-cp312-manylinux_2_24_x86_64.manylinux_2_28_x86_64.whl (607 kB)","logger":"airflow.utils.process_utils"}
{"timestamp":"2025-09-15T08:51:35.133836","level":"info","event":"Using cached idna-3.10-py3-none-any.whl (70 kB)","logger":"airflow.utils.process_utils"}
{"timestamp":"2025-09-15T08:51:35.135413","level":"info","event":"Using cached itsdangerous-2.2.0-py3-none-any.whl (16 kB)","logger":"airflow.utils.process_utils"}
{"timestamp":"2025-09-15T08:51:35.136891","level":"info","event":"Using cached jinja2-3.1.6-py3-none-any.whl (134 kB)","logger":"airflow.utils.process_utils"}
{"timestamp":"2025-09-15T08:51:35.138674","level":"info","event":"Using cached kiwisolver-1.4.9-cp312-cp312-manylinux2014_x86_64.manylinux_2_17_x86_64.whl (1.5 MB)","logger":"airflow.utils.process_utils"}
{"timestamp":"2025-09-15T08:51:35.142776","level":"info","event":"Using cached MarkupSafe-3.0.2-cp312-cp312-manylinux_2_17_x86_64.manylinux2014_x86_64.whl (23 kB)","logger":"airflow.utils.process_utils"}
{"timestamp":"2025-09-15T08:51:35.144159","level":"info","event":"Using cached packaging-25.0-py3-none-any.whl (66 kB)","logger":"airflow.utils.process_utils"}
{"timestamp":"2025-09-15T08:51:35.145681","level":"info","event":"Using cached pillow-11.3.0-cp312-cp312-manylinux_2_27_x86_64.manylinux_2_28_x86_64.whl (6.6 MB)","logger":"airflow.utils.process_utils"}
{"timestamp":"2025-09-15T08:51:35.157596","level":"info","event":"Using cached pyparsing-3.2.4-py3-none-any.whl (113 kB)","logger":"airflow.utils.process_utils"}
{"timestamp":"2025-09-15T08:51:35.159445","level":"info","event":"Using cached python_dateutil-2.9.0.post0-py2.py3-none-any.whl (229 kB)","logger":"airflow.utils.process_utils"}
{"timestamp":"2025-09-15T08:51:35.161322","level":"info","event":"Using cached pytz-2025.2-py2.py3-none-any.whl (509 kB)","logger":"airflow.utils.process_utils"}
{"timestamp":"2025-09-15T08:51:35.163665","level":"info","event":"Using cached six-1.17.0-py2.py3-none-any.whl (11 kB)","logger":"airflow.utils.process_utils"}
{"timestamp":"2025-09-15T08:51:35.165239","level":"info","event":"Using cached typing_extensions-4.15.0-py3-none-any.whl (44 kB)","logger":"airflow.utils.process_utils"}
{"timestamp":"2025-09-15T08:51:35.166765","level":"info","event":"Using cached tzdata-2025.2-py2.py3-none-any.whl (347 kB)","logger":"airflow.utils.process_utils"}
{"timestamp":"2025-09-15T08:51:35.168790","level":"info","event":"Using cached urllib3-2.5.0-py3-none-any.whl (129 kB)","logger":"airflow.utils.process_utils"}
{"timestamp":"2025-09-15T08:51:35.170519","level":"info","event":"Using cached werkzeug-3.1.3-py3-none-any.whl (224 kB)","logger":"airflow.utils.process_utils"}
{"timestamp":"2025-09-15T08:51:35.172257","level":"info","event":"Using cached fsspec-2025.9.0-py3-none-any.whl (199 kB)","logger":"airflow.utils.process_utils"}
{"timestamp":"2025-09-15T08:51:35.173973","level":"info","event":"Using cached python_dotenv-1.1.1-py3-none-any.whl (20 kB)","logger":"airflow.utils.process_utils"}
{"timestamp":"2025-09-15T08:51:36.127794","level":"info","event":"Installing collected packages: pytz, py4j, docopt, urllib3, tzdata, typing-extensions, six, python-dotenv, pyspark, pyparsing, pyarrow, psycopg2-binary, pillow, packaging, numpy, markupsafe, kiwisolver, itsdangerous, idna, greenlet, fsspec, fonttools, duckdb, cycler, cramjam, click, charset_normalizer, certifi, blinker, werkzeug, sqlalchemy, requests, python-dateutil, jinja2, gunicorn, dotenv, contourpy, pandas, matplotlib, hdfs, flask, seaborn, fastparquet","logger":"airflow.utils.process_utils"}
{"timestamp":"2025-09-15T08:51:58.380097","level":"info","event":"Successfully installed blinker-1.9.0 certifi-2025.8.3 charset_normalizer-3.4.3 click-8.2.1 contourpy-1.3.3 cramjam-2.11.0 cycler-0.12.1 docopt-0.6.2 dotenv-0.9.9 duckdb-1.3.2 fastparquet-2024.11.0 flask-3.1.2 fonttools-4.59.2 fsspec-2025.9.0 greenlet-3.2.4 gunicorn-23.0.0 hdfs-2.7.3 idna-3.10 itsdangerous-2.2.0 jinja2-3.1.6 kiwisolver-1.4.9 markupsafe-3.0.2 matplotlib-3.10.6 numpy-2.3.3 packaging-25.0 pandas-2.3.2 pillow-11.3.0 psycopg2-binary-2.9.10 py4j-0.10.9.9 pyarrow-21.0.0 pyparsing-3.2.4 pyspark-4.0.1 python-dateutil-2.9.0.post0 python-dotenv-1.1.1 pytz-2025.2 requests-2.32.5 seaborn-0.13.2 six-1.17.0 sqlalchemy-2.0.43 typing-extensions-4.15.0 tzdata-2025.2 urllib3-2.5.0 werkzeug-3.1.3","logger":"airflow.utils.process_utils"}
{"timestamp":"2025-09-15T08:51:59.151658","level":"info","event":"Executing cmd: /tmp/venvai46i2i4/bin/python /tmp/venv-callkz99s19o/script.py /tmp/venv-callkz99s19o/script.in /tmp/venv-callkz99s19o/script.out /tmp/venv-callkz99s19o/string_args.txt /tmp/venv-callkz99s19o/termination.log /tmp/venv-callkz99s19o/airflow_context.json","logger":"airflow.utils.process_utils"}
{"timestamp":"2025-09-15T08:51:59.152738","level":"info","event":"Output:","logger":"airflow.utils.process_utils"}
{"timestamp":"2025-09-15T08:51:59.413480","level":"info","event":"/usr/bin/env: ‘bash’: No such file or directory","logger":"airflow.utils.process_utils"}
{"timestamp":"2025-09-15T08:51:59.514129","level":"info","event":"Traceback (most recent call last):","logger":"airflow.utils.process_utils"}
{"timestamp":"2025-09-15T08:51:59.514423","level":"info","event":"  File \"/tmp/venv-callkz99s19o/script.py\", line 54, in <module>","logger":"airflow.utils.process_utils"}
{"timestamp":"2025-09-15T08:51:59.515353","level":"info","event":"    res = run_transform_load_news(*arg_dict[\"args\"], **arg_dict[\"kwargs\"])","logger":"airflow.utils.process_utils"}
{"timestamp":"2025-09-15T08:51:59.515560","level":"info","event":"          ^^^^^^^^^^^^^^^^^^^^^^^^^^^^^^^^^^^^^^^^^^^^^^^^^^^^^^^^^^^^^^^^","logger":"airflow.utils.process_utils"}
{"timestamp":"2025-09-15T08:51:59.515780","level":"info","event":"  File \"/tmp/venv-callkz99s19o/script.py\", line 25, in run_transform_load_news","logger":"airflow.utils.process_utils"}
{"timestamp":"2025-09-15T08:51:59.515977","level":"info","event":"    from transform_load_news import transform_bronze_to_silver","logger":"airflow.utils.process_utils"}
{"timestamp":"2025-09-15T08:51:59.516202","level":"info","event":"  File \"/home/tiendat/Pipeline-Stock-ETL/etl_datawarehouse/silver/transform_load_news.py\", line 23, in <module>","logger":"airflow.utils.process_utils"}
{"timestamp":"2025-09-15T08:51:59.516312","level":"info","event":"    .getOrCreate()","logger":"airflow.utils.process_utils"}
{"timestamp":"2025-09-15T08:51:59.516427","level":"info","event":"     ^^^^^^^^^^^^^","logger":"airflow.utils.process_utils"}
{"timestamp":"2025-09-15T08:51:59.517955","level":"info","event":"  File \"/tmp/venvai46i2i4/lib/python3.12/site-packages/pyspark/sql/session.py\", line 556, in getOrCreate","logger":"airflow.utils.process_utils"}
{"timestamp":"2025-09-15T08:51:59.518120","level":"info","event":"    sc = SparkContext.getOrCreate(sparkConf)","logger":"airflow.utils.process_utils"}
{"timestamp":"2025-09-15T08:51:59.519353","level":"info","event":"         ^^^^^^^^^^^^^^^^^^^^^^^^^^^^^^^^^^^","logger":"airflow.utils.process_utils"}
{"timestamp":"2025-09-15T08:51:59.520033","level":"info","event":"  File \"/tmp/venvai46i2i4/lib/python3.12/site-packages/pyspark/core/context.py\", line 523, in getOrCreate","logger":"airflow.utils.process_utils"}
{"timestamp":"2025-09-15T08:51:59.520190","level":"info","event":"    SparkContext(conf=conf or SparkConf())","logger":"airflow.utils.process_utils"}
{"timestamp":"2025-09-15T08:51:59.521821","level":"info","event":"  File \"/tmp/venvai46i2i4/lib/python3.12/site-packages/pyspark/core/context.py\", line 205, in __init__","logger":"airflow.utils.process_utils"}
{"timestamp":"2025-09-15T08:51:59.522472","level":"info","event":"    SparkContext._ensure_initialized(self, gateway=gateway, conf=conf)","logger":"airflow.utils.process_utils"}
{"timestamp":"2025-09-15T08:51:59.523279","level":"info","event":"  File \"/tmp/venvai46i2i4/lib/python3.12/site-packages/pyspark/core/context.py\", line 444, in _ensure_initialized","logger":"airflow.utils.process_utils"}
{"timestamp":"2025-09-15T08:51:59.523462","level":"info","event":"    SparkContext._gateway = gateway or launch_gateway(conf)","logger":"airflow.utils.process_utils"}
{"timestamp":"2025-09-15T08:51:59.523621","level":"info","event":"                                       ^^^^^^^^^^^^^^^^^^^^","logger":"airflow.utils.process_utils"}
{"timestamp":"2025-09-15T08:51:59.523816","level":"info","event":"  File \"/tmp/venvai46i2i4/lib/python3.12/site-packages/pyspark/java_gateway.py\", line 111, in launch_gateway","logger":"airflow.utils.process_utils"}
{"timestamp":"2025-09-15T08:51:59.523937","level":"info","event":"    raise PySparkRuntimeError(","logger":"airflow.utils.process_utils"}
{"timestamp":"2025-09-15T08:51:59.524146","level":"info","event":"pyspark.errors.exceptions.base.PySparkRuntimeError: [JAVA_GATEWAY_EXITED] Java gateway process exited before sending its port number.","logger":"airflow.utils.process_utils"}
{"timestamp":"2025-09-15T08:51:59.959124","level":"error","event":"Task failed with exception","logger":"task","error_detail":[{"exc_type":"AirflowException","exc_value":"Process returned non-zero exit status 1.\n[JAVA_GATEWAY_EXITED] Java gateway process exited before sending its port number.","exc_notes":[],"syntax_error":null,"is_cause":false,"frames":[{"filename":"/home/tiendat/airflow_venv/lib/python3.12/site-packages/airflow/sdk/execution_time/task_runner.py","lineno":890,"name":"run"},{"filename":"/home/tiendat/airflow_venv/lib/python3.12/site-packages/airflow/sdk/execution_time/task_runner.py","lineno":1177,"name":"_execute_task"},{"filename":"/home/tiendat/airflow_venv/lib/python3.12/site-packages/airflow/sdk/bases/operator.py","lineno":397,"name":"wrapper"},{"filename":"/home/tiendat/airflow_venv/lib/python3.12/site-packages/airflow/providers/standard/operators/python.py","lineno":491,"name":"execute"},{"filename":"/home/tiendat/airflow_venv/lib/python3.12/site-packages/airflow/sdk/bases/operator.py","lineno":397,"name":"wrapper"},{"filename":"/home/tiendat/airflow_venv/lib/python3.12/site-packages/airflow/providers/standard/operators/python.py","lineno":217,"name":"execute"},{"filename":"/home/tiendat/airflow_venv/lib/python3.12/site-packages/airflow/providers/standard/operators/python.py","lineno":897,"name":"execute_callable"},{"filename":"/home/tiendat/airflow_venv/lib/python3.12/site-packages/airflow/providers/standard/operators/python.py","lineno":589,"name":"_execute_python_callable_in_subprocess"}],"is_group":false,"exceptions":[]}]}
