{"timestamp":"2025-09-15T08:54:00.843186","level":"info","event":"DAG bundles loaded: dags-folder","logger":"airflow.dag_processing.bundles.manager.DagBundlesManager"}
{"timestamp":"2025-09-15T08:54:00.844188","level":"info","event":"Filling up the DagBag from /home/tiendat/Pipeline-Stock-ETL/schedule/dags/etl_datawarehouse.py","logger":"airflow.models.dagbag.DagBag"}
{"timestamp":"2025-09-15T08:54:00.890609","level":"info","event":"Executing cmd: python -m venv /tmp/venvia8rsgof","logger":"airflow.utils.process_utils"}
{"timestamp":"2025-09-15T08:54:00.891548","level":"info","event":"Output:","logger":"airflow.utils.process_utils"}
{"timestamp":"2025-09-15T08:54:04.852203","level":"info","event":"Executing cmd: /tmp/venvia8rsgof/bin/pip install -r /tmp/venvia8rsgof/requirements.txt","logger":"airflow.utils.process_utils"}
{"timestamp":"2025-09-15T08:54:04.853016","level":"info","event":"Output:","logger":"airflow.utils.process_utils"}
{"timestamp":"2025-09-15T08:54:05.319746","level":"info","event":"Collecting dotenv (from -r /tmp/venvia8rsgof/requirements.txt (line 1))","logger":"airflow.utils.process_utils"}
{"timestamp":"2025-09-15T08:54:05.321679","level":"info","event":"  Using cached dotenv-0.9.9-py2.py3-none-any.whl.metadata (279 bytes)","logger":"airflow.utils.process_utils"}
{"timestamp":"2025-09-15T08:54:05.502290","level":"info","event":"Collecting duckdb (from -r /tmp/venvia8rsgof/requirements.txt (line 2))","logger":"airflow.utils.process_utils"}
{"timestamp":"2025-09-15T08:54:05.504503","level":"info","event":"  Using cached duckdb-1.3.2-cp312-cp312-manylinux_2_27_x86_64.manylinux_2_28_x86_64.whl.metadata (7.0 kB)","logger":"airflow.utils.process_utils"}
{"timestamp":"2025-09-15T08:54:05.576660","level":"info","event":"Collecting fastparquet (from -r /tmp/venvia8rsgof/requirements.txt (line 3))","logger":"airflow.utils.process_utils"}
{"timestamp":"2025-09-15T08:54:05.578468","level":"info","event":"  Using cached fastparquet-2024.11.0-cp312-cp312-manylinux_2_17_x86_64.manylinux2014_x86_64.whl.metadata (4.2 kB)","logger":"airflow.utils.process_utils"}
{"timestamp":"2025-09-15T08:54:05.617830","level":"info","event":"Collecting flask (from -r /tmp/venvia8rsgof/requirements.txt (line 4))","logger":"airflow.utils.process_utils"}
{"timestamp":"2025-09-15T08:54:05.619546","level":"info","event":"  Using cached flask-3.1.2-py3-none-any.whl.metadata (3.2 kB)","logger":"airflow.utils.process_utils"}
{"timestamp":"2025-09-15T08:54:05.658603","level":"info","event":"Collecting gunicorn (from -r /tmp/venvia8rsgof/requirements.txt (line 5))","logger":"airflow.utils.process_utils"}
{"timestamp":"2025-09-15T08:54:05.660357","level":"info","event":"  Using cached gunicorn-23.0.0-py3-none-any.whl.metadata (4.4 kB)","logger":"airflow.utils.process_utils"}
{"timestamp":"2025-09-15T08:54:05.698119","level":"info","event":"Collecting hdfs (from -r /tmp/venvia8rsgof/requirements.txt (line 6))","logger":"airflow.utils.process_utils"}
{"timestamp":"2025-09-15T08:54:05.698362","level":"info","event":"  Using cached hdfs-2.7.3-py3-none-any.whl","logger":"airflow.utils.process_utils"}
{"timestamp":"2025-09-15T08:54:05.903636","level":"info","event":"Collecting matplotlib (from -r /tmp/venvia8rsgof/requirements.txt (line 7))","logger":"airflow.utils.process_utils"}
{"timestamp":"2025-09-15T08:54:05.906189","level":"info","event":"  Using cached matplotlib-3.10.6-cp312-cp312-manylinux2014_x86_64.manylinux_2_17_x86_64.whl.metadata (11 kB)","logger":"airflow.utils.process_utils"}
{"timestamp":"2025-09-15T08:54:06.145603","level":"info","event":"Collecting numpy (from -r /tmp/venvia8rsgof/requirements.txt (line 8))","logger":"airflow.utils.process_utils"}
{"timestamp":"2025-09-15T08:54:06.147367","level":"info","event":"  Using cached numpy-2.3.3-cp312-cp312-manylinux_2_27_x86_64.manylinux_2_28_x86_64.whl.metadata (62 kB)","logger":"airflow.utils.process_utils"}
{"timestamp":"2025-09-15T08:54:06.311849","level":"info","event":"Collecting pandas (from -r /tmp/venvia8rsgof/requirements.txt (line 9))","logger":"airflow.utils.process_utils"}
{"timestamp":"2025-09-15T08:54:06.313787","level":"info","event":"  Using cached pandas-2.3.2-cp312-cp312-manylinux_2_17_x86_64.manylinux2014_x86_64.whl.metadata (91 kB)","logger":"airflow.utils.process_utils"}
{"timestamp":"2025-09-15T08:54:06.464197","level":"info","event":"Collecting psycopg2-binary (from -r /tmp/venvia8rsgof/requirements.txt (line 10))","logger":"airflow.utils.process_utils"}
{"timestamp":"2025-09-15T08:54:06.465971","level":"info","event":"  Using cached psycopg2_binary-2.9.10-cp312-cp312-manylinux_2_17_x86_64.manylinux2014_x86_64.whl.metadata (4.9 kB)","logger":"airflow.utils.process_utils"}
{"timestamp":"2025-09-15T08:54:06.580366","level":"info","event":"Collecting pyarrow (from -r /tmp/venvia8rsgof/requirements.txt (line 11))","logger":"airflow.utils.process_utils"}
{"timestamp":"2025-09-15T08:54:06.582116","level":"info","event":"  Using cached pyarrow-21.0.0-cp312-cp312-manylinux_2_28_x86_64.whl.metadata (3.3 kB)","logger":"airflow.utils.process_utils"}
{"timestamp":"2025-09-15T08:54:06.614411","level":"info","event":"Collecting pyspark (from -r /tmp/venvia8rsgof/requirements.txt (line 12))","logger":"airflow.utils.process_utils"}
{"timestamp":"2025-09-15T08:54:06.614700","level":"info","event":"  Using cached pyspark-4.0.1-py2.py3-none-any.whl","logger":"airflow.utils.process_utils"}
{"timestamp":"2025-09-15T08:54:06.678530","level":"info","event":"Collecting requests (from -r /tmp/venvia8rsgof/requirements.txt (line 13))","logger":"airflow.utils.process_utils"}
{"timestamp":"2025-09-15T08:54:06.680347","level":"info","event":"  Using cached requests-2.32.5-py3-none-any.whl.metadata (4.9 kB)","logger":"airflow.utils.process_utils"}
{"timestamp":"2025-09-15T08:54:06.713519","level":"info","event":"Collecting seaborn (from -r /tmp/venvia8rsgof/requirements.txt (line 14))","logger":"airflow.utils.process_utils"}
{"timestamp":"2025-09-15T08:54:06.716174","level":"info","event":"  Using cached seaborn-0.13.2-py3-none-any.whl.metadata (5.4 kB)","logger":"airflow.utils.process_utils"}
{"timestamp":"2025-09-15T08:54:07.111839","level":"info","event":"Collecting sqlalchemy (from -r /tmp/venvia8rsgof/requirements.txt (line 15))","logger":"airflow.utils.process_utils"}
{"timestamp":"2025-09-15T08:54:07.113630","level":"info","event":"  Using cached sqlalchemy-2.0.43-cp312-cp312-manylinux_2_17_x86_64.manylinux2014_x86_64.whl.metadata (9.6 kB)","logger":"airflow.utils.process_utils"}
{"timestamp":"2025-09-15T08:54:07.154607","level":"info","event":"Collecting python-dotenv (from dotenv->-r /tmp/venvia8rsgof/requirements.txt (line 1))","logger":"airflow.utils.process_utils"}
{"timestamp":"2025-09-15T08:54:07.156346","level":"info","event":"  Using cached python_dotenv-1.1.1-py3-none-any.whl.metadata (24 kB)","logger":"airflow.utils.process_utils"}
{"timestamp":"2025-09-15T08:54:07.373840","level":"info","event":"Collecting cramjam>=2.3 (from fastparquet->-r /tmp/venvia8rsgof/requirements.txt (line 3))","logger":"airflow.utils.process_utils"}
{"timestamp":"2025-09-15T08:54:07.375742","level":"info","event":"  Using cached cramjam-2.11.0-cp312-cp312-manylinux_2_17_x86_64.manylinux2014_x86_64.whl.metadata (5.6 kB)","logger":"airflow.utils.process_utils"}
{"timestamp":"2025-09-15T08:54:07.423851","level":"info","event":"Collecting fsspec (from fastparquet->-r /tmp/venvia8rsgof/requirements.txt (line 3))","logger":"airflow.utils.process_utils"}
{"timestamp":"2025-09-15T08:54:07.425700","level":"info","event":"  Using cached fsspec-2025.9.0-py3-none-any.whl.metadata (10 kB)","logger":"airflow.utils.process_utils"}
{"timestamp":"2025-09-15T08:54:07.467061","level":"info","event":"Collecting packaging (from fastparquet->-r /tmp/venvia8rsgof/requirements.txt (line 3))","logger":"airflow.utils.process_utils"}
{"timestamp":"2025-09-15T08:54:07.468729","level":"info","event":"  Using cached packaging-25.0-py3-none-any.whl.metadata (3.3 kB)","logger":"airflow.utils.process_utils"}
{"timestamp":"2025-09-15T08:54:07.578250","level":"info","event":"Collecting blinker>=1.9.0 (from flask->-r /tmp/venvia8rsgof/requirements.txt (line 4))","logger":"airflow.utils.process_utils"}
{"timestamp":"2025-09-15T08:54:07.580045","level":"info","event":"  Using cached blinker-1.9.0-py3-none-any.whl.metadata (1.6 kB)","logger":"airflow.utils.process_utils"}
{"timestamp":"2025-09-15T08:54:07.639857","level":"info","event":"Collecting click>=8.1.3 (from flask->-r /tmp/venvia8rsgof/requirements.txt (line 4))","logger":"airflow.utils.process_utils"}
{"timestamp":"2025-09-15T08:54:07.640143","level":"info","event":"  Using cached click-8.2.1-py3-none-any.whl.metadata (2.5 kB)","logger":"airflow.utils.process_utils"}
{"timestamp":"2025-09-15T08:54:07.682853","level":"info","event":"Collecting itsdangerous>=2.2.0 (from flask->-r /tmp/venvia8rsgof/requirements.txt (line 4))","logger":"airflow.utils.process_utils"}
{"timestamp":"2025-09-15T08:54:07.688496","level":"info","event":"  Using cached itsdangerous-2.2.0-py3-none-any.whl.metadata (1.9 kB)","logger":"airflow.utils.process_utils"}
{"timestamp":"2025-09-15T08:54:07.752713","level":"info","event":"Collecting jinja2>=3.1.2 (from flask->-r /tmp/venvia8rsgof/requirements.txt (line 4))","logger":"airflow.utils.process_utils"}
{"timestamp":"2025-09-15T08:54:07.755918","level":"info","event":"  Using cached jinja2-3.1.6-py3-none-any.whl.metadata (2.9 kB)","logger":"airflow.utils.process_utils"}
{"timestamp":"2025-09-15T08:54:07.912042","level":"info","event":"Collecting markupsafe>=2.1.1 (from flask->-r /tmp/venvia8rsgof/requirements.txt (line 4))","logger":"airflow.utils.process_utils"}
{"timestamp":"2025-09-15T08:54:07.914920","level":"info","event":"  Using cached MarkupSafe-3.0.2-cp312-cp312-manylinux_2_17_x86_64.manylinux2014_x86_64.whl.metadata (4.0 kB)","logger":"airflow.utils.process_utils"}
{"timestamp":"2025-09-15T08:54:07.976222","level":"info","event":"Collecting werkzeug>=3.1.0 (from flask->-r /tmp/venvia8rsgof/requirements.txt (line 4))","logger":"airflow.utils.process_utils"}
{"timestamp":"2025-09-15T08:54:07.979656","level":"info","event":"  Using cached werkzeug-3.1.3-py3-none-any.whl.metadata (3.7 kB)","logger":"airflow.utils.process_utils"}
{"timestamp":"2025-09-15T08:54:08.040842","level":"info","event":"Collecting docopt (from hdfs->-r /tmp/venvia8rsgof/requirements.txt (line 6))","logger":"airflow.utils.process_utils"}
{"timestamp":"2025-09-15T08:54:08.041419","level":"info","event":"  Using cached docopt-0.6.2-py2.py3-none-any.whl","logger":"airflow.utils.process_utils"}
{"timestamp":"2025-09-15T08:54:08.090473","level":"info","event":"Collecting six>=1.9.0 (from hdfs->-r /tmp/venvia8rsgof/requirements.txt (line 6))","logger":"airflow.utils.process_utils"}
{"timestamp":"2025-09-15T08:54:08.092225","level":"info","event":"  Using cached six-1.17.0-py2.py3-none-any.whl.metadata (1.7 kB)","logger":"airflow.utils.process_utils"}
{"timestamp":"2025-09-15T08:54:08.225290","level":"info","event":"Collecting contourpy>=1.0.1 (from matplotlib->-r /tmp/venvia8rsgof/requirements.txt (line 7))","logger":"airflow.utils.process_utils"}
{"timestamp":"2025-09-15T08:54:08.227125","level":"info","event":"  Using cached contourpy-1.3.3-cp312-cp312-manylinux_2_27_x86_64.manylinux_2_28_x86_64.whl.metadata (5.5 kB)","logger":"airflow.utils.process_utils"}
{"timestamp":"2025-09-15T08:54:08.255775","level":"info","event":"Collecting cycler>=0.10 (from matplotlib->-r /tmp/venvia8rsgof/requirements.txt (line 7))","logger":"airflow.utils.process_utils"}
{"timestamp":"2025-09-15T08:54:08.257654","level":"info","event":"  Using cached cycler-0.12.1-py3-none-any.whl.metadata (3.8 kB)","logger":"airflow.utils.process_utils"}
{"timestamp":"2025-09-15T08:54:08.470414","level":"info","event":"Collecting fonttools>=4.22.0 (from matplotlib->-r /tmp/venvia8rsgof/requirements.txt (line 7))","logger":"airflow.utils.process_utils"}
{"timestamp":"2025-09-15T08:54:08.472517","level":"info","event":"  Using cached fonttools-4.59.2-cp312-cp312-manylinux1_x86_64.manylinux2014_x86_64.manylinux_2_17_x86_64.manylinux_2_5_x86_64.whl.metadata (109 kB)","logger":"airflow.utils.process_utils"}
{"timestamp":"2025-09-15T08:54:08.572142","level":"info","event":"Collecting kiwisolver>=1.3.1 (from matplotlib->-r /tmp/venvia8rsgof/requirements.txt (line 7))","logger":"airflow.utils.process_utils"}
{"timestamp":"2025-09-15T08:54:08.573827","level":"info","event":"  Using cached kiwisolver-1.4.9-cp312-cp312-manylinux2014_x86_64.manylinux_2_17_x86_64.whl.metadata (6.3 kB)","logger":"airflow.utils.process_utils"}
{"timestamp":"2025-09-15T08:54:08.947314","level":"info","event":"Collecting pillow>=8 (from matplotlib->-r /tmp/venvia8rsgof/requirements.txt (line 7))","logger":"airflow.utils.process_utils"}
{"timestamp":"2025-09-15T08:54:08.949487","level":"info","event":"  Using cached pillow-11.3.0-cp312-cp312-manylinux_2_27_x86_64.manylinux_2_28_x86_64.whl.metadata (9.0 kB)","logger":"airflow.utils.process_utils"}
{"timestamp":"2025-09-15T08:54:09.005681","level":"info","event":"Collecting pyparsing>=2.3.1 (from matplotlib->-r /tmp/venvia8rsgof/requirements.txt (line 7))","logger":"airflow.utils.process_utils"}
{"timestamp":"2025-09-15T08:54:09.007519","level":"info","event":"  Using cached pyparsing-3.2.4-py3-none-any.whl.metadata (5.0 kB)","logger":"airflow.utils.process_utils"}
{"timestamp":"2025-09-15T08:54:09.042965","level":"info","event":"Collecting python-dateutil>=2.7 (from matplotlib->-r /tmp/venvia8rsgof/requirements.txt (line 7))","logger":"airflow.utils.process_utils"}
{"timestamp":"2025-09-15T08:54:09.044626","level":"info","event":"  Using cached python_dateutil-2.9.0.post0-py2.py3-none-any.whl.metadata (8.4 kB)","logger":"airflow.utils.process_utils"}
{"timestamp":"2025-09-15T08:54:09.193845","level":"info","event":"Collecting pytz>=2020.1 (from pandas->-r /tmp/venvia8rsgof/requirements.txt (line 9))","logger":"airflow.utils.process_utils"}
{"timestamp":"2025-09-15T08:54:09.195718","level":"info","event":"  Using cached pytz-2025.2-py2.py3-none-any.whl.metadata (22 kB)","logger":"airflow.utils.process_utils"}
{"timestamp":"2025-09-15T08:54:09.238010","level":"info","event":"Collecting tzdata>=2022.7 (from pandas->-r /tmp/venvia8rsgof/requirements.txt (line 9))","logger":"airflow.utils.process_utils"}
{"timestamp":"2025-09-15T08:54:09.239689","level":"info","event":"  Using cached tzdata-2025.2-py2.py3-none-any.whl.metadata (1.4 kB)","logger":"airflow.utils.process_utils"}
{"timestamp":"2025-09-15T08:54:09.291610","level":"info","event":"Collecting py4j==0.10.9.9 (from pyspark->-r /tmp/venvia8rsgof/requirements.txt (line 12))","logger":"airflow.utils.process_utils"}
{"timestamp":"2025-09-15T08:54:09.293233","level":"info","event":"  Using cached py4j-0.10.9.9-py2.py3-none-any.whl.metadata (1.3 kB)","logger":"airflow.utils.process_utils"}
{"timestamp":"2025-09-15T08:54:09.415727","level":"info","event":"Collecting charset_normalizer<4,>=2 (from requests->-r /tmp/venvia8rsgof/requirements.txt (line 13))","logger":"airflow.utils.process_utils"}
{"timestamp":"2025-09-15T08:54:09.417600","level":"info","event":"  Using cached charset_normalizer-3.4.3-cp312-cp312-manylinux2014_x86_64.manylinux_2_17_x86_64.manylinux_2_28_x86_64.whl.metadata (36 kB)","logger":"airflow.utils.process_utils"}
{"timestamp":"2025-09-15T08:54:09.454180","level":"info","event":"Collecting idna<4,>=2.5 (from requests->-r /tmp/venvia8rsgof/requirements.txt (line 13))","logger":"airflow.utils.process_utils"}
{"timestamp":"2025-09-15T08:54:09.455868","level":"info","event":"  Using cached idna-3.10-py3-none-any.whl.metadata (10 kB)","logger":"airflow.utils.process_utils"}
{"timestamp":"2025-09-15T08:54:09.519878","level":"info","event":"Collecting urllib3<3,>=1.21.1 (from requests->-r /tmp/venvia8rsgof/requirements.txt (line 13))","logger":"airflow.utils.process_utils"}
{"timestamp":"2025-09-15T08:54:09.521709","level":"info","event":"  Using cached urllib3-2.5.0-py3-none-any.whl.metadata (6.5 kB)","logger":"airflow.utils.process_utils"}
{"timestamp":"2025-09-15T08:54:09.563253","level":"info","event":"Collecting certifi>=2017.4.17 (from requests->-r /tmp/venvia8rsgof/requirements.txt (line 13))","logger":"airflow.utils.process_utils"}
{"timestamp":"2025-09-15T08:54:09.564996","level":"info","event":"  Using cached certifi-2025.8.3-py3-none-any.whl.metadata (2.4 kB)","logger":"airflow.utils.process_utils"}
{"timestamp":"2025-09-15T08:54:09.810288","level":"info","event":"Collecting greenlet>=1 (from sqlalchemy->-r /tmp/venvia8rsgof/requirements.txt (line 15))","logger":"airflow.utils.process_utils"}
{"timestamp":"2025-09-15T08:54:09.812626","level":"info","event":"  Using cached greenlet-3.2.4-cp312-cp312-manylinux_2_24_x86_64.manylinux_2_28_x86_64.whl.metadata (4.1 kB)","logger":"airflow.utils.process_utils"}
{"timestamp":"2025-09-15T08:54:09.852316","level":"info","event":"Collecting typing-extensions>=4.6.0 (from sqlalchemy->-r /tmp/venvia8rsgof/requirements.txt (line 15))","logger":"airflow.utils.process_utils"}
{"timestamp":"2025-09-15T08:54:09.854051","level":"info","event":"  Using cached typing_extensions-4.15.0-py3-none-any.whl.metadata (3.3 kB)","logger":"airflow.utils.process_utils"}
{"timestamp":"2025-09-15T08:54:10.103392","level":"info","event":"Using cached dotenv-0.9.9-py2.py3-none-any.whl (1.9 kB)","logger":"airflow.utils.process_utils"}
{"timestamp":"2025-09-15T08:54:10.105032","level":"info","event":"Using cached duckdb-1.3.2-cp312-cp312-manylinux_2_27_x86_64.manylinux_2_28_x86_64.whl (21.1 MB)","logger":"airflow.utils.process_utils"}
{"timestamp":"2025-09-15T08:54:10.138393","level":"info","event":"Using cached fastparquet-2024.11.0-cp312-cp312-manylinux_2_17_x86_64.manylinux2014_x86_64.whl (1.8 MB)","logger":"airflow.utils.process_utils"}
{"timestamp":"2025-09-15T08:54:10.142740","level":"info","event":"Using cached flask-3.1.2-py3-none-any.whl (103 kB)","logger":"airflow.utils.process_utils"}
{"timestamp":"2025-09-15T08:54:10.144415","level":"info","event":"Using cached gunicorn-23.0.0-py3-none-any.whl (85 kB)","logger":"airflow.utils.process_utils"}
{"timestamp":"2025-09-15T08:54:10.146069","level":"info","event":"Using cached matplotlib-3.10.6-cp312-cp312-manylinux2014_x86_64.manylinux_2_17_x86_64.whl (8.7 MB)","logger":"airflow.utils.process_utils"}
{"timestamp":"2025-09-15T08:54:10.161205","level":"info","event":"Using cached numpy-2.3.3-cp312-cp312-manylinux_2_27_x86_64.manylinux_2_28_x86_64.whl (16.6 MB)","logger":"airflow.utils.process_utils"}
{"timestamp":"2025-09-15T08:54:10.188891","level":"info","event":"Using cached pandas-2.3.2-cp312-cp312-manylinux_2_17_x86_64.manylinux2014_x86_64.whl (12.0 MB)","logger":"airflow.utils.process_utils"}
{"timestamp":"2025-09-15T08:54:10.208526","level":"info","event":"Using cached psycopg2_binary-2.9.10-cp312-cp312-manylinux_2_17_x86_64.manylinux2014_x86_64.whl (3.0 MB)","logger":"airflow.utils.process_utils"}
{"timestamp":"2025-09-15T08:54:10.215652","level":"info","event":"Using cached pyarrow-21.0.0-cp312-cp312-manylinux_2_28_x86_64.whl (42.8 MB)","logger":"airflow.utils.process_utils"}
{"timestamp":"2025-09-15T08:54:10.318957","level":"info","event":"Using cached py4j-0.10.9.9-py2.py3-none-any.whl (203 kB)","logger":"airflow.utils.process_utils"}
{"timestamp":"2025-09-15T08:54:10.320853","level":"info","event":"Using cached requests-2.32.5-py3-none-any.whl (64 kB)","logger":"airflow.utils.process_utils"}
{"timestamp":"2025-09-15T08:54:10.322302","level":"info","event":"Using cached seaborn-0.13.2-py3-none-any.whl (294 kB)","logger":"airflow.utils.process_utils"}
{"timestamp":"2025-09-15T08:54:10.324132","level":"info","event":"Using cached sqlalchemy-2.0.43-cp312-cp312-manylinux_2_17_x86_64.manylinux2014_x86_64.whl (3.3 MB)","logger":"airflow.utils.process_utils"}
{"timestamp":"2025-09-15T08:54:10.330726","level":"info","event":"Using cached blinker-1.9.0-py3-none-any.whl (8.5 kB)","logger":"airflow.utils.process_utils"}
{"timestamp":"2025-09-15T08:54:10.332124","level":"info","event":"Using cached certifi-2025.8.3-py3-none-any.whl (161 kB)","logger":"airflow.utils.process_utils"}
{"timestamp":"2025-09-15T08:54:10.333808","level":"info","event":"Using cached charset_normalizer-3.4.3-cp312-cp312-manylinux2014_x86_64.manylinux_2_17_x86_64.manylinux_2_28_x86_64.whl (151 kB)","logger":"airflow.utils.process_utils"}
{"timestamp":"2025-09-15T08:54:10.335320","level":"info","event":"Using cached click-8.2.1-py3-none-any.whl (102 kB)","logger":"airflow.utils.process_utils"}
{"timestamp":"2025-09-15T08:54:10.336887","level":"info","event":"Using cached contourpy-1.3.3-cp312-cp312-manylinux_2_27_x86_64.manylinux_2_28_x86_64.whl (362 kB)","logger":"airflow.utils.process_utils"}
{"timestamp":"2025-09-15T08:54:10.338985","level":"info","event":"Using cached cramjam-2.11.0-cp312-cp312-manylinux_2_17_x86_64.manylinux2014_x86_64.whl (2.0 MB)","logger":"airflow.utils.process_utils"}
{"timestamp":"2025-09-15T08:54:10.343786","level":"info","event":"Using cached cycler-0.12.1-py3-none-any.whl (8.3 kB)","logger":"airflow.utils.process_utils"}
{"timestamp":"2025-09-15T08:54:10.345273","level":"info","event":"Using cached fonttools-4.59.2-cp312-cp312-manylinux1_x86_64.manylinux2014_x86_64.manylinux_2_17_x86_64.manylinux_2_5_x86_64.whl (4.9 MB)","logger":"airflow.utils.process_utils"}
{"timestamp":"2025-09-15T08:54:10.354794","level":"info","event":"Using cached greenlet-3.2.4-cp312-cp312-manylinux_2_24_x86_64.manylinux_2_28_x86_64.whl (607 kB)","logger":"airflow.utils.process_utils"}
{"timestamp":"2025-09-15T08:54:10.357084","level":"info","event":"Using cached idna-3.10-py3-none-any.whl (70 kB)","logger":"airflow.utils.process_utils"}
{"timestamp":"2025-09-15T08:54:10.358636","level":"info","event":"Using cached itsdangerous-2.2.0-py3-none-any.whl (16 kB)","logger":"airflow.utils.process_utils"}
{"timestamp":"2025-09-15T08:54:10.359942","level":"info","event":"Using cached jinja2-3.1.6-py3-none-any.whl (134 kB)","logger":"airflow.utils.process_utils"}
{"timestamp":"2025-09-15T08:54:10.361537","level":"info","event":"Using cached kiwisolver-1.4.9-cp312-cp312-manylinux2014_x86_64.manylinux_2_17_x86_64.whl (1.5 MB)","logger":"airflow.utils.process_utils"}
{"timestamp":"2025-09-15T08:54:10.365317","level":"info","event":"Using cached MarkupSafe-3.0.2-cp312-cp312-manylinux_2_17_x86_64.manylinux2014_x86_64.whl (23 kB)","logger":"airflow.utils.process_utils"}
{"timestamp":"2025-09-15T08:54:10.366611","level":"info","event":"Using cached packaging-25.0-py3-none-any.whl (66 kB)","logger":"airflow.utils.process_utils"}
{"timestamp":"2025-09-15T08:54:10.368033","level":"info","event":"Using cached pillow-11.3.0-cp312-cp312-manylinux_2_27_x86_64.manylinux_2_28_x86_64.whl (6.6 MB)","logger":"airflow.utils.process_utils"}
{"timestamp":"2025-09-15T08:54:10.380389","level":"info","event":"Using cached pyparsing-3.2.4-py3-none-any.whl (113 kB)","logger":"airflow.utils.process_utils"}
{"timestamp":"2025-09-15T08:54:10.382319","level":"info","event":"Using cached python_dateutil-2.9.0.post0-py2.py3-none-any.whl (229 kB)","logger":"airflow.utils.process_utils"}
{"timestamp":"2025-09-15T08:54:10.384251","level":"info","event":"Using cached pytz-2025.2-py2.py3-none-any.whl (509 kB)","logger":"airflow.utils.process_utils"}
{"timestamp":"2025-09-15T08:54:10.386413","level":"info","event":"Using cached six-1.17.0-py2.py3-none-any.whl (11 kB)","logger":"airflow.utils.process_utils"}
{"timestamp":"2025-09-15T08:54:10.387741","level":"info","event":"Using cached typing_extensions-4.15.0-py3-none-any.whl (44 kB)","logger":"airflow.utils.process_utils"}
{"timestamp":"2025-09-15T08:54:10.389118","level":"info","event":"Using cached tzdata-2025.2-py2.py3-none-any.whl (347 kB)","logger":"airflow.utils.process_utils"}
{"timestamp":"2025-09-15T08:54:10.390943","level":"info","event":"Using cached urllib3-2.5.0-py3-none-any.whl (129 kB)","logger":"airflow.utils.process_utils"}
{"timestamp":"2025-09-15T08:54:10.392477","level":"info","event":"Using cached werkzeug-3.1.3-py3-none-any.whl (224 kB)","logger":"airflow.utils.process_utils"}
{"timestamp":"2025-09-15T08:54:10.394128","level":"info","event":"Using cached fsspec-2025.9.0-py3-none-any.whl (199 kB)","logger":"airflow.utils.process_utils"}
{"timestamp":"2025-09-15T08:54:10.395732","level":"info","event":"Using cached python_dotenv-1.1.1-py3-none-any.whl (20 kB)","logger":"airflow.utils.process_utils"}
{"timestamp":"2025-09-15T08:54:11.241318","level":"info","event":"Installing collected packages: pytz, py4j, docopt, urllib3, tzdata, typing-extensions, six, python-dotenv, pyspark, pyparsing, pyarrow, psycopg2-binary, pillow, packaging, numpy, markupsafe, kiwisolver, itsdangerous, idna, greenlet, fsspec, fonttools, duckdb, cycler, cramjam, click, charset_normalizer, certifi, blinker, werkzeug, sqlalchemy, requests, python-dateutil, jinja2, gunicorn, dotenv, contourpy, pandas, matplotlib, hdfs, flask, seaborn, fastparquet","logger":"airflow.utils.process_utils"}
{"timestamp":"2025-09-15T08:54:34.216226","level":"info","event":"Successfully installed blinker-1.9.0 certifi-2025.8.3 charset_normalizer-3.4.3 click-8.2.1 contourpy-1.3.3 cramjam-2.11.0 cycler-0.12.1 docopt-0.6.2 dotenv-0.9.9 duckdb-1.3.2 fastparquet-2024.11.0 flask-3.1.2 fonttools-4.59.2 fsspec-2025.9.0 greenlet-3.2.4 gunicorn-23.0.0 hdfs-2.7.3 idna-3.10 itsdangerous-2.2.0 jinja2-3.1.6 kiwisolver-1.4.9 markupsafe-3.0.2 matplotlib-3.10.6 numpy-2.3.3 packaging-25.0 pandas-2.3.2 pillow-11.3.0 psycopg2-binary-2.9.10 py4j-0.10.9.9 pyarrow-21.0.0 pyparsing-3.2.4 pyspark-4.0.1 python-dateutil-2.9.0.post0 python-dotenv-1.1.1 pytz-2025.2 requests-2.32.5 seaborn-0.13.2 six-1.17.0 sqlalchemy-2.0.43 typing-extensions-4.15.0 tzdata-2025.2 urllib3-2.5.0 werkzeug-3.1.3","logger":"airflow.utils.process_utils"}
{"timestamp":"2025-09-15T08:54:35.028148","level":"info","event":"Executing cmd: /tmp/venvia8rsgof/bin/python /tmp/venv-call_6tpd7r0/script.py /tmp/venv-call_6tpd7r0/script.in /tmp/venv-call_6tpd7r0/script.out /tmp/venv-call_6tpd7r0/string_args.txt /tmp/venv-call_6tpd7r0/termination.log /tmp/venv-call_6tpd7r0/airflow_context.json","logger":"airflow.utils.process_utils"}
{"timestamp":"2025-09-15T08:54:35.028958","level":"info","event":"Output:","logger":"airflow.utils.process_utils"}
{"timestamp":"2025-09-15T08:54:35.446366","level":"info","event":"/usr/bin/env: ‘bash’: No such file or directory","logger":"airflow.utils.process_utils"}
{"timestamp":"2025-09-15T08:54:35.546880","level":"info","event":"Traceback (most recent call last):","logger":"airflow.utils.process_utils"}
{"timestamp":"2025-09-15T08:54:35.547187","level":"info","event":"  File \"/tmp/venv-call_6tpd7r0/script.py\", line 54, in <module>","logger":"airflow.utils.process_utils"}
{"timestamp":"2025-09-15T08:54:35.547380","level":"info","event":"    res = run_transform_load_news(*arg_dict[\"args\"], **arg_dict[\"kwargs\"])","logger":"airflow.utils.process_utils"}
{"timestamp":"2025-09-15T08:54:35.547551","level":"info","event":"          ^^^^^^^^^^^^^^^^^^^^^^^^^^^^^^^^^^^^^^^^^^^^^^^^^^^^^^^^^^^^^^^^","logger":"airflow.utils.process_utils"}
{"timestamp":"2025-09-15T08:54:35.547768","level":"info","event":"  File \"/tmp/venv-call_6tpd7r0/script.py\", line 25, in run_transform_load_news","logger":"airflow.utils.process_utils"}
{"timestamp":"2025-09-15T08:54:35.547939","level":"info","event":"    from transform_load_news import transform_bronze_to_silver","logger":"airflow.utils.process_utils"}
{"timestamp":"2025-09-15T08:54:35.548150","level":"info","event":"  File \"/home/tiendat/Pipeline-Stock-ETL/etl_datawarehouse/silver/transform_load_news.py\", line 23, in <module>","logger":"airflow.utils.process_utils"}
{"timestamp":"2025-09-15T08:54:35.548262","level":"info","event":"    .getOrCreate()","logger":"airflow.utils.process_utils"}
{"timestamp":"2025-09-15T08:54:35.548360","level":"info","event":"     ^^^^^^^^^^^^^","logger":"airflow.utils.process_utils"}
{"timestamp":"2025-09-15T08:54:35.548586","level":"info","event":"  File \"/tmp/venvia8rsgof/lib/python3.12/site-packages/pyspark/sql/session.py\", line 556, in getOrCreate","logger":"airflow.utils.process_utils"}
{"timestamp":"2025-09-15T08:54:35.548723","level":"info","event":"    sc = SparkContext.getOrCreate(sparkConf)","logger":"airflow.utils.process_utils"}
{"timestamp":"2025-09-15T08:54:35.548848","level":"info","event":"         ^^^^^^^^^^^^^^^^^^^^^^^^^^^^^^^^^^^","logger":"airflow.utils.process_utils"}
{"timestamp":"2025-09-15T08:54:35.549053","level":"info","event":"  File \"/tmp/venvia8rsgof/lib/python3.12/site-packages/pyspark/core/context.py\", line 523, in getOrCreate","logger":"airflow.utils.process_utils"}
{"timestamp":"2025-09-15T08:54:35.549190","level":"info","event":"    SparkContext(conf=conf or SparkConf())","logger":"airflow.utils.process_utils"}
{"timestamp":"2025-09-15T08:54:35.549382","level":"info","event":"  File \"/tmp/venvia8rsgof/lib/python3.12/site-packages/pyspark/core/context.py\", line 205, in __init__","logger":"airflow.utils.process_utils"}
{"timestamp":"2025-09-15T08:54:35.549544","level":"info","event":"    SparkContext._ensure_initialized(self, gateway=gateway, conf=conf)","logger":"airflow.utils.process_utils"}
{"timestamp":"2025-09-15T08:54:35.550684","level":"info","event":"  File \"/tmp/venvia8rsgof/lib/python3.12/site-packages/pyspark/core/context.py\", line 444, in _ensure_initialized","logger":"airflow.utils.process_utils"}
{"timestamp":"2025-09-15T08:54:35.550868","level":"info","event":"    SparkContext._gateway = gateway or launch_gateway(conf)","logger":"airflow.utils.process_utils"}
{"timestamp":"2025-09-15T08:54:35.551030","level":"info","event":"                                       ^^^^^^^^^^^^^^^^^^^^","logger":"airflow.utils.process_utils"}
{"timestamp":"2025-09-15T08:54:35.551241","level":"info","event":"  File \"/tmp/venvia8rsgof/lib/python3.12/site-packages/pyspark/java_gateway.py\", line 111, in launch_gateway","logger":"airflow.utils.process_utils"}
{"timestamp":"2025-09-15T08:54:35.551354","level":"info","event":"    raise PySparkRuntimeError(","logger":"airflow.utils.process_utils"}
{"timestamp":"2025-09-15T08:54:35.551633","level":"info","event":"pyspark.errors.exceptions.base.PySparkRuntimeError: [JAVA_GATEWAY_EXITED] Java gateway process exited before sending its port number.","logger":"airflow.utils.process_utils"}
{"timestamp":"2025-09-15T08:54:35.968962","level":"error","event":"Task failed with exception","logger":"task","error_detail":[{"exc_type":"AirflowException","exc_value":"Process returned non-zero exit status 1.\n[JAVA_GATEWAY_EXITED] Java gateway process exited before sending its port number.","exc_notes":[],"syntax_error":null,"is_cause":false,"frames":[{"filename":"/home/tiendat/airflow_venv/lib/python3.12/site-packages/airflow/sdk/execution_time/task_runner.py","lineno":890,"name":"run"},{"filename":"/home/tiendat/airflow_venv/lib/python3.12/site-packages/airflow/sdk/execution_time/task_runner.py","lineno":1177,"name":"_execute_task"},{"filename":"/home/tiendat/airflow_venv/lib/python3.12/site-packages/airflow/sdk/bases/operator.py","lineno":397,"name":"wrapper"},{"filename":"/home/tiendat/airflow_venv/lib/python3.12/site-packages/airflow/providers/standard/operators/python.py","lineno":491,"name":"execute"},{"filename":"/home/tiendat/airflow_venv/lib/python3.12/site-packages/airflow/sdk/bases/operator.py","lineno":397,"name":"wrapper"},{"filename":"/home/tiendat/airflow_venv/lib/python3.12/site-packages/airflow/providers/standard/operators/python.py","lineno":217,"name":"execute"},{"filename":"/home/tiendat/airflow_venv/lib/python3.12/site-packages/airflow/providers/standard/operators/python.py","lineno":897,"name":"execute_callable"},{"filename":"/home/tiendat/airflow_venv/lib/python3.12/site-packages/airflow/providers/standard/operators/python.py","lineno":589,"name":"_execute_python_callable_in_subprocess"}],"is_group":false,"exceptions":[]}]}
