{"timestamp":"2025-09-17T01:01:18.571844","level":"info","event":"DAG bundles loaded: dags-folder","logger":"airflow.dag_processing.bundles.manager.DagBundlesManager"}
{"timestamp":"2025-09-17T01:01:18.572769","level":"info","event":"Filling up the DagBag from /home/tiendat/Pipeline-Stock-ETL/schedule/dags/etl_datawarehouse.py","logger":"airflow.models.dagbag.DagBag"}
{"timestamp":"2025-09-17T01:01:18.631233","level":"info","event":"Executing cmd: python -m venv /tmp/venvu35kistc --system-site-packages","logger":"airflow.utils.process_utils"}
{"timestamp":"2025-09-17T01:01:18.633589","level":"info","event":"Output:","logger":"airflow.utils.process_utils"}
{"timestamp":"2025-09-17T01:01:22.609069","level":"info","event":"Executing cmd: /tmp/venvu35kistc/bin/pip install -r /tmp/venvu35kistc/requirements.txt","logger":"airflow.utils.process_utils"}
{"timestamp":"2025-09-17T01:01:22.609966","level":"info","event":"Output:","logger":"airflow.utils.process_utils"}
{"timestamp":"2025-09-17T01:01:23.175911","level":"info","event":"Collecting dotenv (from -r /tmp/venvu35kistc/requirements.txt (line 1))","logger":"airflow.utils.process_utils"}
{"timestamp":"2025-09-17T01:01:23.178901","level":"info","event":"  Using cached dotenv-0.9.9-py2.py3-none-any.whl.metadata (279 bytes)","logger":"airflow.utils.process_utils"}
{"timestamp":"2025-09-17T01:01:23.336601","level":"info","event":"Collecting duckdb (from -r /tmp/venvu35kistc/requirements.txt (line 2))","logger":"airflow.utils.process_utils"}
{"timestamp":"2025-09-17T01:01:23.339012","level":"info","event":"  Using cached duckdb-1.4.0-cp312-cp312-manylinux_2_27_x86_64.manylinux_2_28_x86_64.whl.metadata (14 kB)","logger":"airflow.utils.process_utils"}
{"timestamp":"2025-09-17T01:01:23.439788","level":"info","event":"Collecting fastparquet (from -r /tmp/venvu35kistc/requirements.txt (line 3))","logger":"airflow.utils.process_utils"}
{"timestamp":"2025-09-17T01:01:23.442567","level":"info","event":"  Using cached fastparquet-2024.11.0-cp312-cp312-manylinux_2_17_x86_64.manylinux2014_x86_64.whl.metadata (4.2 kB)","logger":"airflow.utils.process_utils"}
{"timestamp":"2025-09-17T01:01:23.485697","level":"info","event":"Collecting flask (from -r /tmp/venvu35kistc/requirements.txt (line 4))","logger":"airflow.utils.process_utils"}
{"timestamp":"2025-09-17T01:01:23.488672","level":"info","event":"  Using cached flask-3.1.2-py3-none-any.whl.metadata (3.2 kB)","logger":"airflow.utils.process_utils"}
{"timestamp":"2025-09-17T01:01:23.530436","level":"info","event":"Collecting gunicorn (from -r /tmp/venvu35kistc/requirements.txt (line 5))","logger":"airflow.utils.process_utils"}
{"timestamp":"2025-09-17T01:01:23.533039","level":"info","event":"  Using cached gunicorn-23.0.0-py3-none-any.whl.metadata (4.4 kB)","logger":"airflow.utils.process_utils"}
{"timestamp":"2025-09-17T01:01:23.569989","level":"info","event":"Collecting hdfs (from -r /tmp/venvu35kistc/requirements.txt (line 6))","logger":"airflow.utils.process_utils"}
{"timestamp":"2025-09-17T01:01:23.570256","level":"info","event":"  Using cached hdfs-2.7.3-py3-none-any.whl","logger":"airflow.utils.process_utils"}
{"timestamp":"2025-09-17T01:01:23.756712","level":"info","event":"Collecting matplotlib (from -r /tmp/venvu35kistc/requirements.txt (line 7))","logger":"airflow.utils.process_utils"}
{"timestamp":"2025-09-17T01:01:23.760602","level":"info","event":"  Using cached matplotlib-3.10.6-cp312-cp312-manylinux2014_x86_64.manylinux_2_17_x86_64.whl.metadata (11 kB)","logger":"airflow.utils.process_utils"}
{"timestamp":"2025-09-17T01:01:24.004064","level":"info","event":"Collecting numpy (from -r /tmp/venvu35kistc/requirements.txt (line 8))","logger":"airflow.utils.process_utils"}
{"timestamp":"2025-09-17T01:01:24.005914","level":"info","event":"  Using cached numpy-2.3.3-cp312-cp312-manylinux_2_27_x86_64.manylinux_2_28_x86_64.whl.metadata (62 kB)","logger":"airflow.utils.process_utils"}
{"timestamp":"2025-09-17T01:01:24.207796","level":"info","event":"Collecting pandas (from -r /tmp/venvu35kistc/requirements.txt (line 9))","logger":"airflow.utils.process_utils"}
{"timestamp":"2025-09-17T01:01:24.209660","level":"info","event":"  Using cached pandas-2.3.2-cp312-cp312-manylinux_2_17_x86_64.manylinux2014_x86_64.whl.metadata (91 kB)","logger":"airflow.utils.process_utils"}
{"timestamp":"2025-09-17T01:01:24.382738","level":"info","event":"Collecting psycopg2-binary (from -r /tmp/venvu35kistc/requirements.txt (line 10))","logger":"airflow.utils.process_utils"}
{"timestamp":"2025-09-17T01:01:24.384560","level":"info","event":"  Using cached psycopg2_binary-2.9.10-cp312-cp312-manylinux_2_17_x86_64.manylinux2014_x86_64.whl.metadata (4.9 kB)","logger":"airflow.utils.process_utils"}
{"timestamp":"2025-09-17T01:01:24.514564","level":"info","event":"Collecting pyarrow (from -r /tmp/venvu35kistc/requirements.txt (line 11))","logger":"airflow.utils.process_utils"}
{"timestamp":"2025-09-17T01:01:24.517204","level":"info","event":"  Using cached pyarrow-21.0.0-cp312-cp312-manylinux_2_28_x86_64.whl.metadata (3.3 kB)","logger":"airflow.utils.process_utils"}
{"timestamp":"2025-09-17T01:01:24.574843","level":"info","event":"Collecting pyspark==3.5.6 (from -r /tmp/venvu35kistc/requirements.txt (line 12))","logger":"airflow.utils.process_utils"}
{"timestamp":"2025-09-17T01:01:24.575598","level":"info","event":"  Using cached pyspark-3.5.6-py2.py3-none-any.whl","logger":"airflow.utils.process_utils"}
{"timestamp":"2025-09-17T01:01:24.581816","level":"info","event":"Requirement already satisfied: requests in /usr/lib/python3/dist-packages (from -r /tmp/venvu35kistc/requirements.txt (line 13)) (2.31.0)","logger":"airflow.utils.process_utils"}
{"timestamp":"2025-09-17T01:01:24.614496","level":"info","event":"Collecting seaborn (from -r /tmp/venvu35kistc/requirements.txt (line 14))","logger":"airflow.utils.process_utils"}
{"timestamp":"2025-09-17T01:01:24.616412","level":"info","event":"  Using cached seaborn-0.13.2-py3-none-any.whl.metadata (5.4 kB)","logger":"airflow.utils.process_utils"}
{"timestamp":"2025-09-17T01:01:25.000197","level":"info","event":"Collecting sqlalchemy (from -r /tmp/venvu35kistc/requirements.txt (line 15))","logger":"airflow.utils.process_utils"}
{"timestamp":"2025-09-17T01:01:25.002031","level":"info","event":"  Using cached sqlalchemy-2.0.43-cp312-cp312-manylinux_2_17_x86_64.manylinux2014_x86_64.whl.metadata (9.6 kB)","logger":"airflow.utils.process_utils"}
{"timestamp":"2025-09-17T01:01:25.054814","level":"info","event":"Collecting py4j==0.10.9.7 (from pyspark==3.5.6->-r /tmp/venvu35kistc/requirements.txt (line 12))","logger":"airflow.utils.process_utils"}
{"timestamp":"2025-09-17T01:01:25.057454","level":"info","event":"  Using cached py4j-0.10.9.7-py2.py3-none-any.whl.metadata (1.5 kB)","logger":"airflow.utils.process_utils"}
{"timestamp":"2025-09-17T01:01:25.098052","level":"info","event":"Collecting python-dotenv (from dotenv->-r /tmp/venvu35kistc/requirements.txt (line 1))","logger":"airflow.utils.process_utils"}
{"timestamp":"2025-09-17T01:01:25.100785","level":"info","event":"  Using cached python_dotenv-1.1.1-py3-none-any.whl.metadata (24 kB)","logger":"airflow.utils.process_utils"}
{"timestamp":"2025-09-17T01:01:25.451828","level":"info","event":"Collecting cramjam>=2.3 (from fastparquet->-r /tmp/venvu35kistc/requirements.txt (line 3))","logger":"airflow.utils.process_utils"}
{"timestamp":"2025-09-17T01:01:25.454110","level":"info","event":"  Using cached cramjam-2.11.0-cp312-cp312-manylinux_2_17_x86_64.manylinux2014_x86_64.whl.metadata (5.6 kB)","logger":"airflow.utils.process_utils"}
{"timestamp":"2025-09-17T01:01:25.501795","level":"info","event":"Collecting fsspec (from fastparquet->-r /tmp/venvu35kistc/requirements.txt (line 3))","logger":"airflow.utils.process_utils"}
{"timestamp":"2025-09-17T01:01:25.503505","level":"info","event":"  Using cached fsspec-2025.9.0-py3-none-any.whl.metadata (10 kB)","logger":"airflow.utils.process_utils"}
{"timestamp":"2025-09-17T01:01:25.507732","level":"info","event":"Requirement already satisfied: packaging in /usr/lib/python3/dist-packages (from fastparquet->-r /tmp/venvu35kistc/requirements.txt (line 3)) (24.0)","logger":"airflow.utils.process_utils"}
{"timestamp":"2025-09-17T01:01:25.545760","level":"info","event":"Collecting blinker>=1.9.0 (from flask->-r /tmp/venvu35kistc/requirements.txt (line 4))","logger":"airflow.utils.process_utils"}
{"timestamp":"2025-09-17T01:01:25.547429","level":"info","event":"  Using cached blinker-1.9.0-py3-none-any.whl.metadata (1.6 kB)","logger":"airflow.utils.process_utils"}
{"timestamp":"2025-09-17T01:01:25.550349","level":"info","event":"Requirement already satisfied: click>=8.1.3 in /usr/lib/python3/dist-packages (from flask->-r /tmp/venvu35kistc/requirements.txt (line 4)) (8.1.6)","logger":"airflow.utils.process_utils"}
{"timestamp":"2025-09-17T01:01:25.579970","level":"info","event":"Collecting itsdangerous>=2.2.0 (from flask->-r /tmp/venvu35kistc/requirements.txt (line 4))","logger":"airflow.utils.process_utils"}
{"timestamp":"2025-09-17T01:01:25.581845","level":"info","event":"  Using cached itsdangerous-2.2.0-py3-none-any.whl.metadata (1.9 kB)","logger":"airflow.utils.process_utils"}
{"timestamp":"2025-09-17T01:01:25.584713","level":"info","event":"Requirement already satisfied: jinja2>=3.1.2 in /usr/lib/python3/dist-packages (from flask->-r /tmp/venvu35kistc/requirements.txt (line 4)) (3.1.2)","logger":"airflow.utils.process_utils"}
{"timestamp":"2025-09-17T01:01:25.586105","level":"info","event":"Requirement already satisfied: markupsafe>=2.1.1 in /usr/lib/python3/dist-packages (from flask->-r /tmp/venvu35kistc/requirements.txt (line 4)) (2.1.5)","logger":"airflow.utils.process_utils"}
{"timestamp":"2025-09-17T01:01:25.633971","level":"info","event":"Collecting werkzeug>=3.1.0 (from flask->-r /tmp/venvu35kistc/requirements.txt (line 4))","logger":"airflow.utils.process_utils"}
{"timestamp":"2025-09-17T01:01:25.636626","level":"info","event":"  Using cached werkzeug-3.1.3-py3-none-any.whl.metadata (3.7 kB)","logger":"airflow.utils.process_utils"}
{"timestamp":"2025-09-17T01:01:25.682235","level":"info","event":"Collecting docopt (from hdfs->-r /tmp/venvu35kistc/requirements.txt (line 6))","logger":"airflow.utils.process_utils"}
{"timestamp":"2025-09-17T01:01:25.682546","level":"info","event":"  Using cached docopt-0.6.2-py2.py3-none-any.whl","logger":"airflow.utils.process_utils"}
{"timestamp":"2025-09-17T01:01:25.685908","level":"info","event":"Requirement already satisfied: six>=1.9.0 in /usr/lib/python3/dist-packages (from hdfs->-r /tmp/venvu35kistc/requirements.txt (line 6)) (1.16.0)","logger":"airflow.utils.process_utils"}
{"timestamp":"2025-09-17T01:01:25.798106","level":"info","event":"Collecting contourpy>=1.0.1 (from matplotlib->-r /tmp/venvu35kistc/requirements.txt (line 7))","logger":"airflow.utils.process_utils"}
{"timestamp":"2025-09-17T01:01:25.800724","level":"info","event":"  Using cached contourpy-1.3.3-cp312-cp312-manylinux_2_27_x86_64.manylinux_2_28_x86_64.whl.metadata (5.5 kB)","logger":"airflow.utils.process_utils"}
{"timestamp":"2025-09-17T01:01:25.832090","level":"info","event":"Collecting cycler>=0.10 (from matplotlib->-r /tmp/venvu35kistc/requirements.txt (line 7))","logger":"airflow.utils.process_utils"}
{"timestamp":"2025-09-17T01:01:25.833719","level":"info","event":"  Using cached cycler-0.12.1-py3-none-any.whl.metadata (3.8 kB)","logger":"airflow.utils.process_utils"}
{"timestamp":"2025-09-17T01:01:26.052587","level":"info","event":"Collecting fonttools>=4.22.0 (from matplotlib->-r /tmp/venvu35kistc/requirements.txt (line 7))","logger":"airflow.utils.process_utils"}
{"timestamp":"2025-09-17T01:01:26.056856","level":"info","event":"  Using cached fonttools-4.59.2-cp312-cp312-manylinux1_x86_64.manylinux2014_x86_64.manylinux_2_17_x86_64.manylinux_2_5_x86_64.whl.metadata (109 kB)","logger":"airflow.utils.process_utils"}
{"timestamp":"2025-09-17T01:01:26.191898","level":"info","event":"Collecting kiwisolver>=1.3.1 (from matplotlib->-r /tmp/venvu35kistc/requirements.txt (line 7))","logger":"airflow.utils.process_utils"}
{"timestamp":"2025-09-17T01:01:26.194749","level":"info","event":"  Using cached kiwisolver-1.4.9-cp312-cp312-manylinux2014_x86_64.manylinux_2_17_x86_64.whl.metadata (6.3 kB)","logger":"airflow.utils.process_utils"}
{"timestamp":"2025-09-17T01:01:26.469650","level":"info","event":"Collecting pillow>=8 (from matplotlib->-r /tmp/venvu35kistc/requirements.txt (line 7))","logger":"airflow.utils.process_utils"}
{"timestamp":"2025-09-17T01:01:26.472449","level":"info","event":"  Using cached pillow-11.3.0-cp312-cp312-manylinux_2_27_x86_64.manylinux_2_28_x86_64.whl.metadata (9.0 kB)","logger":"airflow.utils.process_utils"}
{"timestamp":"2025-09-17T01:01:26.477088","level":"info","event":"Requirement already satisfied: pyparsing>=2.3.1 in /usr/lib/python3/dist-packages (from matplotlib->-r /tmp/venvu35kistc/requirements.txt (line 7)) (3.1.1)","logger":"airflow.utils.process_utils"}
{"timestamp":"2025-09-17T01:01:26.478799","level":"info","event":"Requirement already satisfied: python-dateutil>=2.7 in /usr/lib/python3/dist-packages (from matplotlib->-r /tmp/venvu35kistc/requirements.txt (line 7)) (2.8.2)","logger":"airflow.utils.process_utils"}
{"timestamp":"2025-09-17T01:01:26.680632","level":"info","event":"Requirement already satisfied: pytz>=2020.1 in /usr/lib/python3/dist-packages (from pandas->-r /tmp/venvu35kistc/requirements.txt (line 9)) (2024.1)","logger":"airflow.utils.process_utils"}
{"timestamp":"2025-09-17T01:01:26.716556","level":"info","event":"Collecting tzdata>=2022.7 (from pandas->-r /tmp/venvu35kistc/requirements.txt (line 9))","logger":"airflow.utils.process_utils"}
{"timestamp":"2025-09-17T01:01:26.719182","level":"info","event":"  Using cached tzdata-2025.2-py2.py3-none-any.whl.metadata (1.4 kB)","logger":"airflow.utils.process_utils"}
{"timestamp":"2025-09-17T01:01:26.979575","level":"info","event":"Collecting greenlet>=1 (from sqlalchemy->-r /tmp/venvu35kistc/requirements.txt (line 15))","logger":"airflow.utils.process_utils"}
{"timestamp":"2025-09-17T01:01:26.982125","level":"info","event":"  Using cached greenlet-3.2.4-cp312-cp312-manylinux_2_24_x86_64.manylinux_2_28_x86_64.whl.metadata (4.1 kB)","logger":"airflow.utils.process_utils"}
{"timestamp":"2025-09-17T01:01:26.986131","level":"info","event":"Requirement already satisfied: typing-extensions>=4.6.0 in /usr/lib/python3/dist-packages (from sqlalchemy->-r /tmp/venvu35kistc/requirements.txt (line 15)) (4.10.0)","logger":"airflow.utils.process_utils"}
{"timestamp":"2025-09-17T01:01:27.187819","level":"info","event":"Using cached py4j-0.10.9.7-py2.py3-none-any.whl (200 kB)","logger":"airflow.utils.process_utils"}
{"timestamp":"2025-09-17T01:01:27.192756","level":"info","event":"Using cached dotenv-0.9.9-py2.py3-none-any.whl (1.9 kB)","logger":"airflow.utils.process_utils"}
{"timestamp":"2025-09-17T01:01:27.195209","level":"info","event":"Using cached duckdb-1.4.0-cp312-cp312-manylinux_2_27_x86_64.manylinux_2_28_x86_64.whl (20.4 MB)","logger":"airflow.utils.process_utils"}
{"timestamp":"2025-09-17T01:01:27.294168","level":"info","event":"Using cached fastparquet-2024.11.0-cp312-cp312-manylinux_2_17_x86_64.manylinux2014_x86_64.whl (1.8 MB)","logger":"airflow.utils.process_utils"}
{"timestamp":"2025-09-17T01:01:27.306129","level":"info","event":"Using cached flask-3.1.2-py3-none-any.whl (103 kB)","logger":"airflow.utils.process_utils"}
{"timestamp":"2025-09-17T01:01:27.309877","level":"info","event":"Using cached gunicorn-23.0.0-py3-none-any.whl (85 kB)","logger":"airflow.utils.process_utils"}
{"timestamp":"2025-09-17T01:01:27.313702","level":"info","event":"Using cached matplotlib-3.10.6-cp312-cp312-manylinux2014_x86_64.manylinux_2_17_x86_64.whl (8.7 MB)","logger":"airflow.utils.process_utils"}
{"timestamp":"2025-09-17T01:01:27.356186","level":"info","event":"Using cached numpy-2.3.3-cp312-cp312-manylinux_2_27_x86_64.manylinux_2_28_x86_64.whl (16.6 MB)","logger":"airflow.utils.process_utils"}
{"timestamp":"2025-09-17T01:01:27.433749","level":"info","event":"Using cached pandas-2.3.2-cp312-cp312-manylinux_2_17_x86_64.manylinux2014_x86_64.whl (12.0 MB)","logger":"airflow.utils.process_utils"}
{"timestamp":"2025-09-17T01:01:27.489777","level":"info","event":"Using cached psycopg2_binary-2.9.10-cp312-cp312-manylinux_2_17_x86_64.manylinux2014_x86_64.whl (3.0 MB)","logger":"airflow.utils.process_utils"}
{"timestamp":"2025-09-17T01:01:27.500981","level":"info","event":"Using cached pyarrow-21.0.0-cp312-cp312-manylinux_2_28_x86_64.whl (42.8 MB)","logger":"airflow.utils.process_utils"}
{"timestamp":"2025-09-17T01:01:27.664037","level":"info","event":"Using cached seaborn-0.13.2-py3-none-any.whl (294 kB)","logger":"airflow.utils.process_utils"}
{"timestamp":"2025-09-17T01:01:27.666287","level":"info","event":"Using cached sqlalchemy-2.0.43-cp312-cp312-manylinux_2_17_x86_64.manylinux2014_x86_64.whl (3.3 MB)","logger":"airflow.utils.process_utils"}
{"timestamp":"2025-09-17T01:01:27.672917","level":"info","event":"Using cached blinker-1.9.0-py3-none-any.whl (8.5 kB)","logger":"airflow.utils.process_utils"}
{"timestamp":"2025-09-17T01:01:27.674522","level":"info","event":"Using cached contourpy-1.3.3-cp312-cp312-manylinux_2_27_x86_64.manylinux_2_28_x86_64.whl (362 kB)","logger":"airflow.utils.process_utils"}
{"timestamp":"2025-09-17T01:01:27.678656","level":"info","event":"Using cached cramjam-2.11.0-cp312-cp312-manylinux_2_17_x86_64.manylinux2014_x86_64.whl (2.0 MB)","logger":"airflow.utils.process_utils"}
{"timestamp":"2025-09-17T01:01:27.684717","level":"info","event":"Using cached cycler-0.12.1-py3-none-any.whl (8.3 kB)","logger":"airflow.utils.process_utils"}
{"timestamp":"2025-09-17T01:01:27.686244","level":"info","event":"Using cached fonttools-4.59.2-cp312-cp312-manylinux1_x86_64.manylinux2014_x86_64.manylinux_2_17_x86_64.manylinux_2_5_x86_64.whl (4.9 MB)","logger":"airflow.utils.process_utils"}
{"timestamp":"2025-09-17T01:01:27.695008","level":"info","event":"Using cached greenlet-3.2.4-cp312-cp312-manylinux_2_24_x86_64.manylinux_2_28_x86_64.whl (607 kB)","logger":"airflow.utils.process_utils"}
{"timestamp":"2025-09-17T01:01:27.700122","level":"info","event":"Using cached itsdangerous-2.2.0-py3-none-any.whl (16 kB)","logger":"airflow.utils.process_utils"}
{"timestamp":"2025-09-17T01:01:27.700572","level":"info","event":"Using cached kiwisolver-1.4.9-cp312-cp312-manylinux2014_x86_64.manylinux_2_17_x86_64.whl (1.5 MB)","logger":"airflow.utils.process_utils"}
{"timestamp":"2025-09-17T01:01:27.704482","level":"info","event":"Using cached pillow-11.3.0-cp312-cp312-manylinux_2_27_x86_64.manylinux_2_28_x86_64.whl (6.6 MB)","logger":"airflow.utils.process_utils"}
{"timestamp":"2025-09-17T01:01:27.716124","level":"info","event":"Using cached tzdata-2025.2-py2.py3-none-any.whl (347 kB)","logger":"airflow.utils.process_utils"}
{"timestamp":"2025-09-17T01:01:27.718172","level":"info","event":"Using cached werkzeug-3.1.3-py3-none-any.whl (224 kB)","logger":"airflow.utils.process_utils"}
{"timestamp":"2025-09-17T01:01:27.719848","level":"info","event":"Using cached fsspec-2025.9.0-py3-none-any.whl (199 kB)","logger":"airflow.utils.process_utils"}
{"timestamp":"2025-09-17T01:01:27.721453","level":"info","event":"Using cached python_dotenv-1.1.1-py3-none-any.whl (20 kB)","logger":"airflow.utils.process_utils"}
{"timestamp":"2025-09-17T01:01:28.742012","level":"info","event":"Installing collected packages: py4j, docopt, werkzeug, tzdata, python-dotenv, pyspark, pyarrow, psycopg2-binary, pillow, numpy, kiwisolver, itsdangerous, hdfs, gunicorn, greenlet, fsspec, fonttools, duckdb, cycler, cramjam, blinker, sqlalchemy, pandas, flask, dotenv, contourpy, matplotlib, fastparquet, seaborn","logger":"airflow.utils.process_utils"}
{"timestamp":"2025-09-17T01:01:39.563221","level":"info","event":"  Attempting uninstall: blinker","logger":"airflow.utils.process_utils"}
{"timestamp":"2025-09-17T01:01:39.589912","level":"info","event":"    Found existing installation: blinker 1.7.0","logger":"airflow.utils.process_utils"}
{"timestamp":"2025-09-17T01:01:39.590736","level":"info","event":"    Not uninstalling blinker at /usr/lib/python3/dist-packages, outside environment /tmp/venvu35kistc","logger":"airflow.utils.process_utils"}
{"timestamp":"2025-09-17T01:01:39.590940","level":"info","event":"    Can't uninstall 'blinker'. No files were found to uninstall.","logger":"airflow.utils.process_utils"}
{"timestamp":"2025-09-17T01:01:50.384799","level":"info","event":"Successfully installed blinker-1.9.0 contourpy-1.3.3 cramjam-2.11.0 cycler-0.12.1 docopt-0.6.2 dotenv-0.9.9 duckdb-1.4.0 fastparquet-2024.11.0 flask-3.1.2 fonttools-4.59.2 fsspec-2025.9.0 greenlet-3.2.4 gunicorn-23.0.0 hdfs-2.7.3 itsdangerous-2.2.0 kiwisolver-1.4.9 matplotlib-3.10.6 numpy-2.3.3 pandas-2.3.2 pillow-11.3.0 psycopg2-binary-2.9.10 py4j-0.10.9.7 pyarrow-21.0.0 pyspark-3.5.6 python-dotenv-1.1.1 seaborn-0.13.2 sqlalchemy-2.0.43 tzdata-2025.2 werkzeug-3.1.3","logger":"airflow.utils.process_utils"}
{"timestamp":"2025-09-17T01:01:51.279722","level":"info","event":"Executing cmd: /tmp/venvu35kistc/bin/python /tmp/venv-callt_kdk_ka/script.py /tmp/venv-callt_kdk_ka/script.in /tmp/venv-callt_kdk_ka/script.out /tmp/venv-callt_kdk_ka/string_args.txt /tmp/venv-callt_kdk_ka/termination.log /tmp/venv-callt_kdk_ka/airflow_context.json","logger":"airflow.utils.process_utils"}
{"timestamp":"2025-09-17T01:01:51.280447","level":"info","event":"Output:","logger":"airflow.utils.process_utils"}
{"timestamp":"2025-09-17T01:01:52.151031","level":"info","event":"2025-09-17 01:01:52,150 - INFO - Instantiated <InsecureClient(url='http://34.59.119.128:9870')>.","logger":"airflow.utils.process_utils"}
{"timestamp":"2025-09-17T01:01:52.151364","level":"info","event":"2025-09-17 01:01:52,150 - INFO - Fetching news from 20250916T0000 to 20250916T2359","logger":"airflow.utils.process_utils"}
{"timestamp":"2025-09-17T01:01:52.915558","level":"info","event":"2025-09-17 01:01:52,914 - INFO - Fetching news from 20250916T0000 to 20250916T1200","logger":"airflow.utils.process_utils"}
{"timestamp":"2025-09-17T01:01:54.112394","level":"info","event":"2025-09-17 01:01:54,111 - INFO - Fetching news from 20250916T1201 to 20250916T2359","logger":"airflow.utils.process_utils"}
{"timestamp":"2025-09-17T01:01:55.518101","level":"info","event":"2025-09-17 01:01:55,517 - INFO - Creating directories to '/user/tiendat/datalake/elt/bronze/news/dt=2025-09-16'.","logger":"airflow.utils.process_utils"}
{"timestamp":"2025-09-17T01:01:55.531318","level":"info","event":"2025-09-17 01:01:55,529 - INFO - Writing to '/user/tiendat/datalake/elt/bronze/news/dt=2025-09-16/part-0000.parquet'.","logger":"airflow.utils.process_utils"}
{"timestamp":"2025-09-17T01:01:55.973134","level":"info","event":"2025-09-17 01:01:55,972 - INFO - Saved 1989 news records to /user/tiendat/datalake/elt/bronze/news/dt=2025-09-16/part-0000.parquet","logger":"airflow.utils.process_utils"}
{"timestamp":"2025-09-17T01:01:56.142587","level":"warning","event":"Fail to delete /home/tiendat/airflow/tmp/venvu35kistc. The directory does not exist.","logger":"airflow.task.operators.airflow.providers.standard.operators.python.PythonVirtualenvOperator"}
{"timestamp":"2025-09-17T01:01:56.482465","level":"info","event":"Done. Returned value was: None","logger":"airflow.task.operators.airflow.providers.standard.operators.python.PythonVirtualenvOperator"}
