{"timestamp":"2025-09-14T18:50:28.612875","level":"info","event":"DAG bundles loaded: dags-folder","logger":"airflow.dag_processing.bundles.manager.DagBundlesManager"}
{"timestamp":"2025-09-14T18:50:28.614023","level":"info","event":"Filling up the DagBag from /home/tiendat/Pipeline-Stock-ETL/schedule/dags/etl_datawarehouse.py","logger":"airflow.models.dagbag.DagBag"}
{"timestamp":"2025-09-14T18:50:28.663380","level":"info","event":"Executing cmd: python -m venv /tmp/venvm_d7e025","logger":"airflow.utils.process_utils"}
{"timestamp":"2025-09-14T18:50:28.664514","level":"info","event":"Output:","logger":"airflow.utils.process_utils"}
{"timestamp":"2025-09-14T18:50:32.365432","level":"info","event":"Executing cmd: /tmp/venvm_d7e025/bin/pip install -r /tmp/venvm_d7e025/requirements.txt","logger":"airflow.utils.process_utils"}
{"timestamp":"2025-09-14T18:50:32.366216","level":"info","event":"Output:","logger":"airflow.utils.process_utils"}
{"timestamp":"2025-09-14T18:50:32.860352","level":"info","event":"Collecting dotenv (from -r /tmp/venvm_d7e025/requirements.txt (line 1))","logger":"airflow.utils.process_utils"}
{"timestamp":"2025-09-14T18:50:32.862352","level":"info","event":"  Using cached dotenv-0.9.9-py2.py3-none-any.whl.metadata (279 bytes)","logger":"airflow.utils.process_utils"}
{"timestamp":"2025-09-14T18:50:33.051311","level":"info","event":"Collecting duckdb (from -r /tmp/venvm_d7e025/requirements.txt (line 2))","logger":"airflow.utils.process_utils"}
{"timestamp":"2025-09-14T18:50:33.053148","level":"info","event":"  Using cached duckdb-1.3.2-cp312-cp312-manylinux_2_27_x86_64.manylinux_2_28_x86_64.whl.metadata (7.0 kB)","logger":"airflow.utils.process_utils"}
{"timestamp":"2025-09-14T18:50:33.128945","level":"info","event":"Collecting fastparquet (from -r /tmp/venvm_d7e025/requirements.txt (line 3))","logger":"airflow.utils.process_utils"}
{"timestamp":"2025-09-14T18:50:33.130868","level":"info","event":"  Using cached fastparquet-2024.11.0-cp312-cp312-manylinux_2_17_x86_64.manylinux2014_x86_64.whl.metadata (4.2 kB)","logger":"airflow.utils.process_utils"}
{"timestamp":"2025-09-14T18:50:33.177948","level":"info","event":"Collecting flask (from -r /tmp/venvm_d7e025/requirements.txt (line 4))","logger":"airflow.utils.process_utils"}
{"timestamp":"2025-09-14T18:50:33.179990","level":"info","event":"  Using cached flask-3.1.2-py3-none-any.whl.metadata (3.2 kB)","logger":"airflow.utils.process_utils"}
{"timestamp":"2025-09-14T18:50:33.225604","level":"info","event":"Collecting gunicorn (from -r /tmp/venvm_d7e025/requirements.txt (line 5))","logger":"airflow.utils.process_utils"}
{"timestamp":"2025-09-14T18:50:33.227217","level":"info","event":"  Using cached gunicorn-23.0.0-py3-none-any.whl.metadata (4.4 kB)","logger":"airflow.utils.process_utils"}
{"timestamp":"2025-09-14T18:50:33.263125","level":"info","event":"Collecting hdfs (from -r /tmp/venvm_d7e025/requirements.txt (line 6))","logger":"airflow.utils.process_utils"}
{"timestamp":"2025-09-14T18:50:33.263362","level":"info","event":"  Using cached hdfs-2.7.3-py3-none-any.whl","logger":"airflow.utils.process_utils"}
{"timestamp":"2025-09-14T18:50:33.441913","level":"info","event":"Collecting matplotlib (from -r /tmp/venvm_d7e025/requirements.txt (line 7))","logger":"airflow.utils.process_utils"}
{"timestamp":"2025-09-14T18:50:33.443638","level":"info","event":"  Using cached matplotlib-3.10.6-cp312-cp312-manylinux2014_x86_64.manylinux_2_17_x86_64.whl.metadata (11 kB)","logger":"airflow.utils.process_utils"}
{"timestamp":"2025-09-14T18:50:33.672342","level":"info","event":"Collecting numpy (from -r /tmp/venvm_d7e025/requirements.txt (line 8))","logger":"airflow.utils.process_utils"}
{"timestamp":"2025-09-14T18:50:33.674246","level":"info","event":"  Using cached numpy-2.3.3-cp312-cp312-manylinux_2_27_x86_64.manylinux_2_28_x86_64.whl.metadata (62 kB)","logger":"airflow.utils.process_utils"}
{"timestamp":"2025-09-14T18:50:33.859279","level":"info","event":"Collecting pandas (from -r /tmp/venvm_d7e025/requirements.txt (line 9))","logger":"airflow.utils.process_utils"}
{"timestamp":"2025-09-14T18:50:33.861059","level":"info","event":"  Using cached pandas-2.3.2-cp312-cp312-manylinux_2_17_x86_64.manylinux2014_x86_64.whl.metadata (91 kB)","logger":"airflow.utils.process_utils"}
{"timestamp":"2025-09-14T18:50:34.005915","level":"info","event":"Collecting psycopg2-binary (from -r /tmp/venvm_d7e025/requirements.txt (line 10))","logger":"airflow.utils.process_utils"}
{"timestamp":"2025-09-14T18:50:34.007568","level":"info","event":"  Using cached psycopg2_binary-2.9.10-cp312-cp312-manylinux_2_17_x86_64.manylinux2014_x86_64.whl.metadata (4.9 kB)","logger":"airflow.utils.process_utils"}
{"timestamp":"2025-09-14T18:50:34.120445","level":"info","event":"Collecting pyarrow (from -r /tmp/venvm_d7e025/requirements.txt (line 11))","logger":"airflow.utils.process_utils"}
{"timestamp":"2025-09-14T18:50:34.122101","level":"info","event":"  Using cached pyarrow-21.0.0-cp312-cp312-manylinux_2_28_x86_64.whl.metadata (3.3 kB)","logger":"airflow.utils.process_utils"}
{"timestamp":"2025-09-14T18:50:34.155039","level":"info","event":"Collecting pyspark (from -r /tmp/venvm_d7e025/requirements.txt (line 12))","logger":"airflow.utils.process_utils"}
{"timestamp":"2025-09-14T18:50:34.155285","level":"info","event":"  Using cached pyspark-4.0.1-py2.py3-none-any.whl","logger":"airflow.utils.process_utils"}
{"timestamp":"2025-09-14T18:50:34.210194","level":"info","event":"Collecting requests (from -r /tmp/venvm_d7e025/requirements.txt (line 13))","logger":"airflow.utils.process_utils"}
{"timestamp":"2025-09-14T18:50:34.211923","level":"info","event":"  Using cached requests-2.32.5-py3-none-any.whl.metadata (4.9 kB)","logger":"airflow.utils.process_utils"}
{"timestamp":"2025-09-14T18:50:34.254828","level":"info","event":"Collecting seaborn (from -r /tmp/venvm_d7e025/requirements.txt (line 14))","logger":"airflow.utils.process_utils"}
{"timestamp":"2025-09-14T18:50:34.255863","level":"info","event":"  Using cached seaborn-0.13.2-py3-none-any.whl.metadata (5.4 kB)","logger":"airflow.utils.process_utils"}
{"timestamp":"2025-09-14T18:50:34.645462","level":"info","event":"Collecting sqlalchemy (from -r /tmp/venvm_d7e025/requirements.txt (line 15))","logger":"airflow.utils.process_utils"}
{"timestamp":"2025-09-14T18:50:34.647208","level":"info","event":"  Using cached sqlalchemy-2.0.43-cp312-cp312-manylinux_2_17_x86_64.manylinux2014_x86_64.whl.metadata (9.6 kB)","logger":"airflow.utils.process_utils"}
{"timestamp":"2025-09-14T18:50:34.684017","level":"info","event":"Collecting python-dotenv (from dotenv->-r /tmp/venvm_d7e025/requirements.txt (line 1))","logger":"airflow.utils.process_utils"}
{"timestamp":"2025-09-14T18:50:34.686779","level":"info","event":"  Using cached python_dotenv-1.1.1-py3-none-any.whl.metadata (24 kB)","logger":"airflow.utils.process_utils"}
{"timestamp":"2025-09-14T18:50:34.911359","level":"info","event":"Collecting cramjam>=2.3 (from fastparquet->-r /tmp/venvm_d7e025/requirements.txt (line 3))","logger":"airflow.utils.process_utils"}
{"timestamp":"2025-09-14T18:50:34.913024","level":"info","event":"  Using cached cramjam-2.11.0-cp312-cp312-manylinux_2_17_x86_64.manylinux2014_x86_64.whl.metadata (5.6 kB)","logger":"airflow.utils.process_utils"}
{"timestamp":"2025-09-14T18:50:34.958107","level":"info","event":"Collecting fsspec (from fastparquet->-r /tmp/venvm_d7e025/requirements.txt (line 3))","logger":"airflow.utils.process_utils"}
{"timestamp":"2025-09-14T18:50:34.959783","level":"info","event":"  Using cached fsspec-2025.9.0-py3-none-any.whl.metadata (10 kB)","logger":"airflow.utils.process_utils"}
{"timestamp":"2025-09-14T18:50:34.999393","level":"info","event":"Collecting packaging (from fastparquet->-r /tmp/venvm_d7e025/requirements.txt (line 3))","logger":"airflow.utils.process_utils"}
{"timestamp":"2025-09-14T18:50:35.001032","level":"info","event":"  Using cached packaging-25.0-py3-none-any.whl.metadata (3.3 kB)","logger":"airflow.utils.process_utils"}
{"timestamp":"2025-09-14T18:50:35.102681","level":"info","event":"Collecting blinker>=1.9.0 (from flask->-r /tmp/venvm_d7e025/requirements.txt (line 4))","logger":"airflow.utils.process_utils"}
{"timestamp":"2025-09-14T18:50:35.104305","level":"info","event":"  Using cached blinker-1.9.0-py3-none-any.whl.metadata (1.6 kB)","logger":"airflow.utils.process_utils"}
{"timestamp":"2025-09-14T18:50:35.145324","level":"info","event":"Collecting click>=8.1.3 (from flask->-r /tmp/venvm_d7e025/requirements.txt (line 4))","logger":"airflow.utils.process_utils"}
{"timestamp":"2025-09-14T18:50:35.147025","level":"info","event":"  Using cached click-8.2.1-py3-none-any.whl.metadata (2.5 kB)","logger":"airflow.utils.process_utils"}
{"timestamp":"2025-09-14T18:50:35.176316","level":"info","event":"Collecting itsdangerous>=2.2.0 (from flask->-r /tmp/venvm_d7e025/requirements.txt (line 4))","logger":"airflow.utils.process_utils"}
{"timestamp":"2025-09-14T18:50:35.177903","level":"info","event":"  Using cached itsdangerous-2.2.0-py3-none-any.whl.metadata (1.9 kB)","logger":"airflow.utils.process_utils"}
{"timestamp":"2025-09-14T18:50:35.212840","level":"info","event":"Collecting jinja2>=3.1.2 (from flask->-r /tmp/venvm_d7e025/requirements.txt (line 4))","logger":"airflow.utils.process_utils"}
{"timestamp":"2025-09-14T18:50:35.214416","level":"info","event":"  Using cached jinja2-3.1.6-py3-none-any.whl.metadata (2.9 kB)","logger":"airflow.utils.process_utils"}
{"timestamp":"2025-09-14T18:50:35.298925","level":"info","event":"Collecting markupsafe>=2.1.1 (from flask->-r /tmp/venvm_d7e025/requirements.txt (line 4))","logger":"airflow.utils.process_utils"}
{"timestamp":"2025-09-14T18:50:35.300695","level":"info","event":"  Using cached MarkupSafe-3.0.2-cp312-cp312-manylinux_2_17_x86_64.manylinux2014_x86_64.whl.metadata (4.0 kB)","logger":"airflow.utils.process_utils"}
{"timestamp":"2025-09-14T18:50:35.358353","level":"info","event":"Collecting werkzeug>=3.1.0 (from flask->-r /tmp/venvm_d7e025/requirements.txt (line 4))","logger":"airflow.utils.process_utils"}
{"timestamp":"2025-09-14T18:50:35.360910","level":"info","event":"  Using cached werkzeug-3.1.3-py3-none-any.whl.metadata (3.7 kB)","logger":"airflow.utils.process_utils"}
{"timestamp":"2025-09-14T18:50:35.405553","level":"info","event":"Collecting docopt (from hdfs->-r /tmp/venvm_d7e025/requirements.txt (line 6))","logger":"airflow.utils.process_utils"}
{"timestamp":"2025-09-14T18:50:35.406387","level":"info","event":"  Using cached docopt-0.6.2-py2.py3-none-any.whl","logger":"airflow.utils.process_utils"}
{"timestamp":"2025-09-14T18:50:35.445007","level":"info","event":"Collecting six>=1.9.0 (from hdfs->-r /tmp/venvm_d7e025/requirements.txt (line 6))","logger":"airflow.utils.process_utils"}
{"timestamp":"2025-09-14T18:50:35.446594","level":"info","event":"  Using cached six-1.17.0-py2.py3-none-any.whl.metadata (1.7 kB)","logger":"airflow.utils.process_utils"}
{"timestamp":"2025-09-14T18:50:35.571408","level":"info","event":"Collecting contourpy>=1.0.1 (from matplotlib->-r /tmp/venvm_d7e025/requirements.txt (line 7))","logger":"airflow.utils.process_utils"}
{"timestamp":"2025-09-14T18:50:35.573855","level":"info","event":"  Using cached contourpy-1.3.3-cp312-cp312-manylinux_2_27_x86_64.manylinux_2_28_x86_64.whl.metadata (5.5 kB)","logger":"airflow.utils.process_utils"}
{"timestamp":"2025-09-14T18:50:35.603312","level":"info","event":"Collecting cycler>=0.10 (from matplotlib->-r /tmp/venvm_d7e025/requirements.txt (line 7))","logger":"airflow.utils.process_utils"}
{"timestamp":"2025-09-14T18:50:35.604890","level":"info","event":"  Using cached cycler-0.12.1-py3-none-any.whl.metadata (3.8 kB)","logger":"airflow.utils.process_utils"}
{"timestamp":"2025-09-14T18:50:35.812149","level":"info","event":"Collecting fonttools>=4.22.0 (from matplotlib->-r /tmp/venvm_d7e025/requirements.txt (line 7))","logger":"airflow.utils.process_utils"}
{"timestamp":"2025-09-14T18:50:35.813875","level":"info","event":"  Using cached fonttools-4.59.2-cp312-cp312-manylinux1_x86_64.manylinux2014_x86_64.manylinux_2_17_x86_64.manylinux_2_5_x86_64.whl.metadata (109 kB)","logger":"airflow.utils.process_utils"}
{"timestamp":"2025-09-14T18:50:35.908554","level":"info","event":"Collecting kiwisolver>=1.3.1 (from matplotlib->-r /tmp/venvm_d7e025/requirements.txt (line 7))","logger":"airflow.utils.process_utils"}
{"timestamp":"2025-09-14T18:50:35.910286","level":"info","event":"  Using cached kiwisolver-1.4.9-cp312-cp312-manylinux2014_x86_64.manylinux_2_17_x86_64.whl.metadata (6.3 kB)","logger":"airflow.utils.process_utils"}
{"timestamp":"2025-09-14T18:50:36.219042","level":"info","event":"Collecting pillow>=8 (from matplotlib->-r /tmp/venvm_d7e025/requirements.txt (line 7))","logger":"airflow.utils.process_utils"}
{"timestamp":"2025-09-14T18:50:36.220758","level":"info","event":"  Using cached pillow-11.3.0-cp312-cp312-manylinux_2_27_x86_64.manylinux_2_28_x86_64.whl.metadata (9.0 kB)","logger":"airflow.utils.process_utils"}
{"timestamp":"2025-09-14T18:50:36.278026","level":"info","event":"Collecting pyparsing>=2.3.1 (from matplotlib->-r /tmp/venvm_d7e025/requirements.txt (line 7))","logger":"airflow.utils.process_utils"}
{"timestamp":"2025-09-14T18:50:36.280788","level":"info","event":"  Using cached pyparsing-3.2.4-py3-none-any.whl.metadata (5.0 kB)","logger":"airflow.utils.process_utils"}
{"timestamp":"2025-09-14T18:50:36.314642","level":"info","event":"Collecting python-dateutil>=2.7 (from matplotlib->-r /tmp/venvm_d7e025/requirements.txt (line 7))","logger":"airflow.utils.process_utils"}
{"timestamp":"2025-09-14T18:50:36.316247","level":"info","event":"  Using cached python_dateutil-2.9.0.post0-py2.py3-none-any.whl.metadata (8.4 kB)","logger":"airflow.utils.process_utils"}
{"timestamp":"2025-09-14T18:50:36.455009","level":"info","event":"Collecting pytz>=2020.1 (from pandas->-r /tmp/venvm_d7e025/requirements.txt (line 9))","logger":"airflow.utils.process_utils"}
{"timestamp":"2025-09-14T18:50:36.456606","level":"info","event":"  Using cached pytz-2025.2-py2.py3-none-any.whl.metadata (22 kB)","logger":"airflow.utils.process_utils"}
{"timestamp":"2025-09-14T18:50:36.492117","level":"info","event":"Collecting tzdata>=2022.7 (from pandas->-r /tmp/venvm_d7e025/requirements.txt (line 9))","logger":"airflow.utils.process_utils"}
{"timestamp":"2025-09-14T18:50:36.493765","level":"info","event":"  Using cached tzdata-2025.2-py2.py3-none-any.whl.metadata (1.4 kB)","logger":"airflow.utils.process_utils"}
{"timestamp":"2025-09-14T18:50:36.544148","level":"info","event":"Collecting py4j==0.10.9.9 (from pyspark->-r /tmp/venvm_d7e025/requirements.txt (line 12))","logger":"airflow.utils.process_utils"}
{"timestamp":"2025-09-14T18:50:36.546447","level":"info","event":"  Using cached py4j-0.10.9.9-py2.py3-none-any.whl.metadata (1.3 kB)","logger":"airflow.utils.process_utils"}
{"timestamp":"2025-09-14T18:50:36.684302","level":"info","event":"Collecting charset_normalizer<4,>=2 (from requests->-r /tmp/venvm_d7e025/requirements.txt (line 13))","logger":"airflow.utils.process_utils"}
{"timestamp":"2025-09-14T18:50:36.686435","level":"info","event":"  Using cached charset_normalizer-3.4.3-cp312-cp312-manylinux2014_x86_64.manylinux_2_17_x86_64.manylinux_2_28_x86_64.whl.metadata (36 kB)","logger":"airflow.utils.process_utils"}
{"timestamp":"2025-09-14T18:50:36.727097","level":"info","event":"Collecting idna<4,>=2.5 (from requests->-r /tmp/venvm_d7e025/requirements.txt (line 13))","logger":"airflow.utils.process_utils"}
{"timestamp":"2025-09-14T18:50:36.728677","level":"info","event":"  Using cached idna-3.10-py3-none-any.whl.metadata (10 kB)","logger":"airflow.utils.process_utils"}
{"timestamp":"2025-09-14T18:50:36.787710","level":"info","event":"Collecting urllib3<3,>=1.21.1 (from requests->-r /tmp/venvm_d7e025/requirements.txt (line 13))","logger":"airflow.utils.process_utils"}
{"timestamp":"2025-09-14T18:50:36.789676","level":"info","event":"  Using cached urllib3-2.5.0-py3-none-any.whl.metadata (6.5 kB)","logger":"airflow.utils.process_utils"}
{"timestamp":"2025-09-14T18:50:36.837792","level":"info","event":"Collecting certifi>=2017.4.17 (from requests->-r /tmp/venvm_d7e025/requirements.txt (line 13))","logger":"airflow.utils.process_utils"}
{"timestamp":"2025-09-14T18:50:36.839353","level":"info","event":"  Using cached certifi-2025.8.3-py3-none-any.whl.metadata (2.4 kB)","logger":"airflow.utils.process_utils"}
{"timestamp":"2025-09-14T18:50:37.069376","level":"info","event":"Collecting greenlet>=1 (from sqlalchemy->-r /tmp/venvm_d7e025/requirements.txt (line 15))","logger":"airflow.utils.process_utils"}
{"timestamp":"2025-09-14T18:50:37.071061","level":"info","event":"  Using cached greenlet-3.2.4-cp312-cp312-manylinux_2_24_x86_64.manylinux_2_28_x86_64.whl.metadata (4.1 kB)","logger":"airflow.utils.process_utils"}
{"timestamp":"2025-09-14T18:50:37.109009","level":"info","event":"Collecting typing-extensions>=4.6.0 (from sqlalchemy->-r /tmp/venvm_d7e025/requirements.txt (line 15))","logger":"airflow.utils.process_utils"}
{"timestamp":"2025-09-14T18:50:37.110591","level":"info","event":"  Using cached typing_extensions-4.15.0-py3-none-any.whl.metadata (3.3 kB)","logger":"airflow.utils.process_utils"}
{"timestamp":"2025-09-14T18:50:37.350849","level":"info","event":"Using cached dotenv-0.9.9-py2.py3-none-any.whl (1.9 kB)","logger":"airflow.utils.process_utils"}
{"timestamp":"2025-09-14T18:50:37.353871","level":"info","event":"Using cached duckdb-1.3.2-cp312-cp312-manylinux_2_27_x86_64.manylinux_2_28_x86_64.whl (21.1 MB)","logger":"airflow.utils.process_utils"}
{"timestamp":"2025-09-14T18:50:37.406476","level":"info","event":"Using cached fastparquet-2024.11.0-cp312-cp312-manylinux_2_17_x86_64.manylinux2014_x86_64.whl (1.8 MB)","logger":"airflow.utils.process_utils"}
{"timestamp":"2025-09-14T18:50:37.413511","level":"info","event":"Using cached flask-3.1.2-py3-none-any.whl (103 kB)","logger":"airflow.utils.process_utils"}
{"timestamp":"2025-09-14T18:50:37.416464","level":"info","event":"Using cached gunicorn-23.0.0-py3-none-any.whl (85 kB)","logger":"airflow.utils.process_utils"}
{"timestamp":"2025-09-14T18:50:37.419256","level":"info","event":"Using cached matplotlib-3.10.6-cp312-cp312-manylinux2014_x86_64.manylinux_2_17_x86_64.whl (8.7 MB)","logger":"airflow.utils.process_utils"}
{"timestamp":"2025-09-14T18:50:37.443876","level":"info","event":"Using cached numpy-2.3.3-cp312-cp312-manylinux_2_27_x86_64.manylinux_2_28_x86_64.whl (16.6 MB)","logger":"airflow.utils.process_utils"}
{"timestamp":"2025-09-14T18:50:37.489966","level":"info","event":"Using cached pandas-2.3.2-cp312-cp312-manylinux_2_17_x86_64.manylinux2014_x86_64.whl (12.0 MB)","logger":"airflow.utils.process_utils"}
{"timestamp":"2025-09-14T18:50:37.526618","level":"info","event":"Using cached psycopg2_binary-2.9.10-cp312-cp312-manylinux_2_17_x86_64.manylinux2014_x86_64.whl (3.0 MB)","logger":"airflow.utils.process_utils"}
{"timestamp":"2025-09-14T18:50:37.536309","level":"info","event":"Using cached pyarrow-21.0.0-cp312-cp312-manylinux_2_28_x86_64.whl (42.8 MB)","logger":"airflow.utils.process_utils"}
{"timestamp":"2025-09-14T18:50:37.640441","level":"info","event":"Using cached py4j-0.10.9.9-py2.py3-none-any.whl (203 kB)","logger":"airflow.utils.process_utils"}
{"timestamp":"2025-09-14T18:50:37.646061","level":"info","event":"Using cached requests-2.32.5-py3-none-any.whl (64 kB)","logger":"airflow.utils.process_utils"}
{"timestamp":"2025-09-14T18:50:37.649148","level":"info","event":"Using cached seaborn-0.13.2-py3-none-any.whl (294 kB)","logger":"airflow.utils.process_utils"}
{"timestamp":"2025-09-14T18:50:37.653393","level":"info","event":"Using cached sqlalchemy-2.0.43-cp312-cp312-manylinux_2_17_x86_64.manylinux2014_x86_64.whl (3.3 MB)","logger":"airflow.utils.process_utils"}
{"timestamp":"2025-09-14T18:50:37.665214","level":"info","event":"Using cached blinker-1.9.0-py3-none-any.whl (8.5 kB)","logger":"airflow.utils.process_utils"}
{"timestamp":"2025-09-14T18:50:37.666690","level":"info","event":"Using cached certifi-2025.8.3-py3-none-any.whl (161 kB)","logger":"airflow.utils.process_utils"}
{"timestamp":"2025-09-14T18:50:37.669907","level":"info","event":"Using cached charset_normalizer-3.4.3-cp312-cp312-manylinux2014_x86_64.manylinux_2_17_x86_64.manylinux_2_28_x86_64.whl (151 kB)","logger":"airflow.utils.process_utils"}
{"timestamp":"2025-09-14T18:50:37.670856","level":"info","event":"Using cached click-8.2.1-py3-none-any.whl (102 kB)","logger":"airflow.utils.process_utils"}
{"timestamp":"2025-09-14T18:50:37.673203","level":"info","event":"Using cached contourpy-1.3.3-cp312-cp312-manylinux_2_27_x86_64.manylinux_2_28_x86_64.whl (362 kB)","logger":"airflow.utils.process_utils"}
{"timestamp":"2025-09-14T18:50:37.676277","level":"info","event":"Using cached cramjam-2.11.0-cp312-cp312-manylinux_2_17_x86_64.manylinux2014_x86_64.whl (2.0 MB)","logger":"airflow.utils.process_utils"}
{"timestamp":"2025-09-14T18:50:37.682226","level":"info","event":"Using cached cycler-0.12.1-py3-none-any.whl (8.3 kB)","logger":"airflow.utils.process_utils"}
{"timestamp":"2025-09-14T18:50:37.683896","level":"info","event":"Using cached fonttools-4.59.2-cp312-cp312-manylinux1_x86_64.manylinux2014_x86_64.manylinux_2_17_x86_64.manylinux_2_5_x86_64.whl (4.9 MB)","logger":"airflow.utils.process_utils"}
{"timestamp":"2025-09-14T18:50:37.701181","level":"info","event":"Using cached greenlet-3.2.4-cp312-cp312-manylinux_2_24_x86_64.manylinux_2_28_x86_64.whl (607 kB)","logger":"airflow.utils.process_utils"}
{"timestamp":"2025-09-14T18:50:37.704058","level":"info","event":"Using cached idna-3.10-py3-none-any.whl (70 kB)","logger":"airflow.utils.process_utils"}
{"timestamp":"2025-09-14T18:50:37.705732","level":"info","event":"Using cached itsdangerous-2.2.0-py3-none-any.whl (16 kB)","logger":"airflow.utils.process_utils"}
{"timestamp":"2025-09-14T18:50:37.707174","level":"info","event":"Using cached jinja2-3.1.6-py3-none-any.whl (134 kB)","logger":"airflow.utils.process_utils"}
{"timestamp":"2025-09-14T18:50:37.709430","level":"info","event":"Using cached kiwisolver-1.4.9-cp312-cp312-manylinux2014_x86_64.manylinux_2_17_x86_64.whl (1.5 MB)","logger":"airflow.utils.process_utils"}
{"timestamp":"2025-09-14T18:50:37.714058","level":"info","event":"Using cached MarkupSafe-3.0.2-cp312-cp312-manylinux_2_17_x86_64.manylinux2014_x86_64.whl (23 kB)","logger":"airflow.utils.process_utils"}
{"timestamp":"2025-09-14T18:50:37.715660","level":"info","event":"Using cached packaging-25.0-py3-none-any.whl (66 kB)","logger":"airflow.utils.process_utils"}
{"timestamp":"2025-09-14T18:50:37.717377","level":"info","event":"Using cached pillow-11.3.0-cp312-cp312-manylinux_2_27_x86_64.manylinux_2_28_x86_64.whl (6.6 MB)","logger":"airflow.utils.process_utils"}
{"timestamp":"2025-09-14T18:50:37.735825","level":"info","event":"Using cached pyparsing-3.2.4-py3-none-any.whl (113 kB)","logger":"airflow.utils.process_utils"}
{"timestamp":"2025-09-14T18:50:37.737797","level":"info","event":"Using cached python_dateutil-2.9.0.post0-py2.py3-none-any.whl (229 kB)","logger":"airflow.utils.process_utils"}
{"timestamp":"2025-09-14T18:50:37.739899","level":"info","event":"Using cached pytz-2025.2-py2.py3-none-any.whl (509 kB)","logger":"airflow.utils.process_utils"}
{"timestamp":"2025-09-14T18:50:37.742397","level":"info","event":"Using cached six-1.17.0-py2.py3-none-any.whl (11 kB)","logger":"airflow.utils.process_utils"}
{"timestamp":"2025-09-14T18:50:37.743916","level":"info","event":"Using cached typing_extensions-4.15.0-py3-none-any.whl (44 kB)","logger":"airflow.utils.process_utils"}
{"timestamp":"2025-09-14T18:50:37.745503","level":"info","event":"Using cached tzdata-2025.2-py2.py3-none-any.whl (347 kB)","logger":"airflow.utils.process_utils"}
{"timestamp":"2025-09-14T18:50:37.747675","level":"info","event":"Using cached urllib3-2.5.0-py3-none-any.whl (129 kB)","logger":"airflow.utils.process_utils"}
{"timestamp":"2025-09-14T18:50:37.749673","level":"info","event":"Using cached werkzeug-3.1.3-py3-none-any.whl (224 kB)","logger":"airflow.utils.process_utils"}
{"timestamp":"2025-09-14T18:50:37.751531","level":"info","event":"Using cached fsspec-2025.9.0-py3-none-any.whl (199 kB)","logger":"airflow.utils.process_utils"}
{"timestamp":"2025-09-14T18:50:37.753487","level":"info","event":"Using cached python_dotenv-1.1.1-py3-none-any.whl (20 kB)","logger":"airflow.utils.process_utils"}
{"timestamp":"2025-09-14T18:50:38.528656","level":"info","event":"Installing collected packages: pytz, py4j, docopt, urllib3, tzdata, typing-extensions, six, python-dotenv, pyspark, pyparsing, pyarrow, psycopg2-binary, pillow, packaging, numpy, markupsafe, kiwisolver, itsdangerous, idna, greenlet, fsspec, fonttools, duckdb, cycler, cramjam, click, charset_normalizer, certifi, blinker, werkzeug, sqlalchemy, requests, python-dateutil, jinja2, gunicorn, dotenv, contourpy, pandas, matplotlib, hdfs, flask, seaborn, fastparquet","logger":"airflow.utils.process_utils"}
{"timestamp":"2025-09-14T18:51:01.012390","level":"info","event":"Successfully installed blinker-1.9.0 certifi-2025.8.3 charset_normalizer-3.4.3 click-8.2.1 contourpy-1.3.3 cramjam-2.11.0 cycler-0.12.1 docopt-0.6.2 dotenv-0.9.9 duckdb-1.3.2 fastparquet-2024.11.0 flask-3.1.2 fonttools-4.59.2 fsspec-2025.9.0 greenlet-3.2.4 gunicorn-23.0.0 hdfs-2.7.3 idna-3.10 itsdangerous-2.2.0 jinja2-3.1.6 kiwisolver-1.4.9 markupsafe-3.0.2 matplotlib-3.10.6 numpy-2.3.3 packaging-25.0 pandas-2.3.2 pillow-11.3.0 psycopg2-binary-2.9.10 py4j-0.10.9.9 pyarrow-21.0.0 pyparsing-3.2.4 pyspark-4.0.1 python-dateutil-2.9.0.post0 python-dotenv-1.1.1 pytz-2025.2 requests-2.32.5 seaborn-0.13.2 six-1.17.0 sqlalchemy-2.0.43 typing-extensions-4.15.0 tzdata-2025.2 urllib3-2.5.0 werkzeug-3.1.3","logger":"airflow.utils.process_utils"}
{"timestamp":"2025-09-14T18:51:01.802425","level":"info","event":"Executing cmd: /tmp/venvm_d7e025/bin/python /tmp/venv-calligcg3arj/script.py /tmp/venv-calligcg3arj/script.in /tmp/venv-calligcg3arj/script.out /tmp/venv-calligcg3arj/string_args.txt /tmp/venv-calligcg3arj/termination.log /tmp/venv-calligcg3arj/airflow_context.json","logger":"airflow.utils.process_utils"}
{"timestamp":"2025-09-14T18:51:01.803204","level":"info","event":"Output:","logger":"airflow.utils.process_utils"}
{"timestamp":"2025-09-14T18:51:02.558699","level":"info","event":"2025-09-14 18:51:02,558 - INFO - Instantiated <InsecureClient(url='http://34.59.119.128:9870')>.","logger":"airflow.utils.process_utils"}
{"timestamp":"2025-09-14T18:51:02.695084","level":"info","event":"2025-09-14 18:51:02,694 - WARNING - No data available for 2025-09-13","logger":"airflow.utils.process_utils"}
{"timestamp":"2025-09-14T18:51:02.821163","level":"warning","event":"Fail to delete /home/tiendat/airflow/tmp/venvm_d7e025. The directory does not exist.","logger":"airflow.task.operators.airflow.providers.standard.operators.python.PythonVirtualenvOperator"}
{"timestamp":"2025-09-14T18:51:03.110321","level":"info","event":"Done. Returned value was: None","logger":"airflow.task.operators.airflow.providers.standard.operators.python.PythonVirtualenvOperator"}
