{"timestamp":"2025-09-15T11:14:49.145560","level":"info","event":"DAG bundles loaded: dags-folder","logger":"airflow.dag_processing.bundles.manager.DagBundlesManager"}
{"timestamp":"2025-09-15T11:14:49.146410","level":"info","event":"Filling up the DagBag from /home/tiendat/Pipeline-Stock-ETL/schedule/dags/etl_datawarehouse.py","logger":"airflow.models.dagbag.DagBag"}
{"timestamp":"2025-09-15T11:14:49.220264","level":"info","event":"Executing cmd: python -m venv /tmp/venv2l38e1wn --system-site-packages","logger":"airflow.utils.process_utils"}
{"timestamp":"2025-09-15T11:14:49.221816","level":"info","event":"Output:","logger":"airflow.utils.process_utils"}
{"timestamp":"2025-09-15T11:14:55.404758","level":"info","event":"Executing cmd: /tmp/venv2l38e1wn/bin/pip install -r /tmp/venv2l38e1wn/requirements.txt","logger":"airflow.utils.process_utils"}
{"timestamp":"2025-09-15T11:14:55.406364","level":"info","event":"Output:","logger":"airflow.utils.process_utils"}
{"timestamp":"2025-09-15T11:14:56.235836","level":"info","event":"Collecting dotenv (from -r /tmp/venv2l38e1wn/requirements.txt (line 1))","logger":"airflow.utils.process_utils"}
{"timestamp":"2025-09-15T11:14:56.239819","level":"info","event":"  Using cached dotenv-0.9.9-py2.py3-none-any.whl.metadata (279 bytes)","logger":"airflow.utils.process_utils"}
{"timestamp":"2025-09-15T11:14:56.500762","level":"info","event":"Collecting duckdb (from -r /tmp/venv2l38e1wn/requirements.txt (line 2))","logger":"airflow.utils.process_utils"}
{"timestamp":"2025-09-15T11:14:56.504739","level":"info","event":"  Using cached duckdb-1.3.2-cp312-cp312-manylinux_2_27_x86_64.manylinux_2_28_x86_64.whl.metadata (7.0 kB)","logger":"airflow.utils.process_utils"}
{"timestamp":"2025-09-15T11:14:56.616842","level":"info","event":"Collecting fastparquet (from -r /tmp/venv2l38e1wn/requirements.txt (line 3))","logger":"airflow.utils.process_utils"}
{"timestamp":"2025-09-15T11:14:56.619485","level":"info","event":"  Using cached fastparquet-2024.11.0-cp312-cp312-manylinux_2_17_x86_64.manylinux2014_x86_64.whl.metadata (4.2 kB)","logger":"airflow.utils.process_utils"}
{"timestamp":"2025-09-15T11:14:56.679332","level":"info","event":"Collecting flask (from -r /tmp/venv2l38e1wn/requirements.txt (line 4))","logger":"airflow.utils.process_utils"}
{"timestamp":"2025-09-15T11:14:56.683797","level":"info","event":"  Using cached flask-3.1.2-py3-none-any.whl.metadata (3.2 kB)","logger":"airflow.utils.process_utils"}
{"timestamp":"2025-09-15T11:14:56.747331","level":"info","event":"Collecting gunicorn (from -r /tmp/venv2l38e1wn/requirements.txt (line 5))","logger":"airflow.utils.process_utils"}
{"timestamp":"2025-09-15T11:14:56.750473","level":"info","event":"  Using cached gunicorn-23.0.0-py3-none-any.whl.metadata (4.4 kB)","logger":"airflow.utils.process_utils"}
{"timestamp":"2025-09-15T11:14:56.798841","level":"info","event":"Collecting hdfs (from -r /tmp/venv2l38e1wn/requirements.txt (line 6))","logger":"airflow.utils.process_utils"}
{"timestamp":"2025-09-15T11:14:56.799061","level":"info","event":"  Using cached hdfs-2.7.3-py3-none-any.whl","logger":"airflow.utils.process_utils"}
{"timestamp":"2025-09-15T11:14:57.144965","level":"info","event":"Collecting matplotlib (from -r /tmp/venv2l38e1wn/requirements.txt (line 7))","logger":"airflow.utils.process_utils"}
{"timestamp":"2025-09-15T11:14:57.146521","level":"info","event":"  Using cached matplotlib-3.10.6-cp312-cp312-manylinux2014_x86_64.manylinux_2_17_x86_64.whl.metadata (11 kB)","logger":"airflow.utils.process_utils"}
{"timestamp":"2025-09-15T11:14:57.564423","level":"info","event":"Collecting numpy (from -r /tmp/venv2l38e1wn/requirements.txt (line 8))","logger":"airflow.utils.process_utils"}
{"timestamp":"2025-09-15T11:14:57.567358","level":"info","event":"  Using cached numpy-2.3.3-cp312-cp312-manylinux_2_27_x86_64.manylinux_2_28_x86_64.whl.metadata (62 kB)","logger":"airflow.utils.process_utils"}
{"timestamp":"2025-09-15T11:14:57.867704","level":"info","event":"Collecting pandas (from -r /tmp/venv2l38e1wn/requirements.txt (line 9))","logger":"airflow.utils.process_utils"}
{"timestamp":"2025-09-15T11:14:57.871860","level":"info","event":"  Using cached pandas-2.3.2-cp312-cp312-manylinux_2_17_x86_64.manylinux2014_x86_64.whl.metadata (91 kB)","logger":"airflow.utils.process_utils"}
{"timestamp":"2025-09-15T11:14:58.118710","level":"info","event":"Collecting psycopg2-binary (from -r /tmp/venv2l38e1wn/requirements.txt (line 10))","logger":"airflow.utils.process_utils"}
{"timestamp":"2025-09-15T11:14:58.122866","level":"info","event":"  Using cached psycopg2_binary-2.9.10-cp312-cp312-manylinux_2_17_x86_64.manylinux2014_x86_64.whl.metadata (4.9 kB)","logger":"airflow.utils.process_utils"}
{"timestamp":"2025-09-15T11:14:58.323986","level":"info","event":"Collecting pyarrow (from -r /tmp/venv2l38e1wn/requirements.txt (line 11))","logger":"airflow.utils.process_utils"}
{"timestamp":"2025-09-15T11:14:58.326748","level":"info","event":"  Using cached pyarrow-21.0.0-cp312-cp312-manylinux_2_28_x86_64.whl.metadata (3.3 kB)","logger":"airflow.utils.process_utils"}
{"timestamp":"2025-09-15T11:14:58.375818","level":"info","event":"Collecting pyspark==3.5.6 (from -r /tmp/venv2l38e1wn/requirements.txt (line 12))","logger":"airflow.utils.process_utils"}
{"timestamp":"2025-09-15T11:14:58.376090","level":"info","event":"  Using cached pyspark-3.5.6-py2.py3-none-any.whl","logger":"airflow.utils.process_utils"}
{"timestamp":"2025-09-15T11:14:58.386244","level":"info","event":"Requirement already satisfied: requests in /usr/lib/python3/dist-packages (from -r /tmp/venv2l38e1wn/requirements.txt (line 13)) (2.31.0)","logger":"airflow.utils.process_utils"}
{"timestamp":"2025-09-15T11:14:58.430934","level":"info","event":"Collecting seaborn (from -r /tmp/venv2l38e1wn/requirements.txt (line 14))","logger":"airflow.utils.process_utils"}
{"timestamp":"2025-09-15T11:14:58.433921","level":"info","event":"  Using cached seaborn-0.13.2-py3-none-any.whl.metadata (5.4 kB)","logger":"airflow.utils.process_utils"}
{"timestamp":"2025-09-15T11:14:59.087022","level":"info","event":"Collecting sqlalchemy (from -r /tmp/venv2l38e1wn/requirements.txt (line 15))","logger":"airflow.utils.process_utils"}
{"timestamp":"2025-09-15T11:14:59.091638","level":"info","event":"  Using cached sqlalchemy-2.0.43-cp312-cp312-manylinux_2_17_x86_64.manylinux2014_x86_64.whl.metadata (9.6 kB)","logger":"airflow.utils.process_utils"}
{"timestamp":"2025-09-15T11:14:59.211215","level":"info","event":"Collecting py4j==0.10.9.7 (from pyspark==3.5.6->-r /tmp/venv2l38e1wn/requirements.txt (line 12))","logger":"airflow.utils.process_utils"}
{"timestamp":"2025-09-15T11:14:59.218837","level":"info","event":"  Using cached py4j-0.10.9.7-py2.py3-none-any.whl.metadata (1.5 kB)","logger":"airflow.utils.process_utils"}
{"timestamp":"2025-09-15T11:14:59.318064","level":"info","event":"Collecting python-dotenv (from dotenv->-r /tmp/venv2l38e1wn/requirements.txt (line 1))","logger":"airflow.utils.process_utils"}
{"timestamp":"2025-09-15T11:14:59.325846","level":"info","event":"  Using cached python_dotenv-1.1.1-py3-none-any.whl.metadata (24 kB)","logger":"airflow.utils.process_utils"}
{"timestamp":"2025-09-15T11:14:59.757882","level":"info","event":"Collecting cramjam>=2.3 (from fastparquet->-r /tmp/venv2l38e1wn/requirements.txt (line 3))","logger":"airflow.utils.process_utils"}
{"timestamp":"2025-09-15T11:14:59.759868","level":"info","event":"  Using cached cramjam-2.11.0-cp312-cp312-manylinux_2_17_x86_64.manylinux2014_x86_64.whl.metadata (5.6 kB)","logger":"airflow.utils.process_utils"}
{"timestamp":"2025-09-15T11:14:59.930112","level":"info","event":"Collecting fsspec (from fastparquet->-r /tmp/venv2l38e1wn/requirements.txt (line 3))","logger":"airflow.utils.process_utils"}
{"timestamp":"2025-09-15T11:14:59.931764","level":"info","event":"  Using cached fsspec-2025.9.0-py3-none-any.whl.metadata (10 kB)","logger":"airflow.utils.process_utils"}
{"timestamp":"2025-09-15T11:14:59.937828","level":"info","event":"Requirement already satisfied: packaging in /usr/lib/python3/dist-packages (from fastparquet->-r /tmp/venv2l38e1wn/requirements.txt (line 3)) (24.0)","logger":"airflow.utils.process_utils"}
{"timestamp":"2025-09-15T11:14:59.990772","level":"info","event":"Collecting blinker>=1.9.0 (from flask->-r /tmp/venv2l38e1wn/requirements.txt (line 4))","logger":"airflow.utils.process_utils"}
{"timestamp":"2025-09-15T11:14:59.993292","level":"info","event":"  Using cached blinker-1.9.0-py3-none-any.whl.metadata (1.6 kB)","logger":"airflow.utils.process_utils"}
{"timestamp":"2025-09-15T11:14:59.996950","level":"info","event":"Requirement already satisfied: click>=8.1.3 in /usr/lib/python3/dist-packages (from flask->-r /tmp/venv2l38e1wn/requirements.txt (line 4)) (8.1.6)","logger":"airflow.utils.process_utils"}
{"timestamp":"2025-09-15T11:15:00.039730","level":"info","event":"Collecting itsdangerous>=2.2.0 (from flask->-r /tmp/venv2l38e1wn/requirements.txt (line 4))","logger":"airflow.utils.process_utils"}
{"timestamp":"2025-09-15T11:15:00.041756","level":"info","event":"  Using cached itsdangerous-2.2.0-py3-none-any.whl.metadata (1.9 kB)","logger":"airflow.utils.process_utils"}
{"timestamp":"2025-09-15T11:15:00.045828","level":"info","event":"Requirement already satisfied: jinja2>=3.1.2 in /usr/lib/python3/dist-packages (from flask->-r /tmp/venv2l38e1wn/requirements.txt (line 4)) (3.1.2)","logger":"airflow.utils.process_utils"}
{"timestamp":"2025-09-15T11:15:00.048094","level":"info","event":"Requirement already satisfied: markupsafe>=2.1.1 in /usr/lib/python3/dist-packages (from flask->-r /tmp/venv2l38e1wn/requirements.txt (line 4)) (2.1.5)","logger":"airflow.utils.process_utils"}
{"timestamp":"2025-09-15T11:15:00.128542","level":"info","event":"Collecting werkzeug>=3.1.0 (from flask->-r /tmp/venv2l38e1wn/requirements.txt (line 4))","logger":"airflow.utils.process_utils"}
{"timestamp":"2025-09-15T11:15:00.132749","level":"info","event":"  Using cached werkzeug-3.1.3-py3-none-any.whl.metadata (3.7 kB)","logger":"airflow.utils.process_utils"}
{"timestamp":"2025-09-15T11:15:00.226692","level":"info","event":"Collecting docopt (from hdfs->-r /tmp/venv2l38e1wn/requirements.txt (line 6))","logger":"airflow.utils.process_utils"}
{"timestamp":"2025-09-15T11:15:00.226924","level":"info","event":"  Using cached docopt-0.6.2-py2.py3-none-any.whl","logger":"airflow.utils.process_utils"}
{"timestamp":"2025-09-15T11:15:00.231204","level":"info","event":"Requirement already satisfied: six>=1.9.0 in /usr/lib/python3/dist-packages (from hdfs->-r /tmp/venv2l38e1wn/requirements.txt (line 6)) (1.16.0)","logger":"airflow.utils.process_utils"}
{"timestamp":"2025-09-15T11:15:00.443324","level":"info","event":"Collecting contourpy>=1.0.1 (from matplotlib->-r /tmp/venv2l38e1wn/requirements.txt (line 7))","logger":"airflow.utils.process_utils"}
{"timestamp":"2025-09-15T11:15:00.445337","level":"info","event":"  Using cached contourpy-1.3.3-cp312-cp312-manylinux_2_27_x86_64.manylinux_2_28_x86_64.whl.metadata (5.5 kB)","logger":"airflow.utils.process_utils"}
{"timestamp":"2025-09-15T11:15:00.484942","level":"info","event":"Collecting cycler>=0.10 (from matplotlib->-r /tmp/venv2l38e1wn/requirements.txt (line 7))","logger":"airflow.utils.process_utils"}
{"timestamp":"2025-09-15T11:15:00.491951","level":"info","event":"  Using cached cycler-0.12.1-py3-none-any.whl.metadata (3.8 kB)","logger":"airflow.utils.process_utils"}
{"timestamp":"2025-09-15T11:15:00.893900","level":"info","event":"Collecting fonttools>=4.22.0 (from matplotlib->-r /tmp/venv2l38e1wn/requirements.txt (line 7))","logger":"airflow.utils.process_utils"}
{"timestamp":"2025-09-15T11:15:00.897112","level":"info","event":"  Using cached fonttools-4.59.2-cp312-cp312-manylinux1_x86_64.manylinux2014_x86_64.manylinux_2_17_x86_64.manylinux_2_5_x86_64.whl.metadata (109 kB)","logger":"airflow.utils.process_utils"}
{"timestamp":"2025-09-15T11:15:01.076782","level":"info","event":"Collecting kiwisolver>=1.3.1 (from matplotlib->-r /tmp/venv2l38e1wn/requirements.txt (line 7))","logger":"airflow.utils.process_utils"}
{"timestamp":"2025-09-15T11:15:01.080020","level":"info","event":"  Using cached kiwisolver-1.4.9-cp312-cp312-manylinux2014_x86_64.manylinux_2_17_x86_64.whl.metadata (6.3 kB)","logger":"airflow.utils.process_utils"}
{"timestamp":"2025-09-15T11:15:01.558866","level":"info","event":"Collecting pillow>=8 (from matplotlib->-r /tmp/venv2l38e1wn/requirements.txt (line 7))","logger":"airflow.utils.process_utils"}
{"timestamp":"2025-09-15T11:15:01.561239","level":"info","event":"  Using cached pillow-11.3.0-cp312-cp312-manylinux_2_27_x86_64.manylinux_2_28_x86_64.whl.metadata (9.0 kB)","logger":"airflow.utils.process_utils"}
{"timestamp":"2025-09-15T11:15:01.567316","level":"info","event":"Requirement already satisfied: pyparsing>=2.3.1 in /usr/lib/python3/dist-packages (from matplotlib->-r /tmp/venv2l38e1wn/requirements.txt (line 7)) (3.1.1)","logger":"airflow.utils.process_utils"}
{"timestamp":"2025-09-15T11:15:01.570460","level":"info","event":"Requirement already satisfied: python-dateutil>=2.7 in /usr/lib/python3/dist-packages (from matplotlib->-r /tmp/venv2l38e1wn/requirements.txt (line 7)) (2.8.2)","logger":"airflow.utils.process_utils"}
{"timestamp":"2025-09-15T11:15:01.849814","level":"info","event":"Requirement already satisfied: pytz>=2020.1 in /usr/lib/python3/dist-packages (from pandas->-r /tmp/venv2l38e1wn/requirements.txt (line 9)) (2024.1)","logger":"airflow.utils.process_utils"}
{"timestamp":"2025-09-15T11:15:01.898605","level":"info","event":"Collecting tzdata>=2022.7 (from pandas->-r /tmp/venv2l38e1wn/requirements.txt (line 9))","logger":"airflow.utils.process_utils"}
{"timestamp":"2025-09-15T11:15:01.901439","level":"info","event":"  Using cached tzdata-2025.2-py2.py3-none-any.whl.metadata (1.4 kB)","logger":"airflow.utils.process_utils"}
{"timestamp":"2025-09-15T11:15:02.329504","level":"info","event":"Collecting greenlet>=1 (from sqlalchemy->-r /tmp/venv2l38e1wn/requirements.txt (line 15))","logger":"airflow.utils.process_utils"}
{"timestamp":"2025-09-15T11:15:02.331589","level":"info","event":"  Using cached greenlet-3.2.4-cp312-cp312-manylinux_2_24_x86_64.manylinux_2_28_x86_64.whl.metadata (4.1 kB)","logger":"airflow.utils.process_utils"}
{"timestamp":"2025-09-15T11:15:02.336883","level":"info","event":"Requirement already satisfied: typing-extensions>=4.6.0 in /usr/lib/python3/dist-packages (from sqlalchemy->-r /tmp/venv2l38e1wn/requirements.txt (line 15)) (4.10.0)","logger":"airflow.utils.process_utils"}
{"timestamp":"2025-09-15T11:15:02.709735","level":"info","event":"Using cached py4j-0.10.9.7-py2.py3-none-any.whl (200 kB)","logger":"airflow.utils.process_utils"}
{"timestamp":"2025-09-15T11:15:02.716280","level":"info","event":"Using cached dotenv-0.9.9-py2.py3-none-any.whl (1.9 kB)","logger":"airflow.utils.process_utils"}
{"timestamp":"2025-09-15T11:15:02.719917","level":"info","event":"Using cached duckdb-1.3.2-cp312-cp312-manylinux_2_27_x86_64.manylinux_2_28_x86_64.whl (21.1 MB)","logger":"airflow.utils.process_utils"}
{"timestamp":"2025-09-15T11:15:02.789134","level":"info","event":"Using cached fastparquet-2024.11.0-cp312-cp312-manylinux_2_17_x86_64.manylinux2014_x86_64.whl (1.8 MB)","logger":"airflow.utils.process_utils"}
{"timestamp":"2025-09-15T11:15:02.796068","level":"info","event":"Using cached flask-3.1.2-py3-none-any.whl (103 kB)","logger":"airflow.utils.process_utils"}
{"timestamp":"2025-09-15T11:15:02.799017","level":"info","event":"Using cached gunicorn-23.0.0-py3-none-any.whl (85 kB)","logger":"airflow.utils.process_utils"}
{"timestamp":"2025-09-15T11:15:02.801955","level":"info","event":"Using cached matplotlib-3.10.6-cp312-cp312-manylinux2014_x86_64.manylinux_2_17_x86_64.whl (8.7 MB)","logger":"airflow.utils.process_utils"}
{"timestamp":"2025-09-15T11:15:02.825136","level":"info","event":"Using cached numpy-2.3.3-cp312-cp312-manylinux_2_27_x86_64.manylinux_2_28_x86_64.whl (16.6 MB)","logger":"airflow.utils.process_utils"}
{"timestamp":"2025-09-15T11:15:02.867826","level":"info","event":"Using cached pandas-2.3.2-cp312-cp312-manylinux_2_17_x86_64.manylinux2014_x86_64.whl (12.0 MB)","logger":"airflow.utils.process_utils"}
{"timestamp":"2025-09-15T11:15:02.900649","level":"info","event":"Using cached psycopg2_binary-2.9.10-cp312-cp312-manylinux_2_17_x86_64.manylinux2014_x86_64.whl (3.0 MB)","logger":"airflow.utils.process_utils"}
{"timestamp":"2025-09-15T11:15:02.914526","level":"info","event":"Using cached pyarrow-21.0.0-cp312-cp312-manylinux_2_28_x86_64.whl (42.8 MB)","logger":"airflow.utils.process_utils"}
{"timestamp":"2025-09-15T11:15:03.035028","level":"info","event":"Using cached seaborn-0.13.2-py3-none-any.whl (294 kB)","logger":"airflow.utils.process_utils"}
{"timestamp":"2025-09-15T11:15:03.040430","level":"info","event":"Using cached sqlalchemy-2.0.43-cp312-cp312-manylinux_2_17_x86_64.manylinux2014_x86_64.whl (3.3 MB)","logger":"airflow.utils.process_utils"}
{"timestamp":"2025-09-15T11:15:03.054353","level":"info","event":"Using cached blinker-1.9.0-py3-none-any.whl (8.5 kB)","logger":"airflow.utils.process_utils"}
{"timestamp":"2025-09-15T11:15:03.056918","level":"info","event":"Using cached contourpy-1.3.3-cp312-cp312-manylinux_2_27_x86_64.manylinux_2_28_x86_64.whl (362 kB)","logger":"airflow.utils.process_utils"}
{"timestamp":"2025-09-15T11:15:03.060413","level":"info","event":"Using cached cramjam-2.11.0-cp312-cp312-manylinux_2_17_x86_64.manylinux2014_x86_64.whl (2.0 MB)","logger":"airflow.utils.process_utils"}
{"timestamp":"2025-09-15T11:15:03.067674","level":"info","event":"Using cached cycler-0.12.1-py3-none-any.whl (8.3 kB)","logger":"airflow.utils.process_utils"}
{"timestamp":"2025-09-15T11:15:03.070285","level":"info","event":"Using cached fonttools-4.59.2-cp312-cp312-manylinux1_x86_64.manylinux2014_x86_64.manylinux_2_17_x86_64.manylinux_2_5_x86_64.whl (4.9 MB)","logger":"airflow.utils.process_utils"}
{"timestamp":"2025-09-15T11:15:03.088744","level":"info","event":"Using cached greenlet-3.2.4-cp312-cp312-manylinux_2_24_x86_64.manylinux_2_28_x86_64.whl (607 kB)","logger":"airflow.utils.process_utils"}
{"timestamp":"2025-09-15T11:15:03.091772","level":"info","event":"Using cached itsdangerous-2.2.0-py3-none-any.whl (16 kB)","logger":"airflow.utils.process_utils"}
{"timestamp":"2025-09-15T11:15:03.096704","level":"info","event":"Using cached kiwisolver-1.4.9-cp312-cp312-manylinux2014_x86_64.manylinux_2_17_x86_64.whl (1.5 MB)","logger":"airflow.utils.process_utils"}
{"timestamp":"2025-09-15T11:15:03.100890","level":"info","event":"Using cached pillow-11.3.0-cp312-cp312-manylinux_2_27_x86_64.manylinux_2_28_x86_64.whl (6.6 MB)","logger":"airflow.utils.process_utils"}
{"timestamp":"2025-09-15T11:15:03.118442","level":"info","event":"Using cached tzdata-2025.2-py2.py3-none-any.whl (347 kB)","logger":"airflow.utils.process_utils"}
{"timestamp":"2025-09-15T11:15:03.122296","level":"info","event":"Using cached werkzeug-3.1.3-py3-none-any.whl (224 kB)","logger":"airflow.utils.process_utils"}
{"timestamp":"2025-09-15T11:15:03.125471","level":"info","event":"Using cached fsspec-2025.9.0-py3-none-any.whl (199 kB)","logger":"airflow.utils.process_utils"}
{"timestamp":"2025-09-15T11:15:03.129209","level":"info","event":"Using cached python_dotenv-1.1.1-py3-none-any.whl (20 kB)","logger":"airflow.utils.process_utils"}
{"timestamp":"2025-09-15T11:15:05.021614","level":"info","event":"Installing collected packages: py4j, docopt, werkzeug, tzdata, python-dotenv, pyspark, pyarrow, psycopg2-binary, pillow, numpy, kiwisolver, itsdangerous, hdfs, gunicorn, greenlet, fsspec, fonttools, duckdb, cycler, cramjam, blinker, sqlalchemy, pandas, flask, dotenv, contourpy, matplotlib, fastparquet, seaborn","logger":"airflow.utils.process_utils"}
{"timestamp":"2025-09-15T11:15:18.517011","level":"info","event":"  Attempting uninstall: blinker","logger":"airflow.utils.process_utils"}
{"timestamp":"2025-09-15T11:15:18.543846","level":"info","event":"    Found existing installation: blinker 1.7.0","logger":"airflow.utils.process_utils"}
{"timestamp":"2025-09-15T11:15:18.544355","level":"info","event":"    Not uninstalling blinker at /usr/lib/python3/dist-packages, outside environment /tmp/venv2l38e1wn","logger":"airflow.utils.process_utils"}
{"timestamp":"2025-09-15T11:15:18.545336","level":"info","event":"    Can't uninstall 'blinker'. No files were found to uninstall.","logger":"airflow.utils.process_utils"}
{"timestamp":"2025-09-15T11:15:28.384136","level":"info","event":"Successfully installed blinker-1.9.0 contourpy-1.3.3 cramjam-2.11.0 cycler-0.12.1 docopt-0.6.2 dotenv-0.9.9 duckdb-1.3.2 fastparquet-2024.11.0 flask-3.1.2 fonttools-4.59.2 fsspec-2025.9.0 greenlet-3.2.4 gunicorn-23.0.0 hdfs-2.7.3 itsdangerous-2.2.0 kiwisolver-1.4.9 matplotlib-3.10.6 numpy-2.3.3 pandas-2.3.2 pillow-11.3.0 psycopg2-binary-2.9.10 py4j-0.10.9.7 pyarrow-21.0.0 pyspark-3.5.6 python-dotenv-1.1.1 seaborn-0.13.2 sqlalchemy-2.0.43 tzdata-2025.2 werkzeug-3.1.3","logger":"airflow.utils.process_utils"}
{"timestamp":"2025-09-15T11:15:29.087397","level":"info","event":"Executing cmd: /tmp/venv2l38e1wn/bin/python /tmp/venv-callm8h_z4d_/script.py /tmp/venv-callm8h_z4d_/script.in /tmp/venv-callm8h_z4d_/script.out /tmp/venv-callm8h_z4d_/string_args.txt /tmp/venv-callm8h_z4d_/termination.log /tmp/venv-callm8h_z4d_/airflow_context.json","logger":"airflow.utils.process_utils"}
{"timestamp":"2025-09-15T11:15:29.089087","level":"info","event":"Output:","logger":"airflow.utils.process_utils"}
{"timestamp":"2025-09-15T11:15:33.671219","level":"info","event":"Setting default log level to \"WARN\".","logger":"airflow.utils.process_utils"}
{"timestamp":"2025-09-15T11:15:33.671520","level":"info","event":"To adjust logging level use sc.setLogLevel(newLevel). For SparkR, use setLogLevel(newLevel).","logger":"airflow.utils.process_utils"}
{"timestamp":"2025-09-15T11:15:34.057352","level":"info","event":"25/09/15 11:15:34 WARN NativeCodeLoader: Unable to load native-hadoop library for your platform... using builtin-java classes where applicable","logger":"airflow.utils.process_utils"}
{"timestamp":"2025-09-15T11:15:40.033036","level":"info","event":"2025-09-15 11:15:40,032 - ERROR - Failed to read data from Bronze layer: [PATH_NOT_FOUND] Path does not exist: hdfs://localhost:9000/user/tiendat/datalake/elt/bronze/ohlcs/dt=2025-09-05.","logger":"airflow.utils.process_utils"}
{"timestamp":"2025-09-15T11:15:40.033315","level":"info","event":"2025-09-15 11:15:40,033 - INFO - Closing down clientserver connection","logger":"airflow.utils.process_utils"}
{"timestamp":"2025-09-15T11:15:40.546282","level":"warning","event":"Fail to delete /home/tiendat/airflow/tmp/venv2l38e1wn. The directory does not exist.","logger":"airflow.task.operators.airflow.providers.standard.operators.python.PythonVirtualenvOperator"}
{"timestamp":"2025-09-15T11:15:40.856652","level":"info","event":"Done. Returned value was: None","logger":"airflow.task.operators.airflow.providers.standard.operators.python.PythonVirtualenvOperator"}
