{"timestamp":"2025-09-14T18:37:09.701453","level":"info","event":"DAG bundles loaded: dags-folder","logger":"airflow.dag_processing.bundles.manager.DagBundlesManager"}
{"timestamp":"2025-09-14T18:37:09.704467","level":"info","event":"Filling up the DagBag from /home/tiendat/Pipeline-Stock-ETL/schedule/dags/etl_datawarehouse.py","logger":"airflow.models.dagbag.DagBag"}
{"timestamp":"2025-09-14T18:37:09.773827","level":"info","event":"Executing cmd: python -m venv /tmp/venv6x0s3czj","logger":"airflow.utils.process_utils"}
{"timestamp":"2025-09-14T18:37:09.775842","level":"info","event":"Output:","logger":"airflow.utils.process_utils"}
{"timestamp":"2025-09-14T18:37:13.384519","level":"info","event":"Executing cmd: /tmp/venv6x0s3czj/bin/pip install -r /tmp/venv6x0s3czj/requirements.txt","logger":"airflow.utils.process_utils"}
{"timestamp":"2025-09-14T18:37:13.385884","level":"info","event":"Output:","logger":"airflow.utils.process_utils"}
{"timestamp":"2025-09-14T18:37:13.858001","level":"info","event":"Collecting dotenv (from -r /tmp/venv6x0s3czj/requirements.txt (line 1))","logger":"airflow.utils.process_utils"}
{"timestamp":"2025-09-14T18:37:13.859867","level":"info","event":"  Using cached dotenv-0.9.9-py2.py3-none-any.whl.metadata (279 bytes)","logger":"airflow.utils.process_utils"}
{"timestamp":"2025-09-14T18:37:14.039619","level":"info","event":"Collecting duckdb (from -r /tmp/venv6x0s3czj/requirements.txt (line 2))","logger":"airflow.utils.process_utils"}
{"timestamp":"2025-09-14T18:37:14.041662","level":"info","event":"  Using cached duckdb-1.3.2-cp312-cp312-manylinux_2_27_x86_64.manylinux_2_28_x86_64.whl.metadata (7.0 kB)","logger":"airflow.utils.process_utils"}
{"timestamp":"2025-09-14T18:37:14.115862","level":"info","event":"Collecting fastparquet (from -r /tmp/venv6x0s3czj/requirements.txt (line 3))","logger":"airflow.utils.process_utils"}
{"timestamp":"2025-09-14T18:37:14.116760","level":"info","event":"  Using cached fastparquet-2024.11.0-cp312-cp312-manylinux_2_17_x86_64.manylinux2014_x86_64.whl.metadata (4.2 kB)","logger":"airflow.utils.process_utils"}
{"timestamp":"2025-09-14T18:37:14.167703","level":"info","event":"Collecting flask (from -r /tmp/venv6x0s3czj/requirements.txt (line 4))","logger":"airflow.utils.process_utils"}
{"timestamp":"2025-09-14T18:37:14.169342","level":"info","event":"  Using cached flask-3.1.2-py3-none-any.whl.metadata (3.2 kB)","logger":"airflow.utils.process_utils"}
{"timestamp":"2025-09-14T18:37:14.208843","level":"info","event":"Collecting gunicorn (from -r /tmp/venv6x0s3czj/requirements.txt (line 5))","logger":"airflow.utils.process_utils"}
{"timestamp":"2025-09-14T18:37:14.210691","level":"info","event":"  Using cached gunicorn-23.0.0-py3-none-any.whl.metadata (4.4 kB)","logger":"airflow.utils.process_utils"}
{"timestamp":"2025-09-14T18:37:14.244204","level":"info","event":"Collecting hdfs (from -r /tmp/venv6x0s3czj/requirements.txt (line 6))","logger":"airflow.utils.process_utils"}
{"timestamp":"2025-09-14T18:37:14.244434","level":"info","event":"  Using cached hdfs-2.7.3-py3-none-any.whl","logger":"airflow.utils.process_utils"}
{"timestamp":"2025-09-14T18:37:14.430305","level":"info","event":"Collecting matplotlib (from -r /tmp/venv6x0s3czj/requirements.txt (line 7))","logger":"airflow.utils.process_utils"}
{"timestamp":"2025-09-14T18:37:14.432141","level":"info","event":"  Using cached matplotlib-3.10.6-cp312-cp312-manylinux2014_x86_64.manylinux_2_17_x86_64.whl.metadata (11 kB)","logger":"airflow.utils.process_utils"}
{"timestamp":"2025-09-14T18:37:14.660061","level":"info","event":"Collecting numpy (from -r /tmp/venv6x0s3czj/requirements.txt (line 8))","logger":"airflow.utils.process_utils"}
{"timestamp":"2025-09-14T18:37:14.661848","level":"info","event":"  Using cached numpy-2.3.3-cp312-cp312-manylinux_2_27_x86_64.manylinux_2_28_x86_64.whl.metadata (62 kB)","logger":"airflow.utils.process_utils"}
{"timestamp":"2025-09-14T18:37:14.833336","level":"info","event":"Collecting pandas (from -r /tmp/venv6x0s3czj/requirements.txt (line 9))","logger":"airflow.utils.process_utils"}
{"timestamp":"2025-09-14T18:37:14.835896","level":"info","event":"  Using cached pandas-2.3.2-cp312-cp312-manylinux_2_17_x86_64.manylinux2014_x86_64.whl.metadata (91 kB)","logger":"airflow.utils.process_utils"}
{"timestamp":"2025-09-14T18:37:14.995302","level":"info","event":"Collecting psycopg2-binary (from -r /tmp/venv6x0s3czj/requirements.txt (line 10))","logger":"airflow.utils.process_utils"}
{"timestamp":"2025-09-14T18:37:14.997051","level":"info","event":"  Using cached psycopg2_binary-2.9.10-cp312-cp312-manylinux_2_17_x86_64.manylinux2014_x86_64.whl.metadata (4.9 kB)","logger":"airflow.utils.process_utils"}
{"timestamp":"2025-09-14T18:37:15.126703","level":"info","event":"Collecting pyarrow (from -r /tmp/venv6x0s3czj/requirements.txt (line 11))","logger":"airflow.utils.process_utils"}
{"timestamp":"2025-09-14T18:37:15.127130","level":"info","event":"  Using cached pyarrow-21.0.0-cp312-cp312-manylinux_2_28_x86_64.whl.metadata (3.3 kB)","logger":"airflow.utils.process_utils"}
{"timestamp":"2025-09-14T18:37:15.175604","level":"info","event":"Collecting pyspark (from -r /tmp/venv6x0s3czj/requirements.txt (line 12))","logger":"airflow.utils.process_utils"}
{"timestamp":"2025-09-14T18:37:15.175865","level":"info","event":"  Using cached pyspark-4.0.1-py2.py3-none-any.whl","logger":"airflow.utils.process_utils"}
{"timestamp":"2025-09-14T18:37:15.275747","level":"info","event":"Collecting requests (from -r /tmp/venv6x0s3czj/requirements.txt (line 13))","logger":"airflow.utils.process_utils"}
{"timestamp":"2025-09-14T18:37:15.279832","level":"info","event":"  Using cached requests-2.32.5-py3-none-any.whl.metadata (4.9 kB)","logger":"airflow.utils.process_utils"}
{"timestamp":"2025-09-14T18:37:15.350502","level":"info","event":"Collecting seaborn (from -r /tmp/venv6x0s3czj/requirements.txt (line 14))","logger":"airflow.utils.process_utils"}
{"timestamp":"2025-09-14T18:37:15.359433","level":"info","event":"  Using cached seaborn-0.13.2-py3-none-any.whl.metadata (5.4 kB)","logger":"airflow.utils.process_utils"}
{"timestamp":"2025-09-14T18:37:15.807433","level":"info","event":"Collecting sqlalchemy (from -r /tmp/venv6x0s3czj/requirements.txt (line 15))","logger":"airflow.utils.process_utils"}
{"timestamp":"2025-09-14T18:37:15.809274","level":"info","event":"  Using cached sqlalchemy-2.0.43-cp312-cp312-manylinux_2_17_x86_64.manylinux2014_x86_64.whl.metadata (9.6 kB)","logger":"airflow.utils.process_utils"}
{"timestamp":"2025-09-14T18:37:15.847089","level":"info","event":"Collecting python-dotenv (from dotenv->-r /tmp/venv6x0s3czj/requirements.txt (line 1))","logger":"airflow.utils.process_utils"}
{"timestamp":"2025-09-14T18:37:15.848762","level":"info","event":"  Using cached python_dotenv-1.1.1-py3-none-any.whl.metadata (24 kB)","logger":"airflow.utils.process_utils"}
{"timestamp":"2025-09-14T18:37:16.070684","level":"info","event":"Collecting cramjam>=2.3 (from fastparquet->-r /tmp/venv6x0s3czj/requirements.txt (line 3))","logger":"airflow.utils.process_utils"}
{"timestamp":"2025-09-14T18:37:16.072449","level":"info","event":"  Using cached cramjam-2.11.0-cp312-cp312-manylinux_2_17_x86_64.manylinux2014_x86_64.whl.metadata (5.6 kB)","logger":"airflow.utils.process_utils"}
{"timestamp":"2025-09-14T18:37:16.118783","level":"info","event":"Collecting fsspec (from fastparquet->-r /tmp/venv6x0s3czj/requirements.txt (line 3))","logger":"airflow.utils.process_utils"}
{"timestamp":"2025-09-14T18:37:16.120401","level":"info","event":"  Using cached fsspec-2025.9.0-py3-none-any.whl.metadata (10 kB)","logger":"airflow.utils.process_utils"}
{"timestamp":"2025-09-14T18:37:16.172951","level":"info","event":"Collecting packaging (from fastparquet->-r /tmp/venv6x0s3czj/requirements.txt (line 3))","logger":"airflow.utils.process_utils"}
{"timestamp":"2025-09-14T18:37:16.174662","level":"info","event":"  Using cached packaging-25.0-py3-none-any.whl.metadata (3.3 kB)","logger":"airflow.utils.process_utils"}
{"timestamp":"2025-09-14T18:37:16.290152","level":"info","event":"Collecting blinker>=1.9.0 (from flask->-r /tmp/venv6x0s3czj/requirements.txt (line 4))","logger":"airflow.utils.process_utils"}
{"timestamp":"2025-09-14T18:37:16.291805","level":"info","event":"  Using cached blinker-1.9.0-py3-none-any.whl.metadata (1.6 kB)","logger":"airflow.utils.process_utils"}
{"timestamp":"2025-09-14T18:37:16.330525","level":"info","event":"Collecting click>=8.1.3 (from flask->-r /tmp/venv6x0s3czj/requirements.txt (line 4))","logger":"airflow.utils.process_utils"}
{"timestamp":"2025-09-14T18:37:16.332206","level":"info","event":"  Using cached click-8.2.1-py3-none-any.whl.metadata (2.5 kB)","logger":"airflow.utils.process_utils"}
{"timestamp":"2025-09-14T18:37:16.366453","level":"info","event":"Collecting itsdangerous>=2.2.0 (from flask->-r /tmp/venv6x0s3czj/requirements.txt (line 4))","logger":"airflow.utils.process_utils"}
{"timestamp":"2025-09-14T18:37:16.368111","level":"info","event":"  Using cached itsdangerous-2.2.0-py3-none-any.whl.metadata (1.9 kB)","logger":"airflow.utils.process_utils"}
{"timestamp":"2025-09-14T18:37:16.404891","level":"info","event":"Collecting jinja2>=3.1.2 (from flask->-r /tmp/venv6x0s3czj/requirements.txt (line 4))","logger":"airflow.utils.process_utils"}
{"timestamp":"2025-09-14T18:37:16.406666","level":"info","event":"  Using cached jinja2-3.1.6-py3-none-any.whl.metadata (2.9 kB)","logger":"airflow.utils.process_utils"}
{"timestamp":"2025-09-14T18:37:16.482227","level":"info","event":"Collecting markupsafe>=2.1.1 (from flask->-r /tmp/venv6x0s3czj/requirements.txt (line 4))","logger":"airflow.utils.process_utils"}
{"timestamp":"2025-09-14T18:37:16.484114","level":"info","event":"  Using cached MarkupSafe-3.0.2-cp312-cp312-manylinux_2_17_x86_64.manylinux2014_x86_64.whl.metadata (4.0 kB)","logger":"airflow.utils.process_utils"}
{"timestamp":"2025-09-14T18:37:16.533070","level":"info","event":"Collecting werkzeug>=3.1.0 (from flask->-r /tmp/venv6x0s3czj/requirements.txt (line 4))","logger":"airflow.utils.process_utils"}
{"timestamp":"2025-09-14T18:37:16.534953","level":"info","event":"  Using cached werkzeug-3.1.3-py3-none-any.whl.metadata (3.7 kB)","logger":"airflow.utils.process_utils"}
{"timestamp":"2025-09-14T18:37:16.574451","level":"info","event":"Collecting docopt (from hdfs->-r /tmp/venv6x0s3czj/requirements.txt (line 6))","logger":"airflow.utils.process_utils"}
{"timestamp":"2025-09-14T18:37:16.574742","level":"info","event":"  Using cached docopt-0.6.2-py2.py3-none-any.whl","logger":"airflow.utils.process_utils"}
{"timestamp":"2025-09-14T18:37:16.613734","level":"info","event":"Collecting six>=1.9.0 (from hdfs->-r /tmp/venv6x0s3czj/requirements.txt (line 6))","logger":"airflow.utils.process_utils"}
{"timestamp":"2025-09-14T18:37:16.615414","level":"info","event":"  Using cached six-1.17.0-py2.py3-none-any.whl.metadata (1.7 kB)","logger":"airflow.utils.process_utils"}
{"timestamp":"2025-09-14T18:37:16.726966","level":"info","event":"Collecting contourpy>=1.0.1 (from matplotlib->-r /tmp/venv6x0s3czj/requirements.txt (line 7))","logger":"airflow.utils.process_utils"}
{"timestamp":"2025-09-14T18:37:16.730872","level":"info","event":"  Using cached contourpy-1.3.3-cp312-cp312-manylinux_2_27_x86_64.manylinux_2_28_x86_64.whl.metadata (5.5 kB)","logger":"airflow.utils.process_utils"}
{"timestamp":"2025-09-14T18:37:16.757327","level":"info","event":"Collecting cycler>=0.10 (from matplotlib->-r /tmp/venv6x0s3czj/requirements.txt (line 7))","logger":"airflow.utils.process_utils"}
{"timestamp":"2025-09-14T18:37:16.758946","level":"info","event":"  Using cached cycler-0.12.1-py3-none-any.whl.metadata (3.8 kB)","logger":"airflow.utils.process_utils"}
{"timestamp":"2025-09-14T18:37:16.964220","level":"info","event":"Collecting fonttools>=4.22.0 (from matplotlib->-r /tmp/venv6x0s3czj/requirements.txt (line 7))","logger":"airflow.utils.process_utils"}
{"timestamp":"2025-09-14T18:37:16.966126","level":"info","event":"  Using cached fonttools-4.59.2-cp312-cp312-manylinux1_x86_64.manylinux2014_x86_64.manylinux_2_17_x86_64.manylinux_2_5_x86_64.whl.metadata (109 kB)","logger":"airflow.utils.process_utils"}
{"timestamp":"2025-09-14T18:37:17.061369","level":"info","event":"Collecting kiwisolver>=1.3.1 (from matplotlib->-r /tmp/venv6x0s3czj/requirements.txt (line 7))","logger":"airflow.utils.process_utils"}
{"timestamp":"2025-09-14T18:37:17.063095","level":"info","event":"  Using cached kiwisolver-1.4.9-cp312-cp312-manylinux2014_x86_64.manylinux_2_17_x86_64.whl.metadata (6.3 kB)","logger":"airflow.utils.process_utils"}
{"timestamp":"2025-09-14T18:37:17.401856","level":"info","event":"Collecting pillow>=8 (from matplotlib->-r /tmp/venv6x0s3czj/requirements.txt (line 7))","logger":"airflow.utils.process_utils"}
{"timestamp":"2025-09-14T18:37:17.403691","level":"info","event":"  Using cached pillow-11.3.0-cp312-cp312-manylinux_2_27_x86_64.manylinux_2_28_x86_64.whl.metadata (9.0 kB)","logger":"airflow.utils.process_utils"}
{"timestamp":"2025-09-14T18:37:17.454646","level":"info","event":"Collecting pyparsing>=2.3.1 (from matplotlib->-r /tmp/venv6x0s3czj/requirements.txt (line 7))","logger":"airflow.utils.process_utils"}
{"timestamp":"2025-09-14T18:37:17.456609","level":"info","event":"  Using cached pyparsing-3.2.4-py3-none-any.whl.metadata (5.0 kB)","logger":"airflow.utils.process_utils"}
{"timestamp":"2025-09-14T18:37:17.491383","level":"info","event":"Collecting python-dateutil>=2.7 (from matplotlib->-r /tmp/venv6x0s3czj/requirements.txt (line 7))","logger":"airflow.utils.process_utils"}
{"timestamp":"2025-09-14T18:37:17.493158","level":"info","event":"  Using cached python_dateutil-2.9.0.post0-py2.py3-none-any.whl.metadata (8.4 kB)","logger":"airflow.utils.process_utils"}
{"timestamp":"2025-09-14T18:37:17.632953","level":"info","event":"Collecting pytz>=2020.1 (from pandas->-r /tmp/venv6x0s3czj/requirements.txt (line 9))","logger":"airflow.utils.process_utils"}
{"timestamp":"2025-09-14T18:37:17.634747","level":"info","event":"  Using cached pytz-2025.2-py2.py3-none-any.whl.metadata (22 kB)","logger":"airflow.utils.process_utils"}
{"timestamp":"2025-09-14T18:37:17.669719","level":"info","event":"Collecting tzdata>=2022.7 (from pandas->-r /tmp/venv6x0s3czj/requirements.txt (line 9))","logger":"airflow.utils.process_utils"}
{"timestamp":"2025-09-14T18:37:17.671977","level":"info","event":"  Using cached tzdata-2025.2-py2.py3-none-any.whl.metadata (1.4 kB)","logger":"airflow.utils.process_utils"}
{"timestamp":"2025-09-14T18:37:17.727482","level":"info","event":"Collecting py4j==0.10.9.9 (from pyspark->-r /tmp/venv6x0s3czj/requirements.txt (line 12))","logger":"airflow.utils.process_utils"}
{"timestamp":"2025-09-14T18:37:17.730090","level":"info","event":"  Using cached py4j-0.10.9.9-py2.py3-none-any.whl.metadata (1.3 kB)","logger":"airflow.utils.process_utils"}
{"timestamp":"2025-09-14T18:37:17.854661","level":"info","event":"Collecting charset_normalizer<4,>=2 (from requests->-r /tmp/venv6x0s3czj/requirements.txt (line 13))","logger":"airflow.utils.process_utils"}
{"timestamp":"2025-09-14T18:37:17.856540","level":"info","event":"  Using cached charset_normalizer-3.4.3-cp312-cp312-manylinux2014_x86_64.manylinux_2_17_x86_64.manylinux_2_28_x86_64.whl.metadata (36 kB)","logger":"airflow.utils.process_utils"}
{"timestamp":"2025-09-14T18:37:17.891688","level":"info","event":"Collecting idna<4,>=2.5 (from requests->-r /tmp/venv6x0s3czj/requirements.txt (line 13))","logger":"airflow.utils.process_utils"}
{"timestamp":"2025-09-14T18:37:17.893324","level":"info","event":"  Using cached idna-3.10-py3-none-any.whl.metadata (10 kB)","logger":"airflow.utils.process_utils"}
{"timestamp":"2025-09-14T18:37:17.953943","level":"info","event":"Collecting urllib3<3,>=1.21.1 (from requests->-r /tmp/venv6x0s3czj/requirements.txt (line 13))","logger":"airflow.utils.process_utils"}
{"timestamp":"2025-09-14T18:37:17.955693","level":"info","event":"  Using cached urllib3-2.5.0-py3-none-any.whl.metadata (6.5 kB)","logger":"airflow.utils.process_utils"}
{"timestamp":"2025-09-14T18:37:18.015002","level":"info","event":"Collecting certifi>=2017.4.17 (from requests->-r /tmp/venv6x0s3czj/requirements.txt (line 13))","logger":"airflow.utils.process_utils"}
{"timestamp":"2025-09-14T18:37:18.017852","level":"info","event":"  Using cached certifi-2025.8.3-py3-none-any.whl.metadata (2.4 kB)","logger":"airflow.utils.process_utils"}
{"timestamp":"2025-09-14T18:37:18.266400","level":"info","event":"Collecting greenlet>=1 (from sqlalchemy->-r /tmp/venv6x0s3czj/requirements.txt (line 15))","logger":"airflow.utils.process_utils"}
{"timestamp":"2025-09-14T18:37:18.268322","level":"info","event":"  Using cached greenlet-3.2.4-cp312-cp312-manylinux_2_24_x86_64.manylinux_2_28_x86_64.whl.metadata (4.1 kB)","logger":"airflow.utils.process_utils"}
{"timestamp":"2025-09-14T18:37:18.307303","level":"info","event":"Collecting typing-extensions>=4.6.0 (from sqlalchemy->-r /tmp/venv6x0s3czj/requirements.txt (line 15))","logger":"airflow.utils.process_utils"}
{"timestamp":"2025-09-14T18:37:18.309026","level":"info","event":"  Using cached typing_extensions-4.15.0-py3-none-any.whl.metadata (3.3 kB)","logger":"airflow.utils.process_utils"}
{"timestamp":"2025-09-14T18:37:18.557045","level":"info","event":"Using cached dotenv-0.9.9-py2.py3-none-any.whl (1.9 kB)","logger":"airflow.utils.process_utils"}
{"timestamp":"2025-09-14T18:37:18.558634","level":"info","event":"Using cached duckdb-1.3.2-cp312-cp312-manylinux_2_27_x86_64.manylinux_2_28_x86_64.whl (21.1 MB)","logger":"airflow.utils.process_utils"}
{"timestamp":"2025-09-14T18:37:18.593845","level":"info","event":"Using cached fastparquet-2024.11.0-cp312-cp312-manylinux_2_17_x86_64.manylinux2014_x86_64.whl (1.8 MB)","logger":"airflow.utils.process_utils"}
{"timestamp":"2025-09-14T18:37:18.598492","level":"info","event":"Using cached flask-3.1.2-py3-none-any.whl (103 kB)","logger":"airflow.utils.process_utils"}
{"timestamp":"2025-09-14T18:37:18.600321","level":"info","event":"Using cached gunicorn-23.0.0-py3-none-any.whl (85 kB)","logger":"airflow.utils.process_utils"}
{"timestamp":"2025-09-14T18:37:18.602009","level":"info","event":"Using cached matplotlib-3.10.6-cp312-cp312-manylinux2014_x86_64.manylinux_2_17_x86_64.whl (8.7 MB)","logger":"airflow.utils.process_utils"}
{"timestamp":"2025-09-14T18:37:18.617542","level":"info","event":"Using cached numpy-2.3.3-cp312-cp312-manylinux_2_27_x86_64.manylinux_2_28_x86_64.whl (16.6 MB)","logger":"airflow.utils.process_utils"}
{"timestamp":"2025-09-14T18:37:18.646094","level":"info","event":"Using cached pandas-2.3.2-cp312-cp312-manylinux_2_17_x86_64.manylinux2014_x86_64.whl (12.0 MB)","logger":"airflow.utils.process_utils"}
{"timestamp":"2025-09-14T18:37:18.666414","level":"info","event":"Using cached psycopg2_binary-2.9.10-cp312-cp312-manylinux_2_17_x86_64.manylinux2014_x86_64.whl (3.0 MB)","logger":"airflow.utils.process_utils"}
{"timestamp":"2025-09-14T18:37:18.672959","level":"info","event":"Using cached pyarrow-21.0.0-cp312-cp312-manylinux_2_28_x86_64.whl (42.8 MB)","logger":"airflow.utils.process_utils"}
{"timestamp":"2025-09-14T18:37:18.747561","level":"info","event":"Using cached py4j-0.10.9.9-py2.py3-none-any.whl (203 kB)","logger":"airflow.utils.process_utils"}
{"timestamp":"2025-09-14T18:37:18.751676","level":"info","event":"Using cached requests-2.32.5-py3-none-any.whl (64 kB)","logger":"airflow.utils.process_utils"}
{"timestamp":"2025-09-14T18:37:18.753261","level":"info","event":"Using cached seaborn-0.13.2-py3-none-any.whl (294 kB)","logger":"airflow.utils.process_utils"}
{"timestamp":"2025-09-14T18:37:18.755190","level":"info","event":"Using cached sqlalchemy-2.0.43-cp312-cp312-manylinux_2_17_x86_64.manylinux2014_x86_64.whl (3.3 MB)","logger":"airflow.utils.process_utils"}
{"timestamp":"2025-09-14T18:37:18.762828","level":"info","event":"Using cached blinker-1.9.0-py3-none-any.whl (8.5 kB)","logger":"airflow.utils.process_utils"}
{"timestamp":"2025-09-14T18:37:18.763615","level":"info","event":"Using cached certifi-2025.8.3-py3-none-any.whl (161 kB)","logger":"airflow.utils.process_utils"}
{"timestamp":"2025-09-14T18:37:18.765682","level":"info","event":"Using cached charset_normalizer-3.4.3-cp312-cp312-manylinux2014_x86_64.manylinux_2_17_x86_64.manylinux_2_28_x86_64.whl (151 kB)","logger":"airflow.utils.process_utils"}
{"timestamp":"2025-09-14T18:37:18.768802","level":"info","event":"Using cached click-8.2.1-py3-none-any.whl (102 kB)","logger":"airflow.utils.process_utils"}
{"timestamp":"2025-09-14T18:37:18.769548","level":"info","event":"Using cached contourpy-1.3.3-cp312-cp312-manylinux_2_27_x86_64.manylinux_2_28_x86_64.whl (362 kB)","logger":"airflow.utils.process_utils"}
{"timestamp":"2025-09-14T18:37:18.772136","level":"info","event":"Using cached cramjam-2.11.0-cp312-cp312-manylinux_2_17_x86_64.manylinux2014_x86_64.whl (2.0 MB)","logger":"airflow.utils.process_utils"}
{"timestamp":"2025-09-14T18:37:18.778493","level":"info","event":"Using cached cycler-0.12.1-py3-none-any.whl (8.3 kB)","logger":"airflow.utils.process_utils"}
{"timestamp":"2025-09-14T18:37:18.780972","level":"info","event":"Using cached fonttools-4.59.2-cp312-cp312-manylinux1_x86_64.manylinux2014_x86_64.manylinux_2_17_x86_64.manylinux_2_5_x86_64.whl (4.9 MB)","logger":"airflow.utils.process_utils"}
{"timestamp":"2025-09-14T18:37:18.794038","level":"info","event":"Using cached greenlet-3.2.4-cp312-cp312-manylinux_2_24_x86_64.manylinux_2_28_x86_64.whl (607 kB)","logger":"airflow.utils.process_utils"}
{"timestamp":"2025-09-14T18:37:18.796771","level":"info","event":"Using cached idna-3.10-py3-none-any.whl (70 kB)","logger":"airflow.utils.process_utils"}
{"timestamp":"2025-09-14T18:37:18.798563","level":"info","event":"Using cached itsdangerous-2.2.0-py3-none-any.whl (16 kB)","logger":"airflow.utils.process_utils"}
{"timestamp":"2025-09-14T18:37:18.800290","level":"info","event":"Using cached jinja2-3.1.6-py3-none-any.whl (134 kB)","logger":"airflow.utils.process_utils"}
{"timestamp":"2025-09-14T18:37:18.802389","level":"info","event":"Using cached kiwisolver-1.4.9-cp312-cp312-manylinux2014_x86_64.manylinux_2_17_x86_64.whl (1.5 MB)","logger":"airflow.utils.process_utils"}
{"timestamp":"2025-09-14T18:37:18.806298","level":"info","event":"Using cached MarkupSafe-3.0.2-cp312-cp312-manylinux_2_17_x86_64.manylinux2014_x86_64.whl (23 kB)","logger":"airflow.utils.process_utils"}
{"timestamp":"2025-09-14T18:37:18.807625","level":"info","event":"Using cached packaging-25.0-py3-none-any.whl (66 kB)","logger":"airflow.utils.process_utils"}
{"timestamp":"2025-09-14T18:37:18.809196","level":"info","event":"Using cached pillow-11.3.0-cp312-cp312-manylinux_2_27_x86_64.manylinux_2_28_x86_64.whl (6.6 MB)","logger":"airflow.utils.process_utils"}
{"timestamp":"2025-09-14T18:37:18.821630","level":"info","event":"Using cached pyparsing-3.2.4-py3-none-any.whl (113 kB)","logger":"airflow.utils.process_utils"}
{"timestamp":"2025-09-14T18:37:18.823311","level":"info","event":"Using cached python_dateutil-2.9.0.post0-py2.py3-none-any.whl (229 kB)","logger":"airflow.utils.process_utils"}
{"timestamp":"2025-09-14T18:37:18.825197","level":"info","event":"Using cached pytz-2025.2-py2.py3-none-any.whl (509 kB)","logger":"airflow.utils.process_utils"}
{"timestamp":"2025-09-14T18:37:18.827458","level":"info","event":"Using cached six-1.17.0-py2.py3-none-any.whl (11 kB)","logger":"airflow.utils.process_utils"}
{"timestamp":"2025-09-14T18:37:18.828988","level":"info","event":"Using cached typing_extensions-4.15.0-py3-none-any.whl (44 kB)","logger":"airflow.utils.process_utils"}
{"timestamp":"2025-09-14T18:37:18.830642","level":"info","event":"Using cached tzdata-2025.2-py2.py3-none-any.whl (347 kB)","logger":"airflow.utils.process_utils"}
{"timestamp":"2025-09-14T18:37:18.832480","level":"info","event":"Using cached urllib3-2.5.0-py3-none-any.whl (129 kB)","logger":"airflow.utils.process_utils"}
{"timestamp":"2025-09-14T18:37:18.834075","level":"info","event":"Using cached werkzeug-3.1.3-py3-none-any.whl (224 kB)","logger":"airflow.utils.process_utils"}
{"timestamp":"2025-09-14T18:37:18.835889","level":"info","event":"Using cached fsspec-2025.9.0-py3-none-any.whl (199 kB)","logger":"airflow.utils.process_utils"}
{"timestamp":"2025-09-14T18:37:18.837523","level":"info","event":"Using cached python_dotenv-1.1.1-py3-none-any.whl (20 kB)","logger":"airflow.utils.process_utils"}
{"timestamp":"2025-09-14T18:37:19.657185","level":"info","event":"Installing collected packages: pytz, py4j, docopt, urllib3, tzdata, typing-extensions, six, python-dotenv, pyspark, pyparsing, pyarrow, psycopg2-binary, pillow, packaging, numpy, markupsafe, kiwisolver, itsdangerous, idna, greenlet, fsspec, fonttools, duckdb, cycler, cramjam, click, charset_normalizer, certifi, blinker, werkzeug, sqlalchemy, requests, python-dateutil, jinja2, gunicorn, dotenv, contourpy, pandas, matplotlib, hdfs, flask, seaborn, fastparquet","logger":"airflow.utils.process_utils"}
{"timestamp":"2025-09-14T18:37:42.221993","level":"info","event":"Successfully installed blinker-1.9.0 certifi-2025.8.3 charset_normalizer-3.4.3 click-8.2.1 contourpy-1.3.3 cramjam-2.11.0 cycler-0.12.1 docopt-0.6.2 dotenv-0.9.9 duckdb-1.3.2 fastparquet-2024.11.0 flask-3.1.2 fonttools-4.59.2 fsspec-2025.9.0 greenlet-3.2.4 gunicorn-23.0.0 hdfs-2.7.3 idna-3.10 itsdangerous-2.2.0 jinja2-3.1.6 kiwisolver-1.4.9 markupsafe-3.0.2 matplotlib-3.10.6 numpy-2.3.3 packaging-25.0 pandas-2.3.2 pillow-11.3.0 psycopg2-binary-2.9.10 py4j-0.10.9.9 pyarrow-21.0.0 pyparsing-3.2.4 pyspark-4.0.1 python-dateutil-2.9.0.post0 python-dotenv-1.1.1 pytz-2025.2 requests-2.32.5 seaborn-0.13.2 six-1.17.0 sqlalchemy-2.0.43 typing-extensions-4.15.0 tzdata-2025.2 urllib3-2.5.0 werkzeug-3.1.3","logger":"airflow.utils.process_utils"}
{"timestamp":"2025-09-14T18:37:43.105202","level":"info","event":"Executing cmd: /tmp/venv6x0s3czj/bin/python /tmp/venv-callb6wur9s0/script.py /tmp/venv-callb6wur9s0/script.in /tmp/venv-callb6wur9s0/script.out /tmp/venv-callb6wur9s0/string_args.txt /tmp/venv-callb6wur9s0/termination.log /tmp/venv-callb6wur9s0/airflow_context.json","logger":"airflow.utils.process_utils"}
{"timestamp":"2025-09-14T18:37:43.105938","level":"info","event":"Output:","logger":"airflow.utils.process_utils"}
{"timestamp":"2025-09-14T18:37:43.429283","level":"info","event":"/usr/bin/env: ‘bash’: No such file or directory","logger":"airflow.utils.process_utils"}
{"timestamp":"2025-09-14T18:37:43.529251","level":"info","event":"Traceback (most recent call last):","logger":"airflow.utils.process_utils"}
{"timestamp":"2025-09-14T18:37:43.529600","level":"info","event":"  File \"/tmp/venv-callb6wur9s0/script.py\", line 52, in <module>","logger":"airflow.utils.process_utils"}
{"timestamp":"2025-09-14T18:37:43.529851","level":"info","event":"    res = run_transform_load_news(*arg_dict[\"args\"], **arg_dict[\"kwargs\"])","logger":"airflow.utils.process_utils"}
{"timestamp":"2025-09-14T18:37:43.530059","level":"info","event":"          ^^^^^^^^^^^^^^^^^^^^^^^^^^^^^^^^^^^^^^^^^^^^^^^^^^^^^^^^^^^^^^^^","logger":"airflow.utils.process_utils"}
{"timestamp":"2025-09-14T18:37:43.530270","level":"info","event":"  File \"/tmp/venv-callb6wur9s0/script.py\", line 25, in run_transform_load_news","logger":"airflow.utils.process_utils"}
{"timestamp":"2025-09-14T18:37:43.530776","level":"info","event":"    from transform_load_news import transform_bronze_to_silver","logger":"airflow.utils.process_utils"}
{"timestamp":"2025-09-14T18:37:43.531083","level":"info","event":"  File \"/home/tiendat/Pipeline-Stock-ETL/etl_datawarehouse/silver/transform_load_news.py\", line 23, in <module>","logger":"airflow.utils.process_utils"}
{"timestamp":"2025-09-14T18:37:43.531218","level":"info","event":"    .getOrCreate()","logger":"airflow.utils.process_utils"}
{"timestamp":"2025-09-14T18:37:43.531337","level":"info","event":"     ^^^^^^^^^^^^^","logger":"airflow.utils.process_utils"}
{"timestamp":"2025-09-14T18:37:43.531623","level":"info","event":"  File \"/tmp/venv6x0s3czj/lib/python3.12/site-packages/pyspark/sql/session.py\", line 556, in getOrCreate","logger":"airflow.utils.process_utils"}
{"timestamp":"2025-09-14T18:37:43.531798","level":"info","event":"    sc = SparkContext.getOrCreate(sparkConf)","logger":"airflow.utils.process_utils"}
{"timestamp":"2025-09-14T18:37:43.531957","level":"info","event":"         ^^^^^^^^^^^^^^^^^^^^^^^^^^^^^^^^^^^","logger":"airflow.utils.process_utils"}
{"timestamp":"2025-09-14T18:37:43.532214","level":"info","event":"  File \"/tmp/venv6x0s3czj/lib/python3.12/site-packages/pyspark/core/context.py\", line 523, in getOrCreate","logger":"airflow.utils.process_utils"}
{"timestamp":"2025-09-14T18:37:43.532373","level":"info","event":"    SparkContext(conf=conf or SparkConf())","logger":"airflow.utils.process_utils"}
{"timestamp":"2025-09-14T18:37:43.532908","level":"info","event":"  File \"/tmp/venv6x0s3czj/lib/python3.12/site-packages/pyspark/core/context.py\", line 205, in __init__","logger":"airflow.utils.process_utils"}
{"timestamp":"2025-09-14T18:37:43.533283","level":"info","event":"    SparkContext._ensure_initialized(self, gateway=gateway, conf=conf)","logger":"airflow.utils.process_utils"}
{"timestamp":"2025-09-14T18:37:43.533594","level":"info","event":"  File \"/tmp/venv6x0s3czj/lib/python3.12/site-packages/pyspark/core/context.py\", line 444, in _ensure_initialized","logger":"airflow.utils.process_utils"}
{"timestamp":"2025-09-14T18:37:43.533793","level":"info","event":"    SparkContext._gateway = gateway or launch_gateway(conf)","logger":"airflow.utils.process_utils"}
{"timestamp":"2025-09-14T18:37:43.533986","level":"info","event":"                                       ^^^^^^^^^^^^^^^^^^^^","logger":"airflow.utils.process_utils"}
{"timestamp":"2025-09-14T18:37:43.536349","level":"info","event":"  File \"/tmp/venv6x0s3czj/lib/python3.12/site-packages/pyspark/java_gateway.py\", line 111, in launch_gateway","logger":"airflow.utils.process_utils"}
{"timestamp":"2025-09-14T18:37:43.537115","level":"info","event":"    raise PySparkRuntimeError(","logger":"airflow.utils.process_utils"}
{"timestamp":"2025-09-14T18:37:43.537981","level":"info","event":"pyspark.errors.exceptions.base.PySparkRuntimeError: [JAVA_GATEWAY_EXITED] Java gateway process exited before sending its port number.","logger":"airflow.utils.process_utils"}
{"timestamp":"2025-09-14T18:37:43.935935","level":"error","event":"Task failed with exception","logger":"task","error_detail":[{"exc_type":"AirflowException","exc_value":"Process returned non-zero exit status 1.\n[JAVA_GATEWAY_EXITED] Java gateway process exited before sending its port number.","exc_notes":[],"syntax_error":null,"is_cause":false,"frames":[{"filename":"/home/tiendat/airflow_venv/lib/python3.12/site-packages/airflow/sdk/execution_time/task_runner.py","lineno":890,"name":"run"},{"filename":"/home/tiendat/airflow_venv/lib/python3.12/site-packages/airflow/sdk/execution_time/task_runner.py","lineno":1177,"name":"_execute_task"},{"filename":"/home/tiendat/airflow_venv/lib/python3.12/site-packages/airflow/sdk/bases/operator.py","lineno":397,"name":"wrapper"},{"filename":"/home/tiendat/airflow_venv/lib/python3.12/site-packages/airflow/providers/standard/operators/python.py","lineno":491,"name":"execute"},{"filename":"/home/tiendat/airflow_venv/lib/python3.12/site-packages/airflow/sdk/bases/operator.py","lineno":397,"name":"wrapper"},{"filename":"/home/tiendat/airflow_venv/lib/python3.12/site-packages/airflow/providers/standard/operators/python.py","lineno":217,"name":"execute"},{"filename":"/home/tiendat/airflow_venv/lib/python3.12/site-packages/airflow/providers/standard/operators/python.py","lineno":897,"name":"execute_callable"},{"filename":"/home/tiendat/airflow_venv/lib/python3.12/site-packages/airflow/providers/standard/operators/python.py","lineno":589,"name":"_execute_python_callable_in_subprocess"}],"is_group":false,"exceptions":[]}]}
